Bin number: 22
Bin size: 300
Item number: 100
Bin Id: item size (item id),... : total item size
1 : 11(88),3(97),12(86),3(96),14(85) : 43
2 : 17(82),26(72),9(91),36(60),10(90) : 98
3 : 36(61),28(71),22(76),34(63) : 120
4 : 2(98),41(54),42(52),47(46),8(92),5(95) : 145
5 : 18(79),56(35),45(47),2(99),34(62),17(81) : 172
6 : 40(56),48(45),66(33),40(55) : 194
7 : 48(44),42(51),62(34),45(48) : 197
8 : 37(59),42(50),50(41),28(69),22(75),18(80) : 197
9 : 67(32),22(77),39(57),51(39),32(65),7(94) : 218
10 : 28(70),69(29),15(83),54(37),21(78),31(67),24(73) : 242
11 : 80(15),49(43),79(17),33(64),7(93) : 248
12 : 83(12),68(30),83(11),12(87),10(89) : 256
13 : 41(53),71(26),67(31),77(21) : 256
14 : 75(23),82(13),71(25),29(68) : 257
15 : 76(22),74(24),69(28),32(66),24(74) : 275
16 : 93(7),50(40),50(42),89(8) : 282
17 : 79(19),79(16),55(36),70(27) : 283
18 : 96(6),81(14),98(4),14(84) : 289
19 : 96(5),99(2),100(0) : 295
20 : 84(9),79(18),78(20),53(38) : 294
21 : 98(3),84(10),99(1) : 281
22 : 45(49),38(58) : 83
