Bin number: 22
Bin size: 497
Item number: 100
Bin Id: item size (item id),... : total item size
1 : 59(53),100(0),21(96) : 180
2 : 90(15),45(68),51(61) : 186
3 : 99(6),24(93),25(91),42(70) : 190
4 : 54(60),69(41),30(85),50(62) : 203
5 : 47(64),98(7),27(88),43(69) : 215
6 : 90(16),31(84),74(37),21(95) : 216
7 : 59(54),89(17),79(33) : 227
8 : 97(8),24(94),90(14),24(92) : 235
9 : 100(1),99(4),41(71) : 240
10 : 87(23),89(19),70(40) : 246
11 : 96(9),59(55),47(65),62(52) : 264
12 : 85(26),91(13),68(42),26(89) : 270
13 : 41(72),76(36),95(10),34(81),34(79) : 280
14 : 94(12),49(63),29(87),81(30),66(46) : 319
15 : 41(73),86(24),88(21),85(27),39(74) : 339
16 : 71(39),29(86),38(75),99(3),79(34),37(76) : 353
17 : 65(48),80(32),62(50),33(82),62(51),65(49) : 367
18 : 67(44),32(83),57(57),34(80),35(77),57(56),99(5) : 381
19 : 68(43),35(78),89(18),84(28),20(98),20(99),85(25) : 401
20 : 88(20),55(59),65(47),46(66),45(67),77(35),55(58) : 431
21 : 67(45),82(29),26(90),87(22),100(2),80(31) : 442
22 : 73(38),21(97),94(11) : 188
