Bin number: 30
Bin size: 297
Item number: 100
Bin Id: item size (item id),... : total item size
1 : 31(84),35(77),73(38) : 139
2 : 91(13),30(85),24(93) : 145
3 : 38(75),29(86),35(78),47(64) : 149
4 : 50(62),98(7) : 148
5 : 90(14),68(42) : 158
6 : 99(6),65(49) : 164
7 : 57(56),65(48),46(66) : 168
8 : 94(11),59(55),20(99) : 173
9 : 99(5),51(61),25(91) : 175
10 : 94(12),39(74),45(67) : 178
11 : 96(9),42(70),21(96),26(90) : 185
12 : 90(15),80(32),20(98) : 190
13 : 54(60),55(59),41(73),37(76) : 187
14 : 65(47),85(25),24(94),24(92) : 198
15 : 85(26),87(23),26(89) : 198
16 : 62(50),71(39),59(54),21(95) : 213
17 : 76(36),100(1),45(68) : 221
18 : 99(4),66(46),62(51) : 227
19 : 69(41),81(30),77(35) : 227
20 : 32(83),88(21),84(28),27(88) : 231
21 : 74(37),67(44),29(87),62(52) : 232
22 : 55(58),95(10),68(43),21(97) : 239
23 : 79(33),87(22),34(81),43(69) : 243
24 : 67(45),89(18),89(19) : 245
25 : 82(29),80(31),88(20) : 250
26 : 79(34),85(27),59(53),34(79) : 257
27 : 86(24),33(82),70(40),41(71),41(72) : 271
28 : 100(2),47(65),89(17),49(63) : 285
29 : 97(8),57(57),34(80),90(16) : 278
30 : 100(0),99(3) : 199
