Bin number: 27
Bin size: 300
Item number: 100
Bin Id: item size (item id),... : total item size
1 : 27(88),24(93),31(84) : 82
2 : 33(82),43(69),46(66) : 122
3 : 39(74),35(77),34(79),38(75) : 146
4 : 34(80),29(86),34(81),59(55) : 156
5 : 24(94),49(63),29(87),20(98),25(91),21(96) : 168
6 : 55(59),47(65),41(71),41(72) : 184
7 : 47(64),68(43),30(85),66(46) : 211
8 : 26(90),67(45),65(48),26(89),21(97) : 205
9 : 57(57),57(56),59(54),51(61) : 224
10 : 73(38),42(70),65(49),59(53) : 239
11 : 69(41),77(35),65(47),32(83) : 243
12 : 45(68),80(31),45(67),79(33) : 249
13 : 21(95),55(58),54(60),87(22),35(78) : 252
14 : 85(27),81(30),80(32),20(99) : 266
15 : 84(28),86(24),71(39),24(92) : 265
16 : 85(26),89(19),90(14) : 264
17 : 67(44),76(36),89(17),41(73) : 273
18 : 88(20),91(13),62(51),37(76) : 278
19 : 90(15),90(16),100(0) : 280
20 : 85(25),68(42),50(62),79(34) : 282
21 : 87(23),74(37),62(50),62(52) : 285
22 : 82(29),100(1),100(2) : 282
23 : 89(18),99(3),99(6) : 287
24 : 97(8),96(9),98(7) : 291
25 : 88(21),99(5),99(4) : 286
26 : 95(10),94(11),94(12) : 283
27 : 70(40) : 70
