Bin number: 26
Bin size: 300
Item number: 100
Bin Id: item size (item id),... : total item size
1 : 24(93),34(80),37(76) : 95
2 : 20(99),31(84),27(88),29(87) : 107
3 : 21(97),26(90),21(96),47(65),24(94) : 139
4 : 35(77),41(73),32(83),41(71) : 149
5 : 49(63),41(72),80(32),69(41) : 239
6 : 20(98),59(54),46(66),55(59) : 180
7 : 62(50),21(95),45(68),62(51) : 190
8 : 35(78),55(58),74(37),26(89),25(91) : 215
9 : 59(55),67(44),45(67),33(82) : 204
10 : 100(0),100(1),100(2) : 300
11 : 90(15),65(47),79(33),39(74) : 273
12 : 89(19),96(9),97(8) : 282
13 : 54(60),85(26),59(53),82(29) : 280
14 : 94(12),95(10),98(7) : 287
15 : 80(31),65(49),99(4),50(62) : 294
16 : 66(46),77(35),42(70),24(92),30(85) : 239
17 : 73(38),84(28),47(64),89(18) : 293
18 : 57(57),70(40),34(81),68(43) : 229
19 : 34(79),68(42),87(23),57(56) : 246
20 : 71(39),88(21),65(48),38(75) : 262
21 : 85(25),29(86),81(30),67(45) : 262
22 : 87(22),90(14),94(11) : 271
23 : 91(13),89(17),99(6) : 279
24 : 51(61),88(20),85(27),62(52) : 286
25 : 86(24),76(36),79(34),43(69) : 284
26 : 90(16),99(5),99(3) : 288
