Bin number: 35
Bin size: 299
Item number: 100
Bin Id: item size (item id),... : total item size
1 : 96(7),46(86) : 142
2 : 94(11),47(85) : 141
3 : 51(80),88(20) : 139
4 : 68(52),74(40) : 142
5 : 52(75),94(10) : 146
6 : 49(83),97(5) : 146
7 : 49(82),66(57),34(95) : 149
8 : 61(63),98(4) : 159
9 : 54(70),53(73),52(78) : 159
10 : 84(24),79(30) : 163
11 : 95(9),71(45) : 166
12 : 95(8),73(41) : 168
13 : 57(67),65(58),50(81) : 172
14 : 97(6),77(32) : 174
15 : 81(27),92(14) : 173
16 : 84(25),64(60),30(99) : 178
17 : 76(34),56(68),51(79) : 183
18 : 80(29),54(71),48(84) : 182
19 : 57(66),76(36),52(77) : 185
20 : 87(21),65(59),37(93) : 189
21 : 72(42),54(72),71(46) : 197
22 : 93(13),69(48),39(91) : 201
23 : 82(26),66(56),57(65) : 205
24 : 78(31),68(51),68(50) : 214
25 : 34(96),100(1),88(17) : 222
26 : 86(22),72(44),69(49) : 227
27 : 35(94),52(76),89(15),53(74) : 229
28 : 76(37),33(98),85(23),45(87) : 239
29 : 98(3),88(19),58(64) : 244
30 : 71(47),77(33),68(53),40(89) : 256
31 : 88(18),64(61),74(39),45(88) : 271
32 : 62(62),33(97),99(2),40(90),37(92) : 271
33 : 67(54),55(69),89(16),67(55) : 278
34 : 100(0),94(12),81(28) : 275
35 : 74(38),76(35),72(43) : 222
