Bin number: 29
Bin size: 300
Item number: 100
Bin Id: item size (item id),... : total item size
1 : 23(97),22(98),37(85) : 82
2 : 86(22),92(14),94(7) : 272
3 : 83(27),94(6),92(13) : 269
4 : 57(61),70(46),69(47) : 196
5 : 61(54),77(35),77(34) : 215
6 : 77(36),74(39),68(48),38(84) : 257
7 : 87(21),89(18),85(24) : 261
8 : 71(43),74(38),78(32) : 223
9 : 41(81),46(75),44(79),20(99) : 151
10 : 52(71),55(64),64(52),54(67) : 225
11 : 71(44),67(49),65(50),40(82) : 243
12 : 76(37),60(56),70(45),39(83) : 245
13 : 55(65),73(40),79(30),45(78) : 252
14 : 85(25),94(8),95(5) : 274
15 : 90(16),90(17),98(2) : 278
16 : 83(29),92(12),93(11) : 268
17 : 78(31),63(53),88(20),56(62) : 285
18 : 54(69),54(68),49(74),46(77) : 203
19 : 78(33),97(3),99(1) : 274
20 : 85(23),93(10),93(9) : 271
21 : 32(90),35(86),27(96),29(94) : 123
22 : 30(91),43(80),32(89),28(95) : 133
23 : 30(93),51(73),52(70),30(92) : 163
24 : 54(66),57(60),58(59) : 169
25 : 51(72),55(63),32(88),46(76) : 184
26 : 59(57),64(51),61(55) : 184
27 : 35(87),72(42),59(58),91(15) : 257
28 : 72(41),96(4),100(0) : 268
29 : 84(26),83(28),88(19) : 255
