Bin number: 23
Bin size: 300
Item number: 100
Bin Id: item size (item id),... : total item size
1 : 8(93),5(98),11(90),14(86) : 38
2 : 15(85),12(88),24(75),9(92),6(96) : 66
3 : 22(77),26(72),21(78),7(95),1(99) : 77
4 : 37(62),28(71),38(57),8(94) : 111
5 : 21(79),40(53),38(56),23(76),13(87) : 135
6 : 37(63),43(50),43(47),16(84),12(89) : 151
7 : 51(40),46(45),37(60),29(70),9(91) : 172
8 : 57(36),54(37),59(34),6(97) : 176
9 : 39(55),48(42),41(52),40(54),30(69) : 198
10 : 43(48),52(39),44(46),37(61),26(73) : 202
11 : 64(28),75(20),80(14),18(81) : 237
12 : 16(83),69(25),64(27),65(26),35(65) : 249
13 : 32(68),85(10),19(80),80(15),38(58) : 254
14 : 84(11),26(74),73(22),43(49),34(66) : 260
15 : 17(82),79(17),42(51),48(44),76(19) : 262
16 : 62(32),74(21),92(5),36(64) : 264
17 : 63(31),86(8),94(4),33(67) : 276
18 : 86(9),80(16),76(18),38(59) : 280
19 : 80(13),63(30),95(2),48(43) : 286
20 : 91(6),53(38),80(12),64(29) : 288
21 : 71(23),89(7),58(35),71(24) : 289
22 : 99(0),97(1),95(3) : 291
23 : 50(41),60(33) : 110
