Bin number: 16
Bin size: 500
Item number: 100
Bin Id: item size (item id),... : total item size
1 : 36(61),99(2),22(75),12(87),3(97),9(91) : 181
2 : 2(99),99(1),42(52),28(69),18(80) : 189
3 : 93(7),100(0),14(85),3(96) : 210
4 : 68(30),71(25),29(68),45(47),2(98) : 215
5 : 79(18),98(3),47(46) : 224
6 : 51(39),77(21),21(78),54(37),28(70) : 231
7 : 84(9),22(76),50(40),53(38),17(81),31(67) : 257
8 : 22(77),34(62),96(5),45(49),74(24),10(90) : 281
9 : 67(31),82(13),62(34),70(27),8(92),5(95),11(88) : 305
10 : 7(94),78(20),48(44),41(54),48(45),34(63),17(82),32(65),14(84) : 319
11 : 42(50),84(10),89(8),50(42),79(19),24(74) : 368
12 : 39(57),96(6),32(66),37(59),69(29),12(86),98(4) : 383
13 : 50(41),83(12),55(36),56(35),36(60),41(53),24(73),28(71),26(72),10(89) : 409
14 : 67(32),45(48),38(58),79(16),80(15),49(43),7(93),76(22) : 441
15 : 40(55),69(28),18(79),15(83),83(11),40(56),71(26),79(17),42(51) : 457
16 : 81(14),75(23),66(33),33(64) : 255
