Bin number: 23
Bin size: 300
Item number: 100
Bin Id: item size (item id),... : total item size
1 : 40(63),51(54),52(52),18(81) : 161
2 : 87(18),57(49),87(20),66(38) : 297
3 : 92(11),74(28),81(24),34(68) : 281
4 : 54(51),21(80),49(55),71(34),24(77) : 219
5 : 89(17),85(21),9(93),92(12) : 275
6 : 73(32),65(41),46(57),31(70),17(83) : 232
7 : 99(2),98(3),99(1) : 296
8 : 77(27),93(9),27(74),100(0) : 297
9 : 15(88),5(97),5(96),16(86),11(90),3(98) : 55
10 : 65(39),74(29),35(67),8(94),66(37) : 248
11 : 17(82),9(91),16(85),30(72),25(76),1(99) : 98
12 : 31(71),42(61),44(60),9(92) : 126
13 : 21(79),63(46),48(56),44(59) : 176
14 : 40(62),70(35),72(33),25(75),5(95) : 212
15 : 31(69),63(47),63(45),56(50) : 213
16 : 63(44),61(48),38(65),21(78),27(73),16(84) : 226
17 : 63(43),52(53),74(30),73(31) : 262
18 : 40(64),81(23),79(26),65(40) : 265
19 : 89(15),80(25),91(13),11(89) : 271
20 : 15(87),84(22),96(4),87(19) : 282
21 : 95(6),38(66),64(42),89(16) : 286
22 : 95(7),95(5),93(8) : 283
23 : 90(14),70(36),92(10),44(58) : 296
