Bin number: 24
Bin size: 497
Item number: 100
Bin Id: item size (item id),... : total item size
1 : 72(42),54(70),57(66) : 183
2 : 100(0),81(27) : 181
3 : 68(52),77(33),40(89) : 185
4 : 81(28),65(58),47(85) : 193
5 : 92(14),98(4) : 190
6 : 74(39),71(45),54(71) : 199
7 : 74(40),84(24),49(83) : 207
8 : 95(9),97(6),39(91) : 231
9 : 100(1),68(50),66(57) : 234
10 : 84(25),52(76),51(80),67(55) : 254
11 : 37(93),97(5),57(67),88(19) : 279
12 : 58(64),34(96),76(36),76(35),50(81) : 294
13 : 76(34),57(65),95(8),73(41) : 301
14 : 66(56),53(73),94(10),94(12) : 307
15 : 88(18),72(43),51(79),71(46),35(94) : 317
16 : 77(32),94(11),78(31),33(98),52(78) : 334
17 : 71(47),96(7),88(20),88(17) : 343
18 : 68(51),56(68),30(99),85(23),76(37),52(75) : 367
19 : 46(86),79(30),69(48),64(60),68(53),52(77) : 378
20 : 74(38),54(72),87(21),86(22),89(15) : 390
21 : 33(97),61(63),69(49),64(61),67(54),34(95),98(3) : 426
22 : 62(62),40(90),89(16),80(29),45(87),53(74),72(44) : 441
23 : 45(88),49(82),37(92),93(13),99(2),55(69),65(59) : 443
24 : 48(84),82(26) : 130
