Bin number: 24
Bin size: 397
Item number: 100
Bin Id: item size (item id),... : total item size
1 : 33(98),34(95),61(63) : 128
2 : 52(76),57(66),50(81) : 159
3 : 57(67),64(61),68(53) : 189
4 : 39(91),53(74),66(56),49(83) : 207
5 : 40(90),69(48),62(62),49(82) : 220
6 : 40(89),56(68),37(93),52(78),46(86) : 231
7 : 68(51),81(28),65(59),45(88) : 259
8 : 88(18),76(34),71(47),30(99) : 265
9 : 82(26),77(33),54(71),52(75) : 265
10 : 93(13),84(25),69(49),33(97) : 279
11 : 92(14),74(38),68(50),45(87) : 279
12 : 73(41),74(40),76(36),67(55) : 290
13 : 81(27),80(29),65(58),78(31) : 304
14 : 86(22),100(0),67(54),54(70) : 307
15 : 97(5),94(12),51(80),66(57) : 308
16 : 94(11),95(8),51(79),74(39) : 314
17 : 85(23),53(73),98(3),84(24) : 320
18 : 68(52),96(7),76(35),88(17) : 328
19 : 97(6),100(1),57(65),88(20) : 342
20 : 54(72),98(4),95(9),71(46),35(94) : 353
21 : 37(92),64(60),71(45),99(2),52(77),34(96) : 357
22 : 58(64),77(32),72(44),72(42),87(21) : 366
23 : 89(15),48(84),76(37),79(30),89(16) : 381
24 : 88(19),55(69),47(85),72(43),94(10) : 356
