Bin number: 26
Bin size: 300
Item number: 100
Bin Id: item size (item id),... : total item size
1 : 23(93),26(85),32(77) : 81
2 : 21(98),25(90),26(88),22(96) : 94
3 : 34(75),26(86),32(78),22(95) : 114
4 : 38(72),24(92),39(71),20(99) : 121
5 : 45(62),31(79),32(76),27(84) : 135
6 : 50(57),53(53),54(50) : 157
7 : 43(63),50(56),47(60),25(89) : 165
8 : 58(47),67(36),50(55),22(94) : 197
9 : 26(87),40(70),65(40),69(34) : 200
10 : 63(45),66(37),56(48),30(81) : 215
11 : 53(52),52(54),64(42),25(91),29(83) : 223
12 : 65(39),41(69),59(46),75(28) : 240
13 : 47(61),83(20),41(68),86(14) : 257
14 : 38(73),34(74),31(80),48(58),30(82),80(25) : 261
15 : 88(10),42(65),80(26),54(51) : 264
16 : 88(11),77(27),84(17),21(97) : 270
17 : 85(15),82(22),63(44),41(67) : 271
18 : 73(32),93(5),42(66),67(35) : 275
19 : 55(49),83(21),74(31),66(38) : 278
20 : 83(19),88(9),48(59),63(43) : 282
21 : 94(4),96(2),96(1) : 286
22 : 90(8),84(16),42(64),69(33) : 285
23 : 93(6),99(0),94(3) : 286
24 : 87(13),90(7),87(12) : 264
25 : 84(18),81(23),81(24) : 246
26 : 75(30),75(29),64(41) : 214
