Bin number: 23
Bin size: 397
Item number: 100
Bin Id: item size (item id),... : total item size
1 : 32(98),44(76),50(66) : 126
2 : 41(81),32(95),50(67),33(91) : 156
3 : 53(63),58(53),45(74) : 156
4 : 54(61),55(56),33(90),34(89) : 176
5 : 60(48),53(62),40(83),55(59) : 208
6 : 40(82),49(68),33(93),59(51),36(86) : 217
7 : 43(78),79(28),48(71),80(26) : 250
8 : 63(47),87(18),34(88),72(38) : 256
9 : 75(34),45(75),89(13),55(58) : 264
10 : 75(33),89(14),71(40),30(99) : 265
11 : 80(25),60(49),70(41),59(50) : 269
12 : 57(55),73(36),35(87),84(22),41(80) : 290
13 : 57(54),91(12),93(11),58(52) : 299
14 : 79(27),78(29),100(0),43(79) : 300
15 : 97(5),83(23),49(70),78(31) : 307
16 : 45(73),95(8),95(7),55(57),32(97) : 322
17 : 71(39),99(3),73(35),51(65),33(92) : 327
18 : 81(24),45(72),65(46),54(60),93(9) : 338
19 : 96(6),100(1),99(4),44(77) : 339
20 : 87(17),85(20),65(45),77(32),36(85) : 350
21 : 52(64),66(44),99(2),40(84),73(37),33(94) : 363
22 : 70(42),89(15),78(30),49(69),88(16) : 374
23 : 85(21),32(96),86(19),69(43),93(10) : 365
