Bin number: 24
Bin size: 300
Item number: 100
Bin Id: item size (item id),... : total item size
1 : 15(87),17(83),18(81),1(99) : 51
2 : 9(92),27(73),21(78),16(85) : 73
3 : 34(68),27(74),25(76),21(79),9(93),5(97) : 121
4 : 38(65),21(80),51(54),16(86),5(95),3(98) : 134
5 : 40(62),44(58),11(90),40(64),16(84) : 151
6 : 31(70),31(71),11(89),40(63),64(42),15(88) : 192
7 : 63(44),63(45),63(47),5(96),8(94) : 202
8 : 48(56),49(55),66(37),44(60) : 207
9 : 31(69),52(53),65(40),74(30),9(91) : 231
10 : 71(34),35(67),61(48),52(52),17(82) : 236
11 : 73(32),63(46),38(66),74(29) : 248
12 : 79(26),77(27),73(31),24(77) : 253
13 : 80(25),46(57),44(59),87(18) : 257
14 : 81(23),85(21),66(38),25(75) : 257
15 : 63(43),70(35),81(24),54(51) : 268
16 : 87(19),91(13),70(36),30(72) : 278
17 : 90(14),56(50),92(12),42(61) : 280
18 : 89(16),95(5),95(7) : 279
19 : 74(28),84(22),65(41),57(49) : 280
20 : 89(17),99(2),100(0) : 288
21 : 89(15),99(1),98(3) : 286
22 : 87(20),96(4),95(6) : 278
23 : 93(8),93(9),92(10) : 278
24 : 72(33),92(11),65(39) : 229
