Bin number: 23
Bin size: 400
Item number: 100
Bin Id: item size (item id),... : total item size
1 : 40(73),77(28),94(9),79(27),95(8) : 385
2 : 22(96),34(81),26(90),22(97) : 104
3 : 43(70),56(49),24(92),53(57) : 176
4 : 44(66),23(94),44(69),38(78),54(55) : 203
5 : 63(46),85(18),86(17),65(44),67(41) : 366
6 : 82(22),32(84),77(29),57(48) : 248
7 : 74(35),89(15),39(74),95(7) : 297
8 : 51(58),45(64),46(61),69(39) : 211
9 : 77(30),45(63),33(83),36(79),41(71) : 232
10 : 28(89),29(88),44(68) : 101
11 : 32(85),46(62),55(51) : 133
12 : 25(91),44(67),60(47),53(56) : 182
13 : 33(82),31(86),22(95),47(60),81(25) : 214
14 : 75(34),83(21),54(54),39(75) : 251
15 : 21(98),55(52),71(38),56(50),67(42) : 270
16 : 63(45),75(33),67(43),39(77),39(76) : 283
17 : 99(3),93(10),40(72),45(65),24(93) : 301
18 : 100(2),100(0),51(59),54(53) : 305
19 : 82(24),75(32),90(14),73(36) : 320
20 : 68(40),100(1),76(31),98(5) : 342
21 : 82(23),36(80),30(87),84(20),92(12),20(99) : 344
22 : 93(11),96(6),86(16),71(37) : 346
23 : 85(19),90(13),99(4),80(26) : 354
