Bin number: 29
Bin size: 300
Item number: 100
Bin Id: item size (item id),... : total item size
1 : 31(96),31(97),30(99) : 92
2 : 38(83),34(90),32(94),31(95) : 135
3 : 51(75),50(76),35(86),33(91) : 169
4 : 53(73),58(66),60(63) : 171
5 : 48(78),38(82),63(57),38(84) : 187
6 : 57(67),60(61),35(88),37(85) : 189
7 : 50(77),52(74),55(70),31(98) : 188
8 : 61(60),59(65),56(69),32(93) : 208
9 : 54(72),65(56),59(64),33(92) : 211
10 : 69(50),70(48),76(38) : 215
11 : 76(40),74(43),81(32) : 231
12 : 62(59),70(47),35(87),67(51) : 234
13 : 79(33),79(34),82(28) : 240
14 : 74(42),65(55),43(80),66(53) : 248
15 : 62(58),78(35),76(39),35(89) : 251
16 : 60(62),83(26),73(44),40(81) : 256
17 : 85(20),87(15),92(8) : 264
18 : 85(22),90(13),91(10) : 266
19 : 56(68),85(23),84(25),48(79) : 273
20 : 83(27),94(5),99(0) : 276
21 : 86(19),71(46),55(71),71(45) : 283
22 : 93(6),96(3),93(7) : 282
23 : 81(30),67(52),69(49),65(54) : 282
24 : 85(21),96(4),97(1) : 278
25 : 90(12),97(2),92(9) : 279
26 : 86(17),87(16),90(11) : 263
27 : 86(18),84(24),88(14) : 258
28 : 76(41),81(31),82(29) : 239
29 : 76(37),77(36) : 153
