Bin number: 27
Bin size: 300
Item number: 100
Bin Id: item size (item id),... : total item size
1 : 93(11),67(49),74(39),64(51) : 298
2 : 94(7),96(4),93(10) : 283
3 : 44(79),43(80),35(86),59(58) : 181
4 : 92(14),94(6),97(3) : 283
5 : 88(20),77(36),78(33),46(75) : 289
6 : 93(9),99(1),100(0) : 292
7 : 83(29),78(31),22(98),88(19) : 271
8 : 89(18),90(16),92(12) : 271
9 : 76(37),63(53),77(34),29(94) : 245
10 : 86(22),83(28),65(50),51(72) : 285
11 : 46(76),45(78),51(73),30(93) : 172
12 : 72(42),69(47),55(63),27(96) : 223
13 : 95(5),91(15),98(2) : 284
14 : 54(69),78(32),64(52),59(57) : 255
15 : 92(13),85(24),30(91),72(41) : 279
16 : 68(48),57(60),54(67),70(46) : 249
17 : 35(87),30(92),39(83) : 104
18 : 41(81),54(68),49(74) : 144
19 : 37(85),55(65),61(54),20(99) : 173
20 : 56(62),23(97),32(90),52(70),28(95) : 191
21 : 55(64),32(89),71(44),60(56) : 218
22 : 38(84),70(45),52(71),61(55) : 221
23 : 32(88),79(30),73(40),40(82) : 224
24 : 84(26),54(66),77(35),46(77) : 261
25 : 83(27),87(21),94(8) : 264
26 : 85(23),85(25),90(17) : 260
27 : 58(59),71(43),74(38),57(61) : 260
