Bin number: 19
Bin size: 396
Item number: 100
Bin Id: item size (item id),... : total item size
1 : 85(10),42(51),94(4),38(56),36(64) : 295
2 : 84(11),38(57),63(30),73(22),30(69) : 288
3 : 80(12),80(13),71(24),9(91) : 240
4 : 52(39),43(48),43(49),40(54),74(21) : 252
5 : 69(25),62(32),54(37),51(40) : 236
6 : 58(35),65(26),40(53),64(28),21(79),21(78) : 269
7 : 8(94),35(65),37(62),11(90),12(89) : 103
8 : 92(5),28(71),80(16),86(8),48(44) : 334
9 : 6(97),1(99),24(75),19(80),5(98) : 55
10 : 34(66),41(52),37(60),17(82) : 129
11 : 26(73),39(55),43(47),18(81),12(88),9(92) : 147
12 : 37(61),33(67),43(50),64(27) : 177
13 : 38(58),22(77),44(46),15(85),60(33),26(74),6(96) : 211
14 : 29(70),13(87),79(17),14(86),26(72),71(23) : 232
15 : 53(38),99(0),59(34),95(2) : 306
16 : 89(7),91(6),46(45),38(59),50(41) : 314
17 : 76(19),95(3),48(43),23(76),97(1),7(95) : 346
18 : 37(63),63(31),80(14),16(83),57(36),64(29),32(68),8(93) : 357
19 : 75(20),76(18),16(84),80(15),48(42),86(9) : 381
