Bin number: 20
Bin size: 594
Item number: 100
Bin Id: item size (item id),... : total item size
1 : 31(97),47(75),30(99),32(94) : 140
2 : 58(65),60(62),58(66) : 176
3 : 44(80),61(60),49(73),33(90) : 187
4 : 68(52),65(55),74(47) : 207
5 : 60(61),93(12),91(17),32(92) : 276
6 : 34(89),42(82),93(13),43(81),69(50) : 281
7 : 34(88),86(27),57(67),87(25),36(87) : 300
8 : 88(24),63(58),84(33),84(32) : 319
9 : 100(0),98(4),94(11),40(85) : 332
10 : 75(46),47(77),94(10),49(74),80(39) : 345
11 : 56(70),83(37),72(48),86(26),72(49) : 369
12 : 88(21),80(40),83(35),65(54),66(53) : 382
13 : 96(7),85(28),98(6),88(22),30(98) : 397
14 : 99(2),40(86),85(30),64(57),68(51),56(69) : 412
15 : 98(5),45(79),81(38),54(72),64(56),96(8) : 438
16 : 46(78),88(23),99(3),84(34),89(19),58(64) : 464
17 : 91(16),32(96),100(1),75(45),61(59),77(44),47(76) : 483
18 : 55(71),33(91),85(31),77(43),58(63),80(41),92(14),32(95) : 512
19 : 88(20),83(36),42(83),85(29),90(18),92(15),57(68),32(93) : 569
20 : 95(9),41(84),79(42) : 215
