Bin number: 23
Bin size: 450
Item number: 100
Bin Id: item size (item id),... : total item size
1 : 23(96),22(97),29(90) : 74
2 : 36(83),20(99),44(73),43(75) : 143
3 : 51(66),59(57),50(67) : 160
4 : 43(76),53(63),62(50),24(94) : 182
5 : 55(61),42(77),67(38),36(86) : 200
6 : 69(32),42(78),72(28),28(91) : 211
7 : 66(40),63(48),52(65),37(82) : 218
8 : 59(56),55(60),69(33),45(72) : 228
9 : 23(95),68(34),47(70),64(43),34(88) : 236
10 : 44(74),48(69),63(47),55(59),36(84) : 246
11 : 65(42),68(35),95(8),52(64) : 280
12 : 74(26),79(22),90(15),22(98),25(93) : 290
13 : 83(20),91(13),61(51),59(55) : 294
14 : 98(5),99(4),36(85),72(27) : 305
15 : 99(3),100(0),97(6),27(92) : 323
16 : 57(58),78(23),53(62),100(1),41(80) : 329
17 : 74(25),95(10),60(53),84(19),29(89) : 342
18 : 34(87),67(39),96(7),69(30),49(68),38(81) : 353
19 : 100(2),94(12),83(21),60(52),41(79) : 378
20 : 63(44),88(17),86(18),77(24),69(31) : 383
21 : 90(16),66(41),94(11),67(37),95(9) : 412
22 : 63(46),91(14),68(36),63(45),70(29),62(49) : 417
23 : 47(71),59(54) : 106
