Bin number: 23
Bin size: 450
Item number: 100
Bin Id: item size (item id),... : total item size
1 : 49(73),32(95),36(87),32(96) : 149
2 : 47(77),58(63),32(93),31(97) : 168
3 : 60(62),54(72),43(81),34(89) : 191
4 : 56(70),58(65),32(94),58(66) : 204
5 : 61(60),75(45),30(99),42(82) : 208
6 : 49(74),32(92),56(69),42(83),41(84) : 220
7 : 33(90),58(64),65(54),57(68),45(79) : 258
8 : 33(91),64(57),83(36),77(44) : 257
9 : 63(58),47(76),94(10),68(51) : 272
10 : 92(14),80(40),94(11),30(98) : 296
11 : 99(2),100(1),100(0) : 299
12 : 55(71),88(20),80(41),88(21) : 311
13 : 40(85),86(26),69(50),75(46),44(80) : 314
14 : 96(7),46(78),83(35),80(39),34(88) : 339
15 : 98(6),79(42),91(16),84(33) : 352
16 : 72(49),47(75),93(13),92(15),57(67) : 361
17 : 61(59),85(29),60(61),84(34),74(47) : 364
18 : 64(56),90(18),66(53),85(28),72(48) : 377
19 : 91(17),89(19),88(24),86(27),40(86) : 394
20 : 93(12),98(4),65(55),85(31),68(52) : 409
21 : 77(43),88(22),84(32),85(30),83(37) : 417
22 : 95(9),96(8),99(3),98(5) : 388
23 : 87(25),88(23),81(38) : 256
