Bin number: 19
Bin size: 450
Item number: 100
Bin Id: item size (item id),... : total item size
1 : 4(95),9(87),31(73),24(77),2(96),5(93),7(89),4(94) : 86
2 : 2(97),42(63),31(72),32(70),20(81) : 127
3 : 42(62),43(60),38(65),18(82) : 141
4 : 56(45),30(74),37(66),34(69),16(83) : 173
5 : 1(99),5(92),13(84),7(90),6(91),35(68),39(64),49(54),21(79),1(98) : 177
6 : 57(44),46(57),45(58),69(36),12(85) : 229
7 : 24(76),52(51),66(40),92(10),21(78) : 255
8 : 32(71),62(41),89(14),97(2) : 280
9 : 90(11),55(46),77(26),53(50),21(80) : 296
10 : 81(20),99(1),99(0),7(88),11(86) : 297
11 : 81(21),69(35),94(7),67(39) : 311
12 : 59(42),53(49),96(6),44(59),35(67),43(61) : 330
13 : 29(75),88(16),76(29),88(15),74(33) : 355
14 : 47(56),90(13),54(47),83(18),87(17) : 361
15 : 71(34),49(53),82(19),76(28),54(48),48(55) : 380
16 : 79(24),90(12),58(43),96(4),74(31) : 397
17 : 93(9),93(8),77(27),78(25),75(30) : 416
18 : 52(52),81(22),74(32),68(37),80(23),67(38) : 422
19 : 97(3),96(5) : 193
