Bin number: 23
Bin size: 448
Item number: 100
Bin Id: item size (item id),... : total item size
1 : 62(46),47(61),31(86),30(88) : 170
2 : 99(2),56(53),20(98) : 175
3 : 100(0),34(84),41(74) : 175
4 : 96(7),78(31) : 174
5 : 91(17),24(92),65(42) : 180
6 : 94(12),71(37),23(94) : 188
7 : 37(81),99(1),54(56) : 190
8 : 35(83),93(14),48(60),31(87) : 207
9 : 83(24),75(32),60(48) : 218
10 : 97(5),95(10),25(91) : 217
11 : 46(63),41(73),95(11),45(65) : 227
12 : 49(58),81(29),87(20),24(93) : 241
13 : 57(52),51(57),81(28),45(64),40(75) : 274
14 : 67(40),89(18),35(82),49(59),45(66),23(95) : 308
15 : 97(6),59(50),98(3),72(36) : 326
16 : 93(15),84(22),47(62),44(68),28(89),45(67) : 341
17 : 93(13),58(51),82(26),74(33),39(78) : 346
18 : 44(70),84(23),64(43),59(49),63(45),44(71) : 358
19 : 32(85),37(79),22(96),92(16),97(4),39(76),39(77) : 358
20 : 88(19),44(69),20(99),56(54),26(90),60(47),68(39),21(97) : 383
21 : 95(9),55(55),37(80),70(38),66(41),78(30) : 401
22 : 83(25),73(34),72(35),96(8),86(21) : 410
23 : 43(72),81(27),63(44) : 187
