Bin number: 19
Bin size: 448
Item number: 100
Bin Id: item size (item id),... : total item size
1 : 52(46),100(0),16(86),2(98) : 170
2 : 99(2),34(61),20(81),18(84),2(99),2(97) : 175
3 : 91(7),84(17) : 175
4 : 46(53),86(12),26(74),15(88),13(92) : 186
5 : 64(37),99(1),19(83),15(87) : 197
6 : 70(31),58(42),43(56),31(63) : 202
7 : 85(14),77(24),50(48) : 212
8 : 96(5),69(32),37(60),8(94),9(93) : 219
9 : 88(10),27(73),86(11),31(65) : 232
10 : 41(58),14(91),72(29),41(57),73(28) : 241
11 : 81(20),48(52),62(40),82(18) : 273
12 : 31(64),93(6),20(82),38(59),8(95),49(50),29(68),26(75) : 294
13 : 31(66),85(15),98(3),79(22),18(85),22(78) : 333
14 : 33(62),66(36),85(13),48(51),15(89),68(33),28(70) : 343
15 : 75(26),78(23),57(43),50(49),29(67),22(79),27(71),14(90) : 352
16 : 8(96),84(16),54(45),98(4),82(19),44(55) : 370
17 : 26(76),25(77),28(69),51(47),89(9),63(39),76(25),27(72) : 385
18 : 46(54),63(38),62(41),71(30),68(34),89(8) : 399
19 : 21(80),75(27),66(35),80(21),55(44) : 297
