Bin number: 24
Bin size: 448
Item number: 100
Bin Id: item size (item id),... : total item size
1 : 65(46),100(0) : 165
2 : 99(2),42(81),34(88) : 175
3 : 53(61),90(17),32(94) : 175
4 : 98(7),38(86),40(84) : 176
5 : 62(53),94(12),30(98) : 186
6 : 72(37),45(74),76(31) : 193
7 : 100(1),41(83),57(56) : 198
8 : 33(92),70(42),99(5) : 202
9 : 93(14),83(24),35(87) : 211
10 : 75(32),64(48),48(73),34(91) : 221
11 : 54(60),53(63),55(58),62(52) : 224
12 : 97(10),97(11),33(93) : 227
13 : 78(29),52(65),79(28),53(64) : 262
14 : 87(20),56(57),89(18),41(82) : 273
15 : 71(40),98(6),55(59),52(66),32(95) : 308
16 : 64(50),93(15),99(3),45(75),34(89) : 335
17 : 85(22),51(68),94(13),63(51),49(70) : 342
18 : 53(62),73(36),81(26),40(85),44(78),52(67) : 343
19 : 73(33),83(23),68(43),64(49),66(45) : 354
20 : 44(79),92(16),49(71),99(4),51(69),30(99) : 365
21 : 32(96),88(19),45(76),45(77),62(54),34(90),64(47) : 370
22 : 97(9),71(39),82(25),43(80),77(30),30(97) : 400
23 : 61(55),72(38),48(72),73(34),80(27),67(44) : 401
24 : 71(41),73(35),98(8),86(21) : 328
