Bin number: 19
Bin size: 450
Item number: 100
Bin Id: item size (item id),... : total item size
1 : 2(95),9(87),31(73),26(77),1(97),5(93),7(89) : 81
2 : 2(96),40(63),40(62),22(81),3(94),6(92) : 113
3 : 33(72),36(70),41(60),1(99),31(74),1(98) : 143
4 : 39(65),56(45),20(82),38(66),11(84) : 164
5 : 36(69),17(83),39(64),47(54),56(44) : 195
6 : 7(90),36(68),64(36),44(57),43(58),22(79) : 216
7 : 7(91),60(40),50(51),89(10),11(85) : 217
8 : 29(76),57(41),86(14),34(71),51(50),7(88) : 264
9 : 96(2),88(11),81(20),25(78) : 290
10 : 56(46),77(26),99(1),22(80),51(49) : 305
11 : 80(21),100(0),65(35),62(39) : 307
12 : 57(42),91(7),92(6),42(59),37(67),10(86) : 329
13 : 29(75),84(16),45(56),85(15),65(34),48(53) : 356
14 : 86(13),73(29),66(33),84(17),52(48) : 361
15 : 41(61),84(18),81(19),78(24),86(12) : 370
16 : 53(47),77(28),93(4),91(9),67(32) : 381
17 : 56(43),69(31),91(8),77(27),50(52),64(37) : 407
18 : 46(55),79(22),77(25),71(30),79(23),64(38) : 416
19 : 94(3),92(5) : 186
