Bin number: 19
Bin size: 450
Item number: 100
Bin Id: item size (item id),... : total item size
1 : 4(95),11(87),30(73),25(77),2(96),5(93),4(94),5(92) : 86
2 : 40(63),2(97),41(62),33(70),10(89),1(99) : 127
3 : 32(72),20(81),43(60),40(65),5(91) : 140
4 : 56(45),29(74),20(82),39(66),18(83),8(90),2(98) : 172
5 : 35(69),65(36),49(54),43(58) : 192
6 : 17(84),36(68),40(64),45(57),22(79),50(51) : 210
7 : 58(44),64(40),28(76),86(14) : 236
8 : 33(71),63(41),16(85),92(10),78(20) : 282
9 : 88(11),74(26),78(21),51(50) : 291
10 : 97(2),97(1),98(0) : 292
11 : 56(46),25(78),67(35),62(42),95(7) : 305
12 : 22(80),64(39),52(49),95(6),43(59),42(61) : 318
13 : 28(75),70(29),86(13),85(15),47(56),38(67) : 354
14 : 81(16),67(33),11(88),67(34),80(18),50(53) : 356
15 : 56(47),81(17),78(19),71(28),96(4) : 382
16 : 55(48),76(24),87(12),58(43),69(31),50(52) : 395
17 : 93(9),72(27),95(8),15(86),75(25),65(37) : 415
18 : 49(55),77(22),69(32),70(30),77(23),65(38) : 407
19 : 97(3),95(5) : 192
