Bin number: 20
Bin size: 450
Item number: 100
Bin Id: item size (item id),... : total item size
1 : 9(95),32(73),17(87),29(77),10(93),1(99) : 98
2 : 8(96),5(97),44(63),34(72),26(81),9(94) : 126
3 : 45(62),38(70),13(89),40(65),12(90) : 148
4 : 45(60),30(74),60(45),25(82),4(98) : 164
5 : 10(92),40(66),38(69),25(83),24(84),38(68),12(91) : 187
6 : 42(64),50(54),47(58),61(44),28(79) : 228
7 : 48(57),71(36),66(40),54(51) : 239
8 : 29(76),92(10),65(41),21(85),57(46) : 264
9 : 36(71),89(14),77(26),84(20) : 286
10 : 97(2),91(11),99(1) : 287
11 : 80(21),55(50),99(0),28(78),47(59) : 309
12 : 28(80),72(35),92(7),64(42),68(39) : 324
13 : 55(49),94(6),29(75),75(29),90(13) : 343
14 : 48(56),88(16),89(15),73(33),14(88),52(53) : 364
15 : 39(67),45(61),56(47),84(18),85(17),56(48) : 365
16 : 73(34),84(19),76(28),78(24),71(37) : 382
17 : 90(12),62(43),96(4),92(9),50(55),18(86) : 408
18 : 92(8),77(27),80(22),77(25),97(3) : 423
19 : 75(31),74(32),75(30),78(23),96(5) : 398
20 : 54(52),70(38) : 124
