Bin number: 16
Bin size: 748
Item number: 100
Bin Id: item size (item id),... : total item size
1 : 30(84),55(60),58(57),48(65),38(75) : 229
2 : 42(70),69(48),62(54),65(52) : 238
3 : 92(12),72(45),48(66),43(69) : 255
4 : 96(4),83(31),57(58),39(72) : 275
5 : 52(62),95(8),92(13),45(68) : 284
6 : 76(38),53(61),88(22),93(11) : 310
7 : 67(49),52(64),34(80),91(16),27(89),28(86),31(83) : 330
8 : 96(3),23(95),95(5),95(7),23(94),27(87) : 359
9 : 96(2),76(37),34(81),99(0),73(40) : 378
10 : 30(85),61(55),65(51),86(26),88(24),66(50) : 396
11 : 92(14),46(67),64(53),91(15),77(36),38(74),24(91) : 432
12 : 94(10),37(77),95(6),70(47),82(32),97(1) : 475
13 : 84(30),56(59),52(63),85(29),27(88),72(44),90(18),73(42) : 539
14 : 22(97),87(25),94(9),89(21),36(78),88(23),91(17),35(79),22(98) : 564
15 : 39(71),21(99),38(76),38(73),77(35),81(34),85(28),24(93),72(46),60(56),32(82),22(96) : 589
16 : 25(90),73(41),89(19),24(92),72(43),75(39),89(20),86(27),81(33) : 614
