Bin number: 22
Bin size: 450
Item number: 100
Bin Id: item size (item id),... : total item size
1 : 28(96),27(97),32(90) : 87
2 : 47(66),37(83),22(99),43(73) : 149
3 : 52(57),42(75),39(76),29(94) : 162
4 : 50(63),47(67),50(61),28(95) : 175
5 : 55(50),39(77),57(48),39(78) : 190
6 : 67(32),62(40),52(56),25(98) : 206
7 : 64(38),51(60),47(65),45(70) : 207
8 : 70(28),67(33),44(72),38(82) : 219
9 : 66(34),34(86),42(74),61(43),31(91) : 234
10 : 57(47),47(69),61(42),51(59),37(84) : 253
11 : 90(8),81(15),66(35),33(88) : 270
12 : 76(20),71(26),85(13),49(64) : 281
13 : 75(22),93(5),54(51),31(93),33(87) : 286
14 : 52(55),93(4),52(58),37(85),70(27) : 304
15 : 92(6),98(3),99(0),31(92) : 320
16 : 74(23),73(25),50(62),54(53),77(19) : 328
17 : 98(1),89(10),90(7),68(30) : 345
18 : 63(39),39(80),85(12),98(2),47(68),32(89) : 364
19 : 59(44),75(21),81(17),80(18),81(16) : 376
20 : 54(52),39(81),74(24),87(11),65(37),89(9) : 408
21 : 62(41),57(46),67(31),45(71),84(14),39(79),58(45) : 412
22 : 65(36),69(29),52(54),56(49) : 242
