Bin number: 20
Bin size: 450
Item number: 100
Bin Id: item size (item id),... : total item size
1 : 2(96),2(97),1(99),8(90),2(98) : 15
2 : 18(83),30(73),39(66),15(86) : 102
3 : 28(75),45(57),28(76),25(77) : 126
4 : 40(63),38(67),42(61),25(78) : 145
5 : 51(50),4(94),47(56),43(60),5(91),29(74) : 179
6 : 55(48),4(95),40(65),69(32),33(70) : 201
7 : 65(38),64(40),71(28),5(93),5(92) : 210
8 : 20(82),32(72),67(33),35(69),58(43) : 212
9 : 85(15),74(26),77(22),49(55) : 285
10 : 43(58),98(0),95(6),41(62),36(68) : 313
11 : 72(27),97(1),75(25),92(10) : 336
12 : 22(80),50(53),78(19),87(12),97(2),20(81) : 354
13 : 64(39),95(7),58(44),70(30),78(21) : 365
14 : 81(17),80(18),81(16),50(52),76(24),22(79) : 390
15 : 67(34),56(47),11(88),17(84),43(59),40(64) : 234
16 : 62(42),67(35),78(20),50(51),16(85) : 273
17 : 95(8),86(13),95(5),10(89) : 286
18 : 96(4),97(3),77(23),11(87),33(71) : 314
19 : 63(41),88(11),56(46),69(31),65(37),65(36) : 406
20 : 93(9),86(14),56(45),70(29),49(54),52(49) : 406
