Bin number: 23
Bin size: 450
Item number: 100
Bin Id: item size (item id),... : total item size
1 : 44(83),48(73),30(99),47(75) : 169
2 : 55(66),57(57),56(63) : 168
3 : 47(76),53(67),56(61),35(94) : 191
4 : 61(50),47(77),58(56),38(90) : 204
5 : 47(78),67(48),57(60),56(65) : 227
6 : 32(96),31(97),38(91) : 101
7 : 72(40),76(38),81(32) : 229
8 : 83(28),51(70),45(82),79(34) : 258
9 : 33(95),48(74),43(86),49(72),80(33) : 253
10 : 95(6),36(93),100(0),57(58),37(92) : 325
11 : 71(43),53(69),67(47),71(42) : 262
12 : 95(8),57(59),92(15),42(88) : 286
13 : 44(84),93(13),79(35),30(98),56(64) : 302
14 : 97(5),61(51),85(26),59(55) : 302
15 : 90(20),89(22),43(85),88(23) : 310
16 : 98(3),98(4),85(25),42(87) : 323
17 : 99(1),56(62),84(27),60(53),46(80) : 345
18 : 94(10),95(7),73(39),94(12) : 356
19 : 99(2),90(19),53(68),89(21),45(81) : 376
20 : 69(44),82(30),90(17),61(52),86(24) : 388
21 : 90(18),71(41),94(11),68(46),81(31) : 404
22 : 91(16),39(89),76(37),51(71),93(14),63(49) : 413
23 : 94(9),46(79),77(36),69(45),83(29),60(54) : 429
