Bin number: 19
Bin size: 594
Item number: 100
Bin Id: item size (item id),... : total item size
1 : 64(49),98(7),98(6),77(30),56(57) : 393
2 : 99(2),62(53),38(86),99(5),63(51),51(69) : 412
3 : 97(11),71(40),97(10),35(87),64(48) : 364
4 : 44(78),99(3),73(34),92(16),88(19),66(45) : 462
5 : 87(20),78(29),93(15),51(68),97(9),40(84),70(42),33(93) : 549
6 : 73(35),81(26),79(28),62(54),85(22) : 380
7 : 30(98),72(38),44(79),83(23),57(56),48(72),98(8) : 432
8 : 65(46),100(0),45(77),72(37),40(85) : 322
9 : 33(92),99(4),45(74),71(39),86(21) : 334
10 : 32(96),34(91),68(43),45(76),71(41),93(14),73(36),89(18) : 505
11 : 53(64),100(1),55(59),49(71),67(44),76(31),53(63),41(83) : 494
12 : 34(89),94(12),80(27),73(33) : 281
13 : 94(13),82(25),52(67),64(50) : 292
14 : 34(88),55(58),83(24),75(32),49(70) : 296
15 : 64(47),53(61),34(90),90(17) : 241
16 : 43(80),54(60),52(66),32(94) : 181
17 : 30(97),52(65),53(62) : 135
18 : 45(75),30(99),62(52) : 137
19 : 61(55),48(73),41(82),42(81),32(95) : 224
