Bin number: 23
Bin size: 450
Item number: 100
Bin Id: item size (item id),... : total item size
1 : 32(96),30(97),41(83) : 103
2 : 52(66),56(57),53(63) : 161
3 : 48(73),45(75),30(99),45(76) : 168
4 : 53(61),52(67),45(77),44(78) : 194
5 : 64(50),64(48),54(60),32(94) : 214
6 : 57(56),75(32),52(65),38(86) : 222
7 : 34(90),72(38),71(40),49(70) : 226
8 : 73(33),79(28),41(82),51(69) : 244
9 : 45(74),32(95),34(91),73(34),64(47) : 248
10 : 48(72),68(43),98(8),40(84) : 254
11 : 55(59),70(42),73(35),34(88),53(64) : 285
12 : 93(15),87(20),94(13),30(98) : 304
13 : 81(26),99(5),85(22),40(85) : 305
14 : 63(51),61(55),33(93),55(58),98(6) : 310
15 : 99(4),100(0),83(23),43(80) : 325
16 : 99(3),53(62),100(1),33(92),35(87) : 320
17 : 80(27),82(25),97(10),88(19) : 347
18 : 62(53),98(7),71(39),99(2),34(89) : 364
19 : 94(12),67(44),77(30),51(68),90(17) : 379
20 : 86(21),89(18),62(52),92(16),65(46) : 394
21 : 42(81),71(41),83(24),97(11),72(37),49(71) : 414
22 : 76(31),97(9),44(79),73(36),78(29),64(49) : 432
23 : 93(14),66(45),62(54) : 221
