Bin number: 21
Bin size: 450
Item number: 100
Bin Id: item size (item id),... : total item size
1 : 5(97),8(96),9(94),9(95) : 31
2 : 1(99),40(66),32(73),29(75),4(98) : 106
3 : 25(83),29(76),48(57),18(86) : 120
4 : 44(63),39(67),45(61),29(77) : 157
5 : 12(90),28(78),55(50),48(56),40(65) : 183
6 : 56(48),45(60),12(91),30(74),25(82),34(72) : 202
7 : 66(40),74(32),38(70),38(69) : 216
8 : 70(38),76(28),62(43),14(88) : 222
9 : 73(33),56(47),73(34),42(64) : 244
10 : 47(59),92(8),64(42),10(93),50(55),10(92) : 273
11 : 24(84),72(35),89(15),90(13) : 275
12 : 54(51),80(22),77(26),84(20) : 295
13 : 96(5),96(4),94(6),13(89) : 299
14 : 21(85),97(3),99(0),78(23),17(87) : 312
15 : 47(58),45(62),77(27),99(1),52(53) : 320
16 : 77(25),92(10),92(7),84(19) : 345
17 : 28(80),68(39),97(2),90(12),75(30) : 358
18 : 61(44),38(68),80(21),84(18),54(52),65(41) : 382
19 : 85(17),88(16),26(81),78(24),57(46),60(45) : 394
20 : 91(11),75(31),92(9),89(14),75(29) : 422
21 : 36(71),71(37),28(79),71(36),50(54),55(49) : 311
