Bin number: 17
Bin size: 593
Item number: 100
Bin Id: item size (item id),... : total item size
1 : 5(97),1(99),29(75),40(65) : 75
2 : 45(62),28(80),9(94),45(60),12(90) : 139
3 : 40(66),54(52),32(73),13(89),25(82) : 164
4 : 50(55),56(47),45(61),14(88),39(67),4(98) : 208
5 : 85(17),90(12),77(27),10(92) : 262
6 : 26(81),90(13),77(25),47(58),21(85) : 261
7 : 55(50),73(33),57(46),74(32),29(77) : 288
8 : 78(24),99(0),38(70),30(74),56(48) : 301
9 : 96(4),71(37),17(87),91(11),66(40) : 341
10 : 68(39),92(10),77(26),72(35),50(54) : 359
11 : 80(21),55(49),76(28),94(6),52(53),8(96) : 365
12 : 92(7),80(22),97(2),48(57),75(30) : 392
13 : 18(86),96(5),54(51),28(79),38(69),70(38),28(78),34(72),42(64) : 408
14 : 78(23),48(56),97(3),92(8),73(34),36(71),12(91),9(95),10(93) : 455
15 : 88(16),84(19),60(45),99(1),61(44),62(43),25(83) : 479
16 : 47(59),75(31),44(63),29(76),65(41),89(14),84(20),71(36) : 504
17 : 75(29),84(18),89(15),38(68),24(84),92(9),64(42) : 466
