Bin number: 22
Bin size: 450
Item number: 100
Bin Id: item size (item id),... : total item size
1 : 44(73),41(77),50(63) : 135
2 : 36(87),34(95),51(62),39(81) : 160
3 : 45(72),46(70),48(65),34(93) : 173
4 : 32(96),54(60),65(45),30(99) : 181
5 : 32(97),35(89),46(66),44(74),34(94) : 191
6 : 46(69),39(82),49(64),46(68),37(84) : 217
7 : 34(92),38(83),70(36),57(54),35(90) : 234
8 : 65(44),56(57),55(58),35(91),41(76) : 252
9 : 67(40),58(51),40(79),66(41),36(85) : 267
10 : 91(10),89(14),46(71),59(50) : 285
11 : 90(11),98(2),64(46),41(78) : 293
12 : 84(20),99(1),84(21),40(80) : 307
13 : 80(26),99(0),65(42),68(39) : 312
14 : 70(35),92(7),92(6),41(75),31(98) : 326
15 : 59(49),55(59),88(16),88(15),56(56) : 346
16 : 77(29),90(13),73(33),46(67),80(24) : 366
17 : 51(61),72(34),35(88),85(18),57(53),78(28) : 378
18 : 62(47),87(17),85(19),59(48),90(12) : 383
19 : 65(43),96(4),91(9),75(31),84(22) : 411
20 : 56(55),91(8),80(27),58(52),69(37),68(38) : 422
21 : 36(86),80(25),97(3),82(23),93(5) : 388
22 : 74(32),76(30) : 150
