Bin number: 21
Bin size: 450
Item number: 100
Bin Id: item size (item id),... : total item size
1 : 39(73),22(95),35(77),31(87) : 127
2 : 47(63),22(96),49(62),30(89) : 148
3 : 41(72),42(70),23(93),22(97),33(81) : 161
4 : 46(65),52(60),66(45),20(99) : 184
5 : 22(94),39(74),45(66),24(92),33(82),32(83) : 195
6 : 43(69),46(64),32(84),56(54),29(90) : 206
7 : 43(68),72(36),28(91),54(57),37(76) : 234
8 : 53(58),70(44),58(51),72(40) : 253
9 : 34(79),93(10),41(71),98(2) : 266
10 : 92(14),71(41),32(85),99(1) : 294
11 : 93(11),77(26),100(0),34(80) : 304
12 : 84(20),83(21),66(46),73(35) : 306
13 : 59(50),35(78),96(7),72(39),53(59) : 315
14 : 71(42),96(6),63(49),44(67),73(33) : 347
15 : 38(75),21(98),92(13),91(16),91(15),30(88) : 363
16 : 76(29),55(56),51(61),73(34),78(24),32(86) : 365
17 : 56(53),65(47),90(18),91(17),87(19) : 389
18 : 76(28),92(12),96(4),55(55),75(31) : 394
19 : 64(48),70(43),94(9),96(8),75(32) : 399
20 : 77(27),78(25),96(3),79(23),96(5) : 426
21 : 57(52),83(22),75(30),72(37),72(38) : 359
