Bin number: 22
Bin size: 450
Item number: 100
Bin Id: item size (item id),... : total item size
1 : 22(96),22(97),29(90) : 73
2 : 32(83),45(66),39(73),20(99) : 136
3 : 38(75),37(76),54(57),22(94) : 151
4 : 47(63),44(67),51(61),22(95) : 164
5 : 35(77),59(50),35(78),64(48) : 193
6 : 55(56),46(65),52(60),32(86),33(82) : 218
7 : 75(32),72(38),39(74),42(70) : 228
8 : 72(40),76(28),41(72),43(69) : 232
9 : 28(91),73(33),73(34),65(47) : 239
10 : 70(43),53(59),96(8),46(64) : 265
11 : 32(84),30(88),71(42),73(35),21(98),58(51) : 285
12 : 77(26),96(5),92(13),32(85) : 297
13 : 84(20),83(22),55(55),23(93),53(58) : 298
14 : 91(15),96(3),79(23),34(80) : 300
15 : 96(4),100(0),96(6),24(92) : 316
16 : 49(62),77(27),99(1),78(25),31(87) : 334
17 : 93(10),56(53),72(39),92(12),43(68) : 356
18 : 96(7),87(19),98(2),57(52),30(89) : 368
19 : 70(44),75(30),83(21),90(18),71(41) : 389
20 : 91(17),91(16),33(81),78(24),72(37),34(79) : 399
21 : 93(11),66(46),75(31),41(71),92(14),56(54) : 423
22 : 94(9),66(45),72(36),76(29),63(49) : 371
