Bin number: 18
Bin size: 594
Item number: 100
Bin Id: item size (item id),... : total item size
1 : 21(97),40(75),20(99),37(80) : 118
2 : 45(65),47(62),45(66) : 137
3 : 48(60),23(94),57(52),47(61) : 175
4 : 55(55),41(73),60(47),26(90),37(81) : 219
5 : 28(89),35(82),94(12),81(27),30(88) : 268
6 : 91(17),45(67),93(13),49(58) : 278
7 : 59(50),83(25),74(33),83(24) : 299
8 : 75(32),62(46),100(0),39(77),41(74) : 317
9 : 24(92),97(4),71(37),32(85),95(11) : 319
10 : 44(70),68(39),67(40),95(10),72(35) : 346
11 : 31(87),60(48),86(21),82(26),59(49),31(86),20(98) : 369
12 : 56(54),81(28),96(7),56(53),99(2) : 388
13 : 97(6),84(22),51(57),78(30),58(51),37(79) : 405
14 : 97(5),70(38),44(69),84(23),43(72),98(3) : 436
15 : 39(78),54(56),73(34),96(8),45(64),88(19),63(45) : 458
16 : 92(16),99(1),49(59),44(71),63(44),25(91),78(31),35(83) : 485
17 : 22(96),64(43),46(63),39(76),66(41),93(14),81(29),89(18) : 500
18 : 87(20),72(36),23(95),93(15),44(68),34(84),95(9),65(42),24(93) : 537
