Bin number: 16
Bin size: 744
Item number: 100
Bin Id: item size (item id),... : total item size
1 : 92(15),32(92),75(46),31(97) : 230
2 : 91(17),57(67),72(49),33(90) : 253
3 : 86(26),42(82),85(28),58(66) : 271
4 : 81(38),33(91),40(85),93(12),44(80) : 291
5 : 88(24),83(37),98(6),61(59) : 330
6 : 88(23),88(21),98(5),63(58) : 337
7 : 89(19),45(79),34(88),77(43),47(77),42(83),47(75) : 381
8 : 96(7),49(74),58(64),43(81),85(30),79(42) : 410
9 : 64(56),32(93),87(25),60(61),93(13),99(2) : 435
10 : 36(87),49(73),75(45),90(18),84(33),40(86),85(29) : 459
11 : 57(68),99(3),69(50),83(35),98(4),34(89),80(41) : 520
12 : 64(57),56(70),30(99),80(39),72(48),77(44),94(11),32(95),41(84) : 546
13 : 100(0),68(51),95(9),100(1),61(60),96(8),68(52) : 588
14 : 92(14),60(62),54(72),85(31),94(10),65(54),83(36),55(71),30(98) : 618
15 : 32(94),46(78),56(69),65(55),84(32),84(34),88(20),58(65),58(63),47(76),32(96) : 650
16 : 91(16),74(47),86(27),80(40),88(22),66(53) : 485
