Bin number: 19
Bin size: 594
Item number: 100
Bin Id: item size (item id),... : total item size
1 : 22(97),38(75),21(99),34(80) : 115
2 : 48(65),52(62),48(66) : 148
3 : 23(94),55(60),65(52),34(81) : 177
4 : 38(73),61(55),25(90),70(47),24(92) : 218
5 : 53(61),27(89),32(82),91(17),57(58) : 260
6 : 92(12),92(13),86(27) : 270
7 : 46(67),87(25),66(50),88(24) : 287
8 : 27(88),81(33),99(0),37(77),42(70) : 286
9 : 82(32),72(46),30(85),76(37),73(40) : 333
10 : 96(4),38(74),93(11),27(87),86(26) : 340
11 : 94(10),75(39),89(21),77(35),35(79) : 370
12 : 69(48),95(7),95(6),85(28),43(69) : 387
13 : 67(49),62(54),96(2),28(86),64(53),22(98),58(57) : 397
14 : 88(22),95(5),84(30),65(51),39(72),22(96),24(91) : 417
15 : 76(38),36(78),96(3),88(23),60(56),95(8) : 451
16 : 81(34),91(16),52(64),89(19),97(1),72(45) : 482
17 : 39(71),56(59),72(44),83(31),72(43),52(63),38(76),92(14) : 504
18 : 73(41),89(20),77(36),31(83),90(18),23(95),91(15),45(68),30(84) : 549
19 : 85(29),94(9),73(42),24(93) : 276
