Bin number: 23
Bin size: 450
Item number: 100
Bin Id: item size (item id),... : total item size
1 : 48(73),47(77),56(63) : 151
2 : 33(95),42(87),32(96),51(70) : 158
3 : 56(62),49(72),31(97),45(81) : 181
4 : 36(93),56(65),69(45),35(94) : 196
5 : 57(60),39(89),48(74),53(69) : 197
6 : 55(66),30(99),45(82),44(83),57(57) : 231
7 : 37(92),56(64),77(36),69(44) : 239
8 : 60(54),53(68),44(84),57(58),38(90) : 252
9 : 38(91),72(40),61(51),47(76),51(71) : 269
10 : 46(79),94(10),99(2),47(78) : 286
11 : 93(14),71(41),43(85),90(20) : 297
12 : 94(11),99(1),68(46),46(80) : 307
13 : 100(0),61(50),85(26),71(42) : 317
14 : 89(21),95(7),79(35),63(49) : 326
15 : 95(6),73(39),57(59),91(16),30(98) : 346
16 : 47(75),93(13),92(15),58(56),80(33) : 370
17 : 83(29),53(67),56(61),79(34),42(88),60(53) : 373
18 : 67(47),90(17),90(18),83(28),61(52) : 391
19 : 90(19),67(48),86(24),98(4),59(55) : 400
20 : 94(12),94(9),95(8),85(25),43(86) : 411
21 : 71(43),81(31),84(27),89(22),88(23) : 413
22 : 81(32),76(37),98(3),76(38),97(5) : 428
23 : 82(30) : 82
