Bin number: 63
Bin size: 300
Item number: 200
Bin Id: item size (item id),... : total item size
1 : 61(111),78(63) : 139
2 : 58(122),48(152),34(191) : 140
3 : 99(3),39(173) : 138
4 : 54(135),88(31) : 142
5 : 36(186),68(93),37(179) : 141
6 : 64(106),79(56) : 143
7 : 72(79),75(71) : 147
8 : 57(123),40(168),55(132) : 152
9 : 100(0),60(112) : 160
10 : 98(4),66(97) : 164
11 : 92(23),93(18) : 185
12 : 68(90),84(42) : 152
13 : 71(80),82(52) : 153
14 : 99(2),76(66) : 175
15 : 75(69),37(181),44(159) : 156
16 : 96(10),67(95),40(170) : 203
17 : 61(109),90(27),57(125) : 208
18 : 84(45),73(74),51(145) : 208
19 : 87(33),41(166),31(197) : 159
20 : 85(39),60(113),41(165) : 186
21 : 78(60),80(53),65(101),52(142) : 275
22 : 90(28),53(138),34(190) : 177
23 : 54(137),54(136),61(110) : 169
24 : 91(26),35(189),33(193),83(46) : 242
25 : 93(15),92(21),91(24) : 276
26 : 85(38),77(65),75(73),50(147) : 287
27 : 66(100),78(61),36(185) : 180
28 : 95(14),83(47) : 178
29 : 44(160),73(76),70(87) : 187
30 : 89(30),37(182),36(187) : 162
31 : 96(11),72(77),65(103),41(167) : 274
32 : 95(12),92(20),83(50) : 270
33 : 52(143),89(29),33(192) : 174
34 : 75(70),78(64),76(67),57(126) : 286
35 : 84(43),87(34),86(36),36(184) : 293
36 : 95(13),58(119),80(55) : 233
37 : 83(48),67(96),39(172),37(183) : 226
38 : 98(5),53(139),57(127) : 208
39 : 84(44),70(83),38(178),75(72) : 267
40 : 62(108),58(121),39(174),35(188) : 194
41 : 69(89),68(91),46(156),93(19) : 276
42 : 71(81),97(8),86(37) : 254
43 : 48(153),70(84),83(51),46(157) : 247
44 : 58(118),93(17),80(54) : 231
45 : 100(1),49(149) : 149
46 : 49(151),57(124),49(148) : 155
47 : 54(134),58(120),59(116) : 171
48 : 79(58),93(16) : 172
49 : 73(75),64(105),46(155) : 183
50 : 83(49),66(99),40(171) : 189
51 : 55(129),31(196),55(130),68(92) : 209
52 : 51(146),78(62),58(117),30(198) : 217
53 : 64(104),97(7),53(140) : 214
54 : 42(162),97(6),45(158),38(177) : 222
55 : 70(86),66(98),68(94),32(195) : 236
56 : 69(88),42(164),49(150),87(35) : 247
57 : 59(115),65(102),85(40),40(169) : 249
58 : 72(78),54(133),42(163),38(176),47(154) : 253
59 : 91(25),42(161),70(82),60(114) : 263
60 : 52(141),70(85),56(128),52(144),32(194) : 262
61 : 96(9),30(199),79(57),63(107) : 268
62 : 92(22),85(41),55(131),39(175) : 271
63 : 76(68),78(59),37(180),87(32) : 278
