Bin number: 54
Bin size: 300
Item number: 200
Bin Id: item size (item id),... : total item size
1 : 32(189),37(176),35(183) : 104
2 : 32(187),30(197),43(160) : 105
3 : 34(185),40(168),38(175) : 112
4 : 36(179),47(143),46(147) : 129
5 : 30(196),41(166),53(121) : 124
6 : 31(192),43(156),44(155),30(195) : 148
7 : 48(140),52(127),59(113) : 159
8 : 40(169),48(139),42(163),42(164) : 172
9 : 50(134),35(184),47(144),46(145) : 178
10 : 53(123),43(157),36(177),50(131) : 182
11 : 59(115),59(116),30(199),36(180) : 184
12 : 40(171),61(106),42(162),50(135) : 193
13 : 51(130),51(129),67(91),31(191) : 200
14 : 57(117),69(85),47(142),31(193) : 204
15 : 69(87),55(119),51(128),34(186) : 209
16 : 43(158),48(137),73(68),53(122) : 217
17 : 67(90),71(76),39(173),45(152) : 222
18 : 36(178),64(101),69(82),61(107) : 230
19 : 59(112),76(60),53(124),45(150) : 233
20 : 50(132),50(133),59(114),74(63) : 233
21 : 52(126),62(105),39(172),82(43) : 235
22 : 68(88),62(104),66(95),45(148) : 241
23 : 43(161),56(118),40(170),30(194),74(64) : 243
24 : 66(96),72(74),35(181),73(70) : 246
25 : 70(81),67(93),71(77),42(165) : 250
26 : 82(44),85(34),87(28) : 254
27 : 80(54),65(98),61(108),48(141) : 254
28 : 67(94),80(53),68(89),39(174) : 254
29 : 82(42),64(100),63(103),48(138) : 257
30 : 81(50),85(35),88(27) : 254
31 : 74(65),85(33),69(83),32(190) : 260
32 : 86(31),60(111),73(69),45(151) : 264
33 : 82(45),76(61),49(136),60(110) : 267
34 : 79(56),78(58),81(49),30(198) : 268
35 : 77(59),81(52),78(57),32(188) : 268
36 : 81(51),83(41),61(109),46(146) : 271
37 : 84(37),72(73),64(99),52(125) : 272
38 : 84(38),81(48),66(97),44(154) : 275
39 : 72(75),70(80),54(120),82(47) : 278
40 : 69(84),93(20),43(159),74(66) : 279
41 : 86(30),89(26),67(92),41(167) : 283
42 : 93(17),95(10),96(9) : 284
43 : 94(16),95(11),95(13) : 284
44 : 86(32),85(36),71(78),45(149) : 287
45 : 75(62),93(19),84(39),35(182) : 287
46 : 69(86),83(40),94(14),44(153) : 290
47 : 90(25),98(3),99(2) : 287
48 : 86(29),99(1),99(0) : 284
49 : 95(12),97(5),97(6) : 289
50 : 80(55),73(67),73(71),63(102) : 289
51 : 70(79),96(8),97(7) : 263
52 : 91(24),94(15),97(4) : 282
53 : 93(18),93(21),92(22) : 278
54 : 82(46),92(23),73(72) : 247
