Bin number: 47
Bin size: 300
Item number: 200
Bin Id: item size (item id),... : total item size
1 : 98(5),39(113),2(197),4(191),1(199) : 144
2 : 26(144),97(7),21(156) : 144
3 : 76(41),57(80),10(177),2(196) : 145
4 : 72(52),67(61),3(192),3(193) : 145
5 : 100(1),33(124),16(168) : 149
6 : 74(47),62(73),7(186),8(180),1(198) : 152
7 : 76(42),30(135),23(149),24(148),3(194) : 156
8 : 86(28),70(55) : 156
9 : 91(21),67(62) : 158
10 : 100(0),61(75) : 161
11 : 43(102),32(129),56(81),32(125) : 163
12 : 30(134),22(155),40(108),64(70),7(184) : 163
13 : 34(121),32(128),41(107),16(167),30(138),14(172) : 167
14 : 90(25),61(74),19(160),3(195) : 173
15 : 39(112),75(44),42(104),17(165) : 173
16 : 100(2),69(56),7(187) : 176
17 : 85(29),50(92),36(118),5(190) : 176
18 : 97(6),72(51),11(176) : 180
19 : 75(43),52(89),27(142),28(141) : 182
20 : 31(132),53(88),79(38),22(154) : 185
21 : 39(111),94(14),18(163),14(171),23(150) : 188
22 : 64(69),87(27),31(133),10(178) : 192
23 : 82(34),95(12),18(164) : 195
24 : 69(57),46(97),59(78),9(179),7(185),8(182) : 198
25 : 41(105),50(91),96(9),19(161) : 206
26 : 78(39),58(79),75(45) : 211
27 : 74(49),32(126),64(68),32(127),12(175) : 214
28 : 91(20),33(123),52(90),22(153),15(169),6(188) : 219
29 : 84(32),24(147),91(22),23(152) : 222
30 : 69(58),55(83),85(31),19(162) : 228
31 : 53(86),27(143),81(37),63(72),8(181) : 232
32 : 95(10),75(46),66(66) : 236
33 : 53(87),95(11),37(117),46(96),8(183) : 239
34 : 87(26),35(120),55(82),66(65) : 243
35 : 96(8),90(24),60(77) : 246
36 : 69(59),47(95),91(19),25(145),15(170) : 247
37 : 35(119),98(4),23(151),45(98),31(131),20(159) : 252
38 : 21(157),91(18),93(16),24(146),29(139) : 258
39 : 72(53),40(109),38(116),43(101),67(63) : 260
40 : 42(103),78(40),100(3),38(114),6(189) : 264
41 : 49(93),71(54),34(122),74(48),38(115) : 266
42 : 41(106),60(76),93(15),44(100),30(137) : 268
43 : 64(71),84(33),66(64),30(136),12(174),13(173) : 269
44 : 93(17),81(35),85(30),21(158) : 280
45 : 44(99),67(60),55(84),91(23),28(140) : 285
46 : 47(94),95(13),65(67),81(36) : 288
47 : 39(110),32(130),54(85),17(166),72(50) : 214
