Bin number: 38
Bin size: 497
Item number: 200
Bin Id: item size (item id),... : total item size
1 : 90(15),60(92),25(185) : 175
2 : 57(102),45(136),48(129),35(158) : 185
3 : 89(17),56(107),51(123) : 196
4 : 75(46),74(49),47(130) : 196
5 : 69(67),84(26),21(191),21(194) : 195
6 : 65(82),36(157),78(38),31(173) : 210
7 : 61(90),53(115),84(28),21(195) : 219
8 : 36(151),53(116),35(160),61(91),36(156) : 221
9 : 54(111),55(109),91(12),28(178) : 228
10 : 64(85),58(97),33(166),78(37) : 233
11 : 85(24),87(23),20(198),30(175),21(192) : 243
12 : 57(104),94(6),45(135),47(131) : 243
13 : 69(66),88(21),38(147),57(105) : 252
14 : 33(163),72(59),66(80),89(19) : 260
15 : 30(174),55(108),66(79),76(43),44(137) : 271
16 : 23(187),95(5),38(144),63(88),52(120) : 271
17 : 72(58),67(77),49(126),40(142),54(112) : 282
18 : 93(7),35(159),38(145),36(152),67(74),20(197) : 289
19 : 34(161),48(128),32(170),72(56),65(83),48(127) : 299
20 : 69(64),65(81),52(121),46(132),46(134),29(177) : 307
21 : 82(30),63(87),59(93),56(106),54(110) : 314
22 : 40(143),67(75),76(42),41(141),28(179),71(61) : 323
23 : 52(122),36(155),67(73),85(25),91(13) : 331
24 : 54(114),99(2),26(183),51(124),32(168),75(45) : 337
25 : 58(100),36(154),25(186),89(18),57(103),64(86),20(196) : 349
26 : 27(180),81(33),68(68),97(3),43(138),38(148) : 354
27 : 53(119),54(113),84(29),72(57),96(4) : 359
28 : 74(50),53(117),80(35),62(89),68(70),34(162) : 371
29 : 58(99),53(118),50(125),76(41),21(193),46(133),77(39) : 381
30 : 99(0),74(48),76(44),93(9),58(95) : 400
31 : 74(51),93(11),64(84),99(1),71(62) : 401
32 : 31(171),58(101),37(149),91(14),43(139),22(188),74(52),31(172),20(199) : 407
33 : 27(181),72(60),93(8),67(72),21(190),59(94),79(36) : 418
34 : 36(153),81(31),93(10),73(54),68(69),81(32) : 432
35 : 38(146),67(71),66(78),73(55),80(34),88(20),33(165) : 445
36 : 29(176),32(169),36(150),69(65),70(63),58(98),33(164),74(47),21(189),32(167) : 454
37 : 67(76),58(96),89(16),84(27),77(40),73(53),27(182) : 475
38 : 26(184),42(140),87(22) : 155
