Bin number: 34
Bin size: 495
Item number: 200
Bin Id: item size (item id),... : total item size
1 : 61(77),1(199),64(70),49(102),1(198),4(194) : 180
2 : 56(86),40(123),86(21) : 182
3 : 92(9),30(151),56(85),5(192),3(195) : 186
4 : 60(80),46(109),76(45),3(196),10(184) : 195
5 : 81(30),81(31),36(136) : 198
6 : 66(68),88(14),34(143),11(183) : 199
7 : 86(20),50(98),34(142),38(128) : 208
8 : 79(36),78(38),39(124),14(176) : 210
9 : 45(114),30(147),49(103),64(71),24(159) : 212
10 : 67(64),57(83),88(16),6(189),4(193) : 222
11 : 49(104),76(44),86(22),22(164) : 233
12 : 30(148),88(15),36(135),91(10),3(197) : 248
13 : 97(4),73(50),87(18) : 257
14 : 46(111),46(108),97(5),68(62),6(190) : 263
15 : 66(67),45(115),49(101),34(141),22(165),46(107),5(191) : 267
16 : 80(34),18(167),31(144),74(48),71(59),8(186) : 282
17 : 80(33),63(74),45(116),92(8),17(168) : 297
18 : 46(110),66(65),100(0),85(24) : 297
19 : 29(153),50(99),89(11),83(27),38(130),17(169) : 306
20 : 22(161),55(89),47(106),93(7),72(56),24(158),8(188) : 321
21 : 54(91),14(177),78(39),61(78),86(19),27(156),15(174) : 335
22 : 99(1),59(81),51(97),40(121),59(82),36(134) : 344
23 : 38(129),71(58),20(166),97(3),64(69),30(149),26(157) : 346
24 : 17(170),45(113),41(120),37(132),27(155),79(37),47(105),34(140),36(137) : 363
25 : 37(133),84(25),13(178),60(79),72(53),74(47),39(125) : 379
26 : 29(152),44(118),31(145),66(66),77(40),16(172),62(75),56(84),10(185) : 391
27 : 38(126),73(52),12(180),52(96),42(119),88(13),77(41),14(175) : 396
28 : 55(87),63(73),73(49),52(95),67(63),23(160),94(6) : 427
29 : 77(42),38(131),83(26),55(88),72(55),82(28),27(154) : 434
30 : 15(173),79(35),34(139),87(17),72(54),50(100),53(92),46(112) : 436
31 : 31(146),69(60),75(46),72(57),40(122),73(51),54(90),34(138) : 448
32 : 11(181),89(12),61(76),81(29),22(162),86(23),22(163),64(72),11(182),16(171) : 463
33 : 13(179),44(117),53(93),81(32),99(2),38(127),69(61),76(43) : 473
34 : 8(187),52(94),30(150) : 90
