Bin number: 43
Bin size: 499
Item number: 200
Bin Id: item size (item id),... : total item size
1 : 92(21),39(176),49(141) : 180
2 : 74(77),64(105),41(170) : 179
3 : 59(119),53(131),74(78) : 186
4 : 99(3),84(40) : 183
5 : 67(96),32(193),40(172),62(108) : 201
6 : 77(66),45(154),83(45) : 205
7 : 80(52),64(103),70(87) : 214
8 : 79(55),83(44),52(135) : 214
9 : 98(5),70(86),51(138) : 219
10 : 78(59),42(169),46(151),58(124) : 224
11 : 84(42),49(145),49(140),52(134) : 234
12 : 72(83),34(187),83(43),46(152) : 235
13 : 90(29),91(27),62(109) : 243
14 : 98(4),57(126),52(133),42(167) : 249
15 : 76(69),89(34),58(122),38(180) : 261
16 : 45(153),92(20),60(112),75(74) : 272
17 : 60(113),89(31),67(95),61(110) : 277
18 : 49(143),66(97),83(46),84(41) : 282
19 : 51(137),74(79),55(127),75(75),30(195) : 285
20 : 89(32),87(35),43(162),69(92) : 288
21 : 75(73),100(0),40(173),44(157),34(185) : 293
22 : 60(117),64(104),60(116),43(161),80(53) : 307
23 : 33(189),77(67),65(99),78(61),55(128) : 308
24 : 70(85),96(13),89(33),58(123) : 313
25 : 96(10),91(28),96(8),34(186) : 317
26 : 77(65),92(24),80(51),70(88) : 319
27 : 69(90),91(26),96(12),65(100) : 321
28 : 89(30),79(57),48(148),57(125),52(136) : 325
29 : 49(142),95(15),94(18),53(132),38(178) : 329
30 : 86(36),59(120),38(179),77(63),74(80) : 334
31 : 60(111),100(1),75(76),78(60),30(197) : 343
32 : 96(9),38(177),40(174),45(156),48(150),31(194),58(121) : 356
33 : 77(64),48(147),76(68),48(146),72(82),44(160) : 365
34 : 94(17),79(54),60(115),68(94),35(183),43(165) : 379
35 : 64(102),96(11),96(14),79(56),59(118) : 394
36 : 44(158),43(166),32(191),30(196),40(175),95(16),85(37),37(182) : 406
37 : 43(163),97(6),49(144),65(98),80(50),81(48) : 415
38 : 55(129),68(93),32(192),30(198),44(159),64(106),92(22),37(181) : 422
39 : 92(23),30(199),92(19),85(38),76(70),72(84) : 447
40 : 73(81),63(107),77(62),76(72),70(89),33(190),60(114) : 452
41 : 65(101),69(91),45(155),92(25),53(130),97(7),40(171) : 461
42 : 43(164),49(139),78(58),99(2),34(184),42(168),48(149),76(71) : 469
43 : 81(49),33(188),84(39),83(47) : 281
