Bin number: 47
Bin size: 300
Item number: 200
Bin Id: item size (item id),... : total item size
1 : 9(187),5(195),12(183),26(160) : 52
2 : 13(181),4(196),3(199),13(178),5(194),7(189),33(146),7(192) : 85
3 : 27(158),3(198),39(130),32(152),9(188),6(193) : 116
4 : 29(156),34(142),31(154),16(172),7(190) : 117
5 : 28(157),37(137),38(133),14(174),10(186),11(184) : 138
6 : 26(161),40(127),42(125),23(165),12(182) : 143
7 : 44(122),13(179),46(118),41(126),15(173) : 159
8 : 45(119),58(98),53(103),13(180) : 169
9 : 36(141),32(150),50(111),32(151),24(164) : 174
10 : 37(136),42(124),58(97),36(140),4(197) : 177
11 : 61(91),65(81),49(113),17(170) : 192
12 : 48(115),63(86),62(89),21(166) : 194
13 : 57(101),32(153),40(128),60(93),14(176) : 203
14 : 38(134),40(129),75(50),59(95) : 212
15 : 13(177),70(69),74(56),34(143),26(162) : 217
16 : 68(72),70(67),74(57),11(185) : 223
17 : 38(135),56(102),57(99),67(78),14(175) : 232
18 : 49(112),36(139),81(43),68(74) : 234
19 : 73(58),80(45),66(80),20(168) : 239
20 : 74(54),68(76),47(117),53(104) : 242
21 : 71(64),27(159),73(59),51(110),21(167) : 243
22 : 83(41),33(145),33(147),30(155),63(88),7(191) : 249
23 : 77(48),75(51),57(100),44(121) : 253
24 : 64(84),33(144),71(62),70(66),20(169) : 258
25 : 33(148),39(131),84(40),71(65),33(149) : 260
26 : 86(32),48(114),67(77),65(83) : 266
27 : 60(92),86(30),88(27),36(138) : 270
28 : 90(19),59(96),52(107),70(70) : 271
29 : 64(85),77(47),69(71),48(116),16(171) : 274
30 : 74(55),89(22),52(106),61(90) : 276
31 : 68(75),75(52),25(163),73(60),39(132) : 280
32 : 52(108),52(109),92(17),89(24) : 285
33 : 83(42),67(79),92(16),44(123) : 286
34 : 93(13),88(25),63(87),44(120) : 288
35 : 92(15),84(38),53(105),59(94) : 288
36 : 87(29),100(0),100(1) : 287
37 : 85(36),71(63),68(73),65(82) : 289
38 : 77(49),100(2),100(3) : 277
39 : 86(34),99(5),100(4) : 285
40 : 70(68),99(7),99(6) : 268
41 : 88(28),98(8),98(10) : 284
42 : 92(14),98(9),95(11) : 285
43 : 91(18),90(20),93(12) : 274
44 : 85(37),89(23),89(21) : 263
45 : 75(53),88(26),86(33) : 249
46 : 84(39),85(35),86(31) : 255
47 : 81(44),72(61),79(46) : 232
