Bin number: 47
Bin size: 300
Item number: 200
Bin Id: item size (item id),... : total item size
1 : 8(186),13(178),11(181),1(198) : 33
2 : 6(190),16(172),13(179),15(173),5(192) : 55
3 : 27(154),27(155),24(159),3(197) : 81
4 : 14(175),30(147),34(141),4(194),1(199) : 83
5 : 18(167),29(153),30(149),8(188),3(196),5(191) : 93
6 : 22(162),34(138),39(125),17(168) : 112
7 : 31(145),29(152),20(166),39(124) : 119
8 : 31(146),31(144),38(131),30(148),4(193) : 134
9 : 44(117),30(150),36(134),40(123) : 150
10 : 10(185),22(164),22(165),45(116),41(120),17(170) : 157
11 : 46(108),22(163),10(184),30(151),37(133),23(160),3(195) : 171
12 : 49(103),27(156),47(106),49(104),6(189) : 178
13 : 60(80),15(174),61(78),38(128),14(177) : 188
14 : 47(105),38(129),34(139),52(94),17(169) : 188
15 : 54(91),61(76),59(82),26(157) : 200
16 : 66(65),45(114),49(101),34(140),8(187) : 202
17 : 64(72),62(75),34(142),50(99) : 210
18 : 64(71),46(110),40(122),63(73) : 213
19 : 71(58),54(90),12(180),63(74),14(176) : 214
20 : 61(77),55(89),56(84),49(102) : 221
21 : 74(47),66(67),68(62),16(171) : 224
22 : 66(68),59(81),51(97),56(85) : 232
23 : 57(83),77(42),77(40),22(161) : 233
24 : 76(43),44(118),79(36),37(132) : 236
25 : 46(111),73(49),81(32),38(130) : 238
26 : 78(38),76(45),11(183),45(115),38(126) : 248
27 : 64(69),64(70),81(29),40(121) : 249
28 : 36(137),80(33),80(34),60(79) : 256
29 : 72(55),24(158),46(109),42(119),74(48) : 258
30 : 83(27),77(41),88(16),11(182) : 259
31 : 86(19),72(56),56(86),46(107) : 260
32 : 69(60),72(53),53(92),67(63) : 261
33 : 73(51),82(28),72(57),36(136) : 263
34 : 87(17),86(23),91(10) : 264
35 : 83(26),86(21),50(98),46(112) : 265
36 : 72(54),55(88),92(8),53(93) : 272
37 : 86(22),81(30),71(59),38(127) : 276
38 : 50(100),88(14),55(87),87(18) : 280
39 : 73(50),93(7),78(39),36(135) : 280
40 : 76(44),75(46),79(35),52(96) : 282
41 : 89(12),94(6),66(66),34(143) : 283
42 : 92(9),73(52),69(61),52(95) : 286
43 : 84(25),89(11),45(113),67(64) : 285
44 : 86(20),97(5),100(0) : 283
45 : 81(31),99(1),99(2) : 279
46 : 79(37),97(3),97(4) : 273
47 : 88(15),88(13),85(24) : 261
