Bin number: 37
Bin size: 500
Item number: 200
Bin Id: item size (item id),... : total item size
1 : 75(51),100(4),3(198),3(199) : 181
2 : 73(58),44(122),33(149),23(165),7(192),4(197) : 184
3 : 85(36),99(7) : 184
4 : 88(27),72(61),30(155),5(194) : 195
5 : 66(80),74(55),48(115),13(181) : 201
6 : 81(43),92(17),21(166),11(184) : 205
7 : 79(46),75(52),44(120),7(190),4(196) : 209
8 : 67(77),57(100),32(153),58(97) : 214
9 : 25(163),95(11),61(90),36(141) : 217
10 : 46(118),60(92),16(172),100(3) : 222
11 : 86(34),68(73),64(85),7(189) : 225
12 : 42(124),38(133),90(20),26(161),33(147) : 229
13 : 42(125),92(16),44(121),38(135),20(169) : 236
14 : 44(123),67(78),86(33),45(119),5(195) : 247
15 : 92(14),84(40),14(176),32(151),29(156) : 251
16 : 64(84),58(98),77(48),34(143),13(177),13(178) : 259
17 : 89(21),85(37),73(59),24(164) : 271
18 : 98(9),86(31),71(63),21(167) : 276
19 : 41(126),86(30),52(107),98(8) : 277
20 : 77(49),27(159),91(18),68(72),17(170) : 280
21 : 52(109),63(87),86(32),77(47),9(187) : 287
22 : 100(0),39(131),75(53),51(110),36(140) : 301
23 : 84(38),28(157),74(56),73(60),37(137),9(188) : 305
24 : 32(152),92(15),40(127),38(134),98(10),13(179),14(175) : 327
25 : 39(132),100(1),36(138),32(150),26(160),70(66),33(148),7(191) : 343
26 : 63(88),53(103),65(83),50(111),40(129),90(19) : 361
27 : 52(108),89(24),68(74),56(102),99(5) : 364
28 : 59(96),53(104),93(12),62(89),26(162),70(70),14(174) : 377
29 : 49(113),89(23),12(182),83(41),83(42),65(81),10(186) : 391
30 : 31(154),67(79),59(94),33(146),81(44),15(173),68(76),33(145),12(183),6(193) : 405
31 : 70(68),59(95),89(22),93(13),88(26),27(158) : 426
32 : 80(45),33(144),57(101),57(99),70(67),88(25),34(142),11(185),13(180) : 443
33 : 74(57),69(71),52(106),87(29),60(93),37(136),61(91),16(171) : 456
34 : 71(64),85(35),88(28),100(2),70(69),53(105) : 467
35 : 71(65),84(39),63(86),49(112),75(50),99(6),39(130) : 480
36 : 47(117),65(82),48(116),68(75),40(128),74(54),71(62),48(114),20(168) : 481
37 : 36(139) : 36
