Bin number: 47
Bin size: 300
Item number: 200
Bin Id: item size (item id),... : total item size
1 : 4(197),6(193),4(196),3(199) : 17
2 : 16(171),9(188),5(195),7(189),9(187),7(191) : 53
3 : 23(165),12(183),36(138),32(152),3(198) : 106
4 : 12(182),40(129),15(173),36(139),11(185) : 114
5 : 42(124),47(117),46(118) : 135
6 : 11(184),7(192),48(115),24(164),33(147),14(176) : 137
7 : 13(179),21(166),36(141),37(137),33(145),28(157),7(190) : 175
8 : 49(113),32(150),62(89),38(135) : 181
9 : 50(111),13(178),13(181),59(94),49(112) : 184
10 : 36(140),40(127),27(158),64(85),26(160),5(194) : 198
11 : 52(109),48(116),65(83),38(134) : 203
12 : 27(159),52(106),14(174),44(123),56(102),13(177) : 206
13 : 33(144),32(151),32(153),14(175),68(75),33(146) : 212
14 : 70(70),38(133),70(67),39(131) : 217
15 : 66(80),74(56),65(81),16(172) : 221
16 : 68(76),26(161),63(87),65(82) : 222
17 : 67(78),71(64),59(95),25(163) : 222
18 : 33(148),73(60),26(162),53(103),40(128) : 225
19 : 34(143),57(101),57(99),70(66),10(186) : 228
20 : 63(88),77(47),77(49),20(168) : 237
21 : 48(114),79(46),81(44),21(167),13(180) : 242
22 : 68(73),60(92),61(91),61(90) : 250
23 : 31(154),73(58),71(65),74(57) : 249
24 : 68(72),63(86),44(122),75(50) : 250
25 : 58(97),58(98),39(130),74(55),30(155) : 259
26 : 84(39),53(104),41(126),86(32) : 264
27 : 85(36),39(132),74(54),70(69) : 268
28 : 83(42),77(48),89(23),20(169) : 269
29 : 69(71),71(62),59(96),70(68) : 269
30 : 33(149),88(25),88(28),34(142),29(156) : 272
31 : 87(29),90(20),51(110),44(120) : 272
32 : 86(34),86(31),64(84),37(136) : 273
33 : 88(27),89(21),80(45),17(170) : 274
34 : 73(59),72(61),91(18),44(121) : 280
35 : 92(15),85(37),52(107),52(108) : 281
36 : 86(33),67(79),84(40),45(119) : 282
37 : 92(14),92(16),57(100),42(125) : 283
38 : 88(26),60(93),84(38),53(105) : 285
39 : 89(24),99(7),100(0) : 288
40 : 90(19),98(9),100(1) : 288
41 : 86(30),100(2),100(3) : 286
42 : 75(52),81(43),67(77),68(74) : 291
43 : 89(22),99(6),100(4) : 288
44 : 92(17),98(8),99(5) : 289
45 : 71(63),95(11),98(10) : 264
46 : 93(12),85(35),93(13) : 271
47 : 83(41),75(51),75(53) : 233
