Bin number: 68
Bin size: 300
Item number: 200
Bin Id: item size (item id),... : total item size
1 : 96(8),43(162) : 139
2 : 85(44),52(140) : 137
3 : 56(129),83(52) : 139
4 : 39(174),98(3) : 137
5 : 98(4),42(165) : 140
6 : 78(67),62(113) : 140
7 : 73(81),67(100) : 140
8 : 55(132),87(39) : 142
9 : 56(127),34(190),53(135) : 143
10 : 77(68),66(105) : 143
11 : 92(23),51(142) : 143
12 : 91(27),58(125) : 149
13 : 87(37),32(196),31(198) : 150
14 : 39(175),38(181),75(75) : 152
15 : 87(38),64(108) : 151
16 : 46(158),60(119),48(151) : 154
17 : 95(10),60(117) : 155
18 : 70(90),47(155),41(169) : 158
19 : 96(9),63(112) : 159
20 : 46(160),82(57),32(195) : 160
21 : 98(2),63(110) : 161
22 : 85(45),39(176),38(179) : 162
23 : 81(62),43(164),35(186) : 159
24 : 52(139),70(92),41(168) : 163
25 : 82(59),50(144),33(193) : 165
26 : 93(17),76(71) : 169
27 : 91(28),77(70) : 168
28 : 94(14),75(73) : 169
29 : 65(107),56(128),49(148) : 170
30 : 94(13),48(150),32(194) : 174
31 : 60(118),62(115),53(137) : 175
32 : 68(97),57(126),55(133) : 180
33 : 83(51),49(146),53(136) : 185
34 : 89(32),68(99),31(197) : 188
35 : 68(98),87(36),36(184) : 191
36 : 70(93),83(53),38(180) : 191
37 : 87(40),69(96),37(183) : 193
38 : 55(134),99(0),40(172) : 194
39 : 86(42),62(114),49(147) : 197
40 : 80(64),81(60),34(189) : 195
41 : 99(1),51(143),47(154) : 197
42 : 81(63),33(192),43(163),46(157) : 203
43 : 92(21),74(77),39(177) : 205
44 : 92(24),69(95),46(156) : 207
45 : 92(18),38(182),38(178),41(170) : 209
46 : 91(26),59(124),61(116) : 211
47 : 97(6),69(94),48(152) : 214
48 : 88(34),72(87),59(123) : 219
49 : 86(43),94(11),40(171) : 220
50 : 74(78),76(72),77(69) : 227
51 : 82(56),55(131),93(16) : 230
52 : 84(47),83(49),73(82) : 240
53 : 88(35),70(89),33(191),52(138) : 243
54 : 41(167),87(41),66(103),50(145) : 244
55 : 94(12),66(104),93(15) : 253
56 : 90(31),66(102),98(5) : 254
57 : 83(50),46(159),51(141),74(76) : 254
58 : 92(22),48(153),40(173),78(66) : 258
59 : 73(84),73(83),82(55),35(187) : 263
60 : 75(74),71(88),66(106),59(122) : 271
61 : 84(48),91(29),97(7) : 272
62 : 92(19),72(86),73(80),36(185) : 273
63 : 82(58),83(54),70(91),42(166) : 277
64 : 81(61),89(33),63(109),44(161) : 277
65 : 55(130),60(120),90(30),73(85) : 278
66 : 92(20),85(46),74(79),34(188) : 285
67 : 67(101),49(149),63(111),30(199),79(65) : 288
68 : 92(25),59(121) : 151
