Bin number: 55
Bin size: 300
Item number: 200
Bin Id: item size (item id),... : total item size
1 : 89(37),90(32),94(22) : 273
2 : 44(162),62(116),59(121),32(196) : 197
3 : 48(151),43(166),54(138),32(194) : 177
4 : 30(198),30(199),52(139) : 112
5 : 30(197),40(174),47(156) : 117
6 : 65(105),44(161),45(159),43(164) : 197
7 : 36(185),37(182),56(129) : 129
8 : 65(104),60(120),36(186),50(148) : 211
9 : 39(179),40(173),36(187),37(183) : 152
10 : 42(168),52(143),39(178),36(184) : 169
11 : 52(141),52(142),51(144),33(192) : 188
12 : 35(188),67(102),47(155),50(147) : 199
13 : 67(101),39(176),56(128),48(153) : 210
14 : 62(114),60(118),39(175),44(163) : 205
15 : 69(92),62(117),46(158),35(190) : 212
16 : 69(94),56(127),55(131),43(165) : 223
17 : 70(90),64(108),54(135),32(195) : 220
18 : 70(89),59(123),35(191),65(107) : 229
19 : 74(81),71(88),41(172),51(145) : 237
20 : 54(133),64(110),47(154),79(70) : 244
21 : 75(79),57(126),54(136),38(181) : 224
22 : 87(47),98(8),99(5) : 284
23 : 69(93),68(97),38(180),49(150) : 224
24 : 88(41),89(36),93(23) : 270
25 : 77(76),63(111),84(54),63(113) : 287
26 : 85(51),85(52),92(25) : 262
27 : 87(44),93(24),100(1) : 280
28 : 48(152),32(193),83(56),83(57) : 246
29 : 72(86),78(74),54(134),35(189) : 239
30 : 42(169),69(95),58(124),86(50) : 255
31 : 88(43),95(18),95(19) : 278
32 : 71(87),59(122),88(39),73(82) : 291
33 : 96(16),96(15),100(2) : 292
34 : 90(33),89(34),98(12) : 277
35 : 89(35),91(28),94(21) : 274
36 : 81(63),41(171),85(53),87(46) : 294
37 : 64(109),77(75),81(64),41(170) : 263
38 : 82(62),72(85),67(99),55(132) : 276
39 : 88(40),99(6),99(7) : 286
40 : 90(31),97(14),100(3) : 287
41 : 79(73),77(78),46(157),88(42) : 290
42 : 91(26),86(48),97(13) : 274
43 : 79(71),62(115),39(177),74(80) : 254
44 : 77(77),67(98),56(130),60(119) : 260
45 : 83(58),80(67),54(137),49(149) : 266
46 : 81(65),68(96),67(100),51(146) : 267
47 : 82(61),86(49),57(125),43(167) : 268
48 : 82(59),81(66),63(112),45(160) : 271
49 : 82(60),95(20),95(17) : 272
50 : 80(68),79(69),52(140),65(106) : 276
51 : 87(45),91(30),100(0) : 278
52 : 91(29),98(11),91(27) : 280
53 : 84(55),98(10),99(4) : 281
54 : 73(84),67(103),79(72),73(83) : 292
55 : 70(91),98(9),89(38) : 257
