Bin number: 55
Bin size: 300
Item number: 200
Bin Id: item size (item id),... : total item size
1 : 70(90),69(95),77(70) : 216
2 : 92(20),94(12),99(1) : 285
3 : 33(191),32(196),39(174),34(188) : 138
4 : 31(198),33(192),39(175) : 103
5 : 34(190),36(185),43(164) : 113
6 : 39(176),38(178),55(132) : 132
7 : 68(97),49(149),60(117),47(155) : 224
8 : 81(63),83(54),85(45) : 249
9 : 87(40),85(44),89(33) : 261
10 : 59(122),47(154),63(112),35(187) : 204
11 : 56(127),61(116),41(168),53(137) : 211
12 : 90(31),94(11),99(0) : 283
13 : 87(41),84(48),89(32) : 260
14 : 87(37),75(73),75(74),38(180) : 275
15 : 73(82),68(99),49(148),48(152) : 238
16 : 82(59),60(120),63(110),55(130) : 260
17 : 36(184),41(170),59(121) : 136
18 : 73(81),66(105),53(136),46(156) : 238
19 : 79(65),74(77),62(114),37(183) : 252
20 : 91(26),97(6),97(7) : 285
21 : 62(115),50(145),42(165),39(177) : 193
22 : 55(133),49(146),48(151),43(162) : 195
23 : 82(56),66(103),70(92),35(186) : 253
24 : 66(104),59(123),56(129),32(194) : 213
25 : 94(13),92(19),96(8) : 282
26 : 60(118),64(108),85(46),83(52) : 292
27 : 92(18),98(4),96(9) : 286
28 : 57(126),73(83),74(79),76(71) : 280
29 : 68(98),59(124),51(142),40(172) : 218
30 : 77(69),69(94),65(107),40(173) : 251
31 : 73(85),83(50),75(75),46(158) : 277
32 : 92(21),71(88),63(109),58(125) : 284
33 : 67(100),70(89),55(134),82(57) : 274
34 : 91(27),98(3),98(2) : 287
35 : 48(153),53(135),42(166),30(199) : 173
36 : 78(66),87(39),52(140),43(163) : 260
37 : 46(157),52(139),50(144),33(193) : 181
38 : 69(96),87(36),76(72),38(181) : 270
39 : 51(141),78(67),81(61),51(143) : 261
40 : 88(35),92(23),87(38) : 267
41 : 92(22),95(10),98(5) : 285
42 : 83(49),41(169),92(24),80(64) : 296
43 : 55(131),52(138),40(171),31(197) : 178
44 : 49(147),38(182),41(167),34(189) : 162
45 : 72(87),74(78),63(111),32(195) : 241
46 : 46(160),86(43),81(60),44(161) : 257
47 : 77(68),83(51),38(179),60(119) : 258
48 : 84(47),73(80),46(159),62(113) : 265
49 : 81(62),66(102),70(91),48(150) : 265
50 : 86(42),91(28),92(25) : 269
51 : 74(76),56(128),72(86),73(84) : 275
52 : 83(53),93(15),94(14) : 270
53 : 82(55),93(16),93(17) : 268
54 : 88(34),90(30),91(29) : 269
55 : 70(93),82(58),67(101),66(106) : 285
