Bin number: 54
Bin size: 300
Item number: 200
Bin Id: item size (item id),... : total item size
1 : 39(176),34(186),43(165) : 116
2 : 34(185),32(192),30(197),38(179) : 134
3 : 84(40),84(42),84(41) : 252
4 : 90(29),75(75),55(127),61(110) : 281
5 : 48(150),59(118),49(143),72(83) : 228
6 : 64(103),85(37),70(86),49(144) : 268
7 : 85(38),65(101),69(90),52(135) : 271
8 : 80(51),78(58),75(74),44(160) : 277
9 : 81(48),89(33),89(34) : 259
10 : 92(19),96(14),99(2) : 287
11 : 96(11),97(7),99(3) : 292
12 : 96(12),96(8),96(10) : 288
13 : 40(171),40(175),33(189),30(198) : 143
14 : 53(132),58(122),60(116) : 171
15 : 76(70),74(79),67(95),30(196) : 247
16 : 83(45),53(131),49(141),79(54) : 264
17 : 89(32),89(31),68(94),37(182) : 283
18 : 70(87),70(89),70(85),74(80) : 284
19 : 76(69),60(115),77(67),43(164) : 256
20 : 80(52),77(63),58(121),40(174) : 255
21 : 74(77),79(56),55(129),69(92) : 277
22 : 80(50),77(65),92(25),46(151) : 295
23 : 69(91),60(117),42(169),43(163) : 214
24 : 79(57),83(46),83(44) : 245
25 : 92(20),87(35),60(114),44(159) : 283
26 : 43(166),60(113),58(123),38(178) : 199
27 : 76(71),77(64),79(55) : 232
28 : 64(104),78(60),62(108),45(156) : 249
29 : 48(148),52(133),52(136) : 152
30 : 78(61),76(68),60(111),43(162) : 257
31 : 30(199),32(191),32(193) : 94
32 : 38(177),45(154),44(158) : 127
33 : 35(183),49(139),49(140),40(172) : 173
34 : 42(168),42(167),52(134),49(145) : 185
35 : 33(190),48(146),48(147),58(124) : 187
36 : 45(155),46(152),55(128),57(125) : 203
37 : 64(105),65(99),33(188),48(149) : 210
38 : 65(98),53(130),67(96),31(194) : 216
39 : 51(138),65(100),72(82),45(153) : 233
40 : 70(88),64(106),30(195),74(78) : 238
41 : 77(66),68(93),43(161),60(112) : 248
42 : 40(173),51(137),44(157),81(49),34(184) : 250
43 : 49(142),77(62),73(81),59(119) : 258
44 : 66(97),83(43),75(73),41(170) : 265
45 : 92(22),34(187),86(36),72(84) : 284
46 : 38(180),92(21),91(26),63(107) : 284
47 : 92(23),75(76),78(59),37(181) : 282
48 : 91(27),96(9),98(5) : 285
49 : 91(28),76(72),59(120),62(109) : 288
50 : 96(13),97(6),98(4) : 291
51 : 89(30),64(102),80(53),57(126) : 290
52 : 92(24),100(0),100(1) : 292
53 : 94(17),84(39),95(16) : 273
54 : 94(18),83(47),95(15) : 272
