Bin number: 51
Bin size: 300
Item number: 200
Bin Id: item size (item id),... : total item size
1 : 23(192),28(178),21(196) : 72
2 : 40(155),25(186),27(183),38(159) : 130
3 : 34(167),24(188),34(165),25(187),22(194) : 139
4 : 48(133),27(182),44(141),36(162) : 155
5 : 41(154),47(135),50(128),26(185) : 164
6 : 41(152),54(121),43(145),28(179) : 166
7 : 53(122),57(115),35(164),22(193) : 167
8 : 59(110),43(143),42(149),39(157) : 183
9 : 56(118),46(137),28(181),53(124) : 183
10 : 35(163),43(146),50(129),45(138),22(195) : 195
11 : 64(96),66(92),23(191),29(175),23(190) : 205
12 : 47(134),20(199),63(99),40(156),43(144) : 213
13 : 66(91),73(71),73(70) : 212
14 : 49(130),66(94),73(69),34(166) : 222
15 : 66(90),61(101),59(109),42(147) : 228
16 : 21(197),36(161),60(106),70(81),41(151) : 228
17 : 61(104),58(112),49(131),65(95) : 233
18 : 78(57),57(114),74(65),27(184) : 236
19 : 70(84),79(54),66(93),20(198) : 235
20 : 77(60),68(85),71(79),24(189) : 240
21 : 73(73),73(66),39(158),58(111) : 243
22 : 72(76),33(169),80(52),61(105) : 246
23 : 73(68),63(98),30(172),82(47) : 248
24 : 33(170),76(61),76(63),62(100) : 247
25 : 41(153),76(64),85(39),49(132) : 251
26 : 81(48),70(83),73(72),30(173) : 254
27 : 84(42),56(116),79(56),43(142) : 262
28 : 84(41),73(67),52(125),57(113) : 266
29 : 44(140),88(30),90(24),45(139) : 267
30 : 81(51),68(88),89(25),33(168) : 271
31 : 81(49),89(26),60(107),42(148) : 272
32 : 83(44),87(34),77(58),28(180) : 275
33 : 85(38),87(33),76(62),30(174) : 278
34 : 86(36),61(102),51(127),82(46) : 280
35 : 79(55),61(103),59(108),81(50) : 280
36 : 70(82),91(22),89(28),32(171) : 282
37 : 87(31),68(87),91(23),37(160) : 283
38 : 95(13),47(136),72(75),72(74) : 286
39 : 86(37),28(177),88(29),85(40) : 287
40 : 89(27),83(43),63(97),52(126) : 287
41 : 95(15),86(35),80(53),29(176) : 290
42 : 96(11),82(45),42(150),71(78) : 291
43 : 93(19),92(21),54(120),53(123) : 292
44 : 93(20),77(59),67(89),56(117) : 293
45 : 72(77),96(9),55(119),70(80) : 293
46 : 95(12),99(2),100(0) : 294
47 : 95(14),98(4),100(1) : 293
48 : 97(8),99(3),98(5) : 294
49 : 96(10),97(7),97(6) : 290
50 : 94(17),94(16),94(18) : 282
51 : 87(32),68(86) : 155
