Bin number: 39
Bin size: 499
Item number: 200
Bin Id: item size (item id),... : total item size
1 : 91(21),58(105),32(170) : 181
2 : 27(176),68(77),47(131),40(141) : 182
3 : 51(119),99(3),35(154) : 185
4 : 83(40),68(78),41(140) : 192
5 : 61(96),20(193),79(45),42(138) : 202
6 : 71(66),77(52),59(103) : 207
7 : 31(172),76(55),65(87),37(151) : 209
8 : 98(5),56(108),65(86) : 219
9 : 74(59),44(135),40(145),65(83) : 223
10 : 79(44),82(42),32(169),32(167) : 225
11 : 50(124),81(43),88(29),21(189) : 240
12 : 22(187),99(4),45(134),49(126),25(180) : 240
13 : 89(27),36(152),70(69),55(112) : 250
14 : 86(34),50(122),36(153),56(109),40(143) : 268
15 : 46(133),91(20),88(31),43(137) : 268
16 : 55(113),61(95),61(97),67(79),34(157) : 278
17 : 87(32),69(74),48(127),83(41) : 287
18 : 79(46),69(75),55(110),85(35) : 288
19 : 69(73),33(162),100(0),58(104),33(161) : 293
20 : 31(173),63(92),53(117),71(67),65(85),20(195) : 303
21 : 54(116),96(13),87(33),73(61) : 310
22 : 76(53),88(28),60(99),48(128),40(142) : 312
23 : 22(185),97(10),72(65),98(8),22(186) : 311
24 : 63(90),89(26),90(24),77(51) : 319
25 : 88(30),64(88),75(57),38(148),60(100) : 325
26 : 50(123),96(12),85(36),51(120),43(136) : 325
27 : 95(15),49(125),93(18),46(132),26(178),25(179) : 334
28 : 72(63),100(1),68(76),73(60),30(174) : 343
29 : 55(111),67(80),98(9),26(177),38(150),20(194),39(146) : 343
30 : 72(64),34(156),50(121),38(147),94(17),76(54) : 364
31 : 71(68),54(115),20(197),67(82),33(160),59(102),34(158),20(191),20(196) : 378
32 : 97(11),61(94),23(183),96(14),32(165),53(118),33(163) : 395
33 : 76(56),32(166),94(16),84(37),98(6),24(182) : 408
34 : 28(175),40(144),48(129),60(98),77(50),61(93),20(192),78(48) : 412
35 : 20(198),33(159),58(106),91(22),90(23),24(181),57(107),65(84) : 438
36 : 67(81),93(19),70(70),73(62),69(72),59(101),21(190) : 452
37 : 20(199),83(38),63(89),63(91),90(25),33(164),54(114),48(130) : 454
38 : 35(155),98(7),75(58),99(2),78(49),83(39) : 468
39 : 42(139),32(171),23(184),21(188),32(168),38(149),79(47),69(71) : 336
