Bin number: 57
Bin size: 300
Item number: 200
Bin Id: item size (item id),... : total item size
1 : 55(111),22(186),63(90) : 140
2 : 50(122),58(106),31(173) : 139
3 : 99(3),36(152) : 135
4 : 44(135),72(63),25(179) : 141
5 : 88(31),24(181),33(159) : 145
6 : 100(1),46(132) : 146
7 : 61(93),50(123),38(149) : 149
8 : 76(56),70(69) : 146
9 : 67(79),82(42) : 149
10 : 67(80),43(137),43(136) : 153
11 : 77(52),37(151),20(191),20(192) : 154
12 : 69(71),87(33) : 156
13 : 100(0),61(97) : 161
14 : 88(30),50(124),24(182) : 162
15 : 32(168),55(112),55(110),20(197) : 162
16 : 99(4),45(134),22(187) : 166
17 : 32(166),40(143),99(2) : 171
18 : 88(29),88(28) : 176
19 : 75(58),42(138),38(148),21(190) : 176
20 : 71(66),73(61),33(160) : 177
21 : 96(14),83(39) : 179
22 : 60(100),69(75),51(120) : 180
23 : 94(16),55(113),32(165) : 181
24 : 90(23),93(18) : 183
25 : 79(47),58(105),50(121) : 187
26 : 68(76),65(87),56(108) : 189
27 : 78(49),30(174),32(171),21(188),35(155) : 196
28 : 60(99),54(116),22(185),61(95) : 197
29 : 97(10),56(109),49(125) : 202
30 : 98(5),42(139),48(129),20(196) : 208
31 : 79(45),89(27),40(145) : 208
32 : 48(127),32(170),58(104),73(62) : 211
33 : 69(74),48(130),63(92),33(162) : 213
34 : 39(146),98(7),78(48) : 215
35 : 61(96),53(117),41(140),31(172),20(198),23(183) : 229
36 : 98(6),53(118),34(158),26(177),21(189) : 232
37 : 94(17),65(86),20(193),54(115) : 233
38 : 96(13),51(119),61(94),27(176) : 235
39 : 76(54),89(26),36(153),38(150) : 239
40 : 76(55),60(98),79(46),26(178) : 241
41 : 64(88),33(164),65(84),85(35) : 247
42 : 59(102),77(51),68(78),46(133) : 250
43 : 67(81),83(40),33(163),34(157),35(154) : 252
44 : 98(8),33(161),84(37),48(128) : 263
45 : 90(25),40(141),67(82),65(85) : 262
46 : 32(169),20(195),65(83),77(50),69(72) : 263
47 : 79(44),91(20),98(9) : 268
48 : 96(12),20(199),91(22),63(89) : 270
49 : 40(144),75(57),97(11),59(103) : 271
50 : 73(60),68(77),63(91),71(68) : 275
51 : 95(15),91(21),90(24) : 276
52 : 76(53),34(156),93(19),32(167),40(142) : 275
53 : 20(194),59(101),54(114),72(64),74(59) : 279
54 : 70(70),83(38),72(65),38(147),23(184) : 286
55 : 83(41),57(107),71(67),49(126),28(175) : 288
56 : 69(73),47(131),87(32),86(34) : 289
57 : 25(180),81(43),85(36) : 191
