Bin number: 41
Bin size: 499
Item number: 200
Bin Id: item size (item id),... : total item size
1 : 92(21),55(119),33(170) : 180
2 : 29(176),72(77),49(131),30(172) : 180
3 : 61(105),85(40),41(154) : 187
4 : 99(3),44(141),22(193),25(187) : 190
5 : 71(78),73(66),47(135) : 191
6 : 64(96),79(55),59(108) : 202
7 : 82(45),61(103),68(87) : 211
8 : 80(52),83(44),53(124) : 216
9 : 98(5),77(59),45(138) : 220
10 : 68(86),84(42),43(145),33(169) : 228
11 : 70(83),41(151),83(43),41(152) : 235
12 : 44(140),88(29),98(4) : 230
13 : 89(27),47(134),52(126),34(167),28(180) : 250
14 : 73(69),87(34),48(133),53(122) : 261
15 : 41(153),93(20),59(109),57(113),22(195) : 272
16 : 58(112),87(31),65(95),43(143),24(189) : 277
17 : 63(97),87(32),51(127),82(46) : 283
18 : 46(137),72(74),59(110),73(73),36(162) : 286
19 : 71(79),84(41),72(75),36(161),26(185) : 289
20 : 86(35),100(0),39(157),68(85) : 293
21 : 30(173),66(92),56(117),56(116),95(13) : 303
22 : 61(104),73(67),87(33),63(99),25(186) : 309
23 : 80(53),89(28),76(61),66(90) : 311
24 : 96(10),74(65),50(128),97(8) : 317
25 : 89(26),90(24),81(51),62(100) : 322
26 : 88(30),68(88),78(57),42(148),49(132) : 325
27 : 53(123),95(12),43(142),52(125),54(120),28(178) : 325
28 : 95(15),86(36),94(18),58(111) : 333
29 : 47(136),76(63),100(1),70(80),42(150) : 335
30 : 28(179),72(76),77(60),96(9),30(174),37(160) : 340
31 : 28(177),76(64),40(156),22(194),73(68),79(54),43(146) : 361
32 : 54(121),42(147),94(17),57(115),61(102),66(94) : 374
33 : 21(197),70(82),96(11),95(14),39(158),34(165),29(175) : 384
34 : 27(183),79(56),56(118),34(166),94(16),86(37),27(182) : 403
35 : 23(191),35(163),97(6),43(144),50(129),81(50),81(48) : 410
36 : 21(196),63(98),66(93),23(192),20(198),38(159),60(106),91(22),28(181) : 410
37 : 91(23),70(81),60(107),20(199),93(19),73(70),40(155) : 447
38 : 85(38),70(84),76(62),73(72),61(101),67(89),23(190) : 455
39 : 66(91),89(25),57(114),49(130),45(139),97(7),32(171),33(168) : 468
40 : 35(164),77(58),99(2),81(49),27(184),24(188),42(149),82(47) : 467
41 : 85(39),73(71) : 158
