Bin number: 47
Bin size: 399
Item number: 200
Bin Id: item size (item id),... : total item size
1 : 34(187),42(168),44(157) : 120
2 : 33(188),35(183),38(178),34(185) : 140
3 : 45(153),40(174),55(127) : 140
4 : 45(156),33(190),40(175),38(179) : 156
5 : 52(134),34(184),48(148),30(196) : 164
6 : 46(152),43(163),42(167),40(171) : 171
7 : 51(137),59(119),60(115) : 170
8 : 43(164),48(149),44(160),39(176) : 174
9 : 51(138),49(144),64(106),30(198) : 194
10 : 49(142),60(112),52(136),34(186) : 195
11 : 69(91),72(84),70(88) : 211
12 : 49(145),37(182),58(122),77(62) : 221
13 : 64(104),43(165),60(116),60(117) : 227
14 : 55(128),70(86),70(89),30(199) : 225
15 : 69(92),78(58),57(126),30(197) : 234
16 : 77(63),40(172),41(170),43(166),49(141) : 250
17 : 76(68),67(95),60(114),52(133) : 255
18 : 65(101),62(108),75(73),64(102) : 266
19 : 83(44),84(42),55(129),45(155) : 267
20 : 74(78),61(110),77(66),63(107) : 275
21 : 89(31),62(109),59(120),32(191),42(169) : 284
22 : 89(34),58(121),92(21),49(143) : 288
23 : 68(93),90(29),80(51),53(131) : 291
24 : 96(11),83(43),75(76),40(173) : 294
25 : 84(41),96(8),83(47),32(193) : 295
26 : 81(48),100(1),77(64),43(162) : 301
27 : 65(100),89(32),92(23),60(111) : 306
28 : 96(14),77(65),80(52),58(123) : 311
29 : 79(56),77(67),45(154),48(147),65(99) : 314
30 : 99(3),96(13),48(146),78(61) : 321
31 : 96(12),94(17),92(25),44(158) : 326
32 : 89(33),76(69),87(35),75(74) : 327
33 : 95(15),70(85),94(18),72(82) : 331
34 : 79(57),99(2),89(30),64(103) : 331
35 : 76(72),69(90),38(177),53(132),97(7) : 333
36 : 70(87),98(5),98(4),38(180),30(195) : 334
37 : 91(27),76(70),86(36),91(28) : 344
38 : 79(54),83(45),79(55),66(97),43(161) : 350
39 : 64(105),67(96),53(130),65(98),49(139),52(135) : 350
40 : 97(6),49(140),74(80),84(40),48(150) : 352
41 : 85(37),81(49),74(77),92(22),31(194) : 363
42 : 76(71),92(20),46(151),37(181),58(124),60(113) : 369
43 : 32(192),75(75),78(59),100(0),84(39) : 369
44 : 83(46),80(53),74(79),68(94),73(81) : 378
45 : 59(118),92(24),33(189),78(60),72(83),44(159) : 378
46 : 92(19),96(10),96(9),95(16) : 379
47 : 91(26),80(50),85(38),57(125) : 313
