Bin number: 53
Bin size: 300
Item number: 200
Bin Id: item size (item id),... : total item size
1 : 32(192),34(186),33(188) : 99
2 : 38(178),45(155),60(115) : 143
3 : 35(183),44(159),42(167),34(187) : 155
4 : 52(133),31(194),46(152),37(182) : 166
5 : 49(141),45(154),30(196),49(145) : 173
6 : 43(165),55(128),34(185),43(162) : 175
7 : 58(121),58(122),61(110) : 177
8 : 52(135),43(164),51(137),32(193) : 178
9 : 59(118),49(143),48(149),32(191) : 188
10 : 48(146),38(179),67(96),51(138) : 204
11 : 43(163),37(181),69(92),58(124) : 207
12 : 44(157),55(129),69(91),45(156) : 213
13 : 65(99),52(134),30(195),30(199),43(161) : 220
14 : 53(130),76(71),68(94),30(197) : 227
15 : 49(144),76(70),40(175),65(101) : 230
16 : 69(90),33(190),60(112),73(81) : 235
17 : 76(69),62(109),64(104),34(184) : 236
18 : 79(57),64(106),53(131),43(166) : 239
19 : 79(54),46(151),67(95),48(147) : 240
20 : 72(84),60(114),68(93),41(170) : 241
21 : 78(60),75(73),44(158),45(153) : 242
22 : 70(85),77(65),65(98),33(189) : 245
23 : 80(52),75(76),64(105),30(198) : 249
24 : 77(66),74(79),42(169),60(111) : 253
25 : 78(61),76(68),40(172),60(116) : 254
26 : 77(63),84(39),53(132),40(173) : 254
27 : 77(64),72(83),49(140),57(125) : 255
28 : 81(48),83(47),92(24) : 256
29 : 84(42),76(72),60(113),42(168) : 262
30 : 84(41),79(56),65(100),38(180) : 266
31 : 80(51),77(67),64(103),49(142) : 270
32 : 89(30),91(26),92(25) : 272
33 : 81(49),70(88),83(44),38(177) : 272
34 : 85(38),78(58),63(107),52(136) : 278
35 : 86(36),77(62),62(108),55(127) : 280
36 : 89(34),79(55),64(102),49(139) : 281
37 : 89(33),80(50),72(82),40(174) : 281
38 : 70(87),83(46),91(28),40(171) : 284
39 : 92(22),92(23),57(126),44(160) : 285
40 : 89(31),83(43),48(148),66(97) : 286
41 : 85(37),75(75),87(35),39(176) : 286
42 : 96(13),95(15),98(4) : 289
43 : 84(40),83(45),74(77),48(150) : 289
44 : 91(27),80(53),59(120),60(117) : 290
45 : 96(11),96(9),99(2) : 291
46 : 92(19),70(89),59(119),70(86) : 291
47 : 90(29),100(0),100(1) : 290
48 : 92(20),99(3),98(5) : 289
49 : 75(74),78(59),74(78),58(123) : 285
50 : 96(12),96(8),97(7) : 289
51 : 96(14),96(10),97(6) : 289
52 : 94(17),95(16),94(18) : 283
53 : 92(21),89(32),74(80) : 255
