Bin number: 52
Bin size: 300
Item number: 200
Bin Id: item size (item id),... : total item size
1 : 61(91),21(167),45(119),13(177) : 140
2 : 52(106),84(39),4(196),3(199) : 143
3 : 50(111),92(14),3(198) : 145
4 : 52(107),92(17),4(197) : 148
5 : 100(1),49(112) : 149
6 : 14(174),74(55),59(96) : 147
7 : 64(85),44(120),14(176),13(179),17(170) : 152
8 : 91(18),49(113),13(180) : 153
9 : 68(76),42(124),33(148),10(186),6(193) : 159
10 : 100(0),59(94) : 159
11 : 68(75),73(58),11(185),9(187) : 161
12 : 90(19),40(127),36(138) : 166
13 : 70(67),100(2) : 170
14 : 40(128),92(16),26(161),12(182) : 170
15 : 65(82),57(100),51(110) : 173
16 : 73(60),65(81),32(153),5(195) : 175
17 : 86(32),53(103),38(133) : 177
18 : 67(78),68(72),39(132),7(192) : 181
19 : 39(130),81(43),62(89) : 182
20 : 74(54),81(44),32(151) : 187
21 : 66(80),37(136),53(105),32(152) : 188
22 : 59(95),85(35),47(117) : 191
23 : 44(123),30(155),37(137),85(36) : 196
24 : 98(8),89(22),13(181) : 200
25 : 68(73),95(11),25(163),13(178) : 201
26 : 67(77),53(104),79(46),5(194) : 204
27 : 31(154),71(63),93(13),9(188) : 204
28 : 98(10),36(141),52(109),21(166) : 207
29 : 93(12),88(27),28(157) : 209
30 : 70(70),77(49),63(88) : 210
31 : 60(93),72(61),23(165),57(99) : 212
32 : 74(57),84(38),44(121),7(190),11(184) : 220
33 : 77(47),26(162),99(5),26(160) : 228
34 : 73(59),80(45),32(150),44(122) : 229
35 : 64(84),57(101),34(142),20(169),56(102) : 231
36 : 86(33),27(158),89(23),38(135) : 240
37 : 40(129),52(108),83(42),33(145),20(168),12(183) : 240
38 : 63(87),71(65),88(28),24(164) : 246
39 : 74(56),100(4),48(116),16(172),15(173) : 253
40 : 89(21),58(97),75(53),36(139) : 258
41 : 33(146),99(7),36(140),92(15) : 260
42 : 77(48),100(3),86(30) : 263
43 : 65(83),86(34),89(24),27(159) : 267
44 : 75(51),61(90),70(69),63(86) : 269
45 : 88(25),98(9),14(175),71(64) : 271
46 : 83(41),33(144),29(156),42(125),58(98),33(149) : 278
47 : 69(71),90(20),68(74),7(191),33(147),16(171) : 283
48 : 87(29),84(40),75(50),38(134) : 284
49 : 70(68),99(6),70(66),39(131),7(189) : 285
50 : 88(26),60(92),67(79),75(52) : 290
51 : 48(114),85(37),71(62),46(118),41(126) : 291
52 : 34(143),48(115),86(31) : 168
