Bin number: 52
Bin size: 300
Item number: 200
Bin Id: item size (item id),... : total item size
1 : 35(141),5(194),99(3),2(199) : 141
2 : 87(28),3(196),22(161),28(151),2(197) : 142
3 : 57(91),37(134),19(171),20(167),4(195),5(192) : 142
4 : 87(34),60(84) : 147
5 : 99(1),21(162),19(170),10(182) : 149
6 : 84(37),36(137),20(166),10(181) : 150
7 : 87(31),63(75) : 150
8 : 84(38),68(67) : 152
9 : 35(139),34(142),42(121),42(122) : 153
10 : 62(78),35(140),55(95),5(193) : 157
11 : 37(135),98(4),24(157) : 159
12 : 100(0),59(87),2(198) : 161
13 : 66(71),42(125),53(98) : 161
14 : 38(130),68(62),49(106),6(191) : 161
15 : 45(115),96(8),29(150) : 170
16 : 53(99),68(63),37(132),14(175) : 172
17 : 60(85),89(24),17(174),8(187) : 174
18 : 47(111),92(20),29(149),7(189) : 175
19 : 92(21),77(49),9(183) : 178
20 : 40(128),68(64),59(88),12(178) : 179
21 : 73(56),80(43),19(172),13(176) : 185
22 : 67(69),87(33),31(147) : 185
23 : 69(60),37(133),60(83),21(163) : 187
24 : 68(65),96(9),25(156) : 189
25 : 64(74),37(131),46(112),43(119) : 190
26 : 97(6),87(32),9(184) : 193
27 : 76(51),62(77),50(104),6(190) : 194
28 : 80(41),74(55),42(123) : 196
29 : 53(100),70(59),79(46) : 202
30 : 95(10),88(27),23(160) : 206
31 : 93(17),95(11),20(165) : 208
32 : 71(58),61(80),74(53) : 206
33 : 46(113),97(5),57(92),12(177) : 212
34 : 48(108),42(124),93(19),34(144) : 217
35 : 97(7),78(47),46(114) : 221
36 : 80(42),74(54),66(72),8(186) : 228
37 : 93(16),45(116),93(18) : 231
38 : 41(127),83(39),80(44),26(154) : 230
39 : 51(103),99(2),89(26) : 239
40 : 51(102),55(94),31(146),73(57),19(173),11(179) : 240
41 : 49(105),10(180),94(13),62(79),21(164),8(188) : 244
42 : 19(168),24(158),41(126),43(120),63(76),30(148),34(143) : 254
43 : 19(169),35(138),69(61),60(86),78(48) : 261
44 : 26(155),61(82),28(152),87(29),61(81) : 263
45 : 76(50),82(40),85(36),26(153) : 269
46 : 65(73),91(22),57(90),36(136),24(159) : 273
47 : 93(15),43(118),79(45),8(185),57(93) : 280
48 : 32(145),87(30),48(109),48(110),67(68) : 282
49 : 45(117),95(12),94(14),51(101) : 285
50 : 89(25),66(70),48(107),86(35) : 289
51 : 54(96),39(129),68(66),58(89),74(52) : 293
52 : 90(23),54(97) : 144
