Bin number: 47
Bin size: 300
Item number: 200
Bin Id: item size (item id),... : total item size
1 : 2(198),2(199),4(195) : 8
2 : 10(182),23(160),8(185),20(167) : 61
3 : 26(154),9(183),5(194),19(171),20(165),6(191) : 85
4 : 10(180),17(174),11(179),24(158),31(147),2(197) : 95
5 : 29(150),19(173),34(142),28(151) : 110
6 : 6(190),25(156),10(181),32(145),26(153),14(175) : 113
7 : 37(133),34(143),42(125),8(186),8(187),3(196) : 132
8 : 21(164),47(111),21(163),30(148),22(161) : 141
9 : 28(152),42(124),45(116),35(140) : 150
10 : 57(90),19(170),5(192),51(102),39(129) : 171
11 : 60(85),60(84),57(93),12(177) : 189
12 : 42(121),48(108),60(83),41(127),5(193) : 196
13 : 36(136),57(91),65(73),36(137) : 194
14 : 62(79),69(61),61(81),7(189) : 199
15 : 57(92),53(99),42(123),41(126),24(159) : 217
16 : 45(117),21(162),37(135),71(58),46(114) : 220
17 : 68(65),26(155),53(100),48(110),31(146) : 226
18 : 37(134),68(62),46(112),77(49) : 228
19 : 37(131),66(72),68(63),58(89) : 229
20 : 62(77),74(53),48(107),13(176),38(130) : 235
21 : 67(69),49(105),46(113),76(50) : 238
22 : 61(82),73(56),80(41),19(168),8(188) : 241
23 : 55(95),66(71),63(76),51(101),9(184) : 244
24 : 76(51),68(64),69(60),35(138) : 248
25 : 59(87),60(86),68(66),62(78) : 249
26 : 24(157),74(54),79(45),64(74),12(178) : 253
27 : 49(106),70(59),68(67),29(149),40(128) : 256
28 : 43(118),54(96),45(115),82(40),19(169),20(166) : 263
29 : 89(25),87(32),91(22) : 267
30 : 54(97),78(48),83(39),53(98) : 268
31 : 80(44),89(24),35(139),48(109),19(172) : 271
32 : 87(30),63(75),87(31),37(132) : 274
33 : 80(42),88(27),66(70),43(120) : 277
34 : 87(33),73(57),74(52),43(119) : 277
35 : 93(16),92(20),61(80),34(144) : 280
36 : 89(26),79(46),80(43),35(141) : 283
37 : 87(34),95(12),42(122),59(88) : 283
38 : 93(15),95(10),97(5) : 285
39 : 93(17),93(18),100(0) : 286
40 : 78(47),67(68),87(29),55(94) : 287
41 : 90(23),50(104),98(4),51(103) : 289
42 : 84(38),99(1),99(3) : 282
43 : 86(35),97(7),99(2) : 282
44 : 93(19),96(9),97(6) : 286
45 : 84(37),96(8),95(11) : 275
46 : 85(36),94(14),94(13) : 273
47 : 87(28),74(55),92(21) : 253
