Bin number: 44
Bin size: 399
Item number: 200
Bin Id: item size (item id),... : total item size
1 : 20(199),32(167),25(186) : 77
2 : 36(156),23(187),31(173),21(189) : 111
3 : 36(152),29(177),27(182),21(195) : 113
4 : 36(155),26(184),38(147),30(174) : 130
5 : 36(151),28(178),34(162),46(133) : 144
6 : 26(183),33(163),38(148),49(126) : 146
7 : 45(136),53(118),54(114) : 152
8 : 35(159),33(166),32(170),57(105) : 157
9 : 40(143),44(137),41(141),45(135) : 170
10 : 61(90),65(83),63(87) : 189
11 : 54(111),20(197),38(144),30(175),48(127) : 190
12 : 27(181),52(121),61(91),64(85) : 204
13 : 57(103),71(61),63(88),20(198) : 211
14 : 33(164),53(115),53(116),72(57) : 211
15 : 25(185),69(67),50(125),31(171),32(169),20(196) : 227
16 : 71(62),59(94),58(100),46(132) : 234
17 : 76(43),42(140),76(41),54(113) : 248
18 : 33(165),67(72),67(77),82(30) : 249
19 : 56(107),69(65),55(109),81(33) : 261
20 : 58(101),48(128),55(108),56(106),47(130) : 264
21 : 60(92),88(20),77(40),53(119) : 278
22 : 76(42),52(120),21(190),93(10),40(142) : 282
23 : 84(28),74(50),32(168),93(7) : 283
24 : 36(154),75(46),74(47),67(75),31(172) : 283
25 : 81(31),69(64),70(63),74(51) : 294
26 : 58(99),91(13),73(55),36(153),38(146) : 296
27 : 69(66),87(22),81(32),68(68) : 305
28 : 91(12),34(161),38(145),85(24),67(71) : 315
29 : 54(110),89(16),93(11),80(34) : 316
30 : 99(2),72(56),91(14),58(98) : 320
31 : 72(60),89(17),64(84),62(89),36(157) : 323
32 : 67(73),64(86),84(29),29(176),84(26) : 328
33 : 65(81),99(1),96(4),52(122),21(192) : 333
34 : 57(102),47(131),94(6),80(35),58(96) : 336
35 : 68(69),28(179),76(44),73(53),95(5) : 340
36 : 97(3),57(104),73(54),58(95),58(97) : 343
37 : 48(129),84(27),66(79),77(39),74(48) : 349
38 : 43(138),35(160),79(36),67(76),88(21),21(194),21(191) : 354
39 : 43(139),46(134),68(70),36(150),89(19),21(193),54(112) : 357
40 : 37(149),67(74),27(180),72(58),74(52),66(78),22(188) : 365
41 : 51(123),75(45),78(38),53(117),65(82),51(124) : 373
42 : 99(0),59(93),72(59),66(80),85(25) : 381
43 : 87(23),89(18),93(9),35(158),78(37) : 382
44 : 74(49),93(8),90(15) : 257
