Bin number: 38
Bin size: 400
Item number: 200
Bin Id: item size (item id),... : total item size
1 : 10(180),11(179),8(183),1(199) : 30
2 : 14(171),20(158),17(163) : 51
3 : 8(186),25(142),12(174),30(131) : 75
4 : 6(192),26(138),11(176),40(113),4(195) : 87
5 : 6(191),31(129),47(103),26(140),2(197) : 112
6 : 42(108),46(104),24(145),28(135),6(190) : 146
7 : 23(147),32(128),56(88),46(105) : 157
8 : 14(170),14(167),60(76),21(154),57(84),9(182) : 175
9 : 23(146),37(117),62(72),61(73),4(196) : 187
10 : 11(178),23(148),48(98),63(67),33(126),2(198),9(181) : 189
11 : 48(99),33(125),34(121),59(77),26(141) : 200
12 : 67(57),42(109),58(81),14(168),20(156),7(189) : 208
13 : 55(89),8(185),71(53),63(69),22(151) : 219
14 : 34(123),72(50),20(157),67(56),12(175),21(152) : 226
15 : 42(110),26(139),59(79),64(65),28(134),18(161) : 237
16 : 56(85),64(64),36(120),43(106),47(101),5(193) : 251
17 : 85(28),41(112),30(130),52(92),34(122),19(159) : 261
18 : 43(107),76(43),61(74),91(14) : 271
19 : 29(133),90(20),37(118),70(54),34(124),11(177) : 271
20 : 94(11),85(30),80(37),23(149) : 282
21 : 85(29),22(150),91(16),67(59),20(155) : 285
22 : 33(127),91(17),51(93),39(116),66(60),16(165) : 296
23 : 100(1),95(9),7(188),13(172),75(45),15(166) : 305
24 : 79(41),83(31),63(68),82(32),4(194) : 311
25 : 74(47),89(21),64(66),25(143),47(100),13(173) : 312
26 : 73(48),92(13),67(58),40(114),17(162),27(137) : 316
27 : 90(19),89(22),72(49),24(144),47(102) : 322
28 : 90(18),75(44),99(4),57(83),8(184) : 329
29 : 96(7),96(8),66(61),56(86),19(160) : 333
30 : 81(35),50(96),62(70),88(23),40(115),14(169) : 335
31 : 86(26),91(15),36(119),56(87),65(63),16(164) : 350
32 : 82(33),88(24),81(36),79(42),21(153),7(187) : 358
33 : 62(71),59(78),80(39),100(2),60(75) : 361
34 : 27(136),58(82),49(97),86(27),50(95),100(0) : 370
35 : 99(5),97(6),74(46),55(90),51(94) : 376
36 : 87(25),82(34),41(111),71(52),99(3) : 380
37 : 95(10),54(91),80(38),65(62),59(80),29(132) : 382
38 : 92(12),79(40),68(55),72(51) : 311
