Bin number: 50
Bin size: 300
Item number: 200
Bin Id: item size (item id),... : total item size
1 : 34(141),82(28),3(196),22(161) : 141
2 : 4(194),97(3),36(134),3(195),1(199) : 141
3 : 54(91),30(151),16(171),22(162),20(166) : 142
4 : 80(34),56(84),11(182) : 147
5 : 99(1),36(137),11(181),3(197) : 149
6 : 18(167),79(37),34(139),17(170),1(198) : 149
7 : 81(31),34(142),36(135) : 151
8 : 78(38),40(121),34(140) : 152
9 : 66(67),38(130),52(95) : 156
10 : 62(75),39(125),55(87) : 156
11 : 61(78),64(71),26(157),5(192) : 156
12 : 97(4),40(122),5(191),14(175),4(193) : 160
13 : 100(0),45(115),16(172) : 161
14 : 68(62),47(106),46(111) : 161
15 : 50(98),67(63),37(132),15(174) : 169
16 : 92(8),50(99),30(150) : 172
17 : 56(85),73(49),38(128),6(189) : 173
18 : 85(24),86(20) : 171
19 : 86(21),67(64),14(176),11(183) : 178
20 : 72(56),76(43),37(133) : 185
21 : 64(69),30(149),92(9) : 186
22 : 69(60),80(33),38(131) : 187
23 : 66(65),81(32),42(119) : 189
24 : 55(88),63(74),57(83),13(178) : 188
25 : 94(6),61(77),30(147),8(187) : 193
26 : 73(51),72(55),49(104) : 194
27 : 46(112),77(41),71(59) : 194
28 : 40(123),50(100),22(163),89(11) : 201
29 : 91(10),87(17),27(156) : 205
30 : 71(58),83(27),45(113),8(186) : 207
31 : 75(46),97(5),39(124) : 211
32 : 60(80),72(53),23(160),46(108),10(184) : 211
33 : 93(7),53(92),31(144),38(127),6(190) : 221
34 : 86(19),77(42),45(114),12(180) : 220
35 : 72(54),74(47),45(116),22(165),15(173) : 228
36 : 88(16),64(72),78(39) : 230
37 : 87(18),76(44),27(154),31(146),14(177) : 235
38 : 49(103),49(102),52(94),72(57),17(168) : 239
39 : 99(2),83(26),47(105),13(179) : 242
40 : 88(13),60(79),24(158),38(126),30(148),8(188) : 248
41 : 41(120),22(164),61(76),34(138),27(155),74(48) : 259
42 : 17(169),69(61),56(86),59(82),29(152),31(145) : 261
43 : 34(143),73(50),63(73),54(90),44(118) : 268
44 : 81(29),86(22),59(81),46(109) : 272
45 : 77(40),79(36),88(15),29(153) : 273
46 : 76(45),81(30),89(12),36(136) : 282
47 : 46(110),44(117),10(185),53(93),84(25),49(101) : 286
48 : 66(68),88(14),64(70),46(107),24(159) : 288
49 : 52(96),38(129),86(23),66(66),51(97) : 293
50 : 55(89),79(35),73(52) : 207
