Bin number: 44
Bin size: 300
Item number: 200
Bin Id: item size (item id),... : total item size
1 : 3(192),3(194),10(177),7(187),1(198),1(199) : 25
2 : 10(178),8(180),17(166),7(186),11(176) : 53
3 : 3(193),14(172),23(149),22(155),4(191) : 66
4 : 5(190),33(123),30(134),28(140) : 96
5 : 30(137),31(133),37(117),15(169) : 113
6 : 7(184),20(159),24(146),30(135),13(173),24(147) : 118
7 : 28(141),16(168),38(114),33(124),16(167),2(196) : 133
8 : 41(106),24(148),22(153),21(156),36(118),9(179) : 153
9 : 50(92),44(100),32(129),32(125),3(195) : 161
10 : 46(97),44(99),32(126),31(131),15(170) : 168
11 : 35(119),23(151),18(164),43(101),41(107),29(139) : 189
12 : 55(83),55(84),63(72),23(150),2(197) : 198
13 : 6(189),52(89),26(144),69(56),41(105),7(185) : 201
14 : 66(65),57(80),46(96),40(109) : 209
15 : 69(58),65(67),64(71),21(157) : 219
16 : 22(154),75(43),67(61),47(94),12(174) : 223
17 : 58(79),76(41),30(138),39(113),21(158) : 224
18 : 74(47),76(42),67(62),12(175) : 229
19 : 75(45),64(68),38(116),19(162),31(132),6(188) : 233
20 : 64(70),72(53),72(50),27(143) : 235
21 : 64(69),66(64),74(49),34(122) : 238
22 : 67(63),39(112),75(46),45(98),17(165) : 243
23 : 82(34),81(35),75(44),8(181) : 246
24 : 42(104),43(102),55(82),78(39),30(136) : 248
25 : 27(142),61(74),79(38),18(163),70(55) : 255
26 : 53(87),50(91),59(78),25(145),72(52) : 259
27 : 61(75),69(59),60(76),32(130),32(128),14(171) : 268
28 : 69(57),85(30),49(93),60(77),8(183) : 271
29 : 81(36),84(33),39(111),52(90),19(161) : 275
30 : 53(88),47(95),85(29),90(24) : 275
31 : 86(28),84(32),53(86),54(85) : 277
32 : 93(15),87(27),91(21),8(182) : 279
33 : 67(60),91(23),81(37),42(103) : 281
34 : 91(22),91(20),40(108),62(73) : 284
35 : 38(115),94(14),95(10),19(160),39(110) : 285
36 : 56(81),35(120),90(25),34(121),72(51) : 287
37 : 85(31),78(40),71(54),32(127),23(152) : 289
38 : 95(12),96(8),100(0) : 291
39 : 95(13),98(5),100(1) : 293
40 : 91(18),100(2),100(3) : 291
41 : 93(17),97(6),97(7) : 287
42 : 91(19),96(9),98(4) : 285
43 : 74(48),95(11),93(16) : 262
44 : 87(26),66(66) : 153
