Bin number: 53
Bin size: 300
Item number: 200
Bin Id: item size (item id),... : total item size
1 : 20(199),41(155) : 61
2 : 27(183),31(172),26(186),22(195) : 106
3 : 37(161),27(184),30(175),22(196) : 116
4 : 34(168),28(181),35(166),28(180) : 125
5 : 31(174),23(192),44(148),39(159) : 137
6 : 23(191),43(151),40(157),41(154) : 147
7 : 47(143),42(152),27(182),36(165) : 152
8 : 46(146),30(176),47(144),36(164) : 159
9 : 55(126),52(134),41(153),25(187) : 173
10 : 44(149),60(112),25(188),47(141) : 176
11 : 36(162),56(125),59(117),32(171) : 183
12 : 22(193),69(91),63(103),50(138) : 204
13 : 53(130),70(86),70(85),22(194) : 215
14 : 51(137),67(94),73(74),29(178) : 220
15 : 54(128),61(109),70(84),36(163) : 221
16 : 57(122),68(92),72(80),24(190) : 221
17 : 71(82),67(93),56(124),41(156) : 235
18 : 77(62),79(50),58(118),21(198) : 235
19 : 65(100),77(59),52(136),44(147) : 238
20 : 38(160),76(66),73(73),52(135) : 239
21 : 54(127),59(115),53(132),76(64) : 242
22 : 64(101),59(113),29(177),72(78),21(197) : 245
23 : 61(111),79(54),79(51),27(185) : 246
24 : 77(63),69(90),79(52),24(189) : 249
25 : 83(42),75(70),53(131),40(158) : 251
26 : 78(57),66(96),76(65),33(169) : 253
27 : 62(108),71(83),62(106),59(114) : 254
28 : 74(72),69(88),69(87),48(139) : 260
29 : 81(46),78(55),73(77),28(179) : 260
30 : 63(102),77(61),75(68),48(140) : 263
31 : 76(67),72(79),65(97),53(129) : 266
32 : 62(107),83(41),57(119),65(98) : 267
33 : 77(60),81(45),79(49),34(167) : 271
34 : 89(33),92(26),59(116),33(170) : 273
35 : 73(75),43(150),84(40),73(76) : 273
36 : 92(25),90(31),65(99),31(173) : 278
37 : 87(34),82(43),57(121),53(133) : 279
38 : 93(23),90(32),95(17) : 278
39 : 78(58),87(35),61(110),57(120) : 283
40 : 79(53),74(71),84(39),47(142) : 284
41 : 80(47),81(44),57(123),67(95) : 285
42 : 91(27),80(48),69(89),46(145) : 286
43 : 91(28),96(13),98(6) : 285
44 : 94(18),96(11),98(4) : 288
45 : 94(21),94(19),100(0) : 288
46 : 71(81),63(105),91(30),63(104) : 288
47 : 95(16),97(8),98(5) : 290
48 : 92(24),100(1),99(3) : 291
49 : 86(36),97(10),100(2) : 283
50 : 94(20),97(7),97(9) : 288
51 : 85(38),96(12),96(14) : 277
52 : 75(69),95(15),93(22) : 263
53 : 86(37),91(29),78(56) : 255
