Bin number: 40
Bin size: 358
Item number: 200
Bin Id: item size (item id),... : total item size
1 : 1(198),3(192),4(190),11(175),1(196),1(199) : 21
2 : 6(185),15(164),11(176),8(178),6(184),4(191) : 50
3 : 12(170),11(174),23(147),32(135) : 78
4 : 37(121),33(132),22(153),18(157),1(197) : 111
5 : 5(188),34(131),39(115),28(138),5(189),2(194) : 113
6 : 8(182),28(139),13(167),25(144),14(166),12(171),41(112) : 141
7 : 32(133),25(145),36(122),15(165),23(146),22(151) : 153
8 : 48(104),38(116),34(127),58(90),3(193) : 181
9 : 22(154),52(98),36(123),54(95),10(177),13(168) : 187
10 : 35(124),53(97),34(129),65(70),6(187),6(183) : 199
11 : 38(117),60(82),23(149),71(63),29(137) : 221
12 : 74(54),16(162),61(81),47(105),27(142) : 225
13 : 51(99),59(87),79(41),23(148),22(152) : 234
14 : 74(56),77(45),78(43),11(172) : 240
15 : 69(65),61(78),66(69),49(103) : 245
16 : 81(40),83(39),63(77),20(156) : 247
17 : 73(59),85(32),75(51),21(155),2(195) : 256
18 : 75(48),84(33),55(94),46(107) : 260
19 : 76(47),77(44),73(60),39(114) : 265
20 : 68(68),69(66),71(62),57(92) : 265
21 : 68(67),31(136),72(61),43(111),17(160),27(141),11(173) : 269
22 : 94(13),78(42),44(110),50(102),16(163) : 282
23 : 83(36),83(37),34(130),87(28) : 287
24 : 37(120),53(96),92(19),65(72),28(140),8(179),6(186) : 289
25 : 61(80),92(21),97(8),51(100) : 301
26 : 95(12),91(22),92(20),26(143) : 304
27 : 85(31),89(25),75(50),58(89) : 307
28 : 74(53),60(85),64(76),17(161),93(18) : 308
29 : 89(26),84(34),95(10),34(128),8(181) : 310
30 : 74(57),98(6),65(73),65(74),12(169) : 314
31 : 74(55),88(27),86(30),32(134),35(126) : 315
32 : 98(5),95(11),64(75),56(93),8(180) : 321
33 : 57(91),60(86),44(109),59(88),17(159),90(23) : 327
34 : 99(4),84(35),86(29),41(113),18(158) : 328
35 : 73(58),60(84),93(15),61(79),46(106) : 333
36 : 98(7),99(3),93(16),45(108) : 335
37 : 60(83),93(17),96(9),38(118),51(101) : 338
38 : 100(1),100(2),83(38),37(119),23(150) : 343
39 : 65(71),100(0),75(49),70(64),35(125) : 345
40 : 90(24),76(46),75(52),94(14) : 335
