Bin number: 42
Bin size: 479
Item number: 200
Bin Id: item size (item id),... : total item size
1 : 30(199),38(167),43(156) : 111
2 : 34(186),44(152),56(118) : 134
3 : 37(173),34(187),43(155),36(177) : 150
4 : 49(133),35(182),44(151),33(189) : 161
5 : 52(126),35(184),37(174),42(162) : 166
6 : 46(147),57(114),36(178),32(195) : 171
7 : 49(136),45(148),35(183),42(163) : 171
8 : 42(159),39(166),59(105),49(137) : 189
9 : 66(83),37(170),48(143),48(141) : 199
10 : 65(90),58(111),49(135),31(197) : 203
11 : 66(87),76(61),66(85) : 208
12 : 64(91),54(121),66(88),47(144) : 231
13 : 60(103),37(175),57(115),77(57) : 231
14 : 51(127),36(181),75(62),80(43) : 242
15 : 57(116),41(164),62(94),53(125),35(185) : 248
16 : 73(67),30(198),71(72),86(30) : 260
17 : 81(41),37(169),37(171),68(77),60(101) : 283
18 : 61(100),86(33),40(165),48(140),51(128) : 286
19 : 96(10),57(113),58(109),87(28) : 298
20 : 59(107),75(65),81(40),81(42) : 296
21 : 93(20),98(7),50(132),63(92) : 304
22 : 58(108),59(106),78(50),80(46),38(168) : 313
23 : 94(13),55(120),56(119),86(31),32(196) : 323
24 : 79(47),68(75),99(2),48(142),33(190) : 327
25 : 90(22),44(154),50(130),61(99),95(12) : 340
26 : 77(55),75(63),75(64),78(51),44(153) : 349
27 : 95(11),73(66),86(32),98(4) : 352
28 : 94(16),94(14),99(1),72(71) : 359
29 : 89(24),93(17),58(110),37(172),47(146),42(161) : 366
30 : 85(34),77(56),76(60),73(68),61(98) : 372
31 : 87(29),69(73),66(84),65(89),89(26) : 376
32 : 66(86),98(6),47(145),99(3),72(69) : 382
33 : 66(81),43(157),84(35),60(102),98(5),37(176) : 388
34 : 54(122),50(131),80(44),88(27),62(96),62(95) : 396
35 : 77(53),77(54),60(104),36(179),62(97),49(138),42(160) : 403
36 : 50(129),67(79),33(192),82(39),90(21),48(139),44(149) : 414
37 : 83(36),79(48),68(76),49(134),72(70),69(74) : 420
38 : 93(19),32(194),76(58),54(123),36(180),57(112),83(38) : 431
39 : 44(150),33(191),100(0),56(117),77(52),67(78),63(93) : 440
40 : 80(45),33(193),90(23),67(80),76(59),66(82),34(188) : 446
41 : 93(18),97(9),97(8),94(15),83(37) : 464
42 : 89(25),79(49),43(158),53(124) : 264
