Bin number: 51
Bin size: 359
Item number: 200
Bin Id: item size (item id),... : total item size
1 : 33(155),82(44),37(147) : 152
2 : 93(19),61(97) : 154
3 : 97(13),30(166),28(174) : 155
4 : 79(54),78(55) : 157
5 : 51(122),88(30),21(195) : 160
6 : 100(3),24(189),34(153) : 158
7 : 77(59),84(39) : 161
8 : 45(133),25(184),68(76),24(187) : 162
9 : 79(52),84(40) : 163
10 : 86(35),33(158),48(126) : 167
11 : 29(171),63(92),79(50) : 171
12 : 86(34),60(104),27(178) : 173
13 : 25(185),25(186),42(138),87(32) : 179
14 : 98(8),28(175),24(188),34(154) : 184
15 : 97(12),62(95),36(150) : 195
16 : 91(23),23(190),26(182),20(198),39(144) : 199
17 : 100(4),56(111),25(183),20(197) : 201
18 : 67(79),61(99),46(129),27(179) : 201
19 : 64(88),82(43),57(108) : 203
20 : 97(14),62(96),29(173),22(194) : 210
21 : 64(91),91(20),29(172),30(167) : 214
22 : 64(90),72(67),80(47) : 216
23 : 66(83),98(9),35(152),20(199) : 219
24 : 42(140),91(22),88(29) : 221
25 : 70(71),85(38),72(69) : 227
26 : 93(18),94(17),45(130) : 232
27 : 99(7),85(36),54(115) : 238
28 : 30(164),91(24),77(60),43(137) : 241
29 : 52(120),57(109),22(191),90(26),22(192) : 243
30 : 79(53),26(180),100(2),43(135) : 248
31 : 50(124),68(77),50(123),53(118),33(157) : 254
32 : 100(1),68(78),91(21) : 259
33 : 70(72),77(56),29(169),83(41) : 259
34 : 97(11),45(132),27(177),65(86),32(162) : 266
35 : 79(51),61(101),42(139),63(94),26(181) : 271
36 : 79(49),77(57),47(127),44(134),29(170) : 276
37 : 53(116),58(107),87(31),32(161),52(119) : 282
38 : 87(33),75(62),76(61),47(128) : 285
39 : 61(100),31(163),66(84),45(131),85(37) : 288
40 : 36(148),60(105),38(145),99(6),55(114) : 288
41 : 37(146),51(121),63(93),36(149),81(46),30(165) : 298
42 : 70(73),69(75),99(5),73(64) : 311
43 : 94(16),64(89),75(63),79(48) : 312
44 : 32(159),90(25),43(136),72(70),56(112),20(196) : 313
45 : 42(141),96(15),65(87),61(98),59(106) : 323
46 : 40(143),89(28),82(42),60(103),55(113) : 326
47 : 49(125),73(65),36(151),72(68),77(58),22(193) : 329
48 : 27(176),72(66),98(10),65(85),33(156),42(142) : 337
49 : 81(45),90(27),69(74),32(160),67(80) : 339
50 : 53(117),67(82),100(0),67(81),61(102) : 348
51 : 30(168),57(110) : 87
