Bin number: 53
Bin size: 359
Item number: 200
Bin Id: item size (item id),... : total item size
1 : 43(155),76(59),33(189) : 152
2 : 80(44),39(166),34(187) : 153
3 : 93(19),54(122) : 147
4 : 94(13),60(104) : 154
5 : 77(54),77(55) : 154
6 : 99(3),62(97) : 161
7 : 49(133),77(52),35(184) : 161
8 : 86(30),46(147),32(195) : 164
9 : 84(35),82(39) : 166
10 : 68(76),37(171),63(92) : 168
11 : 85(34),43(158),44(153) : 172
12 : 37(174),52(126),35(185),49(138) : 173
13 : 81(40),34(186),62(95) : 177
14 : 78(50),36(178),37(175),30(198) : 181
15 : 97(8),86(32) : 183
16 : 95(12),33(190),67(79) : 195
17 : 34(188),61(99),44(150),58(111) : 197
18 : 90(23),47(144),62(96) : 199
19 : 98(4),35(182),66(88) : 199
20 : 50(129),58(108),64(91),35(183) : 207
21 : 44(154),94(14),36(179),32(194) : 206
22 : 80(43),93(20),37(173) : 210
23 : 65(90),66(83),37(172),48(140) : 216
24 : 73(67),97(9),44(152) : 214
25 : 90(22),93(18),41(164) : 224
26 : 72(71),83(38),72(69) : 227
27 : 79(47),93(17),57(115) : 229
28 : 38(167),87(29),31(197),76(60) : 232
29 : 98(7),89(24),50(130) : 237
30 : 83(36),58(109),33(191),36(180),33(192) : 243
31 : 55(120),89(26),99(2) : 243
32 : 77(53),49(137),68(77),54(123) : 248
33 : 53(124),99(1),67(78),36(177) : 255
34 : 49(135),71(72),56(118),81(41) : 257
35 : 77(56),90(21),37(169),60(101) : 264
36 : 95(11),50(132),43(157),78(51) : 266
37 : 66(86),42(162),79(49),48(139),36(181) : 271
38 : 30(199),77(57),62(94),57(116),45(148) : 271
39 : 51(127),86(31),86(33),56(119) : 279
40 : 59(107),61(100),49(134),76(61),37(170) : 282
41 : 75(62),42(163),42(161),83(37),47(146) : 289
42 : 66(84),51(128),59(105),54(121),63(93) : 293
43 : 50(131),47(145),98(6),57(114),42(159) : 294
44 : 44(149),69(73),75(64),75(63),40(165) : 303
45 : 94(16),80(46),89(25),49(136) : 312
46 : 68(75),98(5),65(89),81(42) : 312
47 : 48(141),94(15),72(70),61(98),48(143) : 323
48 : 79(48),66(87),87(28),60(103),32(196) : 324
49 : 57(112),53(125),75(65),76(58),66(85) : 327
50 : 59(106),44(151),73(68),37(176),33(193),88(27) : 334
51 : 57(113),73(66),96(10),69(74),42(160) : 337
52 : 80(45),43(156),56(117),66(82),38(168),58(110) : 341
53 : 48(142),67(80),100(0),66(81),60(102) : 341
