Bin number: 41
Bin size: 479
Item number: 200
Bin Id: item size (item id),... : total item size
1 : 20(199),34(167),27(186) : 81
2 : 56(114),42(148),38(159),34(166) : 170
3 : 75(66),97(11),95(16),88(32) : 355
4 : 98(9),98(8),91(25),95(15),86(37) : 468
5 : 87(34),78(56),77(60),89(29),44(145) : 375
6 : 57(112),100(0),83(45),86(38),55(117),65(93) : 446
7 : 41(153),92(24),57(110),99(4),44(146),37(161) : 370
8 : 68(83),66(90),67(87) : 201
9 : 76(61),31(175),54(121),44(144),27(185) : 232
10 : 47(137),60(105),45(143),46(141) : 198
11 : 31(174),51(126),43(147),35(162) : 160
12 : 65(94),83(43),32(171),33(169),63(100) : 276
13 : 55(116),35(164),78(57),76(62) : 244
14 : 49(130),46(142),93(22),78(55),76(64) : 342
15 : 40(156),26(187),31(173),27(184) : 124
16 : 41(152),30(177),28(182),30(178) : 129
17 : 40(155),48(133),25(189),35(163) : 148
18 : 55(118),47(136),42(151),21(195) : 165
19 : 27(183),32(170),57(111),47(135) : 163
20 : 20(197),66(88),61(103),28(181),55(115) : 230
21 : 67(85),66(91),50(127),51(125) : 234
22 : 20(198),75(67),73(72),34(165),62(101) : 264
23 : 84(41),70(77),88(30),46(140) : 288
24 : 87(33),58(107),57(113),94(20) : 296
25 : 75(65),97(10),58(109),49(132),21(196) : 300
26 : 50(128),90(28),58(108),59(106),54(120) : 311
27 : 98(7),85(40),65(92),41(154),25(190) : 314
28 : 84(42),81(50),54(119),71(75),34(168) : 324
29 : 82(46),96(13),82(47),63(99) : 323
30 : 88(31),99(2),76(63),32(172),39(157) : 334
31 : 96(12),81(51),100(1),74(71) : 351
32 : 96(14),95(17),75(68),98(6) : 364
33 : 67(84),67(86),66(89),99(3),53(122),31(176) : 383
34 : 64(98),73(73),91(26),68(81),87(35) : 383
35 : 61(102),99(5),74(69),83(44),80(53) : 397
36 : 49(131),78(54),29(179),90(27),65(96),65(95),23(192) : 399
37 : 61(104),50(129),64(97),69(79),47(138),70(76),47(139) : 408
38 : 86(36),85(39),81(48),94(21),48(134),29(180) : 423
39 : 37(160),94(19),74(70),22(194),72(74),25(191),22(193),80(52) : 426
40 : 42(149),42(150),78(58),52(123),69(78),77(59),26(188),51(124) : 437
41 : 92(23),68(80),68(82),94(18),81(49),38(158) : 441
