Bin number: 49
Bin size: 360
Item number: 200
Bin Id: item size (item id),... : total item size
1 : 30(195),35(180),37(174) : 102
2 : 32(190),36(179),49(141) : 117
3 : 33(184),47(149),49(143) : 129
4 : 30(197),38(170),31(191),38(169) : 137
5 : 49(142),36(176),42(160),32(187) : 159
6 : 34(183),54(129),30(199),48(145) : 166
7 : 51(137),57(118),38(165),35(182) : 181
8 : 56(123),53(133),44(156),39(164) : 192
9 : 45(152),57(117),61(106),30(196) : 193
10 : 64(98),67(88),67(89) : 198
11 : 66(91),38(171),53(131),44(154) : 201
12 : 69(81),37(173),70(78),35(181) : 211
13 : 50(139),63(103),74(66),30(198) : 217
14 : 66(94),41(161),55(124),65(95) : 227
15 : 55(125),73(70),64(97),43(158) : 235
16 : 69(83),54(128),68(85),48(144) : 239
17 : 69(80),69(84),33(185),72(72) : 243
18 : 56(122),64(96),78(55),46(151) : 244
19 : 72(71),68(86),67(90),44(153) : 251
20 : 37(175),53(130),85(37),80(49) : 255
21 : 53(134),77(58),64(101),38(166),31(193) : 263
22 : 47(147),80(46),59(112),32(189),51(138) : 269
23 : 89(29),47(148),61(107),76(63) : 273
24 : 78(54),77(57),86(34),32(188) : 273
25 : 57(119),71(75),57(116),92(20) : 277
26 : 58(114),70(77),82(43),40(162),31(192) : 281
27 : 91(24),90(26),64(102),38(167) : 283
28 : 86(35),61(105),58(113),79(50) : 284
29 : 36(177),85(38),52(135),80(47),33(186) : 286
30 : 91(25),58(115),79(51),59(111) : 287
31 : 81(45),76(62),97(11),40(163) : 294
32 : 69(82),95(15),94(17),38(168) : 296
33 : 93(19),85(36),64(99),56(121) : 298
34 : 88(30),98(8),77(61),38(172) : 301
35 : 100(0),100(1),60(109),50(140) : 310
36 : 82(44),97(10),48(146),83(39) : 310
37 : 96(13),30(194),43(157),74(65),70(76) : 313
38 : 92(21),72(73),63(104),91(23) : 318
39 : 87(33),92(22),90(27),51(136) : 320
40 : 100(4),77(56),83(41),68(87) : 328
41 : 93(18),43(159),94(16),98(7) : 328
42 : 87(32),77(60),96(12),75(64) : 335
43 : 79(52),97(9),60(110),53(132),46(150) : 335
44 : 100(3),80(48),61(108),66(93),36(178) : 343
45 : 77(59),64(100),71(74),89(28),44(155) : 345
46 : 96(14),66(92),74(67),55(127),57(120) : 348
47 : 99(5),99(6),73(68),78(53) : 349
48 : 73(69),100(2),83(42),88(31) : 344
49 : 55(126),83(40),70(79) : 208
