Bin number: 48
Bin size: 358
Item number: 200
Bin Id: item size (item id),... : total item size
1 : 30(198),36(175),32(190) : 98
2 : 32(192),35(176),39(164) : 106
3 : 33(185),35(178),54(121) : 122
4 : 34(184),38(170),36(174),32(191) : 140
5 : 31(196),52(132),33(188),34(182) : 150
6 : 48(147),52(131),56(115) : 156
7 : 51(135),45(153),42(157),37(171) : 175
8 : 51(138),50(139),51(133),39(167) : 191
9 : 39(166),48(144),59(104),54(122) : 200
10 : 57(112),63(90),48(145),33(189) : 201
11 : 61(98),62(95),46(151),45(154) : 214
12 : 39(165),48(146),56(116),72(70) : 215
13 : 62(97),53(127),54(123),54(124) : 223
14 : 35(177),68(81),68(82),39(168),30(199) : 240
15 : 79(54),52(129),77(63),33(187) : 241
16 : 64(87),78(56),56(117),48(149) : 246
17 : 84(41),84(39),84(40) : 252
18 : 61(99),82(45),40(162),69(78) : 252
19 : 59(105),72(69),76(65),50(142) : 257
20 : 83(43),77(59),69(77),31(193) : 260
21 : 87(32),87(33),59(103),31(194) : 264
22 : 51(137),62(94),77(60),75(66) : 265
23 : 81(51),81(48),73(68),37(172) : 272
24 : 48(148),30(197),63(92),59(107),77(62) : 277
25 : 82(47),75(67),77(61),44(155) : 278
26 : 83(44),85(37),57(111),57(114) : 282
27 : 46(152),97(13),86(36),58(110) : 287
28 : 83(42),51(136),43(156),55(120),60(102) : 292
29 : 42(160),62(96),50(141),93(21),52(130) : 299
30 : 90(28),34(183),93(22),37(173),50(140) : 304
31 : 94(19),98(8),72(72),41(161) : 305
32 : 97(12),68(80),80(53),64(89) : 309
33 : 90(25),94(20),65(85),61(100) : 310
34 : 90(26),89(31),98(6),35(179) : 312
35 : 69(76),81(50),87(34),78(57) : 315
36 : 97(10),39(163),71(73),79(55),31(195) : 317
37 : 95(18),90(27),70(74),64(86) : 319
38 : 98(5),89(30),48(143),52(128),34(181) : 321
39 : 97(11),98(4),53(126),78(58) : 326
40 : 70(75),51(134),87(35),64(88),58(109) : 330
41 : 63(91),63(93),66(84),96(15),42(159) : 330
42 : 92(23),98(7),89(29),55(118) : 334
43 : 100(3),33(186),66(83),68(79),72(71) : 339
44 : 95(16),95(17),57(113),34(180),59(106) : 340
45 : 100(1),100(2),84(38),60(101) : 344
46 : 98(9),81(49),92(24),76(64) : 347
47 : 100(0),82(46),58(108),55(119),53(125) : 348
48 : 42(158),81(52),96(14),38(169),46(150) : 303
