Bin number: 42
Bin size: 359
Item number: 200
Bin Id: item size (item id),... : total item size
1 : 97(8),48(104),28(138),11(175) : 184
2 : 77(44),74(54),2(195) : 153
3 : 75(49),74(57),55(94),34(127),38(116) : 276
4 : 65(71),76(47),86(29) : 227
5 : 74(55),73(59),11(174) : 158
6 : 84(35),83(39) : 167
7 : 68(67),60(83),91(22) : 219
8 : 45(108),57(91),53(96),58(90) : 213
9 : 92(20),96(9),28(140) : 216
10 : 93(18),13(167),83(38),39(115),4(191) : 232
11 : 86(30),75(52),3(192) : 164
12 : 74(56),92(21),95(11),3(193) : 264
13 : 39(114),65(73),93(16),64(75),17(159),31(136) : 309
14 : 98(5),76(46),58(89),71(63),11(176) : 314
15 : 38(117),27(142),61(80),60(82),100(0),61(81) : 347
16 : 85(32),95(12),5(188),6(183) : 191
17 : 81(40),6(185),6(186),75(50),8(178),1(197) : 177
18 : 90(23),4(190),54(95),51(99) : 199
19 : 92(19),14(166),36(122),12(171) : 154
20 : 94(14),78(43),8(179),11(173),11(172),8(180) : 210
21 : 21(155),94(13),32(133),5(189) : 152
22 : 99(3),53(97),6(184),1(198),2(194) : 161
23 : 23(147),64(76),57(92),18(158),1(199),1(196) : 164
24 : 6(187),84(34),22(153),35(126),25(144) : 172
25 : 99(4),61(79),8(182),23(150),10(177) : 201
26 : 59(88),43(111),34(129),22(154),22(152),18(157),8(181) : 206
27 : 93(17),66(69),44(109),34(130) : 237
28 : 98(7),15(164),90(24),35(124) : 238
29 : 83(36),37(120),89(26),32(135) : 241
30 : 74(53),73(60),29(137),61(78),12(169) : 249
31 : 100(2),63(77),36(123),38(118),16(162) : 253
32 : 100(1),65(72),33(132),60(86) : 258
33 : 79(41),75(51),51(101),28(139),23(148),12(170) : 268
34 : 46(107),85(31),84(33),51(100),17(161) : 283
35 : 32(134),71(62),16(163),72(61),60(84),37(119) : 288
36 : 34(131),83(37),34(128),23(146),98(6),23(149) : 295
37 : 47(105),25(145),37(121),56(93),70(64),15(165),26(143),22(151) : 298
38 : 89(25),27(141),93(15),75(48),35(125) : 319
39 : 65(70),59(87),52(98),87(28),49(103),13(168) : 325
40 : 41(112),78(42),69(65),46(106),73(58),20(156) : 327
41 : 68(68),41(113),77(45),60(85),88(27) : 334
42 : 69(66),95(10),65(74),17(160),44(110),50(102) : 340
