Bin number: 55
Bin size: 359
Item number: 200
Bin Id: item size (item id),... : total item size
1 : 42(155),89(44),20(198) : 151
2 : 96(19),53(122) : 149
3 : 98(13),25(189),32(175) : 155
4 : 38(166),52(133),65(97) : 155
5 : 86(54),46(147),25(187) : 157
6 : 86(55),36(171),34(174) : 156
7 : 100(3),26(184),31(178) : 157
8 : 84(59),77(76) : 161
9 : 92(30),44(153),26(185) : 162
10 : 87(52),53(126),23(195) : 163
11 : 91(35),26(186),49(138) : 166
12 : 90(39),28(182),53(129) : 171
13 : 66(92),40(158),62(104) : 168
14 : 91(34),25(188),30(179),27(183) : 173
15 : 90(40),87(50) : 177
16 : 99(8),25(190),58(111) : 182
17 : 92(32),98(12) : 190
18 : 95(23),100(4) : 195
19 : 75(79),64(99),61(108) : 200
20 : 66(95),45(150),47(144),43(154) : 201
21 : 69(88),97(14),38(167) : 204
22 : 89(43),65(96),34(173),21(197) : 209
23 : 67(91),67(90),80(67) : 214
24 : 96(20),74(83),44(152) : 214
25 : 34(172),98(9),88(47) : 220
26 : 49(140),96(22),23(194),55(120) : 223
27 : 79(71),96(18),52(130) : 227
28 : 90(38),80(69),38(164),25(191) : 233
29 : 93(29),99(7),24(192),20(199) : 236
30 : 97(17),91(36),49(137) : 237
31 : 95(24),57(115),60(109),30(180) : 242
32 : 94(26),100(2),53(124) : 247
33 : 87(53),83(60),79(72) : 249
34 : 76(77),50(135),76(78),55(118) : 257
35 : 53(123),100(1),52(132),53(127) : 258
36 : 86(56),98(11),40(157),40(162) : 264
37 : 96(21),32(177),87(51),49(139) : 264
38 : 37(169),90(41),72(86),66(94) : 265
39 : 63(101),87(49),85(57),36(170) : 271
40 : 56(116),92(31),51(134),83(61) : 282
41 : 62(107),92(33),46(148),82(62) : 282
42 : 29(181),63(100),74(84),55(119),62(105) : 283
43 : 39(163),40(161),52(131),46(146),47(145),66(93) : 290
44 : 91(37),53(128),54(121),57(114),40(159) : 295
45 : 99(6),46(149),78(73),77(75) : 300
46 : 97(16),99(5),69(89),47(143) : 312
47 : 88(46),81(64),82(63),64(98) : 315
48 : 95(25),38(165),49(136),79(70),58(112) : 319
49 : 48(141),97(15),87(48),69(87),22(196) : 323
50 : 94(28),89(42),62(103),81(65) : 326
51 : 53(125),62(106),45(151),80(68),89(45) : 329
52 : 85(58),32(176),81(66),98(10),41(156) : 337
53 : 58(113),24(193),73(85),94(27),40(160),48(142) : 337
54 : 78(74),55(117),75(80),74(82),59(110) : 341
55 : 100(0),37(168),74(81),62(102) : 273
