Bin number: 41
Bin size: 358
Item number: 200
Bin Id: item size (item id),... : total item size
1 : 29(147),39(121),34(132),10(182),1(199),1(197) : 114
2 : 17(167),33(139),34(133),18(166),31(144),16(171),7(189) : 156
3 : 43(112),30(145),39(122),54(90) : 166
4 : 72(54),69(63),29(149),51(99) : 221
5 : 76(41),77(39),75(45) : 228
6 : 71(56),77(40),76(43),8(187) : 232
7 : 57(87),47(105),68(65),60(78) : 232
8 : 33(137),65(69),32(142),81(32),29(148) : 240
9 : 70(59),72(51),81(33),26(152) : 249
10 : 62(77),74(48),48(103),70(60) : 254
11 : 53(94),74(47),66(68),67(66) : 260
12 : 75(44),47(107),53(92),90(13) : 265
13 : 66(67),69(62),70(61),42(114),20(160) : 267
14 : 15(172),43(111),79(36),76(42),23(155),23(156),15(173) : 274
15 : 33(136),79(37),32(141),43(110),90(12) : 277
16 : 39(120),88(19),87(21),10(183),35(130),32(140) : 291
17 : 52(96),86(22),85(28),59(80),12(181) : 294
18 : 49(102),63(72),88(20),96(8) : 296
19 : 81(31),85(25),85(26),50(100) : 301
20 : 72(53),57(85),80(34),96(6) : 305
21 : 73(50),19(163),89(18),70(57),55(89) : 306
22 : 62(76),93(10),82(30),72(55) : 309
23 : 85(27),63(73),20(161),96(5),36(128),13(179) : 313
24 : 62(74),92(11),34(134),62(75),57(86),9(186) : 316
25 : 32(143),97(4),54(91),37(126),55(88),44(109) : 319
26 : 80(35),86(23),53(93),89(15),20(159) : 328
27 : 70(58),83(29),89(16),89(17) : 331
28 : 58(84),96(7),97(3),60(79),22(158) : 333
29 : 58(83),42(113),12(180),100(1),78(38),47(106) : 337
30 : 93(9),63(71),40(118),98(2),50(101) : 344
31 : 73(49),100(0),40(119),89(14),17(169),28(150) : 347
32 : 86(24),72(52),75(46),46(108),68(64) : 347
33 : 1(198),5(192),13(175) : 19
34 : 7(190),9(185),13(176),9(184) : 38
35 : 19(164),13(178),3(196),7(191),16(170),8(188),4(193) : 70
36 : 15(174),25(153),35(131),18(165) : 93
37 : 34(135),41(115),22(157),33(138) : 130
38 : 48(104),29(146),51(98),40(116),13(177) : 181
39 : 36(127),24(154),52(95),27(151),51(97) : 190
40 : 39(123),39(124),36(129),65(70),17(168),3(195) : 199
41 : 58(82),59(81),40(117),19(162),4(194),38(125) : 218
