Bin number: 47
Bin size: 360
Item number: 200
Bin Id: item size (item id),... : total item size
1 : 21(195),27(180),33(174) : 81
2 : 24(190),27(179),25(184),21(197) : 97
3 : 34(170),42(143),22(191),34(169) : 132
4 : 40(149),43(141),26(183),25(187) : 134
5 : 43(142),47(129),32(176),20(199) : 142
6 : 38(160),49(118),48(123),26(182) : 161
7 : 44(137),41(145),40(152),36(165) : 161
8 : 50(117),46(133),55(106),27(181) : 178
9 : 39(156),61(98),36(164),46(131) : 182
10 : 64(89),65(88),64(91) : 193
11 : 33(171),21(196),44(139),58(103),40(154) : 196
12 : 67(81),33(173),68(78),38(161) : 206
13 : 48(124),63(94),20(198),62(95),25(185) : 218
14 : 48(125),47(128),48(122),75(66) : 218
15 : 66(83),66(85),62(97),38(158) : 232
16 : 73(70),68(80),62(96),33(175) : 236
17 : 66(84),42(144),72(72),59(101) : 239
18 : 65(86),47(130),40(151),78(55),21(193) : 251
19 : 46(134),73(71),64(90),40(153),30(177) : 253
20 : 51(112),41(147),78(58),36(166),55(107) : 261
21 : 86(37),81(49),49(119),50(116) : 266
22 : 41(148),25(189),44(138),89(29),69(75) : 268
23 : 51(114),78(54),68(77),25(188),50(115) : 272
24 : 78(57),58(102),83(46),56(105) : 275
25 : 76(63),51(113),37(162),92(20),22(192) : 278
26 : 90(24),45(135),88(34),35(167),21(194) : 279
27 : 90(26),87(35),82(47),25(186) : 284
28 : 90(25),95(11),66(82),35(168) : 286
29 : 84(43),86(38),80(50),37(163) : 287
30 : 76(62),93(15),83(45),43(140) : 295
31 : 52(111),93(17),97(8),54(109) : 296
32 : 92(19),80(51),49(121),76(61) : 297
33 : 89(30),87(36),94(13),33(172) : 303
34 : 61(99),100(0),100(1),41(146) : 302
35 : 83(44),96(10),57(104),75(65) : 311
36 : 92(21),71(73),69(76),86(39) : 318
37 : 38(157),91(22),98(4),90(23) : 317
38 : 88(33),89(27),38(159),78(56),29(178) : 322
39 : 92(18),93(16),77(60),65(87) : 327
40 : 45(136),85(41),88(32),54(110),60(100) : 332
41 : 95(12),97(9),46(132),97(7) : 335
42 : 79(52),100(3),81(48),75(67) : 335
43 : 55(108),78(59),94(14),76(64),40(150) : 343
44 : 69(74),63(93),89(28),75(68),49(120) : 345
45 : 98(5),97(6),74(69),79(53) : 348
46 : 63(92),47(127),84(42),47(126),68(79),39(155) : 348
47 : 100(2),89(31),85(40) : 274
