Bin number: 42
Bin size: 479
Item number: 200
Bin Id: item size (item id),... : total item size
1 : 20(199),36(167),27(187) : 83
2 : 38(156),39(152),38(155) : 115
3 : 28(186),34(173),30(182),29(184) : 121
4 : 33(177),41(147),25(189),50(126) : 149
5 : 53(118),49(133),55(114) : 157
6 : 40(151),47(136),40(148),37(162) : 164
7 : 34(174),37(163),37(159),22(195),36(166) : 166
8 : 29(183),33(178),59(105),47(137) : 168
9 : 42(143),35(170),69(83),47(135) : 193
10 : 43(141),66(90),68(87),21(197) : 198
11 : 57(111),41(144),78(61),31(181) : 207
12 : 52(121),60(103),66(91),50(127) : 228
13 : 33(175),68(85),68(88),36(164),28(185) : 233
14 : 55(115),54(116),81(57),51(125) : 241
15 : 78(62),20(198),75(67),34(171),35(169),22(196) : 264
16 : 65(94),84(43),55(113),72(77) : 276
17 : 60(100),84(41),95(10),45(140) : 284
18 : 75(72),89(30),36(165),93(20) : 293
19 : 58(107),88(33),60(101),90(28) : 296
20 : 76(65),57(109),96(7),49(132),24(190) : 302
21 : 50(128),59(106),85(40),65(92),52(120) : 311
22 : 58(108),84(42),52(119),83(46),36(168) : 313
23 : 94(13),83(50),83(47),61(99) : 321
24 : 38(154),89(31),73(75),100(2),34(172) : 334
25 : 43(142),49(130),92(22),81(55),76(66) : 341
26 : 95(12),77(63),93(16),83(51) : 348
27 : 95(11),77(64),100(1),39(153),41(146) : 352
28 : 94(14),89(32),97(4),81(56) : 361
29 : 93(17),92(24),57(110),37(161),90(29) : 369
30 : 78(60),88(34),75(68),41(145),61(98),33(176) : 376
31 : 96(6),75(71),68(84),74(73),67(89) : 380
32 : 68(86),98(3),91(26),38(157),88(35) : 383
33 : 70(81),51(122),96(5),60(102),59(104),32(179),24(192) : 392
34 : 49(131),75(69),84(44),82(53),64(96),45(138) : 399
35 : 82(54),64(95),91(27),50(129),63(97),37(160),23(194) : 410
36 : 70(79),87(36),85(39),83(48),72(76),24(191) : 421
37 : 92(21),45(139),47(134),93(19),75(70),40(149),32(180) : 424
38 : 40(150),74(74),80(58),51(123),56(112),84(45),54(117) : 439
39 : 23(193),85(38),72(78),82(52),92(23),65(93),26(188) : 445
40 : 100(0),79(59),93(18),91(25),83(49) : 446
41 : 70(80),70(82),96(9),96(8),38(158),86(37) : 456
42 : 94(15),51(124) : 145
