Bin number: 42
Bin size: 358
Item number: 200
Bin Id: item size (item id),... : total item size
1 : 29(146),51(104),24(151),23(154),59(90),1(199) : 187
2 : 82(45),74(65),83(43),16(172) : 255
3 : 86(39),72(69),76(59),24(152) : 258
4 : 86(40),67(77),51(103),57(94) : 261
5 : 48(107),89(32),72(68),58(92) : 267
6 : 87(36),85(42),53(102),70(72) : 295
7 : 95(12),90(28),64(80),54(100) : 303
8 : 92(20),91(25),67(76),59(89) : 309
9 : 80(50),87(34),77(57),70(73) : 314
10 : 97(10),89(30),69(74),40(126),22(159) : 317
11 : 99(5),95(11),60(86),69(75) : 323
12 : 38(134),99(4),59(91),47(109),60(88),22(158) : 325
13 : 58(93),91(23),94(15),90(29) : 333
14 : 87(35),61(84),76(58),62(83),47(108) : 333
15 : 98(7),99(3),94(16),44(118) : 335
16 : 94(17),65(79),46(113),49(106),87(38) : 341
17 : 100(1),100(2),53(101),91(24) : 344
18 : 97(9),100(0),43(119),82(46),24(150) : 346
19 : 71(71),80(49),79(52),74(64),40(125) : 344
20 : 2(198),4(190),4(192),8(185),4(191),2(196) : 24
21 : 15(175),13(176),13(178),4(189) : 45
22 : 19(164),8(184),16(170),15(174),5(188),7(187) : 70
23 : 28(147),23(153),42(121),9(182),4(193),2(197),4(194) : 112
24 : 38(132),38(131),38(135),16(171) : 130
25 : 23(157),45(115),35(138),32(139),9(183) : 144
26 : 17(167),17(166),30(144),38(133),29(145),19(165),3(195) : 153
27 : 46(112),42(122),40(127),45(116) : 173
28 : 56(98),41(123),57(95),13(177),16(168),19(162) : 202
29 : 56(97),41(124),40(129),24(149),44(117) : 205
30 : 63(82),72(70),64(81),30(142) : 229
31 : 74(63),78(54),60(87),25(148) : 237
32 : 55(99),50(105),36(137),77(56),23(155) : 241
33 : 67(78),86(41),79(51),23(156) : 255
34 : 88(33),81(48),73(66),21(160),7(186) : 270
35 : 76(60),81(47),74(62),36(136) : 267
36 : 72(67),45(114),46(111),83(44),30(141) : 276
37 : 75(61),95(13),46(110),43(120),16(173) : 275
38 : 87(37),57(96),39(130),92(19),19(163) : 294
39 : 91(21),91(22),32(140),60(85),20(161) : 294
40 : 98(8),90(26),78(53),30(143),10(181) : 306
41 : 89(31),93(18),99(6),12(179),10(180) : 303
42 : 90(27),78(55),40(128),95(14),16(169) : 319
