Bin number: 48
Bin size: 360
Item number: 200
Bin Id: item size (item id),... : total item size
1 : 21(195),29(180),31(174) : 81
2 : 25(190),29(179),27(184),20(197) : 101
3 : 32(170),42(149),33(169),20(199) : 127
4 : 25(191),46(141),45(143),27(183) : 143
5 : 31(176),46(142),47(137),26(187) : 150
6 : 37(160),50(129),28(182),44(145) : 159
7 : 52(123),34(165),55(118),40(156) : 181
8 : 48(133),41(152),35(164),59(106) : 183
9 : 55(117),66(88),49(131),21(196) : 191
10 : 32(171),64(98),66(89),31(173) : 193
11 : 66(91),68(81),47(139),20(198) : 201
12 : 28(181),69(78),61(103),50(128) : 208
13 : 37(161),51(124),65(94),41(154),27(185) : 221
14 : 51(125),65(95),67(85),44(144) : 227
15 : 75(66),53(122),67(84),38(158) : 233
16 : 68(83),74(70),64(97),31(175) : 237
17 : 68(80),65(96),67(86),42(151) : 242
18 : 73(72),78(55),66(90),34(166) : 251
19 : 49(130),74(71),48(134),43(147),41(153) : 255
20 : 62(101),78(58),25(189),42(148),58(107) : 265
21 : 86(37),81(49),22(193),47(138),30(177) : 266
22 : 57(112),78(54),54(119),55(116),26(188) : 270
23 : 89(29),78(57),35(162),71(75) : 273
24 : 82(46),76(63),56(114),61(102) : 275
25 : 87(34),60(105),47(135),87(35) : 281
26 : 70(77),92(24),86(38),34(167) : 282
27 : 83(43),57(113),94(20),23(192),27(186) : 284
28 : 91(26),91(25),83(45),22(194) : 287
29 : 55(115),81(50),97(11),57(111) : 290
30 : 76(62),68(82),88(30),63(99) : 295
31 : 82(47),95(15),86(36),34(168) : 297
32 : 94(19),95(17),54(121),58(109) : 301
33 : 81(51),76(61),100(0),46(140) : 303
34 : 98(8),100(1),44(146),61(104) : 303
35 : 83(44),96(13),97(10),35(163) : 311
36 : 39(157),73(73),93(22),75(65),38(159) : 318
37 : 87(33),70(76),85(39),78(56) : 320
38 : 94(21),99(4),47(136),80(52) : 320
39 : 92(23),94(18),84(41),57(110) : 327
40 : 90(27),95(16),77(60),67(87) : 329
41 : 96(12),88(32),98(9),54(120) : 336
42 : 49(132),99(3),32(172),81(48),77(59) : 338
43 : 98(7),63(100),72(74),65(93),42(150) : 340
44 : 58(108),76(64),96(14),30(178),84(42) : 344
45 : 99(5),75(67),74(69),50(127),51(126) : 349
46 : 98(6),65(92),99(2),88(31) : 350
47 : 90(28),75(68),80(53),85(40) : 330
48 : 69(79),40(155) : 109
