Bin number: 34
Bin size: 600
Item number: 200
Bin Id: item size (item id),... : total item size
1 : 80(47),29(169),67(81),59(106) : 235
2 : 94(17),46(129),37(147),61(99) : 238
3 : 84(39),56(111),44(134),39(144) : 223
4 : 63(93),79(48),70(71) : 212
5 : 88(30),53(116),77(60),84(40),90(26),45(130) : 437
6 : 67(79),30(164),68(77),36(151) : 201
7 : 58(107),91(22),67(82),45(132),20(198),31(163),63(94),32(162),76(61) : 483
8 : 64(88),57(109),93(18) : 214
9 : 63(92),61(100),97(14) : 221
10 : 77(58),98(8),24(189) : 199
11 : 52(120),47(127),91(24),27(177),36(150) : 253
12 : 100(4),48(126),100(0),79(51),51(122),87(31) : 465
13 : 34(153),64(89),35(152),45(133),27(176) : 205
14 : 81(46),81(45),68(78),22(194) : 252
15 : 49(125),72(69),62(95),29(170),53(118) : 265
16 : 97(11),100(2),86(35) : 283
17 : 96(15),77(56),55(113),66(84) : 294
18 : 25(184),25(186),26(180),83(41),37(146),72(70),38(145) : 306
19 : 66(83),52(119),30(165),57(108),51(121),73(65) : 329
20 : 87(33),85(38),20(197),25(183),62(96),55(114) : 334
21 : 27(179),79(53),70(72),98(10),72(68) : 346
22 : 75(62),32(161),30(167),70(73),54(115),28(174),42(138),22(192) : 353
23 : 60(103),56(112),100(1),69(75),29(173),28(175),25(185) : 367
24 : 64(90),61(98),91(20),99(6),24(188),22(191),24(187) : 385
25 : 60(104),90(25),69(74),68(76),65(86),42(142) : 394
26 : 65(85),20(199),26(182),67(80),29(172),73(64),61(97),26(181),43(135) : 410
27 : 79(54),99(5),94(16),65(87),72(67) : 409
28 : 33(156),86(34),97(12),42(139),36(148),97(13),32(159) : 423
29 : 50(124),33(155),89(28),85(36),78(55),47(128),33(157),30(166),23(190) : 468
30 : 82(44),79(49),79(50),82(43),36(149),30(168),21(195),93(19) : 502
31 : 50(123),88(29),64(91),77(59),29(171),100(3),82(42),34(154) : 524
32 : 27(178),98(9),87(32),60(105),57(110),75(63),43(137),72(66),20(196) : 539
33 : 22(193),85(37),99(7),79(52),61(102),91(23),40(143),45(131),33(158) : 555
34 : 90(27),53(117),43(136),42(140),61(101),42(141),32(160),77(57),91(21) : 531
