Bin number: 55
Bin size: 359
Item number: 200
Bin Id: item size (item id),... : total item size
1 : 45(155),40(166),33(189),34(187) : 152
2 : 84(44),65(97) : 149
3 : 95(19),56(122) : 151
4 : 96(13),52(133) : 148
5 : 78(54),78(55) : 156
6 : 99(3),62(104) : 161
7 : 75(59),48(147),38(174) : 161
8 : 89(30),35(184),39(171) : 163
9 : 80(52),34(185),50(138) : 164
10 : 88(35),45(153),34(186) : 167
11 : 71(76),44(158),55(126) : 170
12 : 87(39),81(50) : 168
13 : 66(92),31(195),37(178),37(175) : 171
14 : 89(34),35(182),49(144) : 173
15 : 86(40),89(32) : 175
16 : 98(8),30(198),54(129) : 182
17 : 97(12),98(4) : 195
18 : 34(188),92(23),70(79) : 196
19 : 33(190),66(95),63(99),38(173) : 200
20 : 46(150),67(88),60(111),31(194) : 204
21 : 45(154),96(14),66(91) : 207
22 : 85(43),60(108),65(96) : 210
23 : 36(179),35(183),73(67),68(83) : 212
24 : 94(20),50(140),72(71) : 216
25 : 66(90),39(172),81(47),30(197) : 216
26 : 98(9),93(22),30(199) : 221
27 : 46(152),87(38),88(36) : 221
28 : 95(18),40(167),95(17) : 230
29 : 90(29),73(69),41(164),32(191) : 236
30 : 98(7),53(130),51(137),36(180) : 238
31 : 92(24),58(115),92(26) : 242
32 : 56(120),60(109),75(60),52(135) : 243
33 : 79(53),99(2),71(77) : 249
34 : 32(192),55(124),56(123),70(78),39(169) : 252
35 : 100(1),72(72),37(177),50(139) : 259
36 : 57(118),77(56),85(41),44(157) : 263
37 : 94(21),53(132),81(51),36(181) : 264
38 : 97(11),67(86),42(162),60(107) : 266
39 : 63(101),81(49),77(57),52(134) : 273
40 : 66(94),54(127),58(116),46(148),54(128) : 278
41 : 89(31),89(33),63(100),42(163) : 283
42 : 74(62),68(84),39(170),56(119),53(131) : 290
43 : 75(61),42(161),61(105),48(146),66(93) : 292
44 : 88(37),48(145),56(121),59(114),44(159) : 295
45 : 98(6),46(149),82(46),74(64) : 300
46 : 72(73),98(5),67(89),74(63) : 311
47 : 96(16),72(75),92(25),51(136) : 311
48 : 40(165),50(141),81(48),63(98),85(42) : 319
49 : 96(15),59(112),49(143),90(28),30(196) : 324
50 : 73(70),67(87),55(125),62(103),37(176),31(193) : 325
51 : 74(65),60(106),73(68),77(58),49(142) : 333
52 : 46(151),59(113),74(66),83(45),72(74) : 334
53 : 97(10),68(85),45(156),91(27),39(168) : 340
54 : 43(160),70(80),69(82),100(0),62(102) : 344
55 : 57(117),69(81),60(110) : 186
