Bin number: 37
Bin size: 600
Item number: 200
Bin Id: item size (item id),... : total item size
1 : 77(58),32(189),44(153),46(151) : 199
2 : 98(8),39(164),64(100) : 201
3 : 70(79),66(93),67(88) : 203
4 : 70(77),83(39),53(134) : 206
5 : 60(109),80(48),72(71) : 212
6 : 93(18),59(111),67(89) : 219
7 : 66(92),96(14),61(106) : 223
8 : 80(47),38(169),69(81),47(147) : 234
9 : 94(17),54(129),91(24) : 239
10 : 80(46),45(152),57(120),70(78) : 252
11 : 64(99),55(127),48(144),81(45) : 248
12 : 36(177),53(133),55(125),65(95),46(150) : 255
13 : 73(69),100(2),38(170),57(118) : 268
14 : 36(176),97(11),86(35),58(113) : 277
15 : 95(15),77(56),33(184),33(186),56(121) : 294
16 : 35(180),83(41),48(146),73(70),38(165),38(167) : 315
17 : 69(84),69(83),57(119),87(33),41(161) : 323
18 : 61(108),85(38),30(197),74(65),48(145),34(183) : 332
19 : 36(179),78(53),64(96),72(72),97(10) : 347
20 : 76(62),58(114),73(68),72(73),37(174),37(173) : 353
21 : 58(115),63(103),30(194),59(112),71(75),51(138),31(192) : 363
22 : 100(1),67(90),37(175),33(185),92(20),49(142) : 378
23 : 64(98),63(104),99(6),32(188),70(76),31(191),30(199) : 389
24 : 91(25),71(74),68(86),32(187),35(182),69(80),35(181) : 401
25 : 78(54),68(85),38(172),75(64),99(5),52(135) : 410
26 : 64(97),94(16),68(87),44(156),96(12),50(139) : 416
27 : 86(34),47(148),74(67),88(30),57(116),77(60) : 429
28 : 83(40),96(13),43(159),90(26),100(4),30(198) : 442
29 : 53(130),55(126),100(0),79(51),89(28),85(36) : 461
30 : 55(124),44(155),56(122),88(31),78(55),54(128),53(132),40(163) : 468
31 : 61(107),43(157),38(166),92(22),69(82),66(94),77(61),38(168) : 484
32 : 40(162),82(44),80(49),79(50),82(43),30(195),32(190),66(91) : 491
33 : 47(149),56(123),93(19),89(29),36(178),77(59),38(171),76(63) : 512
34 : 100(3),97(9),83(42),87(32),61(105),60(110),51(137) : 539
35 : 44(154),31(193),74(66),85(37),98(7),79(52),90(27),51(136) : 552
36 : 64(102),91(23),57(117),49(143),50(140),30(196),64(101),53(131),43(158),77(57) : 578
37 : 49(141),42(160),92(21) : 183
