Bin number: 43
Bin size: 359
Item number: 200
Bin Id: item size (item id),... : total item size
1 : 4(189),2(197),7(187),13(176),1(199) : 27
2 : 9(183),8(185),16(168),2(196),4(192),2(198) : 41
3 : 12(179),21(160),15(175),17(166),3(195),4(191) : 72
4 : 30(143),28(147),32(140),8(184) : 98
5 : 23(156),16(169),42(121),46(113) : 127
6 : 23(155),40(127),32(139),19(163),16(171) : 130
7 : 45(115),45(116),38(134),19(164) : 147
8 : 41(123),30(144),29(145),60(85),4(193) : 164
9 : 23(157),13(177),49(106),59(91),19(162) : 163
10 : 38(131),60(87),44(117),39(130),4(194) : 185
11 : 40(129),43(119),59(90),22(158),36(137) : 200
12 : 10(180),38(135),30(142),67(76),53(101),16(173) : 214
13 : 72(68),40(128),24(152),46(112),42(122) : 224
14 : 7(186),63(82),76(60),13(178),38(132),40(126) : 237
15 : 45(114),83(43),60(88),57(95) : 245
16 : 48(107),50(105),51(104),41(124),38(133),20(161) : 248
17 : 24(150),74(63),57(96),87(34),10(181) : 252
18 : 25(148),78(54),83(44),44(118),16(172),16(170) : 262
19 : 64(81),58(93),87(35),57(94) : 266
20 : 69(74),80(50),90(28),30(141) : 269
21 : 90(27),78(53),85(42),19(165) : 272
22 : 74(64),89(31),59(89),56(98) : 278
23 : 72(70),67(77),47(108),88(33),5(188) : 279
24 : 54(100),51(103),92(20),82(45),4(190) : 283
25 : 74(65),95(11),97(10),24(151) : 290
26 : 79(52),77(56),62(83),76(58) : 294
27 : 94(16),80(49),76(59),47(109) : 297
28 : 79(51),97(9),46(111),75(61) : 297
29 : 94(17),87(37),87(38),15(174),17(167) : 300
30 : 86(41),77(57),99(3),36(136),9(182) : 307
31 : 95(13),46(110),72(69),99(5) : 312
32 : 92(19),70(73),81(48),69(75) : 312
33 : 35(138),100(2),61(84),56(97),64(80) : 316
34 : 95(12),90(26),81(47),55(99) : 321
35 : 89(30),95(14),43(120),74(62),22(159) : 323
36 : 100(1),89(32),29(146),40(125),73(66) : 331
37 : 91(25),67(78),58(92),94(15),23(154) : 333
38 : 87(36),91(24),90(29),65(79) : 333
39 : 98(8),60(86),86(40),72(67),24(149) : 340
40 : 86(39),91(21),93(18),71(71) : 341
41 : 78(55),99(6),91(22),23(153),53(102) : 344
42 : 100(0),82(46),91(23),70(72) : 343
43 : 98(7),99(4) : 197
