Bin number: 52
Bin size: 359
Item number: 200
Bin Id: item size (item id),... : total item size
1 : 96(12),99(4) : 195
2 : 96(13),34(166),25(189) : 155
3 : 87(34),85(40) : 172
4 : 85(39),65(92),21(195) : 171
5 : 78(55),80(52) : 158
6 : 78(54),77(59) : 155
7 : 51(126),81(50),47(138) : 179
8 : 48(133),88(30),26(187) : 162
9 : 49(132),84(41),67(86),65(94) : 265
10 : 99(2),51(124),70(77),33(169) : 253
11 : 92(23),65(95),42(150) : 199
12 : 87(35),38(158),41(153) : 166
13 : 40(155),83(44),27(184) : 150
14 : 100(1),78(56),81(51) : 259
15 : 98(8),61(104),25(190) : 184
16 : 94(21),97(11),39(157),35(162) : 265
17 : 53(122),64(97),43(147) : 160
18 : 95(15),81(48),64(98),84(42) : 324
19 : 98(9),41(152),82(47) : 221
20 : 99(3),31(174),31(175) : 161
21 : 94(19),32(171),27(186) : 153
22 : 94(20),66(90),22(194),34(167) : 216
23 : 67(87),57(112),90(28),51(125),61(103) : 326
24 : 78(58),22(193),75(66),90(27),72(74) : 337
25 : 81(49),78(57),50(127),67(84) : 276
26 : 75(67),68(83),74(71) : 217
27 : 74(69),98(7),35(164),29(180) : 236
28 : 55(116),87(33),63(100),76(62) : 281
29 : 75(65),59(106),75(68),57(113),67(85) : 333
30 : 96(14),83(43),29(179) : 208
31 : 57(111),50(129),41(154),58(108) : 206
32 : 55(117),68(82),100(0),68(81),57(110) : 348
33 : 70(76),27(185),26(188),20(198),27(183) : 170
34 : 30(178),88(32),69(79) : 187
35 : 28(182),63(99),66(88),44(144) : 201
36 : 66(91),65(96),31(173),32(172),20(197) : 214
37 : 46(140),93(22),58(109),25(191) : 222
38 : 94(18),89(29),49(130) : 232
39 : 86(38),95(17),23(192),30(177) : 234
40 : 86(36),54(120),55(115),47(137) : 242
41 : 92(24),77(60),73(72) : 242
42 : 91(26),80(53),55(118),20(199) : 246
43 : 47(135),52(123),69(78),47(139),42(148) : 257
44 : 62(101),58(107),28(181),88(31),37(161) : 273
45 : 48(134),76(61),54(119),50(128),60(105) : 288
46 : 35(163),32(170),49(131),86(37),44(146),44(145) : 290
47 : 98(6),54(121),42(149),73(73),34(165) : 301
48 : 65(93),56(114),95(16),66(89),21(196) : 303
49 : 71(75),38(159),82(46),76(64),45(143) : 312
50 : 99(5),76(63),91(25),47(136) : 313
51 : 46(141),74(70),42(151),31(176),83(45),46(142) : 322
52 : 97(10),40(156),37(160),68(80),34(168),61(102) : 337
