Bin number: 46
Bin size: 450
Item number: 200
Bin Id: item size (item id),... : total item size
1 : 50(140),37(177),42(164),40(172) : 169
2 : 94(15),43(162),32(194) : 169
3 : 58(121),63(108),49(143) : 170
4 : 79(58),95(13) : 174
5 : 88(29),43(163),53(130) : 184
6 : 83(43),72(78),36(182) : 191
7 : 91(22),61(117),42(166) : 194
8 : 96(8),67(104),35(184) : 198
9 : 44(155),37(178),60(119),62(111) : 203
10 : 79(56),70(88),57(123) : 206
11 : 39(173),70(87),55(126),52(131) : 216
12 : 82(47),51(138),45(152),41(170) : 219
13 : 80(53),89(28),55(127) : 224
14 : 84(41),72(79),69(92) : 225
15 : 74(76),48(147),31(196),74(75) : 227
16 : 62(114),51(135),87(32),32(192) : 232
17 : 63(109),69(90),68(95),36(180) : 236
18 : 98(2),96(10),48(148) : 242
19 : 97(6),55(128),38(175),52(132) : 242
20 : 67(101),61(116),72(82),48(145) : 248
21 : 31(195),49(142),50(139),79(57),44(158) : 253
22 : 31(198),96(7),34(188),90(25) : 251
23 : 32(193),86(35),34(187),75(72),36(181) : 263
24 : 67(100),91(23),52(133),65(105) : 275
25 : 33(189),49(144),81(49),72(80),42(165) : 277
26 : 77(63),75(70),86(37),47(150) : 285
27 : 35(186),76(69),71(85),72(81),40(171) : 294
28 : 43(160),87(31),96(9),75(73) : 301
29 : 80(52),47(149),95(11),52(134),44(156) : 318
30 : 86(34),82(45),48(146),45(154),68(96) : 329
31 : 97(4),89(27),89(26),59(120) : 334
32 : 42(168),78(59),72(84),77(64),68(98) : 337
33 : 36(179),91(21),86(39),97(5),33(191) : 343
34 : 69(91),82(46),75(71),69(94),53(129) : 348
35 : 92(18),76(68),94(14),44(159),51(137) : 357
36 : 81(50),74(74),60(118),91(24),57(122) : 363
37 : 67(102),78(62),42(167),68(97),95(12),33(190) : 383
38 : 86(36),67(103),80(54),79(55),77(67) : 389
39 : 98(3),45(153),67(99),38(174),81(48),65(106) : 394
40 : 71(86),64(107),51(136),35(185),77(66),72(83),36(183) : 406
41 : 93(16),77(65),46(151),78(61),87(33),30(199) : 411
42 : 69(93),99(1),93(17),81(51),73(77) : 415
43 : 88(30),86(38),92(19),99(0),56(124) : 421
44 : 61(115),42(169),70(89),43(161),91(20),84(42),38(176) : 429
45 : 50(141),78(60),86(40),31(197),62(113),82(44),44(157) : 433
46 : 55(125),62(110),62(112) : 179
