Bin number: 38
Bin size: 450
Item number: 200
Bin Id: item size (item id),... : total item size
1 : 5(195),13(180),15(174),4(197),1(199),4(196) : 42
2 : 10(190),13(179),12(184),27(149),10(191) : 72
3 : 17(170),35(141),34(143),12(183) : 98
4 : 34(142),17(169),14(176),22(160),36(137) : 123
5 : 42(129),32(145),12(182),10(187),46(123) : 142
6 : 26(152),24(156),49(118),19(165),56(98) : 174
7 : 39(133),61(88),59(91),17(171) : 176
8 : 54(106),49(117),61(89),20(164),4(198) : 188
9 : 63(81),39(131),64(78),36(139) : 202
10 : 17(173),69(66),58(94),55(103),21(161) : 220
11 : 12(181),68(70),58(95),25(154),46(124),12(185) : 221
12 : 63(83),61(85),57(97),62(84) : 243
13 : 46(125),42(128),80(37),73(55),9(193) : 250
14 : 64(80),68(72),46(122),76(49) : 254
15 : 84(29),68(71),23(158),33(144),58(96) : 266
16 : 61(86),72(58),87(24),15(175),39(134) : 274
17 : 88(20),59(90),81(34),26(151),25(153) : 279
18 : 85(26),40(130),78(46),73(54),10(189) : 286
19 : 85(25),73(57),81(35),31(147),19(166) : 289
20 : 55(101),95(11),70(63),53(107),21(162) : 294
21 : 80(38),79(43),51(112),29(148),66(75) : 305
22 : 90(15),89(19),65(77),50(114),14(177) : 308
23 : 90(17),48(119),36(138),75(50),55(102),10(188) : 314
24 : 98(8),99(1),83(30),39(135) : 319
25 : 50(116),100(0),77(47),79(45),18(167) : 324
26 : 54(105),70(62),50(113),81(36),74(51) : 329
27 : 91(13),63(82),50(115),96(10),10(192),18(168),8(194) : 336
28 : 71(61),79(44),51(111),88(21),56(99),10(186) : 355
29 : 87(22),98(4),81(33),52(109),24(157),20(163) : 362
30 : 48(121),80(39),87(23),90(18),31(146),35(140) : 371
31 : 67(73),85(27),65(76),90(16),55(104),17(172) : 379
32 : 69(65),91(12),73(56),22(159),74(52),52(110) : 381
33 : 98(9),82(32),80(41),98(7),39(132) : 397
34 : 71(60),98(3),38(136),61(87),77(48),59(92) : 404
35 : 90(14),98(5),71(59),53(108),67(74),14(178),26(150) : 419
36 : 56(100),70(64),98(6),58(93),99(2),43(126) : 424
37 : 84(28),69(67),69(69),69(68),48(120),24(155),64(79) : 427
38 : 79(42),42(127),73(53),80(40),83(31) : 357
