Bin number: 45
Bin size: 449
Item number: 200
Bin Id: item size (item id),... : total item size
1 : 32(195),30(198),33(192) : 95
2 : 38(178),39(173),37(181) : 114
3 : 45(155),48(149),49(146) : 142
4 : 30(199),40(169),37(180),50(140) : 157
5 : 33(193),51(136),43(163),33(190) : 160
6 : 38(179),51(137),39(172),45(158) : 173
7 : 51(138),35(185),42(164),49(147) : 177
8 : 59(113),56(118),65(99) : 180
9 : 41(166),58(115),53(130),38(177) : 190
10 : 68(91),72(87),62(109) : 202
11 : 50(143),65(102),39(176),59(114) : 213
12 : 53(129),52(133),80(64),45(157) : 230
13 : 68(92),68(89),72(86),37(182) : 245
14 : 86(50),84(56),89(39) : 259
15 : 80(67),66(96),71(88),43(161) : 260
16 : 89(43),76(76),41(167),65(98) : 271
17 : 83(58),54(127),55(122),43(160),42(165) : 277
18 : 96(20),89(38),56(120),55(123) : 296
19 : 87(48),86(51),93(28),34(189) : 300
20 : 92(33),85(55),49(145),30(197),50(142) : 306
21 : 94(26),72(85),74(79),67(94) : 307
22 : 80(65),89(41),86(49),56(119) : 311
23 : 73(80),58(117),49(144),93(30),39(174) : 312
24 : 45(156),47(152),78(71),32(194),33(191),82(60) : 317
25 : 54(125),50(141),48(151),99(9),73(84) : 324
26 : 100(2),89(40),97(17),41(168) : 327
27 : 96(22),84(57),100(3),51(135) : 331
28 : 94(27),95(25),96(18),46(154) : 331
29 : 100(5),36(183),95(23),73(81),39(175) : 343
30 : 83(59),78(70),68(90),35(184),82(61) : 346
31 : 96(21),99(8),77(74),79(68) : 351
32 : 88(47),62(107),99(6),64(104),44(159) : 357
33 : 98(12),78(72),63(106),43(162),80(66) : 362
34 : 65(97),85(53),54(124),98(13),64(103) : 366
35 : 95(24),52(132),93(29),100(4),34(188) : 374
36 : 48(148),76(75),40(170),98(10),78(73),40(171) : 380
37 : 100(1),98(14),92(31),63(105),34(186) : 387
38 : 96(19),73(83),90(36),79(69),62(108) : 400
39 : 65(100),100(0),88(46),58(116),60(111),31(196) : 402
40 : 85(52),46(153),89(44),82(62),54(126),55(121) : 411
41 : 89(42),73(82),85(54),91(34),81(63) : 419
42 : 53(128),65(101),99(7),89(45),68(93),48(150) : 422
43 : 50(139),97(16),34(187),90(35),92(32),66(95) : 429
44 : 76(77),98(15),51(134),98(11),52(131),59(112) : 434
45 : 62(110),75(78),89(37) : 226
