Bin number: 36
Bin size: 598
Item number: 200
Bin Id: item size (item id),... : total item size
1 : 20(199),24(186),39(156) : 83
2 : 34(167),24(187),25(182),29(177) : 112
3 : 40(152),31(173),39(155),21(195) : 131
4 : 53(118),49(126),54(114) : 156
5 : 47(133),41(147),25(184),45(136) : 158
6 : 40(151),31(174),36(162),41(148),29(178) : 177
7 : 24(189),25(183),36(163),57(105),38(159) : 180
8 : 64(83),61(90),72(61) : 197
9 : 62(87),55(111),43(143),43(141) : 203
10 : 35(166),45(137),33(170),45(135),52(121) : 210
11 : 62(88),61(91),74(57),43(144) : 240
12 : 64(85),58(103),72(62),48(127) : 242
13 : 54(115),54(116),71(67),31(175),20(197),36(164) : 266
14 : 26(181),80(43),60(94),80(41),33(169) : 279
15 : 94(10),86(30),50(125),68(72) : 298
16 : 88(20),84(33),24(185),58(100),20(198),32(171) : 306
17 : 65(77),95(7),71(65),86(28) : 317
18 : 58(101),54(113),57(107),93(13),81(40) : 343
19 : 43(140),56(109),80(42),35(165),79(46),57(106) : 350
20 : 77(50),56(108),48(128),99(2),61(92),21(196) : 362
21 : 85(31),78(47),48(132),88(22),66(75) : 365
22 : 93(12),53(120),53(119),94(11),89(16) : 382
23 : 75(55),71(63),71(64),92(14),59(99),34(168) : 402
24 : 99(1),84(32),40(154),71(66),48(130),43(142),23(190) : 408
25 : 77(51),89(17),87(24),98(4),56(110) : 407
26 : 83(34),86(29),96(6),98(3),68(71) : 431
27 : 74(56),73(60),71(68),87(26),40(153),62(86),32(172) : 439
28 : 67(73),64(84),59(98),42(146),62(89),42(145),37(161),83(35) : 456
29 : 98(5),65(81),70(69),58(102),38(157),48(131),87(27) : 464
30 : 79(44),51(122),77(53),77(54),30(176),57(104),60(95),28(179),22(192) : 481
31 : 59(96),59(97),88(21),48(129),83(36),82(39),78(48) : 497
32 : 65(79),89(19),66(76),44(138),44(139),69(70),47(134),66(74),21(194) : 511
33 : 37(160),41(149),74(58),100(0),40(150),22(191),50(123),83(38),54(112),27(180) : 528
34 : 79(45),22(193),77(52),65(78),88(23),60(93),65(80),94(9) : 550
35 : 53(117),73(59),64(82),89(18),24(188),95(8),77(49),83(37) : 558
36 : 87(25),92(15),38(158),50(124) : 267
