Bin number: 28
Bin size: 747
Item number: 200
Bin Id: item size (item id),... : total item size
1 : 39(156),32(172),83(37),57(105),20(199) : 231
2 : 21(195),83(36),77(50),31(173),22(191) : 234
3 : 61(91),74(56),77(53),35(165) : 247
4 : 86(30),66(74),74(58),23(190) : 249
5 : 88(21),50(124),37(160),66(75),41(148) : 282
6 : 38(157),99(1),99(2),54(114) : 290
7 : 29(177),59(96),28(179),47(133),40(154),54(113),48(130) : 305
8 : 70(69),77(49),56(108),54(112),74(57) : 331
9 : 45(137),36(164),78(48),86(29),57(104),40(151) : 342
10 : 38(159),94(9),62(88),95(8),29(178),37(161) : 355
11 : 33(170),44(138),68(72),53(120),80(41),65(79),24(187) : 367
12 : 75(55),59(97),77(54),82(39),59(98),24(189) : 376
13 : 73(59),73(60),34(168),68(71),98(5),48(131) : 394
14 : 72(61),84(33),87(27),94(11),71(63) : 408
15 : 32(171),58(100),92(14),65(80),56(109),92(15),30(176) : 425
16 : 88(22),48(127),56(110),80(42),87(24),66(76),31(174) : 456
17 : 89(19),48(128),71(68),57(106),88(20),89(17),35(166) : 477
18 : 88(23),42(146),80(43),21(196),98(4),83(34),48(132),24(188) : 484
19 : 25(184),40(152),83(38),64(85),54(116),79(45),41(147),49(126),59(99) : 494
20 : 24(185),55(111),85(31),51(122),61(92),43(143),41(149),87(25),50(125),22(193) : 519
21 : 48(129),81(40),62(89),93(13),62(87),94(10),95(7) : 535
22 : 77(52),83(35),25(182),72(62),77(51),47(134),43(142),67(73),64(82) : 555
23 : 44(139),61(90),54(115),31(175),58(101),21(194),25(183),27(180),84(32),43(144),34(167),71(64),24(186) : 577
24 : 60(95),57(107),89(18),40(153),100(0),53(118),71(67),93(12),42(145) : 605
25 : 62(86),65(81),39(155),89(16),78(47),69(70),65(78),86(28),60(93),20(198) : 633
26 : 71(66),40(150),36(162),71(65),43(140),60(94),65(77),64(84),26(181),96(6),87(26) : 659
27 : 52(121),45(135),98(3),53(119),79(44),58(103),50(123),22(192),36(163),43(141),58(102),33(169),20(197),38(158) : 685
28 : 45(136),53(117),64(83),79(46) : 241
