Bin number: 31
Bin size: 747
Item number: 200
Bin Id: item size (item id),... : total item size
1 : 44(156),86(37),31(195),69(91) : 230
2 : 40(172),65(105),86(36),39(173) : 230
3 : 81(50),88(30),74(74) : 243
4 : 30(199),79(56),80(53),56(124) : 245
5 : 33(191),42(165),91(21),99(1) : 265
6 : 79(58),44(157),33(190),43(160),37(177),48(148) : 284
7 : 74(75),98(2),52(133),76(69) : 300
8 : 68(96),62(114),36(179),45(154),51(137),42(164) : 304
9 : 62(113),81(49),53(130),63(108),75(72) : 334
10 : 62(112),79(57),81(48),88(29),41(170) : 351
11 : 44(159),67(104),46(151),96(9),43(161),59(120) : 355
12 : 70(88),96(8),37(178),79(55),51(138),34(187) : 367
13 : 84(41),72(79),68(97),80(54),78(59) : 382
14 : 78(60),86(39),68(98),33(189),78(61),52(131) : 395
15 : 42(168),75(71),97(5),95(11),94(14) : 403
16 : 87(33),89(27),40(171),67(100),72(80),63(109) : 418
17 : 77(63),94(15),91(22),55(127),65(106),48(146) : 430
18 : 62(110),84(42),92(19),55(128),76(68),93(17) : 462
19 : 91(24),91(20),74(76),83(43),97(4),42(166) : 478
20 : 91(23),38(176),31(196),38(174),35(184),45(152),86(34),86(38),34(188) : 484
21 : 52(132),71(85),82(45),35(185),62(111),55(126),57(122),87(31) : 501
22 : 61(116),48(147),67(99),69(92),53(129),49(143),47(149),86(40),32(193) : 512
23 : 90(25),55(125),70(89),95(13),86(35),96(7),50(139) : 542
24 : 70(87),80(52),36(182),96(10),78(62),81(51),75(73),36(183) : 552
25 : 69(90),52(134),49(142),61(115),72(82),38(175),67(101),32(194),36(180),42(167),64(107) : 582
26 : 68(95),87(32),77(64),92(18),45(153),99(0),60(118),77(67) : 605
27 : 49(144),35(186),71(86),95(12),72(81),48(145),44(155),82(47),75(70),43(162) : 614
28 : 93(16),72(78),89(28),77(66),47(150),77(65),69(93),69(94),58(121) : 651
29 : 31(198),50(140),73(77),72(84),36(181),97(6),89(26),98(3),60(119),67(103) : 673
30 : 51(135),82(44),57(123),32(192),43(163),50(141),51(136),67(102),42(169),31(197),44(158),72(83),82(46) : 704
31 : 61(117) : 61
