Bin number: 38
Bin size: 449
Item number: 200
Bin Id: item size (item id),... : total item size
1 : 24(155),89(19),46(122),10(189),1(199) : 170
2 : 79(44),91(13) : 170
3 : 19(166),73(54),73(55),5(195),4(198) : 174
4 : 98(3),71(59),12(184) : 181
5 : 39(133),57(97),83(30),4(197) : 183
6 : 31(147),74(52),81(35) : 186
7 : 65(76),17(171),80(39),10(187),23(158) : 195
8 : 59(92),81(34),25(153),12(185),10(186),10(188) : 197
9 : 15(174),80(40),43(126),36(138),14(178),12(182) : 200
10 : 75(50),98(8),15(175),10(190),12(183) : 210
11 : 55(104),82(32),64(79),13(179) : 214
12 : 91(12),87(23),42(129),8(194) : 228
13 : 98(4),26(150),61(88),51(111) : 236
14 : 58(95),56(99),33(144),90(14) : 237
15 : 25(154),79(43),59(91),53(108),26(152) : 242
16 : 58(96),88(20),63(83),35(140),10(191) : 254
17 : 59(90),69(67),17(172),98(9),13(180) : 256
18 : 17(173),87(22),77(47),80(38) : 261
19 : 68(71),90(18),18(167),84(29),10(192) : 270
20 : 98(7),69(69),20(164),48(120),50(115) : 285
21 : 90(17),81(36),40(130),73(53) : 284
22 : 87(24),52(109),36(137),71(60),46(124) : 292
23 : 85(26),99(2),46(123),68(72) : 298
24 : 65(77),39(135),99(1),64(78),39(132),4(196) : 310
25 : 49(118),73(56),88(21),95(11),14(177) : 319
26 : 17(169),80(41),24(157),61(86),74(51),21(162),36(139),12(181) : 325
27 : 55(101),76(49),73(57),58(94),42(127),29(148) : 333
28 : 50(116),53(107),83(31),81(33),39(134),39(131) : 345
29 : 56(100),70(62),20(163),62(84),17(170),48(119),80(37) : 353
30 : 71(61),21(161),31(146),32(145),98(6),48(121),58(93) : 359
31 : 54(105),42(128),27(149),50(114),67(73),90(16),22(159),14(176) : 366
32 : 66(75),98(5),78(46),70(64),38(136),35(141) : 385
33 : 61(89),70(63),19(165),85(25),90(15),56(98),9(193) : 390
34 : 77(48),61(87),84(28),79(42),46(125),55(103) : 402
35 : 68(70),51(112),34(143),69(65),69(68),50(113),61(85) : 402
36 : 54(106),26(151),69(66),96(10),79(45),67(74),24(156) : 415
37 : 72(58),85(27),49(117),34(142),64(80),63(82),52(110) : 419
38 : 22(160),100(0),18(168),63(81),55(102) : 258
