Bin number: 36
Bin size: 598
Item number: 200
Bin Id: item size (item id),... : total item size
1 : 20(199),38(156),31(173) : 89
2 : 33(167),24(186),51(118) : 108
3 : 39(152),24(187),39(155),26(182) : 128
4 : 44(133),30(177),52(114),25(184) : 151
5 : 48(126),40(147),44(136),25(183) : 157
6 : 39(151),34(162),31(174),40(148),34(163) : 178
7 : 23(189),29(178),63(83),61(90) : 176
8 : 36(159),57(105),62(87),43(137) : 198
9 : 33(166),53(111),41(143),43(141),32(170) : 202
10 : 22(195),73(61),44(135),57(103),21(197) : 217
11 : 62(85),62(88),61(91),50(121) : 235
12 : 75(57),72(62),51(115),30(175),27(181) : 255
13 : 41(144),51(116),47(127),70(67),21(198),32(169) : 262
14 : 81(43),60(94),95(10),49(125) : 285
15 : 34(164),83(41),88(30),25(185),58(100) : 288
16 : 90(20),68(72),87(33),66(77) : 311
17 : 95(7),71(65),55(107),43(140),55(109) : 319
18 : 31(171),89(28),93(13),34(165),84(40) : 331
19 : 53(113),58(101),97(2),78(50),55(108) : 341
20 : 83(42),80(46),61(92),56(106),80(47) : 360
21 : 46(128),45(132),88(31),90(22),94(12) : 363
22 : 50(120),50(119),67(75),94(11),21(196),58(99),42(142) : 382
23 : 75(55),93(16),71(63),93(14),70(66) : 402
24 : 71(64),39(154),99(1),77(51),23(190),96(4) : 405
25 : 45(130),32(168),88(32),92(17),96(6),55(110) : 408
26 : 90(24),73(60),75(56),89(29),97(3) : 424
27 : 86(34),70(68),69(71),90(26),62(84),59(98) : 436
28 : 39(153),67(73),62(86),96(5),62(89),41(145),35(161),49(122) : 451
29 : 40(146),31(172),63(81),86(35),69(69),58(102),81(44),30(176) : 458
30 : 37(157),77(53),45(131),76(54),90(27),59(96),28(179),46(129),22(192) : 480
31 : 57(104),60(95),59(97),90(21),86(36),78(48),66(76) : 496
32 : 64(79),84(39),91(19),43(138),43(139),36(160),69(70),40(149),40(150) : 510
33 : 44(134),67(74),74(58),100(0),22(194),80(45),27(180),65(78),51(117) : 530
34 : 23(191),49(123),53(112),84(38),22(193),77(52),90(23),60(93),64(80),24(188) : 546
35 : 73(59),92(18),95(9),95(8),93(15),37(158),84(37) : 569
36 : 63(82),90(25),78(49),49(124) : 280
