Bin number: 34
Bin size: 449
Item number: 200
Bin Id: item size (item id),... : total item size
1 : 21(155),77(44),67(54),3(195),1(198),1(199) : 170
2 : 92(19),67(55),6(189),8(184) : 173
3 : 95(13),17(166),33(122),29(133) : 174
4 : 100(3),65(59),12(174),5(190) : 182
5 : 44(97),86(30),22(147),13(171),20(158) : 185
6 : 70(52),84(35),21(153),12(175) : 187
7 : 55(76),80(39),48(92),7(187),3(194),2(197) : 195
8 : 84(34),80(40),32(126),3(196) : 199
9 : 8(185),7(186),72(50),97(8),22(150) : 206
10 : 26(138),40(104),86(32),6(188),9(182),46(95) : 213
11 : 10(178),96(12),91(23),21(154) : 218
12 : 99(4),54(79),44(99),39(108) : 236
13 : 50(88),36(111),24(144),30(129),95(14),8(183) : 243
14 : 78(43),48(91),44(96),49(90),13(172),12(173),4(191) : 248
15 : 10(179),92(20),52(83),97(9) : 251
16 : 59(67),21(152),25(140),91(22),56(71),4(192),4(193) : 260
17 : 76(47),93(18),15(167),81(38),9(180) : 274
18 : 86(29),94(17),57(69),17(164),29(130) : 283
19 : 98(7),90(24),33(120),36(115),28(135) : 285
20 : 83(36),39(109),87(26),70(53),14(170) : 293
21 : 26(137),63(60),100(2),32(124),54(77),15(169),11(177) : 301
22 : 100(1),32(123),54(78),35(118),92(21) : 313
23 : 56(72),67(56),96(11),20(157),51(86),25(139) : 315
24 : 29(132),79(41),71(51),72(49),18(162),46(94),9(181) : 324
25 : 43(101),66(57),31(127),86(31),85(33),22(148) : 333
26 : 35(116),39(107),44(100),28(134),62(62),63(61),52(84),22(149) : 345
27 : 17(163),19(161),35(119),29(131),83(37),40(105),30(128),23(146),33(121),47(93) : 356
28 : 23(145),99(6),36(114),55(73),94(16),61(64) : 368
29 : 55(75),99(5),76(46),50(89),62(63),17(165),26(136) : 385
30 : 20(159),89(25),25(141),95(15),73(48),44(98),41(103) : 387
31 : 56(70),50(87),86(28),78(42),36(112),60(65),36(113) : 402
32 : 25(143),32(125),40(106),21(151),58(68),66(58),12(176),76(45),51(85),25(142) : 406
33 : 60(66),96(10),55(74),20(156),87(27),35(117),53(80),15(168) : 421
34 : 20(160),53(82),100(0),53(81),39(110),41(102) : 306
