Bin number: 44
Bin size: 450
Item number: 200
Bin Id: item size (item id),... : total item size
1 : 97(15),47(140),27(182) : 171
2 : 56(121),36(164),79(58) : 171
3 : 29(177),61(108),37(162),46(143) : 173
4 : 30(172),97(13),37(163),20(198) : 184
5 : 91(29),93(22) : 184
6 : 85(43),51(130),58(117) : 194
7 : 72(78),98(8),26(184) : 196
8 : 41(155),79(56),28(178),56(119) : 204
9 : 62(104),68(88),59(111),21(194) : 210
10 : 35(166),69(87),55(126),53(127) : 212
11 : 29(173),84(47),48(138),56(123) : 217
12 : 80(53),86(41),60(109) : 226
13 : 72(76),42(152),92(28),21(196) : 227
14 : 51(131),72(79),49(135),34(170),22(192) : 228
15 : 67(92),58(114),44(147),63(101) : 232
16 : 89(32),73(75),52(128),21(195) : 235
17 : 68(90),100(2),28(180),46(142) : 242
18 : 99(6),97(10),25(188),21(193) : 242
19 : 65(95),44(148),29(175),58(116),50(132) : 246
20 : 71(82),98(7),48(139),40(158) : 257
21 : 79(57),45(145),88(35),25(187),24(189) : 261
22 : 93(25),63(100),50(133),62(105) : 268
23 : 93(23),73(72),45(144),28(181),37(160) : 276
24 : 76(63),72(80),75(70),25(186),36(165) : 284
25 : 83(49),75(69),87(37),43(150) : 288
26 : 70(85),90(31),98(9),43(149) : 301
27 : 71(81),31(171),81(52),97(11),28(179) : 308
28 : 73(73),88(34),85(45),44(146),35(168) : 325
29 : 99(4),92(27),93(26),50(134) : 334
30 : 56(120),42(154),79(59),94(21),70(84) : 341
31 : 64(96),76(64),67(91),64(98),74(71) : 345
32 : 41(156),87(39),84(46),96(18),39(159) : 347
33 : 65(94),99(5),52(129),82(50),23(191),35(167) : 356
34 : 75(68),97(14),73(74),56(118),63(102) : 364
35 : 49(137),93(24),76(62),63(103),64(97),29(174) : 374
36 : 88(36),97(12),100(3),79(55),26(185) : 390
37 : 24(190),80(54),42(153),64(99),56(122),84(48),43(151) : 393
38 : 75(67),62(107),70(86),96(16),70(83),27(183) : 400
39 : 49(136),75(66),75(65),62(106),76(61),72(77) : 409
40 : 65(93),100(1),81(51),89(33),34(169),47(141) : 416
41 : 96(17),91(30),87(38),58(115),56(124),29(176) : 417
42 : 20(199),95(19),100(0),37(161),94(20),21(197),59(113) : 426
43 : 68(89),78(60),86(42),86(40),56(125),60(110) : 434
44 : 59(112),85(44),40(157) : 184
