Bin number: 33
Bin size: 598
Item number: 200
Bin Id: item size (item id),... : total item size
1 : 1(199),18(167),17(173) : 36
2 : 24(156),10(186),26(152),14(177),4(197) : 78
3 : 10(187),24(155),12(182),39(133),12(184),10(189) : 107
4 : 15(174),31(147),43(126),26(151),21(162),5(195) : 141
5 : 49(118),14(178),50(114),12(183),22(159) : 147
6 : 38(136),20(163),29(148),63(83) : 150
7 : 19(166),59(90),54(105),36(137),4(198) : 172
8 : 17(170),34(143),61(87),35(141),39(135),4(196) : 190
9 : 51(111),71(61),59(91),12(181),12(185) : 205
10 : 61(85),61(88),55(103),15(175),42(127) : 234
11 : 48(121),33(144),73(57),70(62),20(164) : 244
12 : 50(115),50(116),69(67),79(43),10(190) : 258
13 : 83(30),81(33),96(10),17(169),19(165) : 296
14 : 58(94),80(41),88(20),68(72) : 294
15 : 46(125),65(77),69(65),84(28),35(140) : 299
16 : 17(171),98(7),50(113),53(107),91(13) : 309
17 : 56(100),55(101),80(40),52(109),75(50) : 318
18 : 79(42),42(128),39(132),78(46),59(92),54(106) : 351
19 : 53(108),83(31),99(2),77(47),48(120) : 360
20 : 87(22),91(12),48(119),66(75),25(154),18(168),40(130) : 375
21 : 95(11),90(16),70(63),56(99),82(32) : 393
22 : 73(55),74(51),70(64),99(1),69(66),14(176) : 399
23 : 90(14),34(142),90(17),87(24),81(34),21(161) : 403
24 : 98(4),84(29),71(60),73(56),25(153),69(68) : 420
25 : 98(6),52(110),98(3),68(71),31(146),32(145),62(84) : 441
26 : 17(172),85(26),61(86),67(73),56(98),98(5),63(81) : 447
27 : 61(89),81(35),24(157),46(122),69(69),55(102),73(53),39(131),13(179) : 461
28 : 79(44),73(54),85(27),55(104),58(96),57(97),10(192),64(79) : 481
29 : 58(95),42(129),88(21),81(36),80(39),77(48),36(138),36(139) : 498
30 : 65(76),89(19),22(160),68(70),39(134),27(149),67(74),72(58),10(191),46(123),13(180) : 518
31 : 26(150),8(194),100(0),80(38),79(45),51(112),9(193),74(52),64(78),49(117) : 540
32 : 87(23),58(93),64(80),63(82),10(188),90(18),98(9),90(15) : 560
33 : 71(59),98(8),85(25),76(49),23(158),80(37),46(124) : 479
