Bin number: 43
Bin size: 447
Item number: 200
Bin Id: item size (item id),... : total item size
1 : 30(198),34(185),44(164) : 108
2 : 37(176),36(178),34(184),32(196) : 139
3 : 56(121),48(147),58(115) : 162
4 : 53(131),52(135),33(188),47(153) : 185
5 : 37(175),32(192),33(190) : 102
6 : 37(174),32(191),42(170),53(132) : 164
7 : 100(0),100(2),98(9),72(83),46(159) : 416
8 : 82(48),73(78),61(105),82(47) : 298
9 : 51(138),52(133),59(112),48(144) : 210
10 : 90(32),85(43),54(129),45(162) : 274
11 : 94(18),40(172),100(5),47(155),75(72) : 356
12 : 78(66),78(62),65(94),98(8) : 319
13 : 51(139),46(157),68(90),55(122) : 220
14 : 35(182),62(104),64(98),64(97) : 225
15 : 48(145),43(167),65(95),80(54) : 236
16 : 43(166),41(171),75(70),33(189),48(146) : 240
17 : 56(116),54(127),86(41),55(123) : 251
18 : 78(63),86(39),43(165),48(151) : 255
19 : 79(56),83(45),47(154),55(124) : 264
20 : 86(40),72(82),69(87),37(177) : 264
21 : 72(81),96(13),75(69),30(199) : 273
22 : 78(65),90(33),56(117),63(99) : 287
23 : 79(59),81(51),48(149),85(44) : 293
24 : 42(168),73(77),79(60),51(137),63(103) : 308
25 : 76(68),50(142),77(67),78(61),33(187) : 314
26 : 87(36),85(42),94(19),60(107) : 326
27 : 87(37),96(12),48(148),66(92),32(193) : 329
28 : 94(21),91(28),99(6),51(136) : 335
29 : 94(22),30(197),94(20),32(194),92(25) : 342
30 : 47(152),58(114),97(10),90(31),56(120) : 348
31 : 59(111),92(26),65(96),47(156),90(34) : 353
32 : 45(160),50(141),81(53),92(27),100(4) : 368
33 : 59(110),63(102),82(50),73(80),91(30) : 368
34 : 96(11),79(57),53(130),63(100),80(55) : 371
35 : 34(183),70(85),74(76),38(173),68(89),50(140),45(163) : 379
36 : 75(73),75(74),98(7),95(15),45(161) : 388
37 : 100(3),93(23),88(35),49(143),67(91) : 397
38 : 74(75),95(16),32(195),70(86),54(128),79(58) : 404
39 : 91(29),95(17),68(88),55(126),60(109),36(179) : 405
40 : 52(134),100(1),65(93),71(84),33(186),86(38) : 407
41 : 36(181),73(79),59(113),92(24),82(49),83(46) : 425
42 : 75(71),61(106),56(118),36(180),96(14),63(101),42(169) : 429
43 : 81(52),46(158),60(108),56(119),78(64),55(125),48(150) : 424
