Bin number: 37
Bin size: 598
Item number: 200
Bin Id: item size (item id),... : total item size
1 : 20(199),25(186),41(156) : 86
2 : 35(167),29(173),25(187),26(184) : 115
3 : 42(152),29(177),41(155),24(189) : 136
4 : 27(182),56(118),29(174),44(147) : 156
5 : 50(133),55(126),37(162),27(183) : 169
6 : 58(114),49(136),28(178),37(163) : 172
7 : 43(151),44(148),39(159),62(105) : 188
8 : 35(166),68(90),49(137),59(111) : 211
9 : 70(83),21(195),46(143),76(61) : 213
10 : 69(87),34(170),47(141),49(135),21(197) : 220
11 : 68(88),67(91),63(103),56(121) : 254
12 : 70(85),79(57),45(144),28(181),36(164) : 258
13 : 29(175),76(62),58(115),75(67),31(171) : 269
14 : 53(127),58(116),85(43),56(125),26(185) : 278
15 : 97(10),86(41),91(30),34(169) : 308
16 : 65(94),89(33),94(20),63(100) : 311
17 : 20(198),73(72),98(7),72(77),59(113) : 322
18 : 75(65),92(28),62(107),47(140),60(109) : 336
19 : 63(101),36(165),97(13),86(40),67(92) : 349
20 : 86(42),82(50),52(128),84(46),62(106) : 366
21 : 100(2),61(108),90(31),84(47),35(168) : 370
22 : 50(132),93(22),56(120),97(12),56(119),24(190) : 376
23 : 97(11),73(75),21(196),79(55),76(63),51(130) : 397
24 : 96(16),100(1),42(154),81(51),89(32) : 408
25 : 76(64),64(99),97(14),75(66),99(4) : 411
26 : 46(142),96(17),93(24),88(34),91(29) : 414
27 : 99(6),78(60),100(3),75(68),60(110),30(172) : 442
28 : 79(56),74(71),42(153),73(73),44(146),70(86),64(98) : 446
29 : 93(26),37(161),99(5),45(145),68(89),88(35),29(176) : 459
30 : 70(84),71(81),40(157),63(102),56(122),85(44),80(53) : 465
31 : 75(69),51(131),80(54),92(27),65(95),28(179),94(21) : 485
32 : 62(104),64(96),64(97),52(129),88(36),72(79),48(138),50(134) : 500
33 : 87(39),22(192),84(48),72(76),95(19),37(160),75(70),43(149) : 515
34 : 48(139),73(74),100(0),21(194),79(58),43(150),23(191),85(45),56(123) : 528
35 : 28(180),87(38),59(112),81(52),72(78),58(117),93(23),72(80) : 550
36 : 21(193),65(93),79(59),71(82),25(188),96(18),98(9),98(8) : 553
37 : 93(25),83(49),97(15),40(158),87(37),56(124) : 456
