Bin number: 41
Bin size: 450
Item number: 200
Bin Id: item size (item id),... : total item size
1 : 92(15),43(140),36(164) : 171
2 : 52(121),29(177),56(108),32(172) : 169
3 : 74(58),80(43),25(182) : 179
4 : 93(13),36(162),36(163),20(198) : 185
5 : 86(29),48(130),53(117) : 187
6 : 88(22),65(78),39(155) : 192
7 : 95(8),74(56),29(178) : 198
8 : 43(143),57(104),53(119),48(131) : 201
9 : 62(88),35(166),31(173),62(87),21(194) : 211
10 : 55(111),78(47),44(138),40(152) : 217
11 : 49(126),77(53),48(127),50(123) : 224
12 : 80(41),86(28),61(92) : 227
13 : 66(76),65(79),56(109),41(147) : 228
14 : 25(184),54(114),84(32),21(196),48(128) : 232
15 : 45(135),33(170),96(6),60(95) : 234
16 : 66(75),99(2),22(192),54(116) : 241
17 : 61(90),94(10),58(101),27(180) : 240
18 : 41(148),31(175),21(195),64(82),95(7) : 252
19 : 43(142),44(139),48(132),24(188),74(57),22(193) : 255
20 : 42(145),87(25),83(35),24(187),26(181) : 262
21 : 58(100),88(23),38(158),24(189),43(144),24(186) : 275
22 : 68(72),47(133),57(105),69(70),35(165) : 276
23 : 71(63),77(49),65(80),70(69) : 283
24 : 64(85),37(160),32(171),83(37),85(31) : 301
25 : 65(81),40(150),94(9),67(73),42(146) : 308
26 : 77(52),41(149),83(34),94(11),22(191) : 317
27 : 79(45),98(4),87(27),28(179),39(156) : 331
28 : 34(168),87(26),53(120),40(154),59(96),64(84) : 337
29 : 47(134),73(59),88(21),71(64),61(91) : 340
30 : 82(39),59(98),79(46),68(71),60(94) : 348
31 : 89(18),98(5),48(129),77(50),45(137) : 357
32 : 71(68),92(14),38(159),53(118),87(24),23(190) : 364
33 : 66(74),58(102),72(62),34(167),83(36),59(97) : 372
34 : 58(103),98(3),75(55),77(54),59(99),25(183) : 392
35 : 93(12),40(153),71(67),51(122),31(174),62(86),45(136) : 393
36 : 78(48),57(107),89(16),71(66),40(151),72(61) : 407
37 : 24(185),64(83),57(106),99(1),89(17),77(51) : 410
38 : 71(65),60(93),84(33),83(38),65(77),50(124) : 413
39 : 86(30),54(115),89(19),100(0),62(89),30(176) : 421
40 : 20(199),33(169),43(141),37(161),88(20),73(60),81(40),50(125) : 425
41 : 80(42),20(197),54(113),56(110),54(112),79(44),38(157) : 381
