Bin number: 43
Bin size: 447
Item number: 200
Bin Id: item size (item id),... : total item size
1 : 30(198),39(175),33(190) : 102
2 : 33(192),42(164),38(176) : 113
3 : 34(185),37(178),33(191),31(196) : 135
4 : 39(170),35(184),39(174),47(147) : 160
5 : 56(121),52(132),57(115) : 165
6 : 52(131),51(135),46(153),34(188) : 183
7 : 50(138),58(112),52(133),48(144) : 208
8 : 44(157),67(90),62(104),42(166) : 215
9 : 50(139),56(122),48(145),64(98) : 218
10 : 36(182),41(167),64(95),39(171),47(146) : 227
11 : 78(54),64(97),57(116),42(165) : 241
12 : 73(70),84(41),34(189),54(127) : 245
13 : 75(63),85(39),87(32) : 247
14 : 77(56),68(82),46(151),68(81) : 259
15 : 84(40),55(123),82(45),38(177) : 259
16 : 46(154),83(43),55(124),79(51) : 263
17 : 93(13),75(65),53(129),56(117) : 277
18 : 87(33),68(87),63(99),61(105) : 279
19 : 77(59),80(48),81(47),51(137) : 289
20 : 74(69),70(78),71(77),75(62) : 290
21 : 76(60),83(44),74(66),43(162),30(199) : 306
22 : 47(149),41(168),74(68),49(142),96(8) : 307
23 : 74(67),76(61),86(36),83(42) : 319
24 : 93(12),65(94),85(37),47(148),33(193) : 323
25 : 91(19),62(103),66(92),61(107),46(152) : 326
26 : 90(21),88(28),90(22),58(111) : 326
27 : 34(187),97(6),90(20),30(197),32(194),45(155) : 328
28 : 94(10),89(25),58(114),51(136),56(120) : 348
29 : 89(26),92(18),87(31),39(172),44(156) : 351
30 : 98(5),64(96),58(110),44(160),94(11) : 358
31 : 88(27),87(34),49(141),80(50),63(102) : 367
32 : 73(72),98(4),69(80),88(30),39(173) : 367
33 : 78(53),53(130),71(76),68(85),35(183),63(100) : 368
34 : 77(57),78(55),72(73),67(89),50(140),32(195) : 376
35 : 71(74),96(7),42(163),93(15),88(29) : 390
36 : 99(3),90(23),43(161),71(75),93(16) : 396
37 : 86(35),49(143),66(91),54(128),92(17),52(134) : 399
38 : 68(86),77(58),100(1),67(88),60(109),34(186) : 406
39 : 54(126),68(84),66(93),95(9),68(83),61(106) : 412
40 : 99(2),100(0),44(159),85(38),89(24) : 417
41 : 37(179),70(79),37(181),73(71),81(46),79(52),44(158) : 421
42 : 58(113),80(49),93(14),56(118),63(101),37(180),41(169) : 428
43 : 60(108),56(119),75(64),55(125),46(150) : 292
