Bin number: 31
Bin size: 598
Item number: 200
Bin Id: item size (item id),... : total item size
1 : 1(199),14(167),18(156),2(195),1(198) : 36
2 : 5(186),21(152),5(187),13(173),20(155),6(182) : 70
3 : 9(177),37(118),39(114),5(184),13(174) : 103
4 : 34(133),36(126),25(147),4(189),16(162),8(178) : 123
5 : 21(151),32(136),16(163),6(183),25(148),17(159),13(170) : 130
6 : 44(105),15(166),52(90),40(111),12(175) : 163
7 : 57(83),53(87),32(137),28(143),6(181) : 176
8 : 29(141),33(135),68(61),54(85),2(197),2(196) : 188
9 : 52(88),45(103),52(91),37(121),27(144) : 213
10 : 39(115),36(127),71(57),68(62),16(164),5(185) : 235
11 : 39(116),65(67),77(43),50(94),4(190),4(192) : 239
12 : 37(125),79(41),63(72),86(30),13(169),3(194) : 281
13 : 48(100),13(171),96(10),83(33),61(77) : 301
14 : 91(20),65(65),39(113),43(107),47(101),29(140) : 314
15 : 15(165),98(7),42(109),86(28),80(40),3(193) : 324
16 : 42(108),35(128),78(42),44(106),34(132),73(50),37(120) : 343
17 : 95(13),51(92),77(46),37(119),84(31),7(180) : 351
18 : 77(47),100(2),62(75),90(22),35(130),4(191) : 368
19 : 20(154),13(168),96(12),48(99),96(11),71(55),29(142),11(176) : 384
20 : 68(63),67(64),73(51),94(16),84(32),13(172) : 399
21 : 65(66),100(1),95(14),93(17),41(110),8(179) : 402
22 : 99(4),90(24),83(34),86(29),65(68) : 423
23 : 68(60),71(56),21(153),98(6),64(71),53(86),54(84),4(188) : 433
24 : 26(146),99(3),16(161),26(145),87(26),63(73),52(89),58(81),18(157) : 445
25 : 49(98),99(5),82(35),46(102),65(69),35(131),73(53) : 449
26 : 37(122),77(44),72(54),44(104),87(27),49(96),50(95),31(138),24(149) : 471
27 : 49(97),59(79),82(36),80(39),75(48),91(21),62(76) : 498
28 : 35(129),17(160),91(19),31(139),33(134),65(70),62(74),70(58),37(123),60(78) : 501
29 : 23(150),100(0),39(112),77(45),80(38),38(117),73(52),51(93),58(80) : 539
30 : 90(23),69(59),57(82),92(18),97(9),74(49),82(37) : 561
31 : 98(8),89(25),95(15),17(158),37(124) : 336
