Bin number: 26
Bin size: 750
Item number: 200
Bin Id: item size (item id),... : total item size
1 : 72(58),98(8),20(164),25(153),10(189),4(197),1(199) : 230
2 : 64(79),65(77),26(151),77(48) : 232
3 : 58(93),52(109),61(88),59(92),14(177) : 244
4 : 90(18),68(71),80(39),17(169) : 255
5 : 51(111),61(89),56(100),90(14) : 258
6 : 39(134),77(47),63(81),42(129),42(127) : 263
7 : 90(17),31(147),78(46),56(99),26(152) : 281
8 : 54(106),48(120),87(24),79(45),26(150) : 294
9 : 33(144),64(78),46(125),69(69),58(95),14(176),17(170) : 301
10 : 39(133),95(11),99(2),49(118),10(186),19(165) : 311
11 : 81(35),90(15),73(56),50(113),13(180),31(146) : 338
12 : 12(184),80(41),68(70),62(84),53(108),81(33),12(183) : 368
13 : 48(119),63(83),48(121),80(38),69(65),13(179),58(96),18(167) : 397
14 : 32(145),73(53),70(62),68(72),96(10),69(68),15(174) : 423
15 : 50(114),21(161),67(73),50(115),55(103),51(112),99(1),36(138) : 429
16 : 8(194),66(75),10(192),17(173),59(90),56(98),12(185),88(20),55(104),10(188),67(74) : 448
17 : 15(175),98(6),85(25),65(76),61(86),73(54),12(182),64(80) : 473
18 : 10(191),10(187),61(85),34(142),70(64),57(97),98(5),12(181),39(135),24(156),81(34) : 496
19 : 17(172),61(87),90(16),91(12),36(139),69(67),50(116),91(13) : 505
20 : 29(148),83(30),71(60),80(40),22(159),85(26),40(130),98(4),24(155) : 532
21 : 43(126),100(0),46(124),74(51),46(122),84(28),81(36),83(31),21(162) : 578
22 : 73(55),42(128),53(107),24(157),19(166),63(82),39(132),4(198),87(22),20(163),58(94),79(44),27(149),5(195) : 593
23 : 71(61),76(49),75(50),79(43),18(168),46(123),89(19),84(29),59(91),14(178),9(193) : 620
24 : 10(190),71(59),17(171),98(3),98(9),79(42),82(32),54(105),52(110),25(154),70(63) : 656
25 : 36(137),69(66),80(37),98(7),74(52),55(102),87(23),85(27),49(117),35(140),35(141) : 703
26 : 34(143),38(136),4(196),55(101),39(131),23(158),22(160),73(57),88(21) : 376
