Bin number: 37
Bin size: 450
Item number: 200
Bin Id: item size (item id),... : total item size
1 : 10(180),3(195),13(174),6(190),3(197),1(199) : 36
2 : 11(179),9(184),15(170),28(141),6(191),2(198) : 71
3 : 27(143),26(149),28(142),15(169) : 96
4 : 35(129),12(176),9(183),21(160),31(137),10(182),3(196) : 121
5 : 38(123),26(145),33(133),52(98),7(187) : 156
6 : 42(118),42(117),48(106),22(156),5(193) : 159
7 : 25(152),19(165),60(88),60(89),10(181) : 174
8 : 58(91),20(164),34(131),62(81),8(186) : 182
9 : 15(171),63(78),14(173),54(94),49(103) : 195
10 : 31(139),70(66),37(124),37(125),24(154),9(185) : 208
11 : 66(70),54(95),21(161),61(83),27(144) : 229
12 : 36(128),53(97),61(85),38(122),54(96) : 242
13 : 61(84),63(80),66(72),61(86) : 251
14 : 66(71),83(37),22(158),76(55),13(175) : 260
15 : 78(49),88(29),59(90),25(151),26(147) : 276
16 : 34(130),74(58),33(134),88(24),50(101) : 279
17 : 89(20),78(46),84(34),25(153),5(192) : 281
18 : 88(26),88(25),76(54),16(166),26(148) : 294
19 : 95(11),75(57),39(119),84(35),6(189) : 299
20 : 46(112),78(43),47(107),73(63),50(102),7(188) : 301
21 : 82(38),65(75),31(138),45(114),65(77),21(162) : 309
22 : 90(19),91(17),45(116),77(50),12(177) : 315
23 : 97(8),94(15),48(105),78(45) : 317
24 : 100(1),100(0),31(135),78(47),16(167) : 325
25 : 46(113),87(30),83(36),94(13),16(168) : 326
26 : 45(115),74(62),62(82),77(51),74(61),5(194) : 337
27 : 96(10),46(111),89(21),89(22),26(146) : 346
28 : 78(44),52(99),99(4),84(33),22(157),20(163) : 355
29 : 39(121),47(109),82(39),66(73),89(23),29(140),12(178) : 364
30 : 90(18),48(104),72(65),65(76),88(27),14(172) : 377
31 : 93(16),95(12),80(41),21(159),98(7) : 387
32 : 96(9),75(56),85(32),74(60),31(136),34(132) : 395
33 : 77(52),100(3),61(87),47(110),94(14),26(150) : 405
34 : 78(48),99(5),47(108),73(64),98(6),23(155) : 418
35 : 74(59),66(74),56(93),88(28),100(2),39(120) : 423
36 : 51(100),67(67),67(69),80(42),36(127),37(126),85(31) : 423
37 : 57(92),67(68),81(40),76(53),63(79) : 344
