Bin number: 36
Bin size: 450
Item number: 200
Bin Id: item size (item id),... : total item size
1 : 7(180),2(195),13(174),4(190),1(199) : 27
2 : 8(179),5(184),13(170),24(149),13(169) : 63
3 : 2(197),29(141),28(143),11(176),17(160) : 87
4 : 29(142),4(191),35(129),37(118),5(187) : 110
5 : 6(183),32(137),37(123),52(88) : 127
6 : 49(98),38(117),26(145),44(106),1(198) : 158
7 : 52(89),6(182),52(91),18(156),34(133) : 162
8 : 21(152),15(165),16(164),58(81),13(171),35(131),2(196),5(185) : 165
9 : 60(78),50(94),45(103),31(139),6(181),3(193) : 195
10 : 65(66),13(173),50(95),65(70),16(161) : 209
11 : 37(124),57(83),54(85),20(154),49(97),12(175) : 229
12 : 37(125),54(84),35(128),58(80),37(122),4(189),4(188),3(194) : 232
13 : 63(72),71(55),49(96),64(71) : 247
14 : 53(86),17(158),27(144),82(37),74(49),5(186) : 258
15 : 52(90),86(29),70(58),33(134),21(151),4(192) : 266
16 : 35(130),47(101),72(54),87(26),39(112) : 280
17 : 91(20),77(46),83(34),21(153),15(166) : 287
18 : 90(24),68(63),89(25),43(107) : 290
19 : 71(57),25(147),82(35),37(119),77(43) : 292
20 : 96(11),80(38),62(75),25(148),39(114) : 302
21 : 46(102),61(77),39(116),31(138),73(50),44(105),14(167) : 308
22 : 91(19),98(8),95(15),33(135) : 317
23 : 39(113),93(17),100(1),9(177),77(45) : 318
24 : 16(162),100(0),77(47),68(62),39(115),13(168),8(178) : 321
25 : 86(30),57(82),82(36),73(51),18(157),16(163) : 332
26 : 95(13),96(10),40(111),68(61),44(104) : 343
27 : 77(44),48(99),91(21),37(121),99(4) : 352
28 : 90(22),42(109),83(33),63(73),26(146),62(76) : 366
29 : 80(39),65(65),90(23),29(140),94(16),17(159) : 375
30 : 92(18),87(27),71(56),79(41),53(87) : 382
31 : 96(12),97(9),98(7),73(52),32(136) : 396
32 : 84(32),68(60),99(3),41(110),95(14),13(172) : 400
33 : 34(132),75(48),99(5),69(59),48(100),67(64),23(150) : 415
34 : 42(108),62(74),51(93),86(28),51(92),65(67),65(68) : 422
35 : 98(6),100(2),78(42),36(127),36(126),20(155),59(79) : 427
36 : 65(69),37(120),73(53),80(40),84(31) : 339
