Bin number: 37
Bin size: 450
Item number: 200
Bin Id: item size (item id),... : total item size
1 : 10(180),3(195),12(174),10(179),1(197) : 36
2 : 6(190),8(184),24(141),23(149) : 61
3 : 13(170),24(143),24(142),13(169),5(191),8(183),1(199) : 88
4 : 34(129),11(176),17(160),28(137),21(152),7(187),1(196) : 119
5 : 23(145),31(133),42(118),40(123),15(165),1(198) : 152
6 : 19(156),47(106),42(117),57(88) : 165
7 : 52(98),55(91),56(89),4(193) : 167
8 : 9(182),15(164),32(131),13(171),62(81),27(139),9(181) : 167
9 : 64(78),12(173),48(103),54(94),20(154),8(185) : 206
10 : 70(66),54(95),40(124),61(83) : 225
11 : 16(161),39(125),69(70),35(128),59(85),7(189),3(194) : 228
12 : 53(97),60(84),63(80),68(72) : 244
13 : 41(122),24(144),17(158),53(96),75(55),30(134),12(175) : 252
14 : 68(71),57(86),84(37),55(90) : 264
15 : 33(130),89(29),79(49),74(58) : 275
16 : 21(151),52(101),92(20),90(24),20(153),4(192) : 279
17 : 23(147),74(57),90(26),82(46),23(148) : 292
18 : 76(54),44(112),87(34),90(25) : 297
19 : 15(166),70(63),97(11),47(107),42(119),16(162),11(177) : 298
20 : 28(138),86(35),66(75),84(38),43(114) : 307
21 : 82(43),50(102),64(77),43(116),44(113),29(135) : 312
22 : 98(8),95(15),48(105),78(50) : 319
23 : 93(19),100(1),100(0),7(188),14(167),8(186) : 322
24 : 94(17),71(62),81(47),78(51) : 324
25 : 43(115),82(45),89(30),62(82),45(111),14(168) : 335
26 : 85(36),97(13),97(10),46(109),15(163) : 340
27 : 71(61),52(99),82(44),92(21),41(121),17(159) : 355
28 : 99(4),91(22),88(33),23(146),48(104),18(157) : 367
29 : 84(39),68(73),91(23),70(65),65(76) : 378
30 : 27(140),93(18),90(27),74(56),98(9) : 382
31 : 94(16),97(12),98(7),99(3) : 388
32 : 83(41),88(32),77(52),72(60),29(136),52(100) : 401
33 : 57(87),45(110),32(132),80(48),95(14),98(6) : 407
34 : 99(5),12(172),73(59),46(108),70(64),67(74),55(93) : 422
35 : 89(28),11(178),55(92),100(2),70(67),23(150),39(126),42(120) : 429
36 : 69(69),70(68),83(42),36(127),84(40),76(53),19(155) : 437
37 : 89(31),63(79) : 152
