Bin number: 37
Bin size: 598
Item number: 200
Bin Id: item size (item id),... : total item size
1 : 20(199),37(156),31(173) : 88
2 : 33(167),39(152),37(155) : 109
3 : 27(186),26(187),49(133),27(184) : 129
4 : 29(177),54(118),28(182),40(147) : 151
5 : 51(126),55(114),35(162),26(189) : 167
6 : 39(151),48(136),34(163),29(178),27(183) : 177
7 : 31(174),57(105),37(159),33(166),22(195) : 180
8 : 40(148),65(90),46(137),32(170) : 183
9 : 68(83),66(87),43(143),30(175) : 207
10 : 55(111),44(141),48(135),66(85) : 213
11 : 77(61),65(91),53(121),43(144) : 238
12 : 58(103),66(88),54(115),21(197),28(181),21(198) : 248
13 : 79(57),54(116),77(62),51(127) : 261
14 : 74(67),34(164),84(43),63(94),27(185) : 282
15 : 96(10),51(125),84(41),73(72) : 304
16 : 89(30),93(20),96(7),32(169) : 310
17 : 87(33),60(100),70(77),55(113),44(140) : 316
18 : 32(171),90(28),60(101),95(13),56(109) : 333
19 : 76(65),57(107),33(165),85(40),84(42) : 335
20 : 56(108),81(50),83(46),57(106),89(31) : 366
21 : 50(128),100(2),64(92),50(132),83(47),21(196) : 368
22 : 53(120),93(22),96(12),73(75),38(154),33(168) : 386
23 : 54(119),96(11),79(55),60(99),100(1) : 389
24 : 94(16),95(14),77(63),50(130),89(32) : 405
25 : 76(64),44(142),76(66),25(190),98(4),93(24) : 412
26 : 81(51),94(17),87(34),97(6),55(110) : 414
27 : 89(29),79(56),99(3),74(68),40(146),61(98) : 442
28 : 78(60),38(153),73(71),92(26),32(172),66(86),67(84) : 446
29 : 73(73),35(161),98(5),43(145),69(81),86(35),58(102) : 462
30 : 65(89),74(69),53(122),84(44),29(176),80(53),80(54) : 465
31 : 37(157),50(131),92(27),57(104),62(96),62(95),61(97),23(192),36(160) : 480
32 : 29(179),50(129),93(21),86(36),85(39),69(79),93(19) : 505
33 : 83(48),72(76),46(138),45(139),74(70),49(134),73(74),22(194),24(191),29(180) : 517
34 : 40(149),100(0),79(58),40(150),83(45),53(123),22(193),54(117),70(78) : 541
35 : 55(112),86(38),81(52),93(23),64(93),78(59),69(80),26(188) : 552
36 : 69(82),94(18),96(9),96(8),94(15),37(158),86(37) : 572
37 : 92(25),83(49),52(124) : 227
