Bin number: 30
Bin size: 747
Item number: 200
Bin Id: item size (item id),... : total item size
1 : 44(156),39(172),85(37),61(105) : 229
2 : 32(195),86(36),77(56),39(173) : 234
3 : 80(50),88(30),33(191),42(165) : 243
4 : 66(91),30(199),78(53),71(74) : 245
5 : 90(21),77(58),44(157),33(190),38(177) : 282
6 : 55(124),44(160),100(1),58(114),37(179) : 294
7 : 71(75),64(96),99(2),67(88) : 301
8 : 47(148),52(133),74(69),58(113),80(49) : 311
9 : 46(154),51(137),53(130),60(108),77(57),44(159) : 331
10 : 58(112),42(164),80(48),88(29),46(151),37(178) : 351
11 : 62(104),39(170),95(9),50(138),73(72),43(161) : 362
12 : 96(8),78(55),56(120),64(97),78(54) : 372
13 : 84(41),70(79),34(187),77(59),85(39),34(189) : 384
14 : 76(60),64(98),41(168),76(61),87(33),52(131) : 396
15 : 73(71),98(5),88(27),94(11),54(127) : 407
16 : 39(171),63(100),93(14),75(63),60(109),93(15) : 423
17 : 69(80),90(22),58(110),83(42),54(128),47(146),38(176) : 439
18 : 91(19),89(24),74(68),61(106),90(20),71(76) : 476
19 : 92(17),90(23),83(43),98(4),39(174),35(184),46(152) : 483
20 : 31(196),42(166),87(34),85(38),52(132),68(85),34(188),34(185),54(126) : 487
21 : 57(116),82(45),47(147),87(31),56(122),63(99),66(92),53(129) : 511
22 : 58(111),49(143),47(149),84(40),89(25),93(13),68(87),33(193) : 521
23 : 55(125),67(89),79(52),86(35),36(182),96(7),75(62),49(142) : 543
24 : 94(10),50(139),79(51),67(90),72(73),57(115),68(82),35(183),37(180) : 559
25 : 52(134),39(175),63(101),32(194),64(95),87(32),48(144),61(107),92(18),46(153) : 584
26 : 41(167),75(64),34(186),100(0),68(86),56(118),74(67),93(12),46(150),30(198) : 617
27 : 68(81),48(145),45(155),93(16),81(47),73(70),70(78),88(28),74(66) : 640
28 : 43(162),75(65),66(93),50(140),65(94),56(121),68(84),37(181),97(6),51(135),56(119) : 664
29 : 71(77),89(26),99(3),83(44),62(103),55(123),33(192),42(163),49(141),63(102),41(169) : 687
30 : 51(136),30(197),56(117),44(158),68(83),81(46) : 330
