Bin number: 43
Bin size: 450
Item number: 200
Bin Id: item size (item id),... : total item size
1 : 94(15),44(140),32(172) : 170
2 : 53(121),29(177),34(164),56(108) : 172
3 : 79(58),95(13) : 174
4 : 35(162),89(29),34(163),29(178) : 187
5 : 84(43),70(78),37(155) : 191
6 : 93(22),43(143),28(182),31(173) : 195
7 : 50(130),96(8),51(126) : 197
8 : 54(117),79(56),33(166),39(152) : 205
9 : 57(104),66(88),66(87),21(196) : 210
10 : 54(119),83(47),22(194),53(123) : 212
11 : 55(111),46(138),90(28),27(184) : 218
12 : 80(53),50(131),64(92),32(170) : 226
13 : 84(41),72(76),69(79) : 225
14 : 51(127),48(135),89(32),40(147) : 228
15 : 55(114),56(109),73(75),50(128) : 234
16 : 65(90),97(6),29(180),30(175),21(198) : 242
17 : 100(2),96(10),23(192),22(195) : 241
18 : 62(95),60(101),44(142),54(116),26(188) : 246
19 : 40(148),69(82),96(7),45(139) : 250
20 : 50(132),22(193),43(145),86(35),60(100) : 261
21 : 79(57),92(25),26(187),37(158),28(181) : 262
22 : 93(23),73(72),26(189),57(105),27(186) : 276
23 : 49(133),77(63),83(49),74(70) : 283
24 : 43(144),69(80),74(69),33(165),66(85) : 285
25 : 36(160),69(81),32(171),86(37),81(52) : 304
26 : 89(31),40(150),96(9),87(34) : 312
27 : 73(73),40(149),96(11),83(45),33(168) : 325
28 : 40(146),98(4),92(27),49(134),53(120) : 332
29 : 92(26),38(154),78(59),93(21),37(156) : 338
30 : 29(179),62(96),67(84),85(39),76(64),24(191) : 343
31 : 65(91),61(98),73(71),63(94),50(129),37(159) : 349
32 : 83(46),94(18),81(50),95(14) : 353
33 : 98(5),74(68),73(74),54(118),58(102) : 357
34 : 46(137),93(24),77(62),33(167),86(36),38(153) : 373
35 : 58(103),96(12),99(3),79(55),60(99) : 392
36 : 61(97),25(190),80(54),74(67),31(174),83(48),39(151) : 393
37 : 53(122),57(107),66(86),48(136),27(185),68(83),27(183),57(106) : 403
38 : 94(16),76(66),76(65),64(93),81(51),20(199) : 411
39 : 100(1),94(17),77(61),70(77),32(169),44(141) : 417
40 : 87(33),89(30),86(38),54(115),52(124),29(176),21(197) : 418
41 : 93(19),100(0),65(89),93(20),78(60) : 429
42 : 35(161),84(42),85(40),55(113),55(110),84(44),37(157) : 435
43 : 51(125),55(112) : 106
