Bin number: 38
Bin size: 598
Item number: 200
Bin Id: item size (item id),... : total item size
1 : 30(199),41(167),44(156) : 115
2 : 46(152),56(118),45(155) : 147
3 : 34(186),39(173),34(187),38(177) : 145
4 : 52(133),36(182),51(136),35(184) : 174
5 : 54(126),58(114),61(105) : 173
6 : 47(147),46(151),47(148),43(162) : 183
7 : 39(174),42(163),68(83),51(137) : 200
8 : 34(189),35(183),67(90),68(87) : 204
9 : 37(178),44(159),49(143),76(61) : 206
10 : 58(111),42(166),49(141),32(195),39(170) : 220
11 : 51(135),68(85),66(91),62(103) : 247
12 : 67(88),56(121),75(62),54(127) : 252
13 : 77(57),57(115),57(116),39(175),30(197) : 260
14 : 48(144),74(67),83(43),42(164),30(198) : 277
15 : 94(10),84(41),65(94),55(125) : 298
16 : 37(181),88(30),90(20),34(185),50(140) : 299
17 : 87(33),96(7),73(72),60(109) : 316
18 : 71(77),63(100),75(65),58(113),63(101) : 330
19 : 88(28),39(171),93(13),61(107),52(132) : 333
20 : 41(169),84(40),42(165),99(2),81(46) : 347
21 : 83(42),80(50),81(47),54(128),61(106) : 359
22 : 87(31),60(108),90(22),93(12),41(168) : 371
23 : 66(92),94(11),56(120),56(119),71(75),33(190) : 376
24 : 93(16),78(55),31(196),93(14),63(99),46(154) : 404
25 : 100(1),75(63),87(32),98(4),49(142) : 409
26 : 79(51),75(64),74(66),92(17),89(24) : 409
27 : 53(130),87(34),97(6),76(60),58(110),46(153) : 417
28 : 88(29),77(56),74(68),73(71),89(26),39(172) : 440
29 : 99(3),72(73),98(5),64(98),47(146),67(89) : 447
30 : 68(86),68(84),48(145),43(161),68(81),86(35),44(157),37(179) : 462
31 : 74(69),83(44),63(102),56(122),78(53),78(54),52(131) : 484
32 : 88(27),38(176),64(96),64(95),64(97),53(129),86(36),33(192) : 490
33 : 62(104),90(21),85(39),70(79),91(19),50(138),52(134) : 500
34 : 80(48),71(76),50(139),73(70),44(160),71(74),47(149),46(150),32(194) : 514
35 : 100(0),77(58),33(191),82(45),55(123),85(38),79(52),33(193) : 544
36 : 58(112),37(180),70(78),90(23),66(93),69(80),68(82),95(9) : 553
37 : 56(117),77(59),92(18),96(8),89(25),93(15),55(124) : 558
38 : 34(188),80(49),44(158),85(37) : 243
