Bin number: 38
Bin size: 598
Item number: 200
Bin Id: item size (item id),... : total item size
1 : 30(199),42(167),44(156) : 116
2 : 45(152),44(155),55(126) : 144
3 : 35(186),39(173),34(187),43(162) : 151
4 : 52(133),37(177),36(182),48(147) : 173
5 : 60(118),51(136),35(184),33(189) : 179
6 : 62(114),46(151),38(174),43(163) : 189
7 : 48(148),37(178),44(159),72(83) : 201
8 : 36(183),69(90),65(105),42(166) : 212
9 : 70(87),51(137),62(111),41(170) : 224
10 : 49(143),50(141),78(61),51(135) : 228
11 : 31(195),71(85),79(57),55(127) : 236
12 : 70(88),69(91),58(121),61(115) : 258
13 : 67(103),78(62),49(144),38(175),36(181) : 268
14 : 77(67),61(116),83(43),31(197),35(185) : 287
15 : 42(164),84(41),91(20),87(33) : 304
16 : 96(10),88(30),89(28),31(198) : 304
17 : 55(125),69(94),75(72),77(65),40(171) : 316
18 : 96(7),73(77),67(100),86(40) : 322
19 : 42(169),95(13),64(107),50(140),98(2) : 349
20 : 62(113),67(101),84(42),63(109),81(50) : 357
21 : 42(165),82(46),87(31),82(47),69(92) : 362
22 : 55(128),63(108),52(132),91(22),74(75),42(168) : 377
23 : 65(106),95(12),95(11),99(1),31(196) : 385
24 : 59(120),60(119),93(16),94(14),87(32) : 393
25 : 79(55),77(63),81(51),77(64),45(154),49(142) : 408
26 : 53(130),97(4),77(66),93(17),97(6) : 417
27 : 67(99),91(24),33(190),86(34),79(56),62(110) : 418
28 : 88(29),98(3),78(60),89(26),45(153),40(172) : 438
29 : 76(68),75(71),71(86),48(146),68(98),43(161),70(89) : 451
30 : 97(5),75(73),72(84),86(35),76(69),57(122) : 463
31 : 48(145),72(81),82(44),44(157),67(102),89(27),67(104) : 469
32 : 80(53),52(131),80(54),38(176),68(96),53(129),86(36),32(192) : 489
33 : 68(95),36(179),68(97),91(21),86(39),81(48),74(76) : 504
34 : 72(79),92(19),51(138),50(139),43(160),75(70),52(134),47(149),33(191) : 515
35 : 74(74),99(0),79(58),32(194),82(45),57(123),86(38),32(193) : 541
36 : 47(150),62(112),36(180),80(52),61(117),91(23),78(59),92(18) : 547
37 : 72(78),69(93),72(80),72(82),96(9),96(8),81(49) : 558
38 : 34(188),90(25),94(15),44(158),86(37),56(124) : 404
