Bin number: 29
Bin size: 300
Item number: 100
Bin Id: item size (item id),... : total item size
1 : 81(27),86(22),94(11) : 261
2 : 34(96),33(97),33(98),35(94) : 135
3 : 88(17),98(4),97(6) : 283
4 : 96(7),98(3),97(5) : 291
5 : 95(8),95(9),100(1) : 290
6 : 52(78),34(95),40(90),37(93) : 163
7 : 65(59),76(37),87(21) : 228
8 : 30(99),71(47),74(40),79(30) : 254
9 : 71(45),73(41),89(15) : 233
10 : 99(2),94(10),100(0) : 293
11 : 89(16),88(18),88(19) : 265
12 : 45(88),53(74),58(64) : 156
13 : 53(73),54(71),61(63) : 168
14 : 57(67),64(61),71(46) : 192
15 : 77(32),68(53),74(38),74(39) : 293
16 : 80(29),45(87),82(26),78(31) : 285
17 : 88(20),77(33),84(24) : 249
18 : 76(36),94(12),92(14) : 262
19 : 52(75),54(70),49(83),37(92) : 192
20 : 51(80),52(77),65(58),54(72) : 222
21 : 49(82),39(91),47(85),46(86) : 181
22 : 57(66),57(65),67(55) : 181
23 : 48(84),55(69),56(68),40(89) : 199
24 : 68(52),51(79),50(81),68(51) : 237
25 : 72(42),76(34),93(13) : 241
26 : 52(76),72(43),68(50),69(48) : 261
27 : 64(60),66(57),62(62),72(44) : 264
28 : 76(35),67(54),69(49),66(56) : 278
29 : 84(25),81(28),85(23) : 250
