Bin number: 26
Bin size: 300
Item number: 100
Bin Id: item size (item id),... : total item size
1 : 26(90),28(89),34(81) : 88
2 : 20(99),44(69),43(70),22(95) : 129
3 : 44(67),44(66),53(56) : 141
4 : 36(79),46(61),29(88),38(78) : 149
5 : 55(51),39(74),54(54),21(98) : 169
6 : 25(91),57(48),55(52),40(73) : 177
7 : 54(53),56(49),67(41),23(94) : 200
8 : 51(58),53(57),47(60),51(59) : 202
9 : 30(87),56(50),54(55),40(72),24(92) : 204
10 : 67(42),75(32),63(45),22(97) : 227
11 : 33(83),60(47),75(34),33(82),31(86) : 232
12 : 79(27),71(37),63(46),32(84) : 245
13 : 77(30),69(39),76(31),24(93) : 246
14 : 75(33),86(16),46(62),45(65) : 252
15 : 67(43),86(17),85(18),22(96) : 260
16 : 82(22),82(24),74(35),32(85) : 270
17 : 84(20),68(40),45(63),39(77),36(80) : 272
18 : 92(12),93(10),90(13) : 275
19 : 39(76),83(21),73(36),39(75),45(64) : 279
20 : 41(71),80(26),93(11),65(44) : 279
21 : 89(15),95(8),98(5) : 282
22 : 44(68),95(7),77(29),71(38) : 287
23 : 81(25),100(0),100(1) : 281
24 : 90(14),99(3),100(2) : 289
25 : 96(6),94(9),99(4) : 289
26 : 77(28),85(19),82(23) : 244
