Bin number: 24
Bin size: 400
Item number: 100
Bin Id: item size (item id),... : total item size
1 : 48(71),82(23),57(58),53(64),79(31) : 319
2 : 70(42),90(14),93(9),46(76) : 299
3 : 94(6),78(34),31(99),100(0) : 303
4 : 38(89),39(84),32(96),37(91) : 146
5 : 66(48),52(66),37(90),53(65) : 208
6 : 97(2),47(74),71(41),79(32) : 294
7 : 81(25),48(72),80(27),80(26),94(7) : 383
8 : 92(12),90(16),96(3),94(8) : 372
9 : 91(13),63(52),46(75),37(92),93(10) : 330
10 : 78(35),76(36),68(45),69(43),73(40) : 364
11 : 62(54),74(38),56(60),39(82) : 231
12 : 50(69),58(56),45(77),41(81) : 194
13 : 88(20),63(51),63(53),65(49) : 279
14 : 83(22),73(39),99(1),88(19) : 343
15 : 41(80),33(95),51(67) : 125
16 : 38(88),38(87),59(55) : 135
17 : 67(46),56(61),36(93),53(63) : 212
18 : 64(50),51(68),58(57),43(78) : 216
19 : 79(29),38(85),82(24),39(83) : 238
20 : 83(21),56(62),80(28),32(97) : 251
21 : 78(33),49(70),56(59),74(37) : 257
22 : 36(94),67(47),69(44),48(73),42(79) : 262
23 : 96(4),96(5),38(86),89(18),31(98) : 350
24 : 79(30),93(11),90(15),89(17) : 351
