Bin number: 27
Bin size: 300
Item number: 100
Bin Id: item size (item id),... : total item size
1 : 34(88),33(91),32(98),32(97) : 131
2 : 45(74),44(77),50(66) : 139
3 : 40(82),34(89),40(83),30(99) : 144
4 : 99(3),100(1),95(7) : 294
5 : 93(11),97(5),99(2) : 289
6 : 93(10),95(8),96(6) : 284
7 : 89(13),99(4),100(0) : 288
8 : 36(85),49(69),55(56),36(86) : 176
9 : 59(51),63(47),73(37) : 195
10 : 57(55),44(76),43(79),41(81) : 185
11 : 78(29),78(30),70(41),43(78) : 269
12 : 78(31),80(26),41(80),81(24) : 280
13 : 73(36),66(44),32(96),77(32) : 248
14 : 45(73),57(54),84(22),85(20) : 271
15 : 91(12),89(14),58(53),45(72) : 283
16 : 65(46),53(63),55(58),40(84) : 213
17 : 79(28),80(25),49(68),33(92) : 241
18 : 55(59),60(48),60(49),32(95) : 207
19 : 72(38),33(93),88(16),85(21) : 278
20 : 52(64),69(43),86(19),55(57) : 262
21 : 51(65),58(52),49(70),33(94) : 191
22 : 53(62),71(40),71(39) : 195
23 : 73(35),75(33),79(27) : 227
24 : 70(42),35(87),50(67),83(23) : 238
25 : 54(61),59(50),33(90),65(45),45(75) : 256
26 : 87(18),89(15),93(9) : 269
27 : 75(34),48(71),54(60),87(17) : 264
