Bin number: 20
Bin size: 396
Item number: 100
Bin Id: item size (item id),... : total item size
1 : 3(97),1(99),23(75),17(80),5(94) : 49
2 : 31(65),36(62),24(73),5(93) : 96
3 : 30(66),37(60),44(52),6(92) : 117
4 : 9(90),42(55),10(89),36(61),49(47),2(98) : 148
5 : 16(82),17(81),10(88),30(67),45(50),38(58),12(85) : 168
6 : 21(77),26(70),24(74),63(33),80(17) : 214
7 : 51(46),70(27),64(32),46(49) : 231
8 : 11(87),73(25),75(24),61(37),12(86) : 232
9 : 87(12),58(39),49(48),58(40),8(91) : 260
10 : 86(13),42(54),63(35),44(53),27(69) : 262
11 : 72(26),69(28),41(57),78(21),21(78),4(96),4(95) : 289
12 : 18(79),88(11),65(30),45(51),78(22) : 294
13 : 93(4),88(10),24(72),60(38),34(64) : 299
14 : 99(0),41(56),90(6),77(23) : 307
15 : 89(7),96(2),92(5),38(59) : 315
16 : 63(34),52(45),81(16),80(19),54(44) : 330
17 : 25(71),93(3),89(8),34(63),22(76),58(41),14(83) : 335
18 : 56(43),65(31),98(1),84(14),57(42) : 360
19 : 62(36),80(20),68(29),84(15),89(9) : 383
20 : 28(68),80(18),13(84) : 121
