Bin number: 24
Bin size: 300
Item number: 100
Bin Id: item size (item id),... : total item size
1 : 88(11),24(73),25(71),3(97),1(99) : 141
2 : 60(38),78(22),2(98) : 140
3 : 34(63),10(88),22(76),42(54),37(60) : 145
4 : 90(6),63(33) : 153
5 : 80(17),61(37),9(90),6(92) : 156
6 : 99(0),58(41) : 157
7 : 96(2),63(34) : 159
8 : 45(50),34(64),41(56),41(57) : 161
9 : 5(93),93(4),44(53),17(80),5(94),4(96) : 168
10 : 57(42),77(23),38(59),4(95) : 176
11 : 80(19),84(14),17(81) : 181
12 : 81(16),49(47),63(35) : 193
13 : 70(27),36(61),69(28),14(83),13(84) : 202
14 : 18(79),30(67),58(40),88(10),16(82) : 210
15 : 11(87),98(1),80(18),12(86),12(85) : 213
16 : 89(7),42(55),89(8),8(91) : 228
17 : 38(58),93(3),21(77),73(25),10(89) : 235
18 : 26(70),54(44),21(78),89(9),28(68),30(66) : 248
19 : 31(65),87(12),64(32),24(74),51(46) : 257
20 : 62(36),58(39),46(49),92(5) : 258
21 : 36(62),65(30),68(29),49(48),52(45) : 270
22 : 84(15),86(13),23(75),80(20) : 273
23 : 44(52),45(51),27(69),24(72),75(24),65(31) : 280
24 : 72(26),78(21),56(43) : 206
