Bin number: 29
Bin size: 300
Item number: 100
Bin Id: item size (item id),... : total item size
1 : 32(97),31(98),41(80) : 104
2 : 38(85),38(86),48(73) : 124
3 : 37(90),46(75),52(66) : 135
4 : 32(96),42(79),37(91),38(89) : 149
5 : 41(81),49(70),31(99),33(95) : 154
6 : 36(93),48(72),36(94),53(63) : 173
7 : 56(59),37(92),50(69),38(88) : 181
8 : 56(60),58(57),67(46) : 181
9 : 56(61),63(51),74(38) : 193
10 : 51(68),48(71),47(74),53(64) : 199
11 : 67(47),69(43),74(37) : 210
12 : 62(54),46(76),58(56),53(65) : 219
13 : 78(34),78(35),83(21) : 239
14 : 69(44),51(67),63(52),59(55) : 242
15 : 79(32),64(50),45(77),57(58) : 245
16 : 68(45),65(49),73(40),39(83) : 245
17 : 76(36),70(42),66(48),43(78) : 255
18 : 79(30),82(24),94(6) : 255
19 : 38(87),80(27),73(39),71(41) : 262
20 : 81(25),89(18),96(4) : 266
21 : 39(82),79(29),91(13),63(53) : 272
22 : 78(33),94(8),100(0) : 272
23 : 90(16),93(11),96(3) : 279
24 : 83(22),96(5),99(1) : 278
25 : 39(84),80(26),80(28),79(31) : 278
26 : 89(17),92(12),97(2) : 278
27 : 82(23),93(10),94(7) : 269
28 : 88(20),90(14),93(9) : 271
29 : 88(19),90(15),56(62) : 234
