Bin number: 26
Bin size: 300
Item number: 100
Bin Id: item size (item id),... : total item size
1 : 29(88),24(93),32(84) : 85
2 : 33(82),44(69),44(66) : 121
3 : 39(74),39(75),36(79),31(86) : 145
4 : 39(77),34(81),45(63),36(80) : 154
5 : 54(55),23(94),51(59),30(87) : 158
6 : 21(98),57(48),45(65),25(91),41(71) : 189
7 : 63(45),40(72),67(43),32(85) : 202
8 : 45(64),63(46),26(90),28(89),22(96),22(97) : 206
9 : 53(57),53(56),56(49),54(54) : 216
10 : 71(38),67(41),74(35),22(95) : 234
11 : 76(31),43(70),60(47),44(68),20(99) : 243
12 : 46(61),79(27),77(28),44(67) : 246
13 : 54(53),75(33),82(22),38(78) : 249
14 : 80(26),77(30),47(60),51(58) : 255
15 : 82(24),85(19),69(39),24(92) : 260
16 : 75(32),73(36),86(17),33(83) : 267
17 : 65(44),84(20),55(51),67(42) : 271
18 : 90(14),90(13),96(6) : 276
19 : 81(25),89(15),39(76),68(40) : 277
20 : 82(23),77(29),46(62),75(34) : 280
21 : 85(18),86(16),71(37),40(73) : 282
22 : 95(8),93(10),98(5) : 286
23 : 83(21),93(11),56(50),55(52) : 287
24 : 94(9),100(0),100(1) : 294
25 : 95(7),99(3),100(2) : 294
26 : 92(12),99(4) : 191
