Bin number: 33
Bin size: 299
Item number: 100
Bin Id: item size (item id),... : total item size
1 : 69(46),35(86),35(88) : 139
2 : 98(2),42(74) : 140
3 : 59(61),78(31) : 137
4 : 99(0),38(81) : 137
5 : 95(7),43(73) : 138
6 : 88(17),55(65) : 143
7 : 64(53),82(24) : 146
8 : 94(12),36(84) : 130
9 : 72(37),76(32) : 148
10 : 99(1),57(63) : 156
11 : 34(92),91(14),34(91) : 159
12 : 70(42),59(60),31(98) : 160
13 : 37(83),61(56),60(58) : 158
14 : 96(5),68(48) : 164
15 : 94(10),79(29) : 173
16 : 35(87),81(28),61(57) : 177
17 : 94(11),33(94),57(64) : 184
18 : 86(20),65(52),48(68) : 199
19 : 33(93),70(40),96(6) : 199
20 : 87(18),60(59),32(95),42(75) : 221
21 : 37(82),54(66),67(50),73(36) : 231
22 : 91(15),66(51),35(89),45(70) : 237
23 : 97(3),58(62),82(26) : 237
24 : 84(22),76(33),36(85),41(78) : 237
25 : 94(13),83(23),30(99),34(90) : 241
26 : 69(43),68(49),41(79),69(45) : 247
27 : 54(67),31(96),97(4),69(47) : 251
28 : 89(16),44(71),42(76),42(77),39(80) : 256
29 : 86(19),45(69),61(54),70(41) : 262
30 : 95(9),71(39),61(55),44(72) : 271
31 : 82(25),78(30),85(21),31(97) : 276
32 : 71(38),81(27),95(8) : 247
33 : 76(34),76(35),69(44) : 221
