Bin number: 29
Bin size: 300
Item number: 100
Bin Id: item size (item id),... : total item size
1 : 77(28),24(93),40(73) : 141
2 : 76(31),36(80),30(87) : 142
3 : 44(67),99(3) : 143
4 : 53(56),32(84),68(40) : 153
5 : 94(9),60(47) : 154
6 : 47(60),55(52),53(57) : 155
7 : 86(17),73(36) : 159
8 : 44(68),39(74),45(63),33(83) : 161
9 : 38(78),77(29),63(46) : 178
10 : 54(54),69(39),26(90),36(79) : 185
11 : 22(97),56(50),46(62),34(81),28(89) : 186
12 : 46(61),90(13),39(77),22(95) : 197
13 : 86(16),45(65),71(38) : 202
14 : 90(14),83(21),31(86) : 204
15 : 93(10),98(5),22(96) : 213
16 : 84(20),63(45),44(69),24(92) : 215
17 : 79(27),85(19),57(48) : 221
18 : 51(59),82(22),75(32),20(99) : 228
19 : 89(15),45(64),99(4) : 233
20 : 82(23),54(55),32(85),40(72),29(88) : 237
21 : 92(12),67(41),44(66),39(75) : 242
22 : 75(33),95(7),82(24) : 252
23 : 67(43),85(18),80(26),23(94) : 255
24 : 51(58),100(0),41(71),71(37) : 263
25 : 77(30),100(2),25(91),74(35) : 276
26 : 100(1),75(34),81(25),21(98) : 277
27 : 33(82),56(49),96(6),55(51),43(70) : 283
28 : 93(11),95(8),39(76),54(53) : 281
29 : 65(44),67(42) : 132
