Bin number: 16
Bin size: 500
Item number: 100
Bin Id: item size (item id),... : total item size
1 : 80(12),95(2),8(94),5(98) : 188
2 : 18(81),57(36),99(0),16(84),1(99) : 191
3 : 63(31),37(61),43(47),43(48),8(93) : 194
4 : 39(55),21(78),50(41),28(71),69(25),6(96) : 213
5 : 14(86),35(65),80(14),85(10),30(69) : 244
6 : 84(11),52(39),48(44),23(76),37(62),9(91) : 253
7 : 29(70),12(88),48(43),11(90),80(15),19(80),60(33),6(97) : 265
8 : 43(50),92(5),32(68),26(72),91(6) : 284
9 : 76(19),64(29),16(83),89(7),38(56),13(87) : 296
10 : 63(30),46(45),40(54),22(77),40(53),36(64),58(35) : 305
11 : 41(52),33(67),80(16),75(20),97(1) : 326
12 : 21(79),38(58),94(4),64(28),95(3),34(66) : 346
13 : 65(26),26(74),53(38),54(37),42(51),79(17),38(59),15(85),12(89) : 384
14 : 7(95),80(13),64(27),71(23),51(40),73(22),9(92),44(46) : 399
15 : 26(73),37(63),48(42),38(57),86(8),59(34),74(21),24(75),37(60) : 429
16 : 76(18),86(9),62(32),71(24),17(82),43(49) : 355
