Bin number: 33
Bin size: 297
Item number: 100
Bin Id: item size (item id),... : total item size
1 : 96(4),45(77) : 141
2 : 94(7),42(79) : 136
3 : 56(61),49(70),36(94) : 141
4 : 94(6),46(75) : 140
5 : 66(48),76(36) : 142
6 : 53(64),39(82),51(67) : 143
7 : 57(58),51(68),38(86) : 146
8 : 58(56),58(57),38(89) : 154
9 : 52(66),80(27),31(98) : 163
10 : 92(12),71(41) : 163
11 : 74(37),50(69),46(76) : 170
12 : 88(19),82(24) : 170
13 : 56(60),81(25),41(81) : 178
14 : 63(51),78(34),39(84) : 180
15 : 63(52),69(43),48(72) : 180
16 : 94(8),90(15) : 184
17 : 74(38),65(49),48(71) : 187
18 : 96(5),89(17) : 185
19 : 78(35),78(33),38(87) : 194
20 : 69(44),73(39),53(65) : 195
21 : 67(47),89(18),43(78) : 199
22 : 90(14),99(1),32(96) : 221
23 : 93(9),36(93),63(53),32(97) : 224
24 : 37(91),93(11),38(85),68(45) : 236
25 : 38(88),82(23),37(90),53(63),41(80) : 251
26 : 80(28),59(55),83(21),33(95) : 255
27 : 88(20),70(42),56(62),48(73) : 262
28 : 97(2),93(10),39(83),37(92) : 266
29 : 80(26),62(54),31(99),96(3) : 269
30 : 79(30),79(32),67(46),47(74) : 272
31 : 91(13),100(0),90(16) : 281
32 : 73(40),83(22),56(59),64(50) : 276
33 : 79(31),79(29) : 158
