Bin number: 23
Bin size: 300
Item number: 100
Bin Id: item size (item id),... : total item size
1 : 83(11),52(38),2(98),2(99) : 139
2 : 70(22),32(63),23(71),13(88),4(97) : 142
3 : 22(73),22(76),90(6),8(93) : 142
4 : 40(54),73(17),34(60),6(94) : 153
5 : 98(0),56(33) : 154
6 : 52(37),94(2),12(90) : 158
7 : 42(50),30(64),49(41),39(56) : 160
8 : 55(34),91(4),19(80) : 165
9 : 42(53),49(42),70(23),9(92) : 170
10 : 72(19),78(14),29(67) : 179
11 : 36(57),75(16),54(35),19(79) : 184
12 : 43(47),64(27),60(28),15(87),15(86) : 197
13 : 34(61),34(59),50(40),84(10) : 202
14 : 97(1),73(18),16(83),16(84),16(82) : 218
15 : 89(7),39(55),35(58),4(96),20(77),25(70),15(85) : 227
16 : 92(3),86(8),20(78),30(65),12(89) : 240
17 : 69(25),47(44),85(9),43(49) : 244
18 : 18(81),82(12),53(36),29(68),51(39),22(74) : 255
19 : 57(32),30(66),76(15),91(5),10(91) : 264
20 : 33(62),59(30),60(29),43(48),42(52),5(95),28(69) : 270
21 : 81(13),45(46),42(51),22(75),66(26),22(72) : 278
22 : 47(45),71(21),72(20),69(24) : 259
23 : 58(31),48(43) : 106
