Bin number: 20
Bin size: 500
Item number: 100
Bin Id: item size (item id),... : total item size
1 : 87(12),74(31),27(84) : 188
2 : 96(2),67(36),22(94) : 185
3 : 30(81),99(0),58(47) : 187
4 : 47(61),56(48),50(55),32(78),22(96) : 207
5 : 23(93),64(41),39(71),88(10) : 214
6 : 26(86),42(65),86(14),65(39),26(88) : 245
7 : 80(25),41(69),88(11),40(70) : 249
8 : 63(44),32(76),63(43),45(62),54(50) : 257
9 : 25(90),85(15),31(80),69(33),25(91),38(72) : 273
10 : 93(5),41(68),75(29),75(30) : 284
11 : 20(99),83(19),29(83),90(7),50(56),21(98) : 293
12 : 93(6),63(45),52(54),53(52),42(64) : 303
13 : 32(77),41(67),53(53),84(16),67(35),31(79),21(97) : 329
14 : 83(20),48(58),94(4),96(1),34(74) : 355
15 : 75(28),80(26),94(3),42(66),26(87),54(51) : 371
16 : 66(38),66(37),22(95),84(17),77(27),81(23) : 396
17 : 87(13),48(59),38(73),65(40),43(63),26(85),25(89),64(42),30(82) : 426
18 : 82(22),59(46),50(57),90(8),84(18),83(21) : 448
19 : 24(92),69(34),88(9),73(32),81(24),55(49),47(60) : 437
20 : 34(75) : 34
