Bin number: 26
Bin size: 300
Item number: 100
Bin Id: item size (item id),... : total item size
1 : 22(95),26(87),32(77),22(96) : 102
2 : 38(73),43(63),38(72) : 119
3 : 23(93),21(97),30(81),34(74),20(99) : 128
4 : 45(62),25(89),40(70),30(82) : 140
5 : 22(94),42(65),24(92),29(83),27(84) : 144
6 : 47(60),42(66),41(69),25(90) : 155
7 : 25(91),41(68),63(45),50(57) : 179
8 : 42(64),52(54),48(58),39(71) : 181
9 : 31(79),32(76),63(44),65(40) : 191
10 : 26(85),54(51),67(36),59(46) : 206
11 : 32(78),31(80),64(41),54(50),21(98),26(88) : 228
12 : 67(35),55(49),34(75),41(67),50(56) : 247
13 : 48(59),64(42),65(39),47(61),26(86) : 250
14 : 80(26),69(33),58(47),53(53) : 260
15 : 86(14),88(10),88(11) : 262
16 : 83(20),83(21),96(1) : 262
17 : 75(29),56(48),90(7),50(55) : 271
18 : 69(34),87(13),63(43),53(52) : 272
19 : 84(16),93(6),99(0) : 276
20 : 85(15),96(2),94(4) : 275
21 : 75(28),66(37),75(30),66(38) : 282
22 : 84(17),94(3),93(5) : 271
23 : 84(18),88(9),90(8) : 262
24 : 83(19),81(24),87(12) : 251
25 : 74(31),82(22),80(25) : 236
26 : 77(27),73(32),81(23) : 231
