Bin number: 34
Bin size: 299
Item number: 100
Bin Id: item size (item id),... : total item size
1 : 71(46),35(86),33(92) : 139
2 : 97(2),40(81) : 137
3 : 60(61),81(31) : 141
4 : 99(0),38(84) : 137
5 : 93(7),38(83) : 131
6 : 86(17),52(74) : 138
7 : 66(53),76(37) : 142
8 : 90(12),59(65) : 149
9 : 97(1),60(63) : 157
10 : 35(88),88(14),35(87) : 158
11 : 74(42),84(24) : 158
12 : 65(56),94(5) : 159
13 : 81(32),53(73),33(91) : 167
14 : 70(48),61(60),31(98) : 162
15 : 91(10),82(29) : 173
16 : 62(58),32(94),85(20) : 179
17 : 90(11),63(57),32(93) : 185
18 : 67(52),82(28),48(78) : 197
19 : 59(64),76(40),38(82),37(85) : 210
20 : 86(18),69(50),31(95),35(89) : 221
21 : 93(6),58(66),77(36) : 228
22 : 62(59),87(15),83(26) : 232
23 : 96(3),85(22),56(68) : 237
24 : 60(62),51(75),79(33),48(79) : 238
25 : 90(13),67(51),50(76),34(90) : 241
26 : 55(70),85(23),74(43),31(96) : 245
27 : 69(49),71(45),55(71),56(69) : 251
28 : 57(67),87(16),30(99),76(39) : 250
29 : 96(4),50(77),70(47),43(80) : 259
30 : 86(19),92(9),84(25) : 262
31 : 65(54),76(38),76(41),54(72) : 271
32 : 65(55),92(8),85(21),31(97) : 273
33 : 81(30),79(34),83(27) : 243
34 : 78(35),73(44) : 151
