Bin number: 22
Bin size: 494
Item number: 100
Bin Id: item size (item id),... : total item size
1 : 93(9),52(66),39(84) : 184
2 : 100(0),78(35) : 178
3 : 71(41),57(58),56(62) : 184
4 : 96(3),96(4) : 192
5 : 46(75),93(10),62(54) : 201
6 : 89(18),79(30),38(86) : 206
7 : 33(95),53(65),97(2),38(89) : 221
8 : 99(1),59(55),80(27) : 238
9 : 56(61),58(56),37(91),56(60),39(83) : 246
10 : 89(17),38(85),63(51),78(34) : 268
11 : 80(26),45(77),90(14),32(96),32(97) : 279
12 : 51(68),82(23),79(29),79(32) : 291
13 : 56(59),41(81),37(92),88(19),90(16) : 312
14 : 69(43),83(21),65(49),83(22),39(82) : 339
15 : 48(72),94(7),94(8),31(98),74(38) : 341
16 : 81(25),48(71),90(15),68(45),37(90),51(67) : 375
17 : 73(40),93(11),96(5),80(28),49(70) : 391
18 : 36(94),78(33),69(44),66(48),67(46),38(87),42(79) : 396
19 : 53(64),38(88),92(12),76(36),48(73),53(63),63(53) : 423
20 : 47(74),43(78),82(24),91(13),94(6),88(20) : 445
21 : 70(42),41(80),36(93),67(47),73(39),79(31),50(69),31(99) : 447
22 : 63(52),74(37),64(50),58(57),46(76) : 305
