Bin number: 22
Bin size: 300
Item number: 100
Bin Id: item size (item id),... : total item size
1 : 6(96),22(77),8(93),6(97),26(72),18(81) : 86
2 : 85(10),84(11),43(47),43(48) : 255
3 : 29(70),37(63),8(94),1(99),37(62) : 112
4 : 7(95),13(87),26(73),12(89),9(92) : 67
5 : 73(22),94(4),71(23),53(38) : 291
6 : 97(1),99(0),95(3) : 291
7 : 37(60),35(65),26(74),30(69) : 128
8 : 17(82),46(45),16(83),34(66),9(91),11(90) : 133
9 : 16(84),32(68),40(54),36(64),23(76) : 147
10 : 38(57),38(58),21(79),48(44),28(71) : 173
11 : 57(36),42(51),51(40),15(85),21(78) : 186
12 : 50(41),44(46),43(50),19(80),48(42) : 204
13 : 65(26),58(35),43(49),52(39),12(88) : 230
14 : 5(98),38(59),75(20),80(14),38(56) : 236
15 : 24(75),74(21),33(67),37(61),59(34),14(86) : 241
16 : 60(33),64(29),80(13),54(37) : 258
17 : 40(53),80(15),64(28),76(18) : 260
18 : 80(16),89(7),41(52),63(31) : 273
19 : 48(43),71(24),79(17),76(19) : 274
20 : 39(55),95(2),62(32),86(9) : 282
21 : 91(6),86(8),92(5) : 269
22 : 80(12),64(27),69(25),63(30) : 276
