Bin number: 22
Bin size: 497
Item number: 100
Bin Id: item size (item id),... : total item size
1 : 70(42),49(70),58(52) : 177
2 : 100(0),50(66),36(85) : 186
3 : 75(33),79(27),34(89) : 188
4 : 79(28),65(45),48(71) : 192
5 : 89(14),71(39),40(83) : 200
6 : 99(4),71(40),30(99) : 200
7 : 55(58),81(24),33(91),44(76) : 213
8 : 93(9),96(6),41(80) : 230
9 : 100(1),59(50),80(25) : 239
10 : 55(57),97(5),57(55),41(81) : 250
11 : 33(93),50(67),52(64),73(36),73(35) : 281
12 : 32(96),75(34),51(65),86(19),55(56) : 299
13 : 95(8),87(18),45(73),77(32) : 304
14 : 70(41),93(10),65(46),93(11) : 321
15 : 69(43),91(12),78(31),32(98),59(51) : 329
16 : 43(79),63(47),95(7),85(20),43(78) : 329
17 : 87(17),33(94),49(68),83(23),73(37),36(86) : 361
18 : 45(75),78(30),72(38),60(48),85(21),44(77) : 384
19 : 54(60),58(53),45(72),84(22),32(97),89(15),35(87) : 397
20 : 53(63),60(49),54(61),57(54),33(90),99(3),78(29) : 434
21 : 53(62),32(95),88(16),34(88),40(82),45(74),99(2),49(69) : 440
22 : 33(92),40(84),89(13),66(44),80(26),55(59) : 363
