Bin number: 21
Bin size: 400
Item number: 100
Bin Id: item size (item id),... : total item size
1 : 92(10),95(5),96(4),63(45) : 346
2 : 46(57),63(46),51(54),40(62) : 200
3 : 31(71),93(9),100(0),25(75),52(52) : 301
4 : 49(55),38(65),61(48),40(63) : 188
5 : 73(32),99(2),95(6),21(79) : 288
6 : 84(22),87(19),89(15),87(18) : 347
7 : 91(13),65(39),74(30),99(1) : 329
8 : 74(28),81(24),85(21),9(92) : 249
9 : 66(38),44(60),21(78),74(29),8(94),1(99),3(98) : 217
10 : 63(43),80(25),77(27),65(40),93(8) : 378
11 : 5(95),21(80),15(88),15(87) : 56
12 : 11(89),16(84),35(67),5(96),9(91),5(97) : 81
13 : 31(69),11(90),38(66),9(93),42(61),18(81) : 149
14 : 48(56),24(77),34(68),56(50),16(85) : 178
15 : 17(82),17(83),31(70),72(33),44(59),27(74) : 208
16 : 52(53),63(47),66(37),57(49),27(73) : 265
17 : 54(51),87(20),63(44),65(41) : 269
18 : 64(42),71(34),25(76),90(14),40(64) : 290
19 : 44(58),81(23),73(31),16(86),92(11) : 306
20 : 70(35),70(36),92(12),98(3),30(72) : 360
21 : 89(17),89(16),79(26),95(7) : 352
