Bin number: 33
Bin size: 297
Item number: 100
Bin Id: item size (item id),... : total item size
1 : 96(4),44(79) : 140
2 : 94(7),46(77) : 140
3 : 57(61),55(64),29(94) : 141
4 : 94(6),46(75) : 140
5 : 68(48),40(82),35(86) : 143
6 : 77(36),59(58) : 136
7 : 52(70),60(56),32(89) : 144
8 : 54(67),54(68),41(81) : 149
9 : 59(57),54(66),46(76) : 159
10 : 92(12),72(41) : 164
11 : 83(27),76(37) : 159
12 : 88(19),85(24) : 173
13 : 54(69),57(60),64(51) : 175
14 : 64(52),94(8),22(98) : 180
15 : 77(34),85(25),23(97) : 185
16 : 74(38),77(35),35(87) : 186
17 : 71(43),67(49),51(72) : 189
18 : 95(5),71(44),27(96) : 193
19 : 91(15),69(47),38(84) : 198
20 : 90(17),78(33),30(93) : 198
21 : 74(39),89(18),45(78) : 208
22 : 52(71),92(14),63(53) : 207
23 : 99(1),93(9),32(88) : 224
24 : 55(65),30(91),93(11),55(63) : 233
25 : 37(85),85(23),83(28),43(80) : 248
26 : 70(45),32(90),61(55),87(21) : 250
27 : 88(20),98(2),56(62),20(99) : 262
28 : 72(42),84(26),79(30),28(95) : 263
29 : 93(10),61(54),39(83),78(32) : 271
30 : 97(3),30(92),70(46),78(31) : 275
31 : 51(73),92(13),86(22),49(74) : 278
32 : 73(40),58(59),83(29),65(50) : 279
33 : 100(0),90(16) : 190
