Bin number: 22
Bin size: 450
Item number: 100
Bin Id: item size (item id),... : total item size
1 : 38(73),27(87),37(77),22(96) : 124
2 : 23(95),52(63),24(93),34(81) : 133
3 : 39(72),42(70),52(62),22(97) : 155
4 : 48(65),27(89),55(60),38(74),21(99) : 189
5 : 23(94),48(66),24(92),72(45),31(83) : 198
6 : 43(69),32(82),30(84),45(68),25(90),35(79) : 210
7 : 24(91),52(64),62(54),77(36),30(85) : 245
8 : 58(57),57(58),72(44),73(40) : 260
9 : 38(76),65(51),39(71),96(2),36(78) : 274
10 : 94(10),92(14),73(41),34(80) : 293
11 : 97(1),93(11),89(20),22(98) : 301
12 : 99(0),66(50),72(46),77(35) : 314
13 : 86(26),89(21),73(42),75(39) : 323
14 : 95(7),95(6),56(59),92(13) : 338
15 : 67(49),91(16),91(15),46(67),60(56) : 355
16 : 38(75),85(29),53(61),27(88),90(18),70(47) : 363
17 : 81(33),81(34),91(17),64(53),61(55) : 378
18 : 89(19),85(28),88(24),72(43),65(52) : 399
19 : 69(48),92(12),83(31),82(32),76(37) : 402
20 : 96(4),94(9),95(8),28(86),96(3) : 409
21 : 86(27),88(22),84(30),76(38),95(5) : 429
22 : 87(25),88(23) : 175
