Bin number: 25
Bin size: 448
Item number: 100
Bin Id: item size (item id),... : total item size
1 : 68(46),100(0) : 168
2 : 99(2),76(37) : 175
3 : 56(61),43(86),45(81),30(98) : 174
4 : 95(7),44(84),37(92) : 176
5 : 90(17),48(74),42(88) : 180
6 : 60(53),81(31),44(83) : 185
7 : 94(12),93(14) : 187
8 : 99(1),58(56),42(87) : 199
9 : 71(42),86(24),48(73) : 205
10 : 97(5),67(48),56(63) : 220
11 : 81(32),57(60),83(29) : 221
12 : 94(10),57(58),38(91),35(94) : 224
13 : 94(11),56(65),61(52),36(93) : 247
14 : 90(20),57(57),83(28),43(85) : 273
15 : 56(64),72(40),90(18),45(82),30(99) : 293
16 : 95(6),57(59),55(66),33(95),47(75),39(89) : 326
17 : 61(50),92(15),89(22),93(13) : 335
18 : 98(3),77(36),53(68),61(51),53(67) : 342
19 : 56(62),85(26),80(33),51(70),71(43) : 343
20 : 88(23),47(78),63(49),46(79),69(45),47(76) : 360
21 : 32(96),91(16),98(4),90(19),59(55) : 370
22 : 51(71),47(77),53(69),60(54),94(9),73(39) : 378
23 : 38(90),67(47),85(25),46(80),82(30),49(72),31(97) : 398
24 : 76(38),79(34),84(27),95(8),89(21) : 423
25 : 71(41),79(35),69(44) : 219
