Bin number: 23
Bin size: 450
Item number: 100
Bin Id: item size (item id),... : total item size
1 : 32(96),32(97),38(83) : 102
2 : 46(66),44(73),56(57) : 146
3 : 41(75),30(99),41(76),46(67) : 158
4 : 50(63),51(61),74(32) : 175
5 : 59(50),41(77),59(48),41(78) : 200
6 : 68(38),67(40),48(65),35(90) : 218
7 : 56(56),54(60),34(94),36(86),39(82) : 219
8 : 78(28),73(33),46(70),45(72) : 242
9 : 44(74),72(34),35(91),34(95),62(47) : 247
10 : 65(43),46(69),91(8),49(64) : 251
11 : 65(42),55(59),88(15),37(84),35(88) : 280
12 : 70(35),93(5),90(13),34(93) : 287
13 : 84(20),80(26),84(22),51(62) : 299
14 : 58(51),56(55),96(4),92(6) : 302
15 : 31(98),97(3),99(0),82(23) : 309
16 : 36(85),55(58),99(1),80(27),57(53) : 327
17 : 34(92),80(25),91(10),36(87),40(80),68(39) : 349
18 : 92(7),85(19),98(2),87(17) : 362
19 : 90(12),65(44),76(30),84(21),58(52) : 373
20 : 46(68),85(18),88(16),66(41),39(81),64(46) : 388
21 : 35(89),90(11),80(24),69(37),46(71),91(9) : 411
22 : 75(31),89(14),70(36),77(29),57(54),59(49) : 427
23 : 40(79),65(45) : 105
