Bin number: 16
Bin size: 748
Item number: 100
Bin Id: item size (item id),... : total item size
1 : 32(84),52(60),54(57),42(70),53(58) : 233
2 : 64(48),46(65),92(12),38(75) : 240
3 : 56(54),66(45),75(31),57(52) : 254
4 : 96(4),49(62),45(66),43(69),43(68) : 276
5 : 96(8),41(72),92(13),72(38) : 301
6 : 51(61),83(22),63(49),93(11),32(86) : 322
7 : 46(64),34(80),91(16),30(89),96(3),32(83) : 329
8 : 22(95),96(5),96(7),98(2),32(85),20(99) : 364
9 : 72(37),55(55),100(0),58(51),22(94),92(14) : 399
10 : 33(81),72(40),77(26),78(24),44(67),56(53),59(50) : 419
11 : 91(15),31(87),93(10),72(36),39(74),65(47),75(32) : 466
12 : 35(77),96(6),75(30),53(59),99(1),47(63),76(29) : 481
13 : 30(88),22(97),70(44),90(18),71(42),78(25),41(71),94(9),28(91),35(78) : 559
14 : 83(21),79(23),91(17),37(76),34(79),39(73),21(98),73(35),29(90),73(34),33(82) : 592
15 : 76(28),66(46),55(56),71(41),87(19),24(92),70(43),72(39),77(27),73(33),22(96) : 693
16 : 23(93),84(20) : 107
