Bin number: 16
Bin size: 748
Item number: 100
Bin Id: item size (item id),... : total item size
1 : 37(84),46(70),59(48),90(12) : 232
2 : 54(60),56(57),57(54),65(45) : 232
3 : 48(65),96(4),58(52),51(62) : 253
4 : 75(31),55(58),41(75),46(66),59(49) : 276
5 : 46(69),91(8),45(72),68(38),40(80) : 290
6 : 90(13),46(68),51(61),84(22),35(89) : 306
7 : 90(11),49(64),88(16),36(86),34(95),36(85) : 333
8 : 97(3),93(5),92(7),38(83),39(81) : 359
9 : 98(2),69(37),56(55),67(40),89(14) : 379
10 : 99(0),58(51),80(26),80(24),46(67),59(50) : 422
11 : 34(94),57(53),88(15),91(10),70(36),41(77),44(74) : 425
12 : 36(87),92(6),62(47),74(32),76(30),50(63),77(29) : 467
13 : 55(59),99(1),35(88),32(97),65(44),85(18),46(71),35(91),91(9) : 543
14 : 65(42),80(25),84(21),41(78),82(23),87(17),30(99),41(76),40(79),31(98) : 581
15 : 44(73),70(35),35(90),72(34),78(28),34(93),64(46),56(56),39(82),66(41),34(92),65(43) : 657
16 : 85(19),68(39),84(20),80(27),73(33),32(96) : 422
