Bin number: 20
Bin size: 450
Item number: 100
Bin Id: item size (item id),... : total item size
1 : 2(97),8(96),2(99),8(94),2(98) : 22
2 : 31(66),19(83),26(75),26(76) : 102
3 : 27(73),31(63),41(57),14(90) : 113
4 : 29(67),34(61),25(77),49(50) : 137
5 : 22(78),37(60),50(48),43(56),20(82) : 172
6 : 31(65),63(38),16(86),62(40),14(91) : 186
7 : 8(95),69(32),28(70),27(72),28(69),51(47) : 211
8 : 26(74),73(28),57(43),38(59),18(84) : 212
9 : 68(33),68(34),15(88),31(64),48(51) : 230
10 : 58(42),89(8),66(35),44(55),9(93) : 266
11 : 85(15),85(13),81(20),18(85),15(87) : 284
12 : 75(26),79(22),96(5),41(58) : 291
13 : 98(3),98(4),93(6),33(62) : 322
14 : 100(0),78(23),75(27),76(25) : 329
15 : 13(92),99(1),88(10),46(53),86(12) : 332
16 : 21(80),91(7),63(39),82(19),55(44),15(89),27(71) : 354
17 : 99(2),29(68),80(21),84(17),82(18) : 374
18 : 71(30),48(52),84(16),20(81),86(11),77(24) : 386
19 : 62(41),52(46),70(31),89(9),22(79),66(36),54(45) : 415
20 : 64(37),85(14),72(29),46(54),50(49) : 317
