Bin number: 17
Bin size: 593
Item number: 100
Bin Id: item size (item id),... : total item size
1 : 2(97),1(99),29(75),21(80),4(94),7(90),1(98),2(96) : 67
2 : 38(65),42(62),37(66) : 117
3 : 43(60),52(52),48(55),7(89),7(88),5(92) : 162
4 : 31(73),54(47),43(61),18(82),20(81),35(67) : 201
5 : 87(17),90(12),90(13) : 267
6 : 77(27),53(50),78(25),45(58),24(77) : 277
7 : 79(24),55(46),74(33),74(32),12(85),9(87) : 303
8 : 99(0),32(70),96(4),30(74),68(37),4(95) : 329
9 : 90(11),67(39),54(48),81(21),53(49),5(93) : 350
10 : 66(40),92(10),69(35),77(26),49(54),6(91) : 359
11 : 76(28),94(7),49(53),11(86),81(22),75(30) : 386
12 : 96(6),97(2),46(57),96(5),67(38) : 402
13 : 52(51),21(79),34(69),21(78),80(23),47(56),97(3),71(34),13(84) : 436
14 : 31(72),93(8),88(16),82(19),56(45),44(59),57(44) : 451
15 : 39(64),32(71),99(1),58(43),74(31),42(63),89(14),16(83),35(68) : 484
16 : 24(76),81(20),69(36),76(29),83(18),88(15),93(9) : 514
17 : 62(41),59(42) : 121
