Bin number: 20
Bin size: 450
Item number: 100
Bin Id: item size (item id),... : total item size
1 : 2(96),2(97),7(90),4(94) : 15
2 : 16(83),1(99),37(66),31(73),11(86) : 96
3 : 29(75),24(76),46(57),24(77),6(91) : 129
4 : 42(63),35(67),43(61),21(78),4(95),7(88),1(98) : 153
5 : 53(50),54(48),47(56),31(72) : 185
6 : 43(60),38(65),18(82),66(40),30(74),5(93) : 200
7 : 67(38),32(70),74(32),34(69),9(87) : 216
8 : 58(43),76(28),54(47),44(59),5(92) : 237
9 : 74(33),71(34),59(42),39(64) : 243
10 : 13(84),93(8),69(35),81(20) : 256
11 : 88(15),52(51),90(13),48(55),12(85) : 290
12 : 77(26),96(5),81(22),42(62) : 296
13 : 45(58),96(4),96(6),80(23) : 317
14 : 97(3),99(0),77(27),21(80),7(89),20(81) : 321
15 : 99(1),78(25),92(10),57(44),21(79) : 347
16 : 49(53),82(19),97(2),90(12),35(68) : 353
17 : 94(7),67(39),81(21),75(30),49(54) : 366
18 : 87(17),83(18),52(52),62(41),79(24),32(71) : 395
19 : 88(16),90(11),74(31),68(37),89(14) : 409
20 : 55(46),93(9),69(36),56(45),76(29),53(49) : 402
