Bin number: 23
Bin size: 450
Item number: 100
Bin Id: item size (item id),... : total item size
1 : 31(96),30(97),30(99) : 91
2 : 51(66),46(73),57(57) : 154
3 : 40(83),53(63),64(50) : 157
4 : 46(75),46(76),51(67),31(95) : 174
5 : 55(61),44(77),43(78),57(56) : 199
6 : 64(48),56(60),32(94),72(40) : 224
7 : 34(90),73(38),77(32),40(82) : 224
8 : 52(65),38(86),47(70),46(74),46(72) : 229
9 : 80(28),34(91),69(43),65(47) : 248
10 : 77(33),47(69),76(34),52(64) : 252
11 : 56(59),96(8),39(84),97(5) : 288
12 : 71(42),74(35),85(20),30(98),32(93) : 292
13 : 89(15),84(22),63(51),59(55) : 295
14 : 36(88),92(13),82(26),83(23) : 293
15 : 97(4),96(6),39(85),54(62),33(92) : 319
16 : 98(3),99(0),57(58),69(44) : 323
17 : 99(1),81(27),95(10),72(39) : 347
18 : 36(87),83(25),61(53),96(7),43(80),35(89) : 354
19 : 86(19),98(2),93(12),49(68),41(81) : 367
20 : 84(21),87(17),87(18),62(52),71(41) : 391
21 : 79(30),87(16),94(11),83(24),46(71) : 389
22 : 66(46),79(31),74(37),96(9),43(79),69(45) : 427
23 : 91(14),74(36),79(29),60(54),64(49) : 368
