Bin number: 16
Bin size: 593
Item number: 100
Bin Id: item size (item id),... : total item size
1 : 2(97),26(75),31(65),8(94) : 67
2 : 81(20),66(36),72(29),82(18),8(95),85(15),18(84),89(9),58(42),9(93) : 568
3 : 2(99),33(62),21(80),31(66),14(90) : 101
4 : 37(60),48(52),27(73),20(82),13(92) : 145
5 : 44(55),51(47),34(61),15(89),20(81),29(67) : 193
6 : 86(12),84(17),85(13),2(98) : 257
7 : 15(88),75(27),49(50),76(25),41(58),8(96) : 264
8 : 68(33),52(46),77(24),69(32),25(77) : 291
9 : 28(70),100(0),18(85),64(37),26(74),86(11) : 322
10 : 98(4),15(87),63(39),62(40),50(48),50(49) : 338
11 : 88(10),80(21),66(35),75(26),46(54) : 355
12 : 73(28),91(7),46(53),93(6),16(86),41(57),14(91) : 374
13 : 79(22),99(2),71(30),48(51),28(69),22(79),22(78),27(72) : 396
14 : 96(5),63(38),43(56),78(23),98(3),31(64),26(76) : 435
15 : 89(8),68(34),84(16),82(19),54(45),27(71),38(59),19(83) : 461
16 : 99(1),55(44),31(63),70(31),57(43),62(41),85(14),29(68) : 488
