Bin number: 23
Bin size: 450
Item number: 100
Bin Id: item size (item id),... : total item size
1 : 22(96),22(97),21(99) : 65
2 : 31(83),38(73),38(75),28(86) : 135
3 : 48(66),58(57),46(67) : 152
4 : 38(76),52(63),53(61),25(90) : 168
5 : 37(77),36(78),23(94),55(60),24(91),23(95) : 198
6 : 66(50),48(65),73(40),32(82) : 219
7 : 60(56),38(74),69(48),39(72),24(93) : 230
8 : 76(38),82(32),81(33) : 239
9 : 42(70),43(69),85(28),70(47) : 240
10 : 72(43),81(34),30(84),27(88),56(59) : 266
11 : 95(8),95(5),73(42),22(98) : 285
12 : 91(15),92(13),52(64),65(51) : 300
13 : 77(35),96(3),96(4),30(85) : 299
14 : 89(20),88(22),99(0),34(80) : 310
15 : 86(26),61(55),57(58),24(92),88(23) : 316
16 : 95(6),52(62),94(10),87(25) : 328
17 : 97(1),86(27),95(7),64(53) : 342
18 : 27(87),96(2),89(19),45(68),89(21) : 346
19 : 75(39),92(12),84(30),91(17),34(81) : 376
20 : 72(44),90(18),91(16),65(52),72(46) : 390
21 : 27(89),73(41),93(11),88(24),94(9),35(79) : 410
22 : 39(71),83(31),76(37),77(36),72(45),85(29) : 432
23 : 92(14),62(54),67(49) : 221
