Bin number: 22
Bin size: 448
Item number: 100
Bin Id: item size (item id),... : total item size
1 : 57(46),81(17),31(92) : 169
2 : 98(2),34(86),42(74) : 174
3 : 50(61),90(7),33(88) : 173
4 : 99(0),39(81),37(84) : 175
5 : 54(53),85(12),43(73) : 182
6 : 65(37),67(31),61(42) : 193
7 : 98(1),52(56),51(60) : 201
8 : 37(83),74(24),93(5) : 204
9 : 84(14),67(32),57(48) : 208
10 : 50(63),89(10),33(87),25(98),31(91) : 228
11 : 52(58),87(11),69(29),31(93) : 239
12 : 29(94),47(65),76(20),54(52),52(57) : 258
13 : 70(28),49(64),62(40),92(6) : 273
14 : 80(18),38(82),51(59),47(66),98(3) : 314
15 : 28(95),55(50),81(15),75(22),50(62),45(70) : 334
16 : 65(36),47(68),42(75),85(13),32(89),71(26) : 342
17 : 54(51),67(33),74(23),39(78),47(67),39(79),28(96) : 348
18 : 37(85),61(43),56(49),81(16),45(71),39(76),39(77) : 358
19 : 58(45),93(4),77(19),57(47),89(9) : 374
20 : 47(69),52(54),63(39),52(55),73(25),39(80),62(41) : 388
21 : 22(99),32(90),64(38),68(30),44(72),70(27),90(8) : 390
22 : 66(34),66(35),75(21),59(44),27(97) : 293
