Bin number: 16
Bin size: 748
Item number: 100
Bin Id: item size (item id),... : total item size
1 : 36(84),55(60),47(70),94(12) : 232
2 : 59(57),63(48),52(65),63(45) : 237
3 : 59(54),99(4),43(75),53(62) : 254
4 : 69(31),57(58),60(52),51(66),41(80) : 278
5 : 48(69),95(8),67(38),49(68),36(86) : 295
6 : 45(72),91(13),79(22),62(49),29(89) : 306
7 : 55(61),94(11),52(64),23(95),98(5) : 322
8 : 90(16),99(3),96(7),36(83),22(97) : 343
9 : 100(2),36(85),67(37),59(55),66(40),50(67) : 378
10 : 38(81),100(0),24(94),91(14),77(24),90(15) : 420
11 : 61(51),74(26),60(53),62(50),34(87),95(10),44(74) : 430
12 : 68(36),42(77),97(6),63(47),69(32),55(59),53(63),34(88) : 481
13 : 69(30),100(1),70(29),63(44),65(42),47(71),83(21),42(78) : 539
14 : 86(18),74(25),95(9),28(91),78(23),88(17),20(99),41(79),44(73),29(90) : 583
15 : 43(76),22(98),68(35),68(34),72(28),63(46),59(56),37(82),66(41),84(19),64(43) : 646
16 : 25(93),27(92),67(39),83(20),72(27),69(33),23(96) : 366
