Bin number: 17
Bin size: 748
Item number: 100
Bin Id: item size (item id),... : total item size
1 : 40(84),54(60),56(57),49(70),34(89) : 233
2 : 64(48),62(54),52(65),62(52) : 240
3 : 94(12),66(45),99(4) : 259
4 : 76(31),55(58),45(75),53(62),48(72) : 277
5 : 52(66),51(69),98(8),85(22) : 286
6 : 94(13),72(38),97(11),43(80) : 306
7 : 51(68),53(61),64(49),53(64),92(16) : 313
8 : 38(86),99(3),32(95),99(5),41(83),40(85) : 349
9 : 98(7),99(2),72(37),100(0) : 369
10 : 61(55),42(81),71(40),63(51),93(14),81(26) : 411
11 : 32(94),83(24),52(67),62(53),64(50),93(15),45(77) : 431
12 : 35(87),97(10),73(36),45(74),98(6),64(47),55(59) : 467
13 : 75(32),77(30),100(1),78(29),34(88),30(97),67(44),49(71) : 510
14 : 53(63),89(18),70(42),82(25),97(9),86(21),34(91),44(78) : 555
15 : 83(23),90(17),30(99),45(76),44(79),48(73),30(98),73(35),34(90),73(34),65(46) : 615
16 : 79(28),33(93),57(56),41(82),71(41),88(19),68(43),71(39),80(27),73(33),32(96) : 693
17 : 33(92),87(20) : 120
