Bin number: 19
Bin size: 448
Item number: 100
Bin Id: item size (item id),... : total item size
1 : 95(7),81(17) : 176
2 : 56(46),97(2),15(86) : 168
3 : 86(14),47(56),76(24),1(99) : 210
4 : 63(41),67(34),72(27),67(35),95(8),58(44) : 422
5 : 42(61),98(0),17(84),5(92),11(88) : 173
6 : 65(37),69(31),62(42) : 196
7 : 55(48),43(60),40(63),11(87),30(73),43(58) : 222
8 : 50(53),87(12),29(74),18(83) : 184
9 : 20(81),97(1),69(32),4(94) : 190
10 : 95(5),92(10),2(98),5(91),20(82),4(95) : 218
11 : 88(11),70(29),40(65),50(52),5(93) : 253
12 : 78(20),45(57),71(28),40(64),36(68),2(96) : 272
13 : 64(40),80(18),95(6),39(66),28(75) : 306
14 : 43(59),51(50),85(15),77(22),65(36),10(89) : 331
15 : 97(3),41(62),86(13),50(51),67(33) : 341
16 : 74(26),16(85),33(70),77(23),58(43),25(78),38(67),22(79),8(90) : 351
17 : 52(49),56(45),81(16),96(4),78(19) : 363
18 : 33(71),28(76),25(77),35(69),49(54),93(9),64(39),49(55),2(97) : 378
19 : 56(47),75(25),22(80),65(38),70(30),32(72),78(21) : 398
