Bin number: 16
Bin size: 748
Item number: 100
Bin Id: item size (item id),... : total item size
1 : 34(84),48(60),51(57),44(70),56(54) : 233
2 : 60(48),45(65),94(12),40(75) : 239
3 : 63(45),78(31),57(52),47(62),28(89) : 273
4 : 97(4),49(58),45(66),44(69),43(72) : 278
5 : 96(8),93(13),44(68),37(80),31(86) : 301
6 : 70(38),84(22),59(49),95(11) : 308
7 : 47(61),45(64),92(16),98(3),35(83) : 317
8 : 23(95),97(5),96(7),99(2),45(67) : 360
9 : 32(85),71(37),55(55),100(0),58(51),82(26) : 398
10 : 37(81),67(40),23(94),93(14),83(24),56(53),59(50) : 418
11 : 93(15),31(87),95(10),72(36),39(77),60(47),75(32) : 465
12 : 41(74),97(6),78(30),49(59),99(1),46(63),30(88),21(97),25(91) : 486
13 : 81(29),63(44),89(18),65(42),83(25),44(71),95(9),39(78) : 559
14 : 86(21),84(23),91(17),20(99),39(76),37(79),41(73),20(98),72(35),24(93),54(56),24(92) : 592
15 : 26(90),73(34),81(28),62(46),66(41),88(19),64(43),68(39),81(27),74(33) : 683
16 : 35(82),87(20),22(96) : 144
