Bin number: 20
Bin size: 448
Item number: 100
Bin Id: item size (item id),... : total item size
1 : 55(46),97(2),11(86),5(92),1(98) : 169
2 : 43(61),99(0),20(81),7(88),5(93) : 174
3 : 94(7),49(53),30(74),4(94) : 177
4 : 87(17),90(12),2(96) : 179
5 : 13(84),99(1),74(31),6(91) : 192
6 : 68(37),59(42),16(83),54(48) : 197
7 : 89(14),47(56),74(32),1(99) : 211
8 : 79(24),96(5),43(60) : 218
9 : 42(63),92(10),9(87),31(73),45(58),7(89),2(97) : 228
10 : 90(11),76(29),38(65),46(57),4(95) : 254
11 : 81(20),52(52),76(28),39(64),18(82),7(90) : 273
12 : 66(40),83(18),96(6),29(75),12(85),21(78) : 307
13 : 44(59),37(66),53(50),42(62),69(36),35(68),52(51) : 332
14 : 97(3),88(15),81(22),74(33) : 340
15 : 90(13),77(26),32(70),80(23),35(67),32(71) : 346
16 : 58(43),53(49),56(45),88(16),82(19),24(76) : 361
17 : 21(79),96(4),24(77),34(69),49(54),93(9),48(55) : 365
18 : 54(47),67(39),78(25),67(38),62(41),71(34) : 399
19 : 21(80),75(30),31(72),77(27),69(35),81(21),57(44) : 411
20 : 93(8) : 93
