Bin number: 23
Bin size: 448
Item number: 100
Bin Id: item size (item id),... : total item size
1 : 64(46),99(0) : 163
2 : 98(2),36(86),39(81) : 173
3 : 51(61),87(17),35(88) : 173
4 : 92(7),37(84),44(74) : 173
5 : 57(53),90(12),38(83) : 185
6 : 69(37),75(31),50(63) : 194
7 : 99(1),34(92),65(42) : 198
8 : 89(14),56(56),31(98),35(91) : 211
9 : 80(24),93(5),44(73) : 217
10 : 74(32),59(48),54(60),34(94) : 221
11 : 91(10),36(87),55(58),48(65) : 230
12 : 90(11),77(29),84(20) : 251
13 : 58(52),56(57),34(93),78(28),46(66) : 272
14 : 49(64),67(40),85(18),92(6) : 293
15 : 39(82),55(59),34(95),59(50),97(3),46(68) : 330
16 : 88(15),84(22),70(36),41(75),58(51) : 341
17 : 51(62),90(13),35(89),80(26),46(70),40(79) : 342
18 : 73(33),82(23),65(43),41(78),59(49),32(96) : 352
19 : 36(85),46(67),88(16),46(71),96(4),46(69) : 358
20 : 65(45),85(19),41(76),30(99),62(47),91(9) : 374
21 : 41(77),57(54),68(39),56(55),80(25),40(80),45(72) : 387
22 : 35(90),68(38),66(41),76(30),72(34),80(27) : 397
23 : 70(35),91(8),84(21),65(44),32(97) : 342
