Bin number: 19
Bin size: 594
Item number: 100
Bin Id: item size (item id),... : total item size
1 : 30(97),52(65),54(62) : 136
2 : 46(75),30(99),43(80),32(94) : 151
3 : 51(66),62(52),46(73),34(90) : 193
4 : 56(60),59(55),40(82),41(81) : 196
5 : 65(47),87(17),93(12) : 245
6 : 55(61),35(89),92(13),81(27) : 263
7 : 51(67),83(25),36(88),83(24),44(77) : 297
8 : 64(50),77(33),57(58),77(32),33(92) : 308
9 : 66(46),99(0),97(4),64(48) : 326
10 : 74(37),94(11),39(85),72(39),72(40) : 351
11 : 47(70),46(74),95(10),84(21),82(26) : 354
12 : 36(87),74(35),80(28),96(7),60(54),30(98) : 376
13 : 64(49),96(6),98(2),79(30),57(57) : 394
14 : 84(22),61(53),38(86),97(5),73(38),57(56) : 410
15 : 63(51),47(69),43(79),83(23),46(72),98(3),69(45) : 449
16 : 43(78),96(8),76(34),87(16),52(64),31(96),46(71),31(95) : 462
17 : 86(19),99(1),56(59),69(44),34(91),79(31),69(43) : 492
18 : 53(63),46(76),71(41),91(14),74(36),79(29),49(68),71(42) : 534
19 : 85(20),40(83),87(18),89(15),39(84),96(9),32(93) : 468
