Bin number: 42
Bin size: 497
Item number: 200
Bin Id: item size (item id),... : total item size
1 : 94(15),51(129),34(185) : 179
2 : 67(92),63(102),49(136) : 179
3 : 93(17),73(67),30(194) : 196
4 : 82(46),61(107),53(123) : 196
5 : 43(158),81(49),43(157),30(195) : 197
6 : 89(26),31(191),84(38) : 204
7 : 69(82),59(115),39(173),43(160) : 210
8 : 51(130),45(151),59(116),61(109) : 216
9 : 67(90),87(28),60(111) : 214
10 : 67(91),43(156),69(85),50(135) : 229
11 : 95(12),91(24),50(131) : 236
12 : 66(97),92(23),84(37) : 242
13 : 36(178),62(104),41(166),74(66),30(198) : 243
14 : 97(6),38(175),42(163),46(147),31(192) : 254
15 : 93(21),70(80),32(187),61(108) : 256
16 : 77(59),62(105),47(144),82(43) : 268
17 : 39(174),93(19),70(79),68(88) : 270
18 : 97(5),78(58),48(137),54(120) : 277
19 : 71(77),97(7),43(159),72(74) : 283
20 : 52(126),47(142),59(112),46(145),43(161),40(170) : 287
21 : 45(152),51(128),79(56),74(64),50(132) : 299
22 : 69(83),70(81),86(30),82(42) : 307
23 : 53(121),50(134),36(177),47(143),72(75),60(110) : 318
24 : 69(87),67(93),61(106),52(127),72(73) : 321
25 : 30(197),53(122),44(155),90(25),76(61),35(183) : 328
26 : 48(141),36(179),95(13),99(2),53(124) : 331
27 : 59(114),64(100),44(154),40(168),82(45),48(138) : 337
28 : 36(180),34(186),93(18),63(103),73(68),55(119) : 354
29 : 85(33),69(86),59(113),98(3),45(148) : 356
30 : 30(196),86(29),85(35),97(4),68(89) : 366
31 : 81(50),78(57),73(70),56(118),52(125),31(193) : 371
32 : 57(117),64(99),42(162),83(41),84(39),40(171) : 370
33 : 50(133),99(0),81(48),81(51),82(44) : 393
34 : 96(9),95(11),69(84),99(1),48(139) : 407
35 : 66(95),64(101),35(181),76(60),32(188),96(8),39(172) : 408
36 : 45(149),94(14),81(52),75(62),44(153),30(199),46(146) : 415
37 : 73(72),86(31),32(190),95(10),80(54),67(94) : 433
38 : 85(36),73(71),73(69),80(55),86(32),42(165) : 439
39 : 71(78),37(176),40(169),93(20),74(65),65(98),71(76) : 451
40 : 85(34),45(150),74(63),66(96),42(164),32(189),35(184),48(140),41(167) : 468
41 : 82(47),94(16),88(27),83(40),92(22),35(182) : 474
42 : 80(53) : 80
