Bin number: 43
Bin size: 300
Item number: 200
Bin Id: item size (item id),... : total item size
1 : 91(23),91(19),95(13) : 277
2 : 91(18),91(22),62(73),31(132) : 275
3 : 85(30),85(29),44(99),59(78) : 273
4 : 50(91),95(10),63(72),78(39) : 286
5 : 39(111),93(17),41(106),53(87),55(84) : 281
6 : 97(6),96(8),98(5) : 291
7 : 81(35),60(76),95(11),42(103) : 278
8 : 39(112),94(14),86(28),67(63) : 286
9 : 78(40),90(24),85(31),21(157) : 274
10 : 39(110),69(56),31(133),72(50) : 211
11 : 71(54),90(25),93(16),39(113) : 293
12 : 43(101),42(104),26(144),36(118) : 147
13 : 54(85),84(33),32(125),82(34),16(167) : 268
14 : 57(80),81(37),30(137),84(32) : 252
15 : 76(41),66(65),67(61),32(130) : 241
16 : 74(47),91(20),70(55),34(122) : 269
17 : 52(90),18(163),58(79),24(147),21(158) : 173
18 : 22(155),40(108),47(94),32(128),18(164),8(180) : 167
19 : 23(152),64(70),64(71),72(51) : 223
20 : 72(53),91(21),76(42),55(83) : 294
21 : 1(198),2(197),1(199),7(185),21(156),9(179) : 41
22 : 12(174),8(182),29(139),13(173),7(187),2(196) : 71
23 : 27(143),16(168),23(151),32(129),7(184) : 105
24 : 10(178),8(183),30(138),41(105),17(166),3(194),4(191) : 113
25 : 28(141),43(102),38(116),19(161),3(192) : 131
26 : 27(142),34(121),38(114),19(162),20(159) : 138
27 : 6(188),50(92),35(120),37(117),12(175),11(176),3(195) : 154
28 : 49(93),24(148),46(97),22(153),30(135),3(193) : 174
29 : 7(186),52(89),32(127),32(126),56(81) : 179
30 : 31(131),33(123),5(190),61(74),53(86),10(177) : 193
31 : 17(165),53(88),23(150),30(136),41(107),30(134),8(181) : 202
32 : 69(57),38(115),72(52),25(145),15(169) : 219
33 : 14(172),60(77),47(95),22(154),33(124),45(98) : 221
34 : 66(64),40(109),6(189),61(75),65(67) : 238
35 : 69(58),74(49),67(60),28(140) : 238
36 : 66(66),69(59),67(62),46(96) : 248
37 : 81(36),75(43),74(48),23(149) : 253
38 : 64(68),44(100),75(45),75(44) : 258
39 : 24(146),35(119),64(69),87(26),15(170),19(160),14(171) : 258
40 : 55(82),79(38),87(27),75(46) : 296
41 : 95(12),100(0),100(1) : 295
42 : 97(7),100(2),98(4) : 295
43 : 96(9),93(15),100(3) : 289
