Bin number: 32
Bin size: 500
Item number: 200
Bin Id: item size (item id),... : total item size
1 : 24(148),98(4),57(80),2(197) : 181
2 : 69(59),87(27),27(142),3(193) : 186
3 : 31(133),95(11),55(83),5(190) : 186
4 : 67(60),45(98),82(34) : 194
5 : 47(94),75(44),32(130),30(134),10(178),1(199) : 195
6 : 95(12),74(47),33(124),14(171) : 216
7 : 72(52),62(73),76(42),15(169) : 225
8 : 75(46),100(3),46(97),7(187) : 228
9 : 70(55),71(54),72(51),17(166) : 230
10 : 28(141),78(40),91(20),6(188),30(135) : 233
11 : 75(43),64(68),65(67),27(143),3(195) : 234
12 : 78(39),93(16),39(112),32(128),12(175),1(198) : 255
13 : 59(78),31(132),22(155),85(30),47(95),14(172),8(183) : 266
14 : 24(146),90(25),95(10),54(85),8(181),7(184) : 278
15 : 25(145),29(139),55(84),23(149),21(156),100(0),26(144),8(182) : 287
16 : 30(138),95(13),67(62),58(79),49(93) : 299
17 : 74(49),42(103),39(113),32(127),67(63),53(88) : 307
18 : 86(28),18(163),81(35),18(164),75(45),34(122),2(196) : 314
19 : 53(87),37(117),69(57),32(126),39(110),90(24) : 320
20 : 96(8),93(17),46(96),41(105),8(180),44(100),3(194) : 331
21 : 84(33),67(61),100(1),24(147),38(114),16(167),10(177) : 339
22 : 32(129),69(56),85(31),64(70),91(19),6(189) : 347
23 : 44(99),43(101),81(37),19(160),40(108),61(75),66(66) : 354
24 : 72(50),91(23),41(106),21(158),43(102),76(41),16(168) : 360
25 : 98(5),97(6),93(15),38(115),30(137),12(174) : 368
26 : 72(53),97(7),79(38),74(48),50(91),4(191) : 376
27 : 60(77),96(9),52(90),91(21),81(36),11(176),9(179) : 400
28 : 42(104),61(74),84(32),91(18),34(121),63(72),31(131) : 406
29 : 23(150),19(162),41(107),66(64),23(152),33(123),21(157),85(29),60(76),40(109) : 411
30 : 64(69),94(14),19(161),30(136),35(120),22(153),52(89),50(92),69(58),7(186) : 442
31 : 13(173),28(140),91(22),20(159),66(65),7(185),38(116),56(81),64(71),35(119),39(111),3(192) : 460
32 : 15(170),100(2),32(125),22(154),55(82),53(86),17(165),87(26),36(118),23(151) : 440
