Bin number: 38
Bin size: 399
Item number: 200
Bin Id: item size (item id),... : total item size
1 : 15(169),6(188),21(158),6(189),4(191) : 52
2 : 22(154),12(175),9(179),7(184),21(157),2(197) : 73
3 : 7(186),11(176),23(149),30(135),18(164) : 89
4 : 8(180),35(120),32(128),22(153) : 97
5 : 7(185),17(165),23(150),38(116),16(168),1(199) : 102
6 : 30(138),19(161),14(172),41(107),10(177) : 114
7 : 25(145),29(139),27(143),39(113),8(183),7(187),1(198) : 136
8 : 30(137),50(92),33(123),41(105) : 154
9 : 54(85),52(89),24(146),32(129),3(192) : 165
10 : 37(117),49(93),36(118),53(87),3(194),3(193) : 181
11 : 17(166),52(90),32(127),67(63),14(171) : 182
12 : 13(173),46(96),69(59),43(102),38(115) : 209
13 : 66(64),64(69),16(167),42(103),32(130),2(196) : 222
14 : 27(142),40(109),39(111),61(74),30(134),34(122) : 231
15 : 58(79),75(45),75(43),34(121) : 242
16 : 39(110),40(108),65(67),47(94),15(170),31(132),10(178) : 247
17 : 21(156),81(35),84(32),76(42),3(195) : 265
18 : 26(144),75(44),72(52),60(77),22(155),18(163) : 273
19 : 43(101),74(48),85(30),74(49) : 276
20 : 91(22),95(12),64(68),39(112) : 289
21 : 69(57),66(65),66(66),12(174),84(33) : 297
22 : 96(9),24(148),72(53),100(1),8(181) : 300
23 : 93(15),24(147),44(100),90(24),53(86) : 304
24 : 82(34),53(88),62(73),20(159),98(4) : 315
25 : 67(62),64(70),50(91),69(58),61(75),5(190) : 316
26 : 94(14),91(18),55(83),81(36) : 321
27 : 33(124),95(13),42(104),87(26),64(71) : 321
28 : 31(133),93(16),85(31),41(106),31(131),44(99) : 325
29 : 91(19),97(6),46(97),96(8) : 330
30 : 45(98),86(28),81(37),69(56),28(140),19(162),8(182) : 336
31 : 70(55),75(46),98(5),97(7) : 340
32 : 56(81),28(141),85(29),72(50),76(41),32(125) : 349
33 : 30(136),59(78),79(38),91(23),60(76),35(119) : 354
34 : 23(151),63(72),23(152),91(21),38(114),67(60),55(82) : 360
35 : 100(2),74(47),78(40),55(84),67(61) : 374
36 : 57(80),71(54),47(95),100(0),100(3) : 375
37 : 90(25),95(11),72(51),95(10),32(126) : 384
38 : 91(20),19(160),87(27),93(17),78(39) : 368
