Bin number: 65
Bin size: 300
Item number: 200
Bin Id: item size (item id),... : total item size
1 : 96(8),42(162) : 138
2 : 82(44),51(129) : 133
3 : 39(174),98(3) : 137
4 : 97(4),43(158) : 140
5 : 73(67),32(190),35(181) : 140
6 : 70(81),42(165),30(196) : 142
7 : 50(132),92(23) : 142
8 : 52(127),48(140),44(155) : 144
9 : 73(68),72(75) : 145
10 : 81(52),64(100) : 145
11 : 84(39),62(105) : 146
12 : 59(113),88(27) : 147
13 : 84(37),67(90) : 151
14 : 38(175),84(38),30(198) : 152
15 : 52(125),50(135),47(142) : 149
16 : 95(10),61(108) : 156
17 : 96(9),61(107) : 157
18 : 55(119),75(62),30(195) : 160
19 : 43(160),78(57),40(169) : 161
20 : 99(2),59(112) : 158
21 : 82(45),77(59) : 159
22 : 45(151),48(139),67(92) : 160
23 : 93(17),42(164),34(186) : 169
24 : 87(28),37(176),45(148) : 169
25 : 94(14),36(179),40(168) : 170
26 : 95(13),47(144),31(193) : 173
27 : 57(117),56(118),60(110) : 173
28 : 51(128),66(97),59(115) : 176
29 : 73(71),73(70),36(180) : 182
30 : 52(126),81(51),50(133) : 183
31 : 48(137),86(32),49(136) : 183
32 : 64(99),65(98),59(114) : 188
33 : 46(146),67(93),45(150),30(194) : 188
34 : 85(36),74(64),35(183) : 194
35 : 80(53),83(40),31(192) : 194
36 : 66(96),82(42),47(143) : 195
37 : 50(134),99(0),46(147) : 195
38 : 72(73),93(21),32(189) : 197
39 : 99(1),35(184),66(95) : 200
40 : 76(60),91(24),35(182) : 202
41 : 74(63),93(18),36(177) : 203
42 : 44(154),39(172),89(26),36(178) : 208
43 : 97(6),71(77),45(152) : 213
44 : 53(124),42(163),69(87),50(131) : 214
45 : 85(34),59(116),43(157),30(197) : 217
46 : 82(43),95(11),43(156) : 220
47 : 40(170),71(78),67(94),46(145) : 224
48 : 79(56),73(72),31(191),48(138) : 231
49 : 94(16),53(123),85(35) : 232
50 : 82(47),73(69),83(41) : 238
51 : 81(49),69(82),95(12) : 245
52 : 41(167),68(89),86(31),48(141) : 243
53 : 81(50),62(104),43(159),69(84) : 255
54 : 63(103),94(15),97(5) : 254
55 : 92(22),63(102),71(76),32(187) : 258
56 : 40(171),69(83),44(153),39(173),72(74) : 264
57 : 80(55),74(66),61(106),51(130) : 266
58 : 81(48),68(88),69(86),54(120) : 272
59 : 93(19),80(54),67(91),34(185) : 274
60 : 86(29),76(61),53(122),61(109) : 276
61 : 78(58),85(33),70(80),43(161) : 276
62 : 97(7),82(46),70(79),30(199) : 279
63 : 41(166),93(20),86(30),64(101) : 284
64 : 69(85),60(111),74(65),53(121),32(188) : 288
65 : 45(149),90(25) : 135
