Bin number: 58
Bin size: 298
Item number: 200
Bin Id: item size (item id),... : total item size
1 : 88(31),50(123) : 138
2 : 65(85),89(26) : 154
3 : 100(0),61(91) : 161
4 : 91(22),71(71) : 162
5 : 75(64),100(2) : 175
6 : 70(77),86(34),20(199) : 176
7 : 72(69),40(147),27(182),50(122) : 189
8 : 82(43),24(187),56(105) : 162
9 : 90(24),80(52),55(107) : 225
10 : 81(49),78(59),45(135) : 204
11 : 52(117),86(35),79(55) : 217
12 : 92(20),68(80),32(169) : 192
13 : 99(4),34(161) : 133
14 : 57(101),66(83),23(188) : 146
15 : 90(25),33(164),33(163) : 156
16 : 45(132),36(155),69(78) : 150
17 : 100(1),49(124) : 149
18 : 24(186),94(15),28(179) : 146
19 : 94(14),20(197),32(168) : 146
20 : 77(60),52(115),43(138) : 172
21 : 82(45),28(177),52(111) : 162
22 : 92(19),65(86) : 157
23 : 96(8),52(119),26(184),45(134) : 219
24 : 96(10),78(57),35(160) : 209
25 : 70(76),90(23),37(152),93(16) : 290
26 : 65(87),54(108),95(11),22(194) : 236
27 : 36(157),40(146),57(103),38(151) : 171
28 : 81(50),58(100),32(166) : 171
29 : 82(46),66(82),30(173) : 178
30 : 42(140),57(102),54(109),28(176) : 181
31 : 31(172),98(7),33(165),28(178) : 190
32 : 60(96),26(183),20(198),89(29) : 195
33 : 27(181),74(66),96(9) : 197
34 : 71(72),23(191),22(192),85(36) : 201
35 : 76(62),68(79),83(42) : 227
36 : 98(6),52(113),23(189),57(104) : 230
37 : 85(38),51(121),46(130),41(144) : 223
38 : 81(47),58(99),41(145),35(158) : 215
39 : 89(28),76(63),99(3) : 264
40 : 53(110),74(67),74(65) : 201
41 : 72(70),52(118),21(195),45(133),81(48) : 271
42 : 70(75),93(17),34(162) : 197
43 : 81(51),84(41),35(159) : 200
44 : 91(21),71(73),23(190),21(196) : 206
45 : 58(98),60(93),92(18) : 210
46 : 47(127),39(150),63(89),32(167),47(129) : 228
47 : 41(143),85(39),56(106),52(114) : 234
48 : 66(84),65(88),82(44),28(175) : 241
49 : 30(174),78(58),95(12),39(148) : 242
50 : 48(125),60(94),78(56),61(92) : 247
51 : 39(149),79(54),87(32),47(126) : 252
52 : 43(137),94(13),73(68),44(136) : 254
53 : 98(5),58(97),22(193),42(141),37(154) : 257
54 : 80(53),88(30),27(180),70(74) : 265
55 : 26(185),47(128),60(95),89(27),45(131) : 267
56 : 42(139),31(171),41(142),84(40),76(61) : 274
57 : 68(81),87(33),51(120),36(156),37(153) : 279
58 : 62(90),52(112),31(170),85(37),52(116) : 282
