Bin number: 45
Bin size: 300
Item number: 200
Bin Id: item size (item id),... : total item size
1 : 3(195),5(191),4(193),1(199),1(198) : 14
2 : 8(186),17(169),4(194),3(197),22(163) : 54
3 : 8(187),10(185),38(127),30(150) : 86
4 : 11(181),12(180),36(136),40(122),6(189),3(196) : 108
5 : 36(137),11(183),16(171),11(182),45(115),6(190) : 125
6 : 45(113),45(116),31(145),22(162) : 143
7 : 55(87),46(111),22(164),30(148),15(174) : 168
8 : 34(139),46(109),14(177),53(92),27(155) : 174
9 : 36(135),57(83),34(143),37(133),16(172) : 180
10 : 46(107),59(81),46(110),39(125) : 190
11 : 34(138),13(179),50(100),45(114),27(156),26(157) : 195
12 : 14(176),49(104),63(73),40(121),30(149) : 196
13 : 24(158),61(76),61(78),60(79) : 206
14 : 66(68),63(74),34(142),30(151),15(173) : 208
15 : 66(65),56(85),37(132),31(144),14(175),5(192) : 209
16 : 72(54),60(80),53(93),31(146) : 216
17 : 38(131),68(62),38(129),24(159),50(99) : 218
18 : 71(58),56(86),51(97),22(161),17(170),8(188) : 225
19 : 34(141),49(101),23(160),76(44),46(112) : 228
20 : 77(42),38(126),67(64),54(90) : 236
21 : 74(47),76(45),64(70),22(165) : 236
22 : 64(71),67(63),56(84),55(89) : 242
23 : 29(152),55(88),72(56),52(95),41(120) : 249
24 : 79(37),10(184),72(55),52(96),39(124) : 252
25 : 81(30),77(40),83(26),13(178) : 254
26 : 80(34),74(48),38(128),64(69) : 256
27 : 49(102),72(53),81(32),30(147),29(153) : 261
28 : 83(27),75(46),38(130),69(60) : 265
29 : 86(21),87(18),73(52),20(166) : 266
30 : 84(25),81(29),66(67),34(140) : 265
31 : 86(23),46(108),66(66),71(59) : 269
32 : 52(94),88(13),81(31),50(98) : 271
33 : 88(14),89(12),72(57),27(154) : 276
34 : 86(19),79(35),93(7),18(167) : 276
35 : 88(16),76(43),78(38),36(134) : 278
36 : 85(24),44(118),59(82),47(105),47(106) : 282
37 : 61(77),87(17),82(28),54(91) : 284
38 : 86(22),86(20),73(50),40(123) : 285
39 : 88(15),42(119),97(5),62(75) : 289
40 : 77(41),79(36),49(103),69(61),17(168) : 291
41 : 92(8),92(9),64(72),44(117) : 292
42 : 94(6),99(2),100(0) : 293
43 : 97(4),97(3),99(1) : 293
44 : 80(33),91(10),89(11) : 260
45 : 78(39),73(49),73(51) : 224
