Bin number: 48
Bin size: 399
Item number: 200
Bin Id: item size (item id),... : total item size
1 : 30(199),41(167),35(186) : 106
2 : 46(156),48(152),47(155) : 141
3 : 35(187),40(173),36(184),34(189) : 145
4 : 39(177),38(182),39(174),38(178) : 154
5 : 49(147),43(162),37(183),42(166) : 171
6 : 55(133),57(126),60(118) : 172
7 : 43(163),53(136),32(195),46(159) : 174
8 : 48(151),49(148),41(170),38(181) : 176
9 : 62(114),53(137),70(90) : 185
10 : 51(143),51(141),66(105),31(197) : 199
11 : 53(135),63(111),50(144),43(164) : 209
12 : 39(175),73(83),72(87),31(198) : 215
13 : 59(121),56(127),71(88),41(169) : 227
14 : 66(103),70(91),61(116),36(185) : 233
15 : 62(115),73(85),58(125),42(165) : 235
16 : 81(61),82(57),81(62) : 244
17 : 40(171),78(67),69(94),65(107) : 252
18 : 67(100),52(140),76(72),74(77) : 269
19 : 62(113),86(43),67(101),56(128) : 271
20 : 63(109),55(132),87(41),32(196),41(168) : 278
21 : 79(65),64(108),95(10),47(154) : 285
22 : 90(30),92(20),70(92),34(190) : 286
23 : 89(33),60(120),87(40),51(142) : 287
24 : 66(106),60(119),91(28),75(75) : 292
25 : 83(50),86(42),85(46),48(153) : 302
26 : 97(7),94(13),68(99),44(161) : 303
27 : 55(130),84(47),81(63),83(51) : 303
28 : 90(31),92(22),80(64),50(145) : 312
29 : 98(2),78(66),49(146),93(16) : 318
30 : 82(55),94(12),40(172),63(110),39(176) : 318
31 : 94(11),89(32),93(17),46(157) : 322
32 : 94(14),76(71),92(24),68(98) : 330
33 : 77(68),81(60),99(1),75(73) : 332
34 : 88(34),82(56),73(84),91(29) : 334
35 : 72(86),70(89),73(81),55(131),66(102) : 336
36 : 98(4),59(122),97(6),38(179),46(160) : 338
37 : 91(26),98(3),66(104),33(192),56(129) : 344
38 : 77(69),88(35),98(5),85(44) : 348
39 : 83(53),69(96),69(95),83(54),49(149) : 353
40 : 68(97),91(27),52(138),52(139),55(134),38(180) : 356
41 : 74(79),87(36),87(39),32(194),33(191),48(150) : 361
42 : 74(76),84(48),77(70),59(123),70(93) : 364
43 : 92(21),92(19),33(193),63(112),87(38) : 367
44 : 75(74),82(58),99(0),83(52),34(188) : 373
45 : 60(117),85(45),74(78),73(80),87(37) : 379
46 : 92(23),73(82),82(59),92(18),46(158) : 385
47 : 96(9),96(8),92(25),93(15) : 377
48 : 83(49),59(124) : 142
