Bin number: 45
Bin size: 400
Item number: 200
Bin Id: item size (item id),... : total item size
1 : 28(180),28(179),27(183) : 83
2 : 32(171),40(158),31(174) : 103
3 : 36(163),26(186),23(192),30(176) : 115
4 : 47(142),23(191),50(138),22(195) : 142
5 : 53(131),59(113),53(129) : 165
6 : 63(103),24(190),46(145),62(108) : 195
7 : 63(104),48(140),33(170),54(128) : 198
8 : 44(147),69(88),34(167),27(182),29(178) : 203
9 : 52(135),73(76),70(84),21(197) : 216
10 : 63(105),41(154),74(72),21(198),20(199) : 219
11 : 73(73),46(146),44(148),65(98) : 228
12 : 76(67),28(181),78(57),55(126) : 237
13 : 65(99),59(117),69(89),47(141) : 240
14 : 73(77),71(81),34(168),27(185),40(157) : 245
15 : 56(125),57(121),61(109),41(156),30(175) : 245
16 : 79(50),79(53),43(151),48(139) : 249
17 : 75(69),78(56),61(110),24(189),22(196) : 260
18 : 57(123),72(79),76(65),62(106) : 267
19 : 76(64),70(85),37(161),42(152),52(134) : 277
20 : 91(28),82(43),64(101),39(159) : 276
21 : 57(120),94(20),60(112),73(74) : 284
22 : 96(11),96(14),53(130),43(150) : 288
23 : 79(54),68(92),86(37),62(107) : 295
24 : 91(30),91(29),57(122),58(118) : 297
25 : 53(133),95(16),97(9),56(124) : 301
26 : 100(1),95(17),29(177),81(45) : 305
27 : 77(59),83(41),54(127),41(155),25(188),31(172) : 311
28 : 44(149),77(60),67(93),80(47),47(143) : 315
29 : 59(116),90(31),96(13),76(66) : 321
30 : 94(21),36(165),94(19),98(4) : 322
31 : 80(48),90(32),75(68),81(44) : 326
32 : 93(22),97(7),79(49),65(100) : 334
33 : 78(58),94(18),87(35),75(70) : 334
34 : 59(114),97(8),63(102),71(83),47(144) : 337
35 : 93(23),77(61),66(96),31(173),57(119),22(193) : 346
36 : 36(162),70(86),92(26),35(166),89(33),27(184) : 349
37 : 95(15),92(24),51(137),86(36),33(169) : 357
38 : 69(87),77(63),74(71),36(164),72(78),38(160) : 366
39 : 83(42),84(39),59(115),52(136),91(27) : 369
40 : 100(2),98(5),73(75),81(46),22(194) : 374
41 : 98(6),71(82),100(0),65(97),41(153) : 375
42 : 67(95),87(34),97(10),69(90),61(111) : 381
43 : 92(25),67(94),25(187),69(91),77(62),53(132) : 383
44 : 79(52),85(38),99(3),96(12) : 359
45 : 84(40),78(55),79(51),72(80) : 313
