Bin number: 40
Bin size: 499
Item number: 200
Bin Id: item size (item id),... : total item size
1 : 73(68),31(171),75(64) : 179
2 : 68(80),60(93),26(185),26(183) : 180
3 : 98(5),81(48) : 179
4 : 89(26),96(8) : 185
5 : 70(77),21(195),71(72),23(190) : 185
6 : 56(105),82(46),23(189),27(181) : 188
7 : 33(164),82(45),74(67) : 189
8 : 52(119),60(96),39(150),22(193),30(173) : 203
9 : 86(35),45(135),81(51) : 212
10 : 34(161),27(180),44(136),68(79),40(146) : 213
11 : 99(3),47(129),82(44) : 228
12 : 87(32),58(99),91(22) : 236
13 : 51(121),66(83),85(39),38(151) : 240
14 : 79(55),68(81),94(15) : 241
15 : 79(54),58(98),33(165),50(123),35(160) : 255
16 : 52(118),98(7),84(40),23(191) : 257
17 : 46(130),50(122),36(157),60(95),71(71) : 263
18 : 27(182),65(87),85(37),51(120),36(156) : 264
19 : 58(100),96(9),24(186),100(0) : 278
20 : 30(174),76(61),36(155),85(36),35(158),20(197) : 282
21 : 76(62),81(49),63(89),47(126),28(177) : 295
22 : 49(124),72(69),92(20),90(23) : 303
23 : 78(57),56(106),86(34),57(104),28(175) : 305
24 : 81(47),89(28),66(82),54(109),22(194) : 312
25 : 78(59),91(21),45(131),52(113),52(112) : 318
26 : 66(84),32(168),21(196),47(127),39(148),43(138),82(43) : 330
27 : 45(134),45(133),100(1),53(110),96(10) : 339
28 : 94(13),42(140),31(172),95(11),52(115),31(170) : 345
29 : 78(58),87(33),55(107),41(144),69(78),28(179) : 358
30 : 88(31),42(141),90(25),70(74),76(63) : 366
31 : 52(116),28(176),93(17),99(4),70(76),32(167) : 374
32 : 62(90),78(56),85(38),33(163),70(75),37(153),23(188) : 388
33 : 80(52),61(92),89(27),52(117),40(147),60(94),20(198) : 402
34 : 52(114),95(12),61(91),32(169),41(142),42(139),34(162),32(166),28(178) : 417
35 : 81(50),41(145),77(60),47(128),71(73),26(184),84(41) : 427
36 : 65(85),57(101),52(111),90(24),24(187),57(103),39(149),57(102) : 441
37 : 65(88),74(66),45(132),72(70),48(125),65(86),80(53) : 449
38 : 54(108),92(19),41(143),37(152),88(30),93(16),22(192),37(154) : 464
39 : 100(2),89(29),74(65),94(14),35(159),92(18) : 484
40 : 58(97),43(137),98(6),20(199),83(42) : 302
