Bin number: 48
Bin size: 298
Item number: 200
Bin Id: item size (item id),... : total item size
1 : 83(31),47(101),8(186),2(197),1(199) : 141
2 : 99(4),34(123),7(187),2(198) : 142
3 : 18(161),91(14),20(155),14(168) : 143
4 : 100(1),29(132),11(179),9(182) : 149
5 : 91(15),59(78) : 150
6 : 57(83),87(25),6(191) : 150
7 : 56(85),90(19),8(183) : 154
8 : 86(26),34(124),16(164),23(146) : 159
9 : 100(0),54(91),7(188) : 161
10 : 76(43),75(45),11(177) : 162
11 : 89(22),17(163),46(105),11(176) : 163
12 : 62(71),40(115),64(64) : 166
13 : 20(157),72(50),66(60),13(173) : 171
14 : 41(111),47(103),56(86),22(151),6(192) : 172
15 : 100(2),59(77),13(172),4(194) : 176
16 : 82(34),74(46),15(166),6(190) : 177
17 : 26(138),26(140),47(100),58(82),11(178),9(181) : 177
18 : 47(102),42(109),63(69),16(165),14(169) : 182
19 : 23(147),90(20),34(122),42(110) : 189
20 : 96(7),91(17),5(193) : 192
21 : 59(80),50(96),85(29) : 194
22 : 64(66),72(51),62(72) : 198
23 : 60(75),63(67),67(59),8(184) : 198
24 : 95(9),89(21),17(162) : 201
25 : 81(36),72(49),48(98) : 201
26 : 79(41),64(65),61(73) : 204
27 : 95(10),67(57),28(135),19(160) : 209
28 : 74(47),37(117),68(55),36(119) : 215
29 : 48(99),51(93),81(35),28(134),7(189) : 215
30 : 96(8),24(145),34(121),65(62) : 219
31 : 80(38),88(24),33(127),22(150) : 223
32 : 90(18),71(52),40(113),25(143) : 226
33 : 30(130),24(144),59(79),79(42),20(158),14(167) : 226
34 : 55(89),97(6),46(104),19(159),12(174) : 229
35 : 43(107),56(87),42(108),43(106),40(114),8(185) : 232
36 : 94(11),80(39),57(84),4(196),4(195) : 239
37 : 56(88),33(125),31(129),67(58),12(175),23(148),23(149) : 245
38 : 75(44),92(12),67(56),14(171) : 248
39 : 51(94),27(137),92(13),52(92),27(136) : 249
40 : 70(54),82(32),49(97),33(126),21(154) : 255
41 : 99(5),63(68),85(28),10(180) : 257
42 : 26(141),65(63),85(30),32(128),29(133),26(139) : 263
43 : 71(53),99(3),37(118),58(81) : 265
44 : 62(70),50(95),86(27),73(48) : 271
45 : 61(74),79(40),66(61),41(112),30(131) : 277
46 : 25(142),55(90),82(33),36(120),21(153),60(76) : 279
47 : 20(156),88(23),80(37),91(16) : 279
48 : 14(170),21(152),39(116) : 74
