Bin number: 65
Bin size: 300
Item number: 200
Bin Id: item size (item id),... : total item size
1 : 85(52),58(124) : 143
2 : 99(7),47(156) : 146
3 : 100(1),49(149) : 149
4 : 74(80),39(177),36(186) : 149
5 : 84(55),74(81) : 158
6 : 82(62),77(75) : 159
7 : 92(25),78(74) : 170
8 : 91(28),67(102) : 158
9 : 63(113),82(61) : 145
10 : 51(144),88(41) : 139
11 : 90(31),52(143),89(37) : 231
12 : 48(153),98(10),87(46) : 233
13 : 98(9),75(79),39(178) : 212
14 : 86(48),96(15),90(33) : 272
15 : 91(29),85(51) : 176
16 : 83(56),41(172),55(132) : 179
17 : 100(0),59(121) : 159
18 : 95(20),36(185),56(127),32(194) : 219
19 : 87(44),88(43) : 175
20 : 30(199),98(12),68(97) : 196
21 : 94(22),73(83),62(117) : 229
22 : 72(86),79(72),39(175),42(169) : 232
23 : 63(111),89(38),36(184) : 188
24 : 81(63),100(3),44(162),41(170) : 266
25 : 54(135),56(129),47(155) : 157
26 : 85(53),64(109),67(103),45(159) : 261
27 : 100(2),33(192),43(165) : 176
28 : 88(42),69(92) : 157
29 : 99(5),43(167) : 142
30 : 60(118),70(89),52(142) : 182
31 : 99(6),79(69) : 178
32 : 81(64),95(17),54(137),46(158) : 276
33 : 86(49),87(45),39(179) : 212
34 : 98(8),48(152),99(4) : 245
35 : 50(148),54(134),57(125) : 161
36 : 79(70),56(128),32(196) : 167
37 : 63(112),65(104),45(160) : 173
38 : 95(18),96(16),67(101) : 258
39 : 98(11),81(66),60(120) : 239
40 : 71(87),91(26),77(77) : 239
41 : 90(32),50(147),83(58) : 223
42 : 88(40),84(54),59(122),35(188) : 266
43 : 47(154),91(27),52(141) : 190
44 : 79(73),30(197),42(168) : 151
45 : 87(47),64(108) : 151
46 : 94(21),65(107) : 159
47 : 35(191),38(180),54(138),32(193) : 159
48 : 71(88),39(176),44(163),35(190) : 189
49 : 97(14),54(133),41(171) : 192
50 : 89(34),70(91),36(187) : 195
51 : 83(57),65(105),49(150) : 197
52 : 77(78),88(39),44(161) : 209
53 : 57(126),80(68),37(182),43(164) : 217
54 : 59(123),70(90),93(24) : 222
55 : 73(82),82(59),38(181),51(145) : 244
56 : 68(96),69(95),60(119),51(146) : 248
57 : 81(65),67(98),55(131),46(157) : 249
58 : 95(19),48(151),69(93),37(183) : 249
59 : 62(116),52(139),79(71),67(100) : 260
60 : 65(106),62(114),77(76),62(115) : 266
61 : 54(136),89(35),67(99),40(174),32(195) : 282
62 : 35(189),91(30),64(110),97(13) : 287
63 : 30(198),82(60),69(94),52(140),56(130) : 289
64 : 73(84),93(23),80(67),43(166) : 289
65 : 72(85),89(36),40(173),86(50) : 287
