Bin number: 43
Bin size: 300
Item number: 200
Bin Id: item size (item id),... : total item size
1 : 27(137),40(115),11(176),43(107),21(153),18(161) : 160
2 : 46(104),49(97),24(145),39(116),14(169) : 172
3 : 47(102),34(121),37(117),13(172),62(72) : 193
4 : 50(96),64(64),28(134),61(74) : 203
5 : 31(129),41(111),57(83),42(108),40(114) : 211
6 : 8(184),26(139),74(47),54(91),58(82) : 220
7 : 61(73),34(124),26(141),67(58),41(112) : 229
8 : 59(77),40(113),15(166),59(79),37(118),23(147) : 233
9 : 42(109),72(49),51(93),76(43) : 241
10 : 65(62),66(60),62(70),12(174),34(122) : 239
11 : 67(56),72(51),59(80),47(103) : 245
12 : 79(42),71(52),63(68),33(126) : 246
13 : 81(36),62(71),17(163),64(66),27(136) : 251
14 : 66(61),48(98),72(50),48(99),20(156) : 254
15 : 70(54),64(65),56(86),67(59) : 257
16 : 75(44),67(57),57(84),56(88),5(193) : 260
17 : 33(125),82(34),52(92),63(67),36(119) : 266
18 : 51(94),85(29),80(38),55(89) : 271
19 : 14(170),85(30),82(33),91(15) : 272
20 : 91(17),42(110),80(39),60(76) : 273
21 : 74(46),92(12),89(21),20(158) : 275
22 : 90(20),80(37),13(173),94(11) : 277
23 : 79(40),58(81),68(55),75(45) : 280
24 : 92(13),71(53),91(16),25(142) : 279
25 : 86(27),86(26),88(23),22(150) : 282
26 : 90(18),36(120),88(24),73(48) : 287
27 : 90(19),79(41),34(123),85(28) : 288
28 : 24(144),96(8),81(35),91(14) : 292
29 : 89(22),82(32),56(85),11(178),55(90) : 293
30 : 99(3),99(4),99(5) : 297
31 : 95(9),83(31),23(149),96(7) : 297
32 : 95(10),97(6),19(160),87(25) : 298
33 : 100(0),100(1),100(2) : 300
34 : 8(183),14(171),7(187),6(191),1(199),2(197) : 38
35 : 16(164),20(157),20(155) : 56
36 : 4(195),9(181),29(132),21(154),12(175),10(180),2(198) : 87
37 : 32(128),33(127),21(152),7(188),4(196),4(194) : 101
38 : 30(131),16(165),30(130),26(138),14(168) : 116
39 : 6(190),11(179),46(105),19(159),9(182),23(148),8(186),11(177) : 133
40 : 47(100),25(143),23(146),43(106),7(189) : 145
41 : 22(151),47(101),26(140),29(133),17(162),8(185),6(192) : 155
42 : 60(75),59(78),50(95),14(167) : 183
43 : 28(135),56(87),65(63),63(69) : 212
