Bin number: 48
Bin size: 300
Item number: 200
Bin Id: item size (item id),... : total item size
1 : 8(186),12(178),11(179),2(197) : 33
2 : 6(190),10(181),19(172),19(173) : 54
3 : 26(154),26(155),24(159),2(198) : 78
4 : 14(175),26(153),5(192),31(147),5(194),2(199) : 83
5 : 20(167),35(141),29(149),8(188),6(191) : 98
6 : 21(162),35(138),32(145),19(168),3(196) : 110
7 : 28(152),20(166),42(125),31(146) : 121
8 : 37(131),42(124),34(144),21(164) : 134
9 : 30(148),29(150),45(117),37(134),5(193) : 146
10 : 8(185),20(165),45(116),43(120),28(151),9(184) : 153
11 : 21(163),48(108),42(123),23(160),19(170),17(174) : 170
12 : 25(156),37(133),51(103),50(104),12(177),4(195) : 179
13 : 49(106),61(80),40(128),39(129) : 189
14 : 62(78),49(105),35(139),46(114) : 192
15 : 55(94),68(65),57(91),24(157) : 204
16 : 63(76),61(82),35(140),34(142),13(176) : 206
17 : 71(58),51(101),63(75),10(180),19(169) : 214
18 : 66(72),48(110),42(122),57(90) : 213
19 : 66(71),64(74),7(189),62(77),9(183),10(182) : 218
20 : 53(99),65(73),60(84),43(118) : 221
21 : 68(62),68(67),67(68),24(158) : 227
22 : 58(89),61(81),60(83),51(102) : 230
23 : 78(47),47(111),80(42),22(161),8(187) : 235
24 : 54(97),60(85),80(43),48(109) : 242
25 : 38(130),82(40),67(69),62(79) : 249
26 : 77(49),45(115),85(36),43(119) : 250
27 : 37(132),79(45),66(70),74(55) : 256
28 : 36(137),69(60),41(126),42(121),68(63) : 256
29 : 84(38),73(56),57(92),48(107) : 262
30 : 87(32),80(41),78(48),19(171) : 264
31 : 76(51),74(53),60(86),57(93) : 267
32 : 88(27),73(57),74(54),36(136) : 271
33 : 87(29),53(98),90(23),41(127) : 271
34 : 87(28),87(33),53(100),46(112) : 273
35 : 87(34),93(16),93(19) : 273
36 : 89(26),70(59),59(88),59(87) : 277
37 : 93(17),92(21),96(8) : 281
38 : 76(50),87(30),83(39),37(135) : 283
39 : 91(22),80(44),79(46),34(143) : 284
40 : 95(10),97(7),96(9) : 288
41 : 74(52),68(66),93(18),54(96) : 289
42 : 69(61),89(25),86(35),46(113) : 290
43 : 94(14),97(5),100(0) : 291
44 : 95(12),97(6),99(3) : 291
45 : 92(20),99(1),99(2) : 290
46 : 87(31),84(37),68(64),55(95) : 294
47 : 95(11),98(4),94(13) : 287
48 : 93(15),89(24) : 182
