Bin number: 47
Bin size: 399
Item number: 200
Bin Id: item size (item id),... : total item size
1 : 30(199),34(186),43(156) : 107
2 : 41(167),45(152),39(173) : 125
3 : 32(187),36(177),35(182),35(184) : 138
4 : 44(155),32(189),42(162),35(183) : 153
5 : 50(133),52(126),56(118) : 158
6 : 46(147),36(178),39(174),42(163) : 163
7 : 49(136),45(151),30(195),41(166) : 165
8 : 45(148),43(159),47(143),35(181) : 170
9 : 59(114),48(137),40(170),30(197) : 177
10 : 48(141),62(105),50(135),34(185) : 194
11 : 60(111),67(90),47(144),30(198) : 204
12 : 69(83),69(87),69(85) : 207
13 : 53(121),38(175),63(103),59(115) : 213
14 : 52(127),42(164),68(88),59(116) : 221
15 : 67(91),76(61),52(125),32(190) : 227
16 : 75(62),78(57),42(165),51(128) : 246
17 : 73(67),40(169),40(171),64(100),30(196) : 247
18 : 67(94),82(43),48(140),61(107) : 258
19 : 73(72),59(113),71(77),64(101) : 267
20 : 83(41),50(132),86(30),55(119) : 274
21 : 74(65),61(109),85(33),54(120) : 274
22 : 61(108),61(106),67(92),93(20) : 282
23 : 87(28),95(10),44(154),64(99) : 290
24 : 83(40),82(42),81(50),47(142) : 293
25 : 40(168),72(75),97(7),86(31) : 295
26 : 51(130),82(46),82(47),44(153),39(172) : 298
27 : 95(13),74(63),80(55),60(110) : 309
28 : 74(64),74(66),86(32),76(60) : 310
29 : 92(22),81(51),99(2),43(161) : 315
30 : 95(12),46(146),95(11),86(29) : 322
31 : 46(145),94(16),94(14),91(24) : 325
32 : 73(68),73(71),85(34),97(4) : 328
33 : 79(56),72(73),69(84),43(157),68(89) : 331
34 : 65(98),69(86),99(1),63(102),36(179) : 332
35 : 93(17),53(122),37(176),70(81),50(131),30(194) : 333
36 : 89(26),73(69),98(3),82(44) : 342
37 : 97(6),85(35),62(104),51(129),48(138) : 343
38 : 80(53),66(96),66(95),88(27),50(134) : 350
39 : 31(192),97(5),80(54),70(79),73(70) : 351
40 : 66(97),48(139),71(76),85(36),84(39) : 354
41 : 43(160),81(48),93(21),45(149),45(150),53(123) : 360
42 : 31(191),93(19),72(74),36(180),78(58),59(112) : 369
43 : 31(193),57(117),84(38),71(78),99(0),32(188) : 374
44 : 82(45),81(52),77(59),70(80),69(82) : 379
45 : 67(93),92(23),90(25),81(49),53(124) : 383
46 : 93(18),96(9),96(8),94(15) : 379
47 : 43(158),84(37) : 127
