Bin number: 53
Bin size: 300
Item number: 200
Bin Id: item size (item id),... : total item size
1 : 30(198),32(190),38(175) : 100
2 : 31(192),34(185),37(176) : 102
3 : 36(178),31(191),30(196),35(184) : 132
4 : 81(51),81(48),35(183),60(110) : 257
5 : 83(40),82(43),86(32) : 251
6 : 59(112),46(146),44(154),45(151) : 194
7 : 52(127),62(104),53(123),36(177) : 203
8 : 66(95),66(97),40(168),45(149) : 217
9 : 73(71),74(64),94(14),52(125) : 293
10 : 67(90),53(124),59(116),30(199) : 209
11 : 46(147),32(188),44(153),32(189) : 154
12 : 80(53),78(57),85(34),34(186) : 277
13 : 93(18),96(8),99(1) : 288
14 : 95(10),97(6),99(0) : 291
15 : 47(143),87(28),68(89),72(74) : 274
16 : 71(76),69(85),72(73),61(109) : 273
17 : 50(133),47(144),46(145),40(171) : 183
18 : 82(42),63(102),48(140),73(72) : 266
19 : 67(92),43(156),59(114),85(33) : 254
20 : 42(164),39(174),53(121) : 134
21 : 50(131),50(135),59(115) : 159
22 : 60(111),76(61),82(47),39(173) : 257
23 : 93(19),95(12),97(7) : 285
24 : 80(54),79(56),83(41) : 242
25 : 89(26),72(75),43(159),78(58) : 282
26 : 88(27),92(22),35(181),69(83) : 284
27 : 95(11),98(3),99(2) : 292
28 : 73(70),48(137),32(187),74(63) : 227
29 : 61(106),55(119),93(17),84(38) : 293
30 : 73(68),73(67),75(62),30(195) : 251
31 : 35(182),48(138),48(139),41(167) : 172
32 : 40(170),50(132),53(122) : 143
33 : 43(157),41(166),42(165),47(142) : 173
34 : 65(98),51(129),57(117),39(172) : 212
35 : 42(162),69(82),45(148),69(87) : 225
36 : 70(81),31(193),30(197),30(194),71(78) : 232
37 : 64(99),62(105),45(152),63(103) : 234
38 : 74(65),73(69),49(136),44(155) : 240
39 : 71(77),61(107),67(94),48(141) : 247
40 : 77(59),74(66),43(160),54(120) : 248
41 : 82(45),76(60),51(130),42(163) : 251
42 : 84(39),82(44),85(36) : 251
43 : 66(96),84(37),64(100),52(126) : 266
44 : 70(80),81(50),51(128),69(86) : 271
45 : 43(161),86(31),50(134),95(13) : 274
46 : 80(55),90(25),68(88),43(158) : 281
47 : 86(30),67(91),36(179),93(21) : 282
48 : 67(93),93(20),70(79),56(118) : 286
49 : 69(84),85(35),36(180),97(4) : 287
50 : 86(29),59(113),64(101),81(49) : 290
51 : 92(23),94(15),61(108),45(150) : 292
52 : 97(5),94(16),96(9) : 287
53 : 82(46),81(52),40(169),91(24) : 294
