Bin number: 44
Bin size: 399
Item number: 200
Bin Id: item size (item id),... : total item size
1 : 22(187),32(168),21(188),22(185) : 97
2 : 34(157),36(153),34(156) : 104
3 : 23(183),26(178),30(174),38(148) : 117
4 : 21(190),28(175),25(179),23(184),33(163) : 130
5 : 36(152),45(134),43(137),20(196) : 144
6 : 33(164),51(119),33(160),32(167) : 149
7 : 48(127),38(149),42(138),24(182) : 152
8 : 54(115),40(144),40(142),27(176) : 161
9 : 32(171),43(136),58(106),40(145) : 173
10 : 55(112),63(91),20(198),32(165),22(186) : 192
11 : 65(84),64(88),48(128),20(199) : 197
12 : 50(122),58(104),65(86),32(170) : 205
13 : 63(89),73(62),49(126),31(172) : 216
14 : 63(92),54(116),53(117),48(129) : 218
15 : 72(63),75(58),71(68),20(197) : 238
16 : 61(95),59(101),69(73),56(108) : 245
17 : 32(166),40(141),54(114),68(78),55(110) : 249
18 : 79(44),59(102),71(66),46(133) : 255
19 : 82(42),57(107),50(121),51(120),32(169) : 272
20 : 56(109),86(34),35(155),20(191),77(51) : 274
21 : 61(93),88(31),83(41),47(131) : 279
22 : 91(21),40(143),79(47),78(48) : 288
23 : 88(29),81(43),97(11),26(177) : 292
24 : 68(76),60(100),98(8),31(173),38(147) : 295
25 : 100(1),76(56),96(14),33(162) : 305
26 : 87(32),72(64),72(65),35(154),39(146) : 305
27 : 71(67),77(52),90(23),70(69) : 308
28 : 55(111),99(3),69(72),60(99),34(158) : 317
29 : 87(33),96(13),75(57),65(85) : 323
30 : 73(61),96(12),65(87),90(25) : 324
31 : 94(17),69(74),95(15),50(123),20(193) : 328
32 : 63(90),85(35),93(18),88(30) : 329
33 : 99(2),67(82),46(132),98(5),25(180) : 335
34 : 59(103),89(27),70(70),58(105),61(96) : 337
35 : 98(7),85(36),79(45),42(139),41(140) : 345
36 : 76(54),99(4),76(55),61(97),33(161) : 345
37 : 48(130),60(98),98(6),88(28),55(113) : 349
38 : 67(80),44(135),78(49),83(40),84(37) : 356
39 : 68(77),20(195),69(71),91(22),20(192),69(75),24(181) : 361
40 : 38(150),37(151),91(20),20(194),50(124),53(118),76(53) : 365
41 : 74(59),83(39),67(79),61(94),21(189),67(81) : 373
42 : 79(46),100(0),73(60),93(19),33(159) : 378
43 : 90(24),65(83),98(9),83(38),49(125) : 385
44 : 97(10),89(26),77(50),94(16) : 357
