Bin number: 59
Bin size: 300
Item number: 200
Bin Id: item size (item id),... : total item size
1 : 58(111),53(122),28(179) : 139
2 : 99(3),41(152) : 140
3 : 47(135),25(186),70(80) : 142
4 : 76(63),66(93) : 142
5 : 87(31),30(173),28(181) : 145
6 : 60(106),42(149),41(151) : 143
7 : 100(1),49(132) : 149
8 : 79(56),71(79) : 150
9 : 66(90),53(123),33(168) : 152
10 : 80(52),73(71) : 153
11 : 73(69),84(42) : 157
12 : 100(0),38(159),23(191) : 161
13 : 87(33),47(134),27(182) : 161
14 : 88(30),53(124),21(197) : 162
15 : 98(4),46(137),23(192) : 167
16 : 58(112),63(97),45(138) : 166
17 : 47(136),34(166),89(28) : 170
18 : 59(110),73(66),42(148) : 174
19 : 43(143),77(58),54(120) : 174
20 : 99(2),76(61) : 175
21 : 88(29),62(100),26(185) : 176
22 : 95(14),85(39) : 180
23 : 94(16),34(165),54(121) : 182
24 : 72(75),91(23),21(196) : 184
25 : 37(160),82(47),68(87) : 187
26 : 94(18),61(105),32(171) : 187
27 : 72(76),57(113),59(108) : 188
28 : 25(187),81(49),65(95),24(188) : 195
29 : 23(190),30(174),63(99),56(116),24(189) : 196
30 : 96(10),40(155),45(139),22(193) : 203
31 : 98(5),59(109),51(127) : 208
32 : 82(45),50(129),33(170),43(145) : 208
33 : 89(27),72(74),49(130) : 210
34 : 52(125),61(104),43(146),36(162),20(198) : 212
35 : 76(62),97(7),44(140) : 217
36 : 66(92),64(96),30(172),27(183),35(164) : 222
37 : 81(48),56(117),89(26) : 226
38 : 97(6),56(118),79(54) : 232
39 : 94(17),68(86),28(177),42(150) : 232
40 : 95(13),55(119),63(98),22(195) : 235
41 : 39(158),79(55),82(46),39(157) : 239
42 : 66(94),68(88),61(102),48(133) : 243
43 : 41(153),57(115),70(84),35(163),44(141) : 247
44 : 86(35),81(51),85(40) : 252
45 : 71(78),70(81),29(176),41(154),43(144) : 254
46 : 97(8),70(82),68(85),28(178) : 263
47 : 89(25),36(161),86(37),50(128) : 261
48 : 33(169),83(44),70(83),77(60) : 263
49 : 95(12),93(20),81(50) : 269
50 : 96(9),73(72),80(53),22(194) : 271
51 : 20(199),78(57),67(89),66(91),40(156) : 271
52 : 96(11),95(15),34(167),49(131) : 274
53 : 91(22),90(24),93(19) : 274
54 : 72(77),92(21),61(103),52(126) : 277
55 : 73(68),57(114),76(64),74(65) : 280
56 : 61(101),43(142),73(70),77(59),28(180) : 282
57 : 85(38),60(107),73(73),42(147),27(184) : 287
58 : 84(41),87(32),87(34),29(175) : 287
59 : 73(67),83(43),86(36) : 242
