Bin number: 40
Bin size: 400
Item number: 200
Bin Id: item size (item id),... : total item size
1 : 11(179),12(178),10(182) : 33
2 : 19(170),24(157),21(162),2(197) : 66
3 : 8(185),6(191),19(173),35(141),6(190) : 74
4 : 14(175),38(130),36(137),5(194),7(189),12(177),3(196),2(198) : 117
5 : 46(112),51(102),40(128) : 137
6 : 51(103),48(107),35(139),19(169),10(181) : 163
7 : 34(144),31(146),59(87),50(104) : 174
8 : 37(134),41(127),20(166),26(153),60(83) : 184
9 : 63(75),32(145),66(71),31(147) : 192
10 : 66(72),53(98),45(116),42(125),4(195) : 210
11 : 54(97),68(66),42(124),48(108) : 212
12 : 10(180),63(76),43(120),61(80),9(184),26(155) : 212
13 : 20(167),73(56),59(88),35(140),29(150),8(188) : 224
14 : 74(52),25(156),42(122),77(49),17(174) : 235
15 : 67(68),48(109),62(78),35(138),28(151) : 240
16 : 74(55),68(64),68(63),43(119) : 253
17 : 60(84),37(133),23(160),49(105),88(27),2(199) : 259
18 : 53(100),47(111),57(91),49(106),24(158),37(132) : 267
19 : 39(129),65(73),80(42),94(13) : 278
20 : 42(121),95(10),93(19),45(117),5(192) : 280
21 : 74(53),87(29),87(28),29(149),8(187) : 285
22 : 13(176),85(36),93(15),42(123),41(126),21(164) : 295
23 : 71(58),30(148),93(16),45(115),57(92),5(193) : 301
24 : 26(154),96(8),70(59),19(171),92(20) : 303
25 : 82(40),87(30),79(46),68(65) : 316
26 : 80(44),68(67),78(47),93(18) : 319
27 : 95(12),87(31),34(142),46(113),53(99),9(183) : 324
28 : 73(57),92(21),93(17),51(101),19(172) : 328
29 : 99(3),97(6),80(43),34(143),22(161) : 332
30 : 78(48),97(7),69(60),91(22) : 335
31 : 55(95),61(82),67(69),87(34),60(85),8(186) : 338
32 : 20(165),89(25),94(14),43(118),36(136),21(163),46(114) : 349
33 : 90(23),60(86),87(32),68(62),37(135),19(168) : 361
34 : 66(70),86(35),80(41),84(38),48(110) : 364
35 : 62(77),24(159),61(81),98(4),97(5),28(152) : 370
36 : 54(96),55(94),89(26),99(1),79(45) : 376
37 : 64(74),100(0),89(24),87(33),37(131) : 377
38 : 58(89),57(93),96(9),76(51),95(11) : 382
39 : 57(90),84(37),69(61),99(2),76(50) : 385
40 : 83(39),74(54),62(79) : 219
