Bin number: 47
Bin size: 399
Item number: 200
Bin Id: item size (item id),... : total item size
1 : 40(168),36(187),46(157) : 122
2 : 35(188),39(174),37(183),34(190) : 145
3 : 48(153),46(156),54(134) : 148
4 : 38(178),36(185),42(163),36(184) : 152
5 : 39(175),37(179),42(164),48(152) : 166
6 : 49(148),49(149),31(196),41(167) : 170
7 : 58(119),59(115),57(127) : 174
8 : 54(137),44(160),52(144),30(198) : 180
9 : 40(171),53(138),60(112),38(176) : 191
10 : 52(142),64(106),37(182),51(145) : 204
11 : 68(91),70(84),69(88) : 207
12 : 54(136),58(122),41(165),59(116) : 212
13 : 64(104),58(117),70(86),36(186) : 228
14 : 68(92),56(128),30(199),76(68) : 230
15 : 69(89),78(62),79(58) : 226
16 : 39(172),40(170),78(63),41(166),52(141) : 250
17 : 57(126),67(95),65(101),62(108) : 251
18 : 84(44),60(114),65(102),61(110) : 270
19 : 72(78),84(42),55(129),61(109) : 272
20 : 75(73),76(66),88(31),34(191) : 273
21 : 54(133),87(34),31(197),63(107),46(155) : 281
22 : 58(121),58(120),89(29),85(41) : 290
23 : 92(21),68(93),40(169),52(143),39(173) : 291
24 : 96(11),97(8),100(1) : 293
25 : 84(43),73(76),55(131),87(32) : 299
26 : 83(47),83(51),83(48),51(146) : 300
27 : 66(100),95(14),47(154),99(3) : 307
28 : 79(56),77(65),76(67),82(52) : 314
29 : 78(64),92(23),95(13),50(147) : 315
30 : 87(33),61(111),95(12),42(162),38(177) : 323
31 : 93(17),93(15),70(85),70(87) : 326
32 : 78(61),91(25),93(18),68(90) : 330
33 : 75(69),79(57),87(35),89(30) : 330
34 : 75(72),66(99),99(2),55(132),37(180) : 332
35 : 73(74),45(158),70(82),57(123),90(27) : 335
36 : 98(5),65(103),75(70),67(96),33(193) : 338
37 : 97(7),98(4),64(105),84(45) : 343
38 : 86(36),66(97),97(6),66(98),33(192) : 348
39 : 80(54),80(55),55(130),53(139),83(49) : 351
40 : 90(28),42(161),86(37),85(40),54(135) : 357
41 : 71(80),72(77),92(22),75(71),49(150) : 359
42 : 53(140),92(20),49(151),73(75),37(181),58(118) : 362
43 : 32(195),32(194),78(59),57(124),83(46),85(39) : 367
44 : 60(113),100(0),68(94),70(83),78(60) : 376
45 : 80(53),72(79),91(24),93(19),44(159) : 380
46 : 71(81),35(189),96(10),91(26),93(16) : 386
47 : 96(9),83(50),85(38),57(125) : 321
