Bin number: 29
Bin size: 600
Item number: 200
Bin Id: item size (item id),... : total item size
1 : 70(58),96(8),7(189),25(153),1(197),1(199) : 200
2 : 60(79),62(77),53(93),27(151),1(198) : 203
3 : 19(164),55(88),74(48),55(89) : 203
4 : 44(109),89(18),63(71),17(169) : 213
5 : 77(39),53(92),43(111),50(100) : 223
6 : 34(134),89(14),74(47),29(147) : 226
7 : 59(81),89(17),36(129),39(120),13(177) : 236
8 : 47(106),75(46),26(152),36(127),31(144),34(133) : 249
9 : 51(99),86(24),75(45),38(125) : 250
10 : 60(78),65(69),52(95),28(150),13(176),40(118) : 258
11 : 92(11),98(2),80(35),9(184),4(194) : 283
12 : 16(170),89(15),71(56),42(113),9(186),58(84) : 285
13 : 12(180),76(41),29(146),65(70),58(83),40(119),18(165),17(167) : 315
14 : 46(108),81(33),39(121),78(38),68(65),13(179),8(188) : 333
15 : 30(145),72(53),52(96),69(62),42(114),63(72),20(161) : 348
16 : 10(183),93(10),66(68),63(73),41(115),15(174),48(103),15(173) : 351
17 : 43(112),100(1),62(75),33(138),5(192),54(90),13(175),51(98),7(191),8(187) : 376
18 : 9(185),88(20),48(104),96(6),62(74),57(86),32(142) : 392
19 : 85(25),62(76),72(54),57(85),59(80),15(172),51(97) : 401
20 : 10(182),68(64),96(5),12(181),89(16),23(156),80(34),33(139) : 411
21 : 34(135),57(87),90(12),29(148),66(67),82(30),40(116),20(159),3(195) : 421
22 : 70(60),77(40),90(13),85(26),35(130),37(126),39(124),7(190) : 440
23 : 97(4),100(0),72(51),39(122),85(28),72(55) : 465
24 : 23(155),79(36),81(31),36(128),47(107),22(157),58(82),34(132),19(163),53(94),19(162) : 471
25 : 18(166),86(22),70(61),75(44),73(49),73(50),76(43),16(171) : 487
26 : 29(149),17(168),39(123),88(19),83(29),54(91),13(178),70(59),76(42),43(110) : 512
27 : 97(3),93(9),81(32),47(105),24(154),69(63),79(37),49(102),3(196) : 542
28 : 4(193),33(137),67(66),96(7),72(52),86(23),85(27),40(117),50(101),22(158) : 555
29 : 32(143),33(136),32(140),35(131),32(141),20(160),70(57),87(21) : 341
