Bin number: 36
Bin size: 478
Item number: 200
Bin Id: item size (item id),... : total item size
1 : 1(199),19(156),9(186) : 29
2 : 16(167),22(152),9(187),9(182),1(197) : 57
3 : 14(173),20(155),12(177),23(147),9(184),8(189),3(195) : 89
4 : 13(174),34(133),40(118),18(162),9(183),1(198) : 115
5 : 22(151),12(178),23(148),17(163),42(114),2(196) : 118
6 : 38(126),33(136),19(159),16(166),15(170),5(192) : 126
7 : 25(143),27(141),47(105),53(90) : 152
8 : 31(137),56(83),45(111),25(144) : 157
9 : 55(87),33(135),39(121),10(181),41(115) : 178
10 : 13(175),52(91),48(103),66(61),17(164) : 196
11 : 55(85),55(88),40(116),38(127),15(169) : 203
12 : 68(57),66(62),9(185),65(67),14(171),4(194) : 226
13 : 39(125),50(94),77(43),77(41) : 243
14 : 48(100),61(72),17(165),58(77),30(140),46(107) : 260
15 : 43(113),82(30),80(33),65(65),4(193) : 274
16 : 48(101),45(109),34(132),45(108),90(20),15(168) : 277
17 : 37(128),96(10),51(92),46(106),40(120),21(154) : 291
18 : 86(28),77(40),40(119),72(50),27(142) : 302
19 : 77(42),97(7),75(47),60(75) : 309
20 : 76(46),81(31),7(190),35(130),49(99),68(55) : 316
21 : 94(13),66(63),66(64),65(66),14(172),18(161) : 323
22 : 89(22),72(51),95(12),81(32) : 337
23 : 100(2),95(11),21(153),24(146),66(60),24(145),12(176) : 342
24 : 93(16),45(110),68(56),63(68),88(24) : 357
25 : 93(14),62(71),100(1),49(98),56(84) : 360
26 : 80(34),92(17),83(29),55(86),55(89) : 365
27 : 60(73),100(4),19(157),56(81),87(26),48(102) : 370
28 : 98(6),39(122),35(131),100(3),80(35),12(179),19(160) : 383
29 : 63(69),76(44),47(104),99(5),70(54),36(129) : 391
30 : 71(53),50(96),50(95),50(97),87(27),57(79),23(149),9(188) : 397
31 : 30(138),79(36),78(39),73(48),60(76),89(21),5(191) : 414
32 : 30(139),34(134),63(70),90(19),60(74),23(150),39(123),79(38) : 418
33 : 68(58),12(180),43(112),76(45),100(0),72(52),67(59) : 438
34 : 40(117),58(78),51(93),89(23),57(80),56(82),93(15) : 444
35 : 90(18),96(9),87(25),72(49),79(37),39(124) : 463
36 : 96(8),19(158) : 115
