Bin number: 37
Bin size: 479
Item number: 200
Bin Id: item size (item id),... : total item size
1 : 1(199),17(167),7(186),4(189) : 29
2 : 23(156),24(152),16(173),9(182),2(197) : 74
3 : 7(187),13(177),23(155),8(184),24(151),9(183) : 84
4 : 15(174),28(147),19(162),13(178),25(148),19(163) : 119
5 : 38(133),44(118),40(126),3(195),2(198),2(196) : 129
6 : 45(114),36(136),22(159),17(166),16(170) : 136
7 : 30(143),30(141),36(137),50(105),10(181),8(185) : 164
8 : 46(111),59(90),38(135),15(175),19(164) : 177
9 : 62(83),60(87),51(103),16(169) : 189
10 : 30(144),42(121),40(127),45(115),45(116) : 202
11 : 60(85),59(91),75(61),19(165),4(190) : 217
12 : 60(88),77(57),74(62),4(192),4(194) : 219
13 : 40(125),16(171),72(67),57(94),54(100),5(188) : 244
14 : 32(140),83(43),48(107),46(113),67(77) : 276
15 : 70(72),53(101),47(109),74(65),38(132) : 282
16 : 89(30),86(41),97(10),23(154) : 295
17 : 40(128),47(108),88(33),92(20),16(168),12(179) : 295
18 : 49(106),58(92),43(120),43(119),90(28),20(161) : 303
19 : 98(7),95(13),82(46),39(130) : 314
20 : 86(40),80(50),85(42),55(99),16(172) : 322
21 : 30(142),81(47),69(75),100(2),46(110) : 326
22 : 89(31),91(22),74(63),78(55),4(191) : 336
23 : 95(12),74(64),79(51),73(66),23(153),4(193) : 348
24 : 95(11),94(16),95(14),29(146),29(145),10(180) : 352
25 : 89(32),100(1),94(17),56(98),23(157) : 362
26 : 91(24),76(60),72(68),71(71),59(89) : 369
27 : 99(4),87(34),60(86),61(84),13(176),53(102) : 373
28 : 77(56),90(29),70(73),99(6),38(131) : 374
29 : 64(81),42(122),99(3),90(26),51(104),40(129) : 386
30 : 99(5),87(35),72(69),83(44),57(96) : 398
31 : 78(53),78(54),57(95),56(97),90(27),21(160),24(149) : 404
32 : 35(138),65(79),32(139),91(21),87(36),67(76),38(134) : 415
33 : 81(48),86(39),92(19),72(70),24(150),69(74) : 424
34 : 41(123),76(58),46(112),44(117),87(38),67(78),79(52) : 440
35 : 100(0),82(45),58(93),91(23),93(18),22(158) : 446
36 : 64(80),76(59),97(9),94(15),41(124),87(37) : 459
37 : 63(82),98(8),91(25),80(49) : 332
