Bin number: 40
Bin size: 600
Item number: 200
Bin Id: item size (item id),... : total item size
1 : 81(58),48(164),68(109) : 197
2 : 97(8),52(153),53(151) : 202
3 : 76(79),36(189),86(48) : 198
4 : 77(77),73(88),57(134) : 207
5 : 72(93),67(111),73(89) : 212
6 : 96(18),78(71),46(169) : 220
7 : 88(39),72(92),59(129) : 219
8 : 69(100),97(14),60(127) : 226
9 : 86(47),96(17),53(152) : 235
10 : 75(81),54(147),68(106),40(177) : 237
11 : 87(46),70(99),93(24) : 250
12 : 65(120),77(78),58(133),53(150) : 253
13 : 54(144),87(45),71(95),41(176) : 253
14 : 61(125),78(69),89(35),37(184) : 265
15 : 97(11),100(2),45(170),40(180) : 282
16 : 65(118),96(15),36(186),88(41) : 285
17 : 81(56),66(113),78(70),47(165),31(197) : 303
18 : 54(146),73(84),73(83),65(119),54(145) : 319
19 : 68(108),89(33),64(121),79(65),33(194) : 333
20 : 89(38),40(179),37(183),80(62),49(161),47(167) : 342
21 : 82(53),71(96),78(72),77(73),44(174) : 352
22 : 66(114),97(10),66(115),69(103),55(138) : 353
23 : 78(68),66(112),100(1),34(192),44(173),37(185) : 359
24 : 77(75),73(90),95(20),98(6),36(188) : 379
25 : 44(175),70(98),68(104),92(25),77(74),36(187) : 387
26 : 77(76),73(86),35(191),73(85),30(199),38(182),76(80) : 402
27 : 82(54),55(142),45(172),79(64),98(5),51(156) : 410
28 : 71(97),39(181),57(135),96(16),73(87),80(60) : 416
29 : 89(34),97(12),90(30),66(116),88(40) : 430
30 : 55(139),53(148),78(67),97(13),90(26),60(126) : 433
31 : 50(159),59(130),99(4),100(0),83(51),52(155) : 443
32 : 62(124),63(122),90(28),90(31),82(55),51(157),31(198) : 469
33 : 89(36),60(128),68(107),47(166),74(82),58(132),80(61) : 476
34 : 95(22),48(163),72(94),49(162),88(44),83(50),53(149) : 488
35 : 84(49),88(43),46(168),32(195),96(19),90(29),72(91) : 508
36 : 63(123),35(190),40(178),81(59),97(9),88(42),68(105),52(154) : 524
37 : 45(171),100(3),90(32),67(110),79(63),34(193),56(137),69(102) : 540
38 : 79(66),89(37),97(7),82(52),95(23),69(101),58(131) : 569
39 : 90(27),65(117),55(143),56(136),55(140),32(196),50(158),81(57),95(21) : 579
40 : 55(141),50(160) : 105
