Bin number: 42
Bin size: 479
Item number: 200
Bin Id: item size (item id),... : total item size
1 : 55(118),51(133),57(114) : 163
2 : 100(3),68(81),60(102),54(122),72(69),35(179) : 389
3 : 48(148),42(159),39(166),59(105) : 188
4 : 53(126),34(184),36(174),46(151) : 169
5 : 42(157),98(5),87(35),52(131),62(96),52(129) : 393
6 : 83(44),80(53),79(54),62(95),32(192),68(79) : 404
7 : 100(1),98(4),95(17),73(68) : 366
8 : 92(24),58(110),78(56),77(60),66(84) : 371
9 : 86(36),69(76),51(138),93(21),42(160),51(134),32(191) : 424
10 : 59(104),90(27),62(97),84(39),81(48),31(194) : 407
11 : 61(98),48(146),98(6),48(145),90(26),35(176) : 380
12 : 87(34),89(29),64(86),71(73),64(89) : 375
13 : 50(139),94(19),72(70),70(74),54(123),57(112),31(193) : 428
14 : 30(199),43(156),33(186) : 106
15 : 48(149),46(150),78(58),100(0),82(45),84(38) : 438
16 : 97(12),97(11),87(32),72(71) : 353
17 : 76(64),95(16),96(14),45(153),41(161) : 353
18 : 100(2),45(154),39(168),77(63),81(51) : 342
19 : 89(31),93(22),79(55),75(66) : 336
20 : 61(100),38(169),72(72),39(165),76(65) : 286
21 : 37(173),35(177),44(155),34(182) : 150
22 : 56(115),53(127),56(116),78(57) : 243
23 : 98(9),98(8),90(25),42(158),85(37),54(124) : 467
24 : 48(147),40(162),51(136),35(178) : 174
25 : 57(111),51(137),48(143),51(135) : 207
26 : 39(167),46(152),39(163) : 124
27 : 33(187),33(189),34(183),50(141) : 150
28 : 63(90),66(83),31(195),38(170) : 198
29 : 64(87),63(91),77(61) : 204
30 : 65(85),64(88),59(103),39(164) : 227
31 : 54(121),36(175),48(144),30(197),34(181),30(198) : 232
32 : 77(62),62(94),53(125),69(77) : 261
33 : 75(67),83(43),57(113),50(140) : 265
34 : 33(185),37(171),89(30),60(101),58(109) : 277
35 : 84(41),87(33),59(107),59(106) : 289
36 : 97(10),94(20),58(108),52(128) : 301
37 : 98(7),90(28),63(92),31(196),32(190) : 314
38 : 84(40),52(132),83(42),97(13) : 316
39 : 82(46),81(50),55(120),55(119),52(130) : 325
40 : 82(47),70(75),61(99),50(142),37(172),33(188) : 333
41 : 34(180),81(52),92(23),63(93),77(59),95(18) : 442
42 : 56(117),69(78),68(80),68(82),81(49),96(15) : 438
