Bin number: 36
Bin size: 600
Item number: 200
Bin Id: item size (item id),... : total item size
1 : 80(58),36(164),25(189),57(109) : 198
2 : 96(8),39(153),65(93) : 200
3 : 70(79),72(77),60(100) : 202
4 : 40(151),68(88),57(111),47(134) : 212
5 : 83(48),65(92),67(89) : 215
6 : 93(18),75(71),50(129) : 218
7 : 85(39),94(14),41(147) : 220
8 : 83(47),93(17),59(106) : 235
9 : 35(169),70(81),39(152),92(24) : 236
10 : 83(46),52(120),84(45),33(177) : 252
11 : 61(99),50(127),41(144),49(133),51(125) : 252
12 : 72(78),64(95),88(35),35(170) : 259
13 : 75(69),40(150),100(2),53(118) : 268
14 : 33(176),95(11),94(15),29(184),28(186) : 279
15 : 81(56),55(113),32(180),84(41),52(119) : 304
16 : 41(146),75(70),68(84),69(83),36(165),29(183) : 318
17 : 58(108),88(33),52(121),21(197),32(179),82(53) : 333
18 : 85(38),76(65),41(145),64(96),75(72) : 341
19 : 78(62),55(114),36(167),95(10),55(115),34(174) : 353
20 : 37(161),75(68),74(73),60(103),56(112),34(173),20(199) : 356
21 : 23(194),100(1),73(75),45(138),66(90),61(98) : 368
22 : 24(192),33(175),93(20),59(104),96(6),26(188),24(191),27(187) : 382
23 : 28(185),74(74),72(76),68(86),82(54),68(85) : 392
24 : 91(25),30(182),70(80),34(172),77(64),31(181),68(87) : 401
25 : 43(142),63(97),96(5),93(16),38(156),78(60) : 411
26 : 47(135),88(34),45(139),40(148),75(67),89(30),37(159) : 421
27 : 95(12),54(116),94(13),91(26),49(130),50(126) : 433
28 : 85(40),97(4),100(0),51(124),38(155),51(122),20(198) : 442
29 : 83(51),90(28),87(36),89(31),36(166),49(132),37(163) : 471
30 : 81(55),50(128),58(107),38(157),92(22),70(82),65(94),24(190) : 478
31 : 37(162),78(61),84(44),83(49),83(50),84(43),40(149) : 489
32 : 36(168),22(195),93(19),90(29),66(91),79(59),34(171),98(3) : 518
33 : 51(123),33(178),96(9),89(32),59(105),57(110),38(154),77(63),23(193) : 523
34 : 84(42),47(137),76(66),86(37),82(52),60(102),91(27),22(196) : 548
35 : 96(7),92(23),54(117),42(143),47(136),45(140),60(101),49(131),92(21) : 577
36 : 43(141),38(158),37(160),81(57) : 199
