Bin number: 41
Bin size: 360
Item number: 200
Bin Id: item size (item id),... : total item size
1 : 3(195),12(180),15(174),1(197) : 31
2 : 7(190),9(184),13(179),16(170),10(183) : 55
3 : 86(22),81(33),77(39),68(65) : 312
4 : 55(88),54(91),55(89),1(198) : 165
5 : 70(57),40(116),19(162),62(75),69(63) : 260
6 : 51(98),47(106),16(171),35(131),12(181) : 161
7 : 83(29),47(107),75(46),42(114),8(188) : 255
8 : 89(16),71(56),76(41),90(12) : 326
9 : 98(2),37(126),81(31),77(40),60(79) : 353
10 : 72(54),49(102),80(34),13(177),47(105) : 261
11 : 96(7),97(3),74(48),70(59) : 337
12 : 50(101),73(49),79(37),43(112) : 245
13 : 39(123),18(165),34(133),30(145),26(152) : 147
14 : 58(82),92(11),74(47),43(111),15(172) : 282
15 : 42(113),86(24),62(77),78(38) : 268
16 : 58(83),65(70),57(85),31(144) : 211
17 : 85(26),80(35),34(135),73(50) : 272
18 : 22(158),59(80),58(84),52(96),27(151) : 218
19 : 75(45),69(62),89(15),51(99) : 284
20 : 33(139),59(81),60(78),24(154),7(189) : 183
21 : 29(149),32(141),7(191),32(143),3(196) : 103
22 : 17(169),13(176),32(142),1(199),36(129),8(187) : 107
23 : 20(160),33(137),10(182),40(118),15(173) : 118
24 : 23(156),40(117),19(164),48(103),20(161) : 150
25 : 53(94),39(124),38(125),52(95),9(185),5(192) : 196
26 : 36(128),67(66),51(97),39(122),13(175) : 206
27 : 63(72),63(71),35(130),34(134),29(147),4(193) : 228
28 : 57(86),54(90),72(55),25(153),18(166),9(186) : 235
29 : 70(58),40(119),29(148),33(138),76(43) : 248
30 : 88(20),85(25),41(115),17(167),39(121) : 270
31 : 88(19),89(17),82(30),29(146) : 288
32 : 72(51),79(36),96(8),17(168),4(194),22(157) : 290
33 : 75(44),70(61),90(13),44(109),20(159) : 299
34 : 93(10),100(0),63(73),32(140),19(163) : 307
35 : 100(1),87(21),48(104),62(76),13(178) : 310
36 : 86(23),97(4),81(32),57(87) : 321
37 : 89(18),85(27),72(52),43(110),34(132) : 323
38 : 33(136),70(60),93(9),50(100),46(108),36(127) : 328
39 : 68(64),62(74),53(93),96(5),65(69) : 344
40 : 89(14),85(28),53(92),66(67),28(150),23(155) : 344
41 : 96(6),66(68),76(42),39(120),72(53) : 349
