Bin number: 41
Bin size: 358
Item number: 200
Bin Id: item size (item id),... : total item size
1 : 1(198),13(175),7(190) : 21
2 : 5(192),12(176),17(164) : 34
3 : 9(185),12(178),9(184),15(170),13(174),1(199) : 59
4 : 5(191),23(147),34(132),21(153) : 83
5 : 2(196),39(121),9(188),33(135) : 83
6 : 35(131),19(157),41(115),30(138),4(193),1(197) : 130
7 : 9(182),30(139),16(167),16(166),34(133),24(145),14(171) : 143
8 : 25(144),43(112),39(122),24(146),21(154) : 152
9 : 8(189),53(90),47(104),22(151),40(116) : 170
10 : 17(165),49(98),50(95),38(127),23(149) : 177
11 : 50(97),39(123),39(124),63(70),4(194) : 195
12 : 12(177),70(54),66(63),56(81),3(195) : 207
13 : 36(129),56(82),15(168),40(117),55(87),9(187) : 211
14 : 68(56),18(162),49(99),31(137),58(78) : 224
15 : 77(41),78(39),77(40) : 232
16 : 65(65),27(142),76(45),67(59) : 235
17 : 47(105),63(69),77(43),50(94) : 237
18 : 81(32),58(77),23(148),72(51),12(179) : 246
19 : 80(33),73(48),63(68),22(152),14(172) : 252
20 : 66(60),48(103),75(47),66(62) : 255
21 : 65(66),46(107),65(67),51(92),33(136) : 260
22 : 76(44),66(61),42(114),19(156),45(111),19(160) : 267
23 : 20(155),79(36),79(37),77(42),9(183),14(173) : 278
24 : 94(13),27(141),50(96),45(110),48(102),18(161) : 282
25 : 40(120),86(28),61(72),57(80),48(100) : 292
26 : 90(19),89(21),71(53),30(140),17(163) : 297
27 : 35(130),89(22),96(8),68(57),9(186) : 297
28 : 81(31),95(12),55(85),60(76),10(181) : 301
29 : 72(50),90(20),87(25),55(89) : 304
30 : 87(26),80(34),60(73),68(55),12(180) : 307
31 : 90(18),60(74),98(6),25(143),37(128) : 310
32 : 82(30),87(27),99(5),45(109) : 313
33 : 96(10),34(134),60(75),52(91),55(86),19(159) : 316
34 : 95(11),38(126),51(93),83(29),56(84) : 323
35 : 80(35),55(88),100(4),93(15) : 328
36 : 68(58),89(23),97(7),57(79),19(158) : 330
37 : 56(83),100(3),92(17),40(118),48(101) : 336
38 : 93(16),43(113),100(1),62(71),40(119) : 338
39 : 96(9),46(106),100(2),88(24),15(169) : 345
40 : 79(38),72(49),100(0),72(52),23(150) : 346
41 : 76(46),45(108),93(14),66(64),39(125) : 319
