Bin number: 47
Bin size: 358
Item number: 200
Bin Id: item size (item id),... : total item size
1 : 20(198),22(192),33(175) : 75
2 : 24(190),25(185),36(164) : 85
3 : 32(176),29(178),25(184),33(174) : 119
4 : 22(191),21(196),34(170),46(132) : 123
5 : 49(121),25(188),46(131),26(182) : 146
6 : 41(147),45(135),40(153),20(199) : 146
7 : 50(115),44(138),44(139),25(189) : 163
8 : 38(157),51(112),42(144),48(122) : 179
9 : 46(133),41(145),36(166),64(90) : 187
10 : 35(167),33(171),41(146),36(165),47(127) : 192
11 : 57(104),50(116),48(123),48(124) : 203
12 : 61(98),40(151),40(154),73(70) : 214
13 : 62(95),47(129),30(177),78(54) : 217
14 : 62(97),50(117),76(63),35(168) : 223
15 : 66(82),67(81),78(56),25(187) : 236
16 : 65(87),40(149),61(99),83(45) : 249
17 : 56(105),85(41),68(78),43(142) : 252
18 : 37(162),44(137),86(39),85(40) : 252
19 : 75(65),74(69),21(193),88(32) : 258
20 : 84(43),78(59),80(51),21(197) : 263
21 : 68(77),41(148),81(48),75(66) : 265
22 : 88(33),63(94),82(47),40(152) : 273
23 : 58(103),55(107),77(60),21(194),63(92) : 274
24 : 75(68),76(62),94(13),33(172) : 278
25 : 83(44),76(61),52(111),45(136),26(183) : 282
26 : 75(67),51(114),84(42),39(155),33(173) : 282
27 : 86(37),87(36),39(156),38(160),43(141) : 293
28 : 49(120),54(110),91(22),58(102),47(130) : 299
29 : 92(19),89(28),95(12),25(186) : 301
30 : 92(21),97(8),72(72),42(143) : 303
31 : 62(96),92(20),90(25),60(100) : 304
32 : 68(80),97(6),43(140),80(50),21(195) : 309
33 : 90(26),89(31),69(76),64(89) : 312
34 : 79(53),92(18),66(85),37(163),38(161) : 312
35 : 96(10),88(34),78(57),54(109) : 316
36 : 89(27),71(73),89(30),69(74) : 318
37 : 78(55),98(5),98(4),46(134) : 320
38 : 95(11),47(128),69(75),65(86),47(126) : 323
39 : 64(91),90(23),87(35),63(93),27(179) : 331
40 : 65(88),97(7),93(15),78(58) : 333
41 : 89(29),93(16),100(3),27(181),27(180) : 336
42 : 66(84),38(159),66(83),93(17),73(71) : 336
43 : 100(1),51(113),100(2),55(106),38(158) : 344
44 : 68(79),97(9),86(38),59(101),34(169) : 344
45 : 49(118),100(0),49(119),55(108),94(14) : 347
46 : 90(24),81(49),83(46),48(125),40(150) : 342
47 : 79(52),76(64) : 155
