Bin number: 48
Bin size: 360
Item number: 200
Bin Id: item size (item id),... : total item size
1 : 35(184),37(170),31(197),30(199) : 133
2 : 37(174),33(190),36(179) : 106
3 : 64(91),65(89),66(88) : 195
4 : 36(180),32(195),44(149) : 112
5 : 89(25),59(105),93(20),42(162) : 283
6 : 37(169),48(142),33(191),37(176) : 155
7 : 48(141),48(143),50(129) : 146
8 : 35(183),42(160),49(137),43(156) : 169
9 : 66(81),67(78),37(173),36(181) : 206
10 : 62(94),32(196),60(103),62(95) : 216
11 : 49(133),54(123),47(145),35(182) : 185
12 : 56(118),61(98),34(187),37(171) : 188
13 : 58(109),96(10),90(21),69(73) : 313
14 : 60(102),49(138),80(43),89(26) : 278
15 : 99(3),79(48),37(172),58(108),69(74) : 342
16 : 77(52),49(136),97(9),50(132),61(100) : 334
17 : 98(4),90(23),42(163),93(18) : 323
18 : 67(80),66(84),62(96),43(158) : 238
19 : 79(49),76(58),60(101),46(147) : 261
20 : 49(134),37(175),83(37),44(151),44(153) : 257
21 : 79(47),57(115),80(45),75(62) : 291
22 : 90(22),86(33),82(39),60(104) : 318
23 : 77(57),75(63),89(24),33(189) : 274
24 : 87(29),39(166),57(112),85(34) : 268
25 : 80(46),68(75),56(119),68(77) : 272
26 : 77(54),45(148),59(107),57(114),33(193) : 271
27 : 71(72),47(144),77(55),50(130) : 245
28 : 72(71),66(86),65(90),49(135) : 252
29 : 44(152),59(106),41(164),48(139) : 192
30 : 84(35),57(116),83(38),57(113) : 281
31 : 94(16),81(41),58(110),98(7) : 331
32 : 51(128),66(85),62(97),54(122) : 233
33 : 56(117),40(165),50(131),44(154) : 190
34 : 75(64),94(14),63(93),63(92),51(127) : 346
35 : 73(66),53(124),72(70),30(198) : 228
36 : 42(161),53(125),66(83),35(185),34(188) : 230
37 : 36(177),78(50),94(15),78(51) : 286
38 : 95(11),66(82),38(167),33(192),58(111) : 290
39 : 86(30),83(36),93(17),34(186) : 296
40 : 93(19),97(8),61(99),48(140) : 299
41 : 99(1),76(61),94(13),38(168) : 307
42 : 80(44),54(121),100(0),68(76) : 302
43 : 32(194),47(146),43(157),75(65),77(56),42(159) : 316
44 : 88(27),95(12),76(60),66(87) : 325
45 : 86(32),76(59),98(5),73(67) : 333
46 : 87(28),36(178),98(6),73(68),55(120) : 349
47 : 44(150),99(2),81(42),52(126),77(53) : 353
48 : 72(69),86(31),81(40),67(79),43(155) : 349
