Bin number: 36
Bin size: 478
Item number: 200
Bin Id: item size (item id),... : total item size
1 : 1(199),17(167),9(186),1(197),1(198) : 29
2 : 23(156),26(152),15(173),10(182) : 74
3 : 8(187),13(177),23(155),9(184),34(133) : 87
4 : 7(189),40(118),15(174),37(126),13(178),3(195) : 115
5 : 19(162),29(147),10(183),42(114),19(163),3(196) : 122
6 : 33(136),27(151),20(159),29(148),18(166) : 127
7 : 16(170),33(137),32(143),43(111),34(135) : 158
8 : 47(105),54(90),58(83),4(194) : 163
9 : 32(141),57(87),39(121),31(144),12(181) : 171
10 : 13(175),48(103),55(88),41(115),40(116) : 197
11 : 54(91),57(85),70(61),9(185),16(171) : 206
12 : 36(127),19(164),70(57),66(67),17(169) : 208
13 : 69(62),38(125),53(94),76(43),4(193) : 240
14 : 50(100),63(72),76(41),42(113),32(140) : 263
15 : 18(165),62(77),82(30),47(107),50(101),7(190) : 266
16 : 81(33),44(109),68(65),88(20) : 281
17 : 36(128),93(10),34(132),47(106),39(120),40(119) : 289
18 : 46(108),85(28),53(92),76(42),35(130) : 295
19 : 77(40),96(7),90(13),24(154),17(168) : 304
20 : 73(50),75(46),74(47),81(31),8(188) : 311
21 : 62(75),32(142),51(99),86(22),72(55),20(161) : 323
22 : 98(2),90(12),68(64),81(32) : 337
23 : 72(51),69(63),92(11),89(16),15(172),5(192) : 342
24 : 67(66),89(14),43(110),86(24),29(146),30(145) : 344
25 : 25(153),89(17),100(1),71(56),70(60) : 355
26 : 80(34),63(71),66(68),83(29),51(98),22(157) : 365
27 : 97(4),57(86),63(73),55(89),85(26),13(176) : 370
28 : 58(84),96(6),39(122),97(3),49(102),35(131) : 374
29 : 59(81),80(35),65(69),96(5),13(179),48(104),20(160) : 381
30 : 75(44),72(53),72(54),52(96),52(95),74(48) : 397
31 : 85(27),51(97),36(129),60(79),33(138),79(36),62(76) : 406
32 : 77(39),33(139),87(21),88(19),65(70),29(149),39(123) : 418
33 : 34(134),62(74),28(150),70(58),12(180),43(112),75(45),100(0) : 424
34 : 7(191),78(38),40(117),60(78),72(52),86(23),89(18) : 432
35 : 53(93),70(59),59(80),58(82),85(25),89(15),39(124) : 453
36 : 93(9),96(8),73(49),22(158),79(37) : 363
