Bin number: 41
Bin size: 479
Item number: 200
Bin Id: item size (item id),... : total item size
1 : 20(199),35(167),25(186) : 80
2 : 39(156),25(187),26(182),30(177) : 120
3 : 40(152),39(155),49(118) : 128
4 : 33(173),25(184),47(126),33(174) : 138
5 : 46(133),51(114),29(178),26(183) : 152
6 : 41(147),25(189),45(136),40(151) : 151
7 : 37(162),41(148),37(163),52(111) : 167
8 : 38(159),21(195),36(166),44(137),42(143) : 181
9 : 56(105),66(83),64(90) : 186
10 : 43(141),34(170),45(135),49(121),27(181) : 198
11 : 65(87),50(115),42(144),50(116) : 207
12 : 58(103),21(197),65(88),47(127),36(164) : 227
13 : 76(61),64(91),66(85),25(185) : 231
14 : 33(175),78(57),76(62),48(125) : 235
15 : 20(198),75(67),63(94),34(169),72(72) : 264
16 : 33(171),84(43),60(100),55(107),46(132) : 278
17 : 68(77),51(113),43(140),89(30),36(165) : 287
18 : 85(41),96(10),88(33),24(190) : 293
19 : 59(101),75(65),92(20),49(119),21(196) : 296
20 : 54(109),55(108),89(28),97(7) : 295
21 : 47(128),55(106),63(92),94(13),47(130) : 306
22 : 49(120),85(40),80(50),69(75),35(168) : 318
23 : 84(42),83(46),82(47),75(66) : 324
24 : 89(31),91(22),61(99),95(12) : 336
25 : 40(154),43(142),100(2),76(63),76(64) : 335
26 : 78(55),95(11),80(51),93(16) : 346
27 : 88(32),94(14),100(1),41(146),38(161) : 361
28 : 90(24),54(110),93(17),98(4),33(172) : 368
29 : 40(153),77(60),88(34),75(68),89(29) : 369
30 : 78(56),73(71),61(98),97(6),66(84) : 375
31 : 41(145),65(86),71(73),64(89),67(81),38(157),32(176) : 378
32 : 90(26),100(3),48(122),46(131),57(104),47(129) : 388
33 : 58(102),98(5),87(35),74(69),78(54) : 395
34 : 83(44),79(53),27(179),62(96),89(27),62(95) : 402
35 : 62(97),22(192),44(138),87(36),86(39),69(76),44(139) : 414
36 : 68(79),81(48),92(21),38(160),46(134),73(70),22(191) : 420
37 : 92(19),40(149),69(74),78(58),51(112),100(0) : 430
38 : 21(194),40(150),48(123),27(180),83(45),86(38),68(78),63(93) : 436
39 : 21(193),50(117),79(52),68(80),66(82),25(188),97(9),38(158) : 444
40 : 90(23),92(18),97(8),90(25),86(37) : 455
41 : 78(59),81(49),93(15),48(124) : 300
