Bin number: 35
Bin size: 600
Item number: 200
Bin Id: item size (item id),... : total item size
1 : 98(8),69(79),35(164) : 202
2 : 25(189),70(77),65(93),42(151) : 202
3 : 95(17),43(147),59(106),42(150) : 239
4 : 66(88),58(109),85(39) : 209
5 : 78(56),57(113),27(184),27(186),29(180),84(41) : 302
6 : 66(89),63(100),96(14) : 225
7 : 76(61),83(44),81(49),81(50),83(43),34(168),30(178),32(171) : 500
8 : 69(78),51(125),74(69),65(95) : 259
9 : 97(10),75(68),73(73),31(174),61(103),22(194) : 359
10 : 63(99),41(152),54(120),50(127),44(144) : 252
11 : 78(58),41(153),81(48) : 200
12 : 92(24),83(45),30(177),48(133) : 253
13 : 97(11),99(2),32(170),55(118) : 283
14 : 31(176),87(35),95(15),68(83) : 281
15 : 58(107),39(157),34(166),93(22),68(82),49(132),35(163),65(94),42(149) : 483
16 : 77(60),85(40),96(13),38(159),91(26),49(130) : 436
17 : 52(123),21(195),94(19),25(190),89(29),66(91),77(59),99(3) : 523
18 : 91(25),72(74),70(76),67(86),25(191),76(64) : 401
19 : 26(187),78(54),67(85),46(142),28(182),68(80),32(172),64(97) : 409
20 : 80(53),76(62),73(72),37(161),55(115),31(173) : 352
21 : 94(18),74(71),48(134) : 216
22 : 65(92),57(111),33(169),68(81) : 223
23 : 82(47),50(129),82(46),20(197) : 234
24 : 44(146),74(70),67(84),54(119),54(121),27(183) : 320
25 : 34(165),58(108),87(33),86(38),65(96) : 330
26 : 75(65),29(179),44(145),56(114),34(167),57(112),23(192),27(185) : 345
27 : 100(1),71(75),47(138),66(90),94(20) : 378
28 : 31(175),64(98),61(104),98(6),26(188),20(199),47(135),40(156) : 387
29 : 99(5),28(181),95(16),67(87),87(34),42(148) : 418
30 : 96(12),47(139),75(67),88(30),55(116),51(126),20(198) : 432
31 : 99(4),100(0),40(155),90(28),86(36),50(128) : 465
32 : 51(124),81(51),53(122),88(31),78(55),35(162),60(105),22(193) : 468
33 : 98(9),84(42),88(32),57(110),41(154),76(63),47(137),55(117) : 546
34 : 75(66),86(37),98(7),61(102),92(23),90(27),46(140),21(196) : 569
35 : 80(52),45(143),47(136),62(101),49(131),46(141),38(158),37(160),78(57),94(21) : 576
