Bin number: 49
Bin size: 360
Item number: 200
Bin Id: item size (item id),... : total item size
1 : 31(195),36(180),38(174) : 105
2 : 33(190),36(179),50(141) : 119
3 : 35(184),30(197),39(170),30(199) : 134
4 : 46(149),32(191),37(176),35(183) : 150
5 : 49(143),49(142),54(129) : 152
6 : 39(169),43(160),34(187),45(156) : 161
7 : 51(137),35(182),48(145),46(152) : 180
8 : 57(118),52(133),40(165),41(164) : 190
9 : 56(123),67(88),67(89) : 190
10 : 63(98),57(117),39(171),36(181) : 195
11 : 60(106),66(91),69(81) : 195
12 : 53(131),70(78),50(139),38(173) : 211
13 : 30(196),66(94),55(124),66(95) : 217
14 : 62(103),42(161),74(66),45(154) : 223
15 : 55(125),68(83),68(85),44(158) : 235
16 : 73(70),30(198),65(97),68(84) : 236
17 : 54(128),70(80),49(144),67(86) : 240
18 : 56(122),72(72),78(55),37(175) : 243
19 : 34(185),72(71),65(96),77(58) : 248
20 : 66(90),53(130),52(134),48(147),40(166) : 259
21 : 46(151),81(49),45(153),59(112),31(193) : 262
22 : 63(101),88(37),82(46),33(189) : 266
23 : 78(54),77(57),60(107),58(116) : 273
24 : 74(63),90(29),50(138),59(114) : 273
25 : 46(148),56(119),72(75),42(162),59(113) : 275
26 : 62(102),92(24),89(34),37(177) : 280
27 : 71(77),61(105),34(188),85(43),32(192) : 283
28 : 94(20),52(135),58(115),83(45) : 287
29 : 92(26),88(35),69(82),40(167) : 289
30 : 92(25),87(38),81(50),31(194) : 291
31 : 74(62),81(47),97(11),39(168) : 291
32 : 96(15),98(8),75(61),34(186) : 303
33 : 89(30),95(17),63(99),56(121) : 303
34 : 81(51),60(111),88(36),74(65) : 303
35 : 95(19),100(0),60(109),48(146) : 303
36 : 100(1),96(13),72(73),42(163) : 310
37 : 84(44),97(10),44(157),87(39) : 312
38 : 94(21),71(76),62(104),93(22) : 320
39 : 50(140),89(33),98(4),85(41) : 322
40 : 92(23),91(27),77(56),67(87) : 327
41 : 44(159),95(18),51(136),80(52),60(110) : 330
42 : 96(16),75(60),89(32),74(64) : 334
43 : 97(12),98(9),81(48),60(108) : 336
44 : 98(7),53(132),99(3),90(28) : 340
45 : 75(59),39(172),98(5),66(93),66(92) : 344
46 : 63(100),72(74),37(178),73(67),46(150),54(127) : 345
47 : 96(14),98(6),99(2),55(126) : 348
48 : 73(68),85(42),79(53),70(79),45(155) : 352
49 : 73(69),56(120),89(31),86(40) : 304
