Bin number: 51
Bin size: 358
Item number: 200
Bin Id: item size (item id),... : total item size
1 : 31(198),34(192),35(190) : 100
2 : 44(175),37(185),48(164) : 129
3 : 41(176),40(178),32(196),30(199) : 143
4 : 37(184),35(191),44(174),36(188) : 152
5 : 45(170),54(147),64(121) : 163
6 : 58(132),52(153),38(182),36(189) : 184
7 : 57(135),58(131),66(115) : 181
8 : 55(138),55(139),47(167),45(171) : 202
9 : 51(157),54(144),47(166),54(145) : 206
10 : 58(133),63(122),54(146),40(177) : 215
11 : 66(112),47(165),60(127),52(154) : 225
12 : 73(90),68(104),53(151),36(187) : 230
13 : 70(98),71(95),62(124),34(193) : 237
14 : 71(97),63(123),79(63),31(197) : 244
15 : 66(116),59(129),74(82),46(168) : 245
16 : 78(70),82(54),88(41) : 248
17 : 81(56),75(81),53(149),49(162) : 258
18 : 88(39),65(117),79(65),33(194) : 265
19 : 73(87),56(137),81(59),55(142) : 265
20 : 88(40),90(32),89(33) : 267
21 : 70(99),68(105),77(78),53(148) : 268
22 : 87(45),78(69),68(107),37(183) : 270
23 : 88(43),83(51),53(152),50(160) : 274
24 : 80(60),78(68),79(66),45(172) : 282
25 : 77(77),80(62),69(103),56(136) : 282
26 : 86(48),72(94),72(92),55(141) : 285
27 : 86(47),80(61),88(44),32(195) : 286
28 : 78(67),97(13),67(111),44(173) : 286
29 : 89(36),89(37),52(155),69(102) : 299
30 : 88(42),66(114),51(156),96(19) : 301
31 : 90(28),90(26),65(120),59(130) : 304
32 : 97(8),97(12),71(96),40(179) : 305
33 : 95(21),67(110),92(25),55(140) : 309
34 : 95(22),90(31),78(72),49(161) : 312
35 : 98(6),95(20),73(85),48(163) : 314
36 : 82(53),76(80),90(27),69(100) : 317
37 : 97(10),89(34),96(18),36(186) : 318
38 : 83(50),81(57),77(76),77(73) : 318
39 : 98(5),90(30),73(89),60(128) : 321
40 : 82(55),97(11),77(74),68(109) : 324
41 : 99(4),55(143),77(75),97(7) : 328
42 : 57(134),73(86),72(91),81(58),50(159) : 333
43 : 89(35),60(126),90(29),96(15) : 335
44 : 95(23),73(88),73(84),96(16) : 337
45 : 100(3),73(83),100(1),66(113) : 339
46 : 72(93),96(17),39(181),68(106),65(118) : 340
47 : 97(9),76(79),89(38),84(49) : 346
48 : 100(2),100(0),78(71),69(101) : 347
49 : 40(180),50(158),93(24),97(14),68(108) : 348
50 : 87(46),82(52),65(119),61(125),53(150) : 348
51 : 79(64),46(169) : 125
