Bin number: 48
Bin size: 360
Item number: 200
Bin Id: item size (item id),... : total item size
1 : 22(195),32(180),29(184) : 83
2 : 24(190),34(174),43(141) : 101
3 : 21(197),32(179),40(149),24(191) : 117
4 : 35(170),42(143),20(199),37(160) : 134
5 : 43(142),35(169),33(176),29(183) : 140
6 : 50(129),47(137),27(187),36(165) : 160
7 : 41(145),53(118),30(182),49(133) : 173
8 : 51(123),38(156),54(117),36(164) : 179
9 : 39(152),61(98),59(106),22(196) : 181
10 : 34(171),66(91),67(89),31(181) : 198
11 : 49(131),68(88),34(173),51(124) : 202
12 : 45(139),70(81),20(198),72(78) : 207
13 : 60(103),37(161),38(154),51(125),33(175) : 219
14 : 65(94),64(95),69(83),28(185) : 226
15 : 50(128),51(122),63(97),68(85) : 232
16 : 76(66),75(70),38(158),47(134) : 236
17 : 41(144),68(84),70(80),60(101) : 239
18 : 64(96),40(151),49(130),75(72),23(193) : 251
19 : 68(86),66(90),41(147),81(55) : 256
20 : 75(71),39(153),40(148),25(189),80(58) : 259
21 : 86(37),52(119),83(49),45(138) : 266
22 : 36(166),56(112),58(107),90(29),26(188) : 266
23 : 55(114),54(116),83(46),60(102),24(192) : 276
24 : 77(63),82(54),88(34),33(177) : 280
25 : 37(162),81(57),55(113),59(105),47(135) : 279
26 : 73(75),93(20),92(24),23(194) : 281
27 : 72(77),91(26),85(38),36(167) : 284
28 : 84(43),91(25),55(115),57(111) : 287
29 : 88(35),95(11),78(62),28(186) : 289
30 : 83(50),83(47),93(17),36(168) : 295
31 : 70(82),96(8),93(19),38(157) : 297
32 : 94(15),84(45),61(99),59(104) : 298
33 : 89(30),83(51),52(121),78(61) : 302
34 : 87(36),84(44),41(146),92(21) : 304
35 : 100(0),100(1),72(76),37(163) : 309
36 : 94(13),95(10),45(140),76(65) : 310
37 : 57(109),92(22),74(73),88(33) : 311
38 : 85(39),97(4),93(18),47(136) : 322
39 : 92(23),37(159),93(16),57(110),49(132) : 328
40 : 91(27),89(32),68(87),82(52) : 330
41 : 81(56),96(9),96(7),60(100) : 333
42 : 84(41),95(12),78(60),77(64) : 334
43 : 98(3),34(172),79(59),65(93),65(92) : 341
44 : 83(48),58(108),96(5),74(74),33(178) : 344
45 : 94(14),90(28),75(67),50(127),38(155) : 347
46 : 96(6),75(69),75(68),52(120),50(126) : 348
47 : 40(150),100(2),84(42),89(31) : 313
48 : 82(53),85(40),70(79) : 237
