Bin number: 51
Bin size: 359
Item number: 200
Bin Id: item size (item id),... : total item size
1 : 78(54),78(55) : 156
2 : 92(19),62(97) : 154
3 : 50(116),55(107),89(31),88(33) : 282
4 : 84(43),64(91),62(96) : 210
5 : 39(155),83(44),29(178) : 151
6 : 78(59),79(52) : 157
7 : 90(23),68(79),40(150) : 198
8 : 69(76),63(92),38(158) : 170
9 : 87(35),33(174),47(126) : 167
10 : 95(12),98(4) : 193
11 : 33(175),88(32),25(188),24(190),20(198) : 190
12 : 90(26),79(53),77(60) : 246
13 : 90(24),87(36),44(137),22(192) : 243
14 : 100(3),40(153),21(195) : 161
15 : 26(182),62(95),61(99),52(111) : 201
16 : 48(122),46(133),25(189),41(147) : 160
17 : 26(183),92(20),64(90),33(172) : 215
18 : 50(117),43(142),68(80),66(82),67(81),54(110) : 348
19 : 93(17),97(7),47(130) : 237
20 : 86(39),85(40) : 171
21 : 65(88),47(129),94(14) : 206
22 : 97(9),40(152),82(47) : 219
23 : 48(124),68(77),45(135),48(123),46(132) : 255
24 : 80(50),57(104),44(138) : 181
25 : 86(38),89(29),36(164),22(191) : 233
26 : 94(13),36(166),25(186) : 155
27 : 73(71),92(18),35(167),27(180) : 227
28 : 89(30),25(184),25(187),25(185) : 164
29 : 33(171),88(34),27(179),21(194) : 169
30 : 97(8),42(144),40(154) : 179
31 : 55(108),66(83),91(22) : 212
32 : 75(67),33(173),43(140),68(78) : 219
33 : 74(69),21(197),50(115),54(109),38(157) : 237
34 : 49(120),100(2),95(11) : 244
35 : 100(1),72(72),49(118),37(162) : 258
36 : 78(56),92(21),30(177),20(199),44(139) : 264
37 : 34(169),85(41),80(51),65(86) : 264
38 : 59(101),78(57),63(94),27(181),46(134) : 273
39 : 81(49),47(127),60(100),41(148),47(128) : 276
40 : 76(62),37(163),76(61),66(84),34(170) : 289
41 : 38(161),49(119),46(131),56(105),41(146),63(93) : 293
42 : 86(37),41(145),97(6),71(73) : 295
43 : 49(121),40(149),51(114),93(16),69(75) : 302
44 : 38(159),98(5),76(64),64(89),36(165) : 312
45 : 83(46),76(63),90(25),45(136),21(196) : 315
46 : 43(141),81(48),73(70),65(87),61(98) : 323
47 : 93(15),89(28),84(42),58(103) : 324
48 : 51(112),42(143),48(125),75(65),40(151),32(176),39(156) : 327
49 : 55(106),75(68),78(58),51(113),75(66) : 334
50 : 21(193),96(10),83(45),66(85),69(74) : 335
51 : 89(27),38(160),100(0),35(168),58(102) : 320
