Bin number: 35
Bin size: 479
Item number: 200
Bin Id: item size (item id),... : total item size
1 : 97(8),89(25),75(49),93(15),35(124),83(37) : 472
2 : 56(93),90(23),61(80),60(82),73(59),96(9),18(158) : 454
3 : 85(32),93(16),44(110),23(146),17(161),94(14) : 356
4 : 38(117),77(45),100(0),61(78),75(52),93(18) : 444
5 : 69(65),33(132),45(108),95(10),46(106) : 288
6 : 78(43),51(100),41(113),28(140),65(72),1(196) : 264
7 : 74(54),54(95),53(97),88(27),28(138),61(79),28(139),17(160) : 403
8 : 100(1),90(24),93(17),65(71),18(157) : 366
9 : 1(199),13(167),6(186),8(182),1(197) : 29
10 : 57(91),60(85),59(88),35(125),3(192) : 214
11 : 52(98),99(4),60(84),60(86),65(73),36(122) : 372
12 : 11(174),5(189),32(133),8(178),38(118),16(162) : 110
13 : 20(156),22(152),11(173),6(187),6(184) : 65
14 : 10(177),21(155),23(147),35(126),1(198) : 90
15 : 6(183),39(114),16(163),31(136),23(148),2(195) : 117
16 : 22(151),17(159),14(166),12(170),26(143),27(141) : 118
17 : 29(137),47(105),43(111),32(135),2(194) : 153
18 : 60(83),58(90),59(87),6(185) : 183
19 : 37(121),25(144),11(175),8(181),39(115),34(127),38(116) : 192
20 : 49(103),15(164),72(61),68(67) : 204
21 : 74(57),71(62),12(169),12(171),55(94),15(165),4(190) : 243
22 : 46(107),63(77),79(41),51(101),34(128),3(193) : 276
23 : 44(109),86(30),84(33),37(120),22(154),8(179) : 281
24 : 92(20),37(119),87(28),81(40),5(188) : 302
25 : 57(92),78(42),98(7),75(50) : 308
26 : 13(168),76(46),76(47),64(75),85(31) : 314
27 : 27(142),94(13),34(130),51(99),91(22),25(145) : 322
28 : 100(2),74(55),71(63),75(51),22(153) : 342
29 : 70(64),69(66),95(12),95(11),11(172),4(191) : 344
30 : 74(56),68(68),84(34),86(29),58(89) : 370
31 : 73(60),98(6),11(176),89(26),99(3) : 370
32 : 61(81),50(102),34(131),66(69),98(5),74(53) : 383
33 : 84(35),77(44),48(104),53(96),34(129),92(21),8(180) : 396
34 : 75(48),83(36),83(39),64(76),32(134),23(149),23(150),36(123) : 419
35 : 65(70),92(19),65(74),73(58),41(112),83(38) : 419
