Bin number: 46
Bin size: 358
Item number: 200
Bin Id: item size (item id),... : total item size
1 : 20(198),28(175),23(190) : 71
2 : 22(192),30(164),27(176) : 79
3 : 25(185),27(178),29(170),20(196) : 101
4 : 25(184),22(191),28(174),45(132) : 120
5 : 37(147),51(121),45(131) : 133
6 : 34(153),43(135),24(188),26(182),24(189) : 151
7 : 33(157),42(138),54(115),39(144) : 168
8 : 42(139),30(167),30(166),45(133),29(171) : 176
9 : 38(145),56(112),30(165),64(90) : 188
10 : 51(122),37(146),60(104),53(116) : 201
11 : 34(154),36(151),47(127),61(98),30(168) : 208
12 : 62(95),61(97),27(177),46(129),22(193) : 218
13 : 50(123),72(70),67(82),32(162) : 221
14 : 50(124),75(63),67(81),36(149) : 228
15 : 79(54),20(199),77(56),65(87) : 241
16 : 53(117),83(41),42(142),68(78) : 246
17 : 61(99),84(39),81(45),24(187) : 250
18 : 73(65),43(137),82(43),36(148),20(197) : 254
19 : 84(40),60(105),77(59),35(152) : 256
20 : 72(69),87(32),68(77),32(160) : 259
21 : 79(51),79(48),87(33),22(194) : 267
22 : 72(66),63(94),77(60),60(103) : 272
23 : 72(68),80(47),58(107),63(92) : 273
24 : 72(67),75(62),76(61),29(172),25(183) : 277
25 : 82(44),43(136),97(13),56(111) : 278
26 : 33(155),82(42),33(156),85(36),55(114) : 288
27 : 85(37),42(141),91(21),45(130),29(173) : 292
28 : 89(28),52(120),91(22),70(72) : 302
29 : 93(19),57(110),62(96),91(20) : 303
30 : 98(8),61(102),87(31),61(100) : 307
31 : 67(80),97(12),79(50),65(85) : 308
32 : 90(25),90(26),42(140),68(76),21(195) : 311
33 : 79(53),93(18),77(57),64(89) : 313
34 : 31(163),86(34),99(6),98(10) : 314
35 : 70(73),78(55),32(161),99(5),40(143) : 319
36 : 90(27),88(30),69(74),47(128),26(181) : 320
37 : 97(11),100(4),65(86),64(91) : 326
38 : 44(134),69(75),86(35),77(58),27(179),25(186) : 328
39 : 48(126),91(23),64(88),63(93),66(84) : 332
40 : 57(109),88(29),96(15),94(16) : 335
41 : 32(159),99(7),66(83),55(113),26(180),59(106) : 337
42 : 100(3),94(17),67(79),29(169),49(125) : 339
43 : 100(1),98(9),85(38),61(101) : 344
44 : 70(71),100(2),33(158),52(119),91(24) : 346
45 : 100(0),53(118),79(49),79(52),36(150) : 347
46 : 81(46),57(108),97(14),73(64) : 308
