Bin number: 36
Bin size: 479
Item number: 200
Bin Id: item size (item id),... : total item size
1 : 2(199),15(167),6(186),6(187),3(195) : 32
2 : 19(156),22(152),12(173),8(182) : 61
3 : 19(155),11(177),6(184),31(133),12(174),11(178) : 90
4 : 5(189),38(118),25(147),35(126),7(183) : 110
5 : 16(162),22(151),15(163),31(136),17(159),14(170) : 115
6 : 24(148),43(114),27(143),31(137) : 125
7 : 15(166),29(141),50(105),44(111) : 138
8 : 31(135),58(90),62(83),12(175),9(181) : 172
9 : 59(87),36(121),27(144),3(197),33(127),15(164),3(198),14(169) : 190
10 : 51(103),40(116),58(88),61(85) : 210
11 : 42(115),57(91),75(61),35(125),3(196) : 212
12 : 6(185),76(57),72(62),70(67),5(190),5(188) : 234
13 : 13(171),57(94),15(165),53(100),29(140),48(107),31(132) : 246
14 : 82(43),43(113),64(77),52(101),33(128) : 274
15 : 67(72),46(109),83(41),71(65),10(179) : 277
16 : 88(30),86(33),95(10),20(154),4(192) : 293
17 : 47(108),91(20),37(120),37(119),57(92),28(142) : 297
18 : 49(106),89(28),97(7),14(168),54(99) : 303
19 : 84(40),78(50),79(46),65(75),13(172) : 319
20 : 82(42),32(130),95(13),87(31),21(153),3(194) : 320
21 : 79(47),99(2),72(63),77(55) : 327
22 : 90(22),71(64),70(66),93(16),16(161) : 340
23 : 95(12),95(11),78(51),45(110),36(122) : 349
24 : 87(32),26(146),94(14),99(1),26(145),19(157),4(191),4(193) : 359
25 : 90(24),93(17),98(4),75(60),12(176) : 368
26 : 69(68),67(71),86(34),59(86),58(89),32(131) : 371
27 : 76(56),55(98),61(84),66(73),63(81),51(102) : 372
28 : 89(29),98(6),99(3),90(26) : 376
29 : 67(69),85(35),98(5),80(44),55(96),9(180) : 394
30 : 50(104),77(53),32(129),77(54),56(95),55(97),29(139),24(149) : 400
31 : 90(27),30(138),63(79),79(48),64(76),85(36) : 411
32 : 16(160),84(39),91(21),91(19),67(70),24(150),44(112) : 417
33 : 31(134),65(74),35(123),76(58),40(117),80(45),78(52),18(158) : 423
34 : 99(0),85(38),64(78),57(93),63(80),78(49) : 446
35 : 90(23),75(59),62(82),95(9),96(8),35(124) : 453
36 : 93(18),90(25),94(15),85(37) : 362
