Bin number: 41
Bin size: 358
Item number: 200
Bin Id: item size (item id),... : total item size
1 : 3(198),4(192),5(190),12(175),3(196) : 27
2 : 6(185),15(164),12(176),11(178),6(184) : 50
3 : 4(191),14(170),25(147),36(121) : 79
4 : 12(174),31(132),5(188),32(131),8(182) : 88
5 : 21(153),31(135),19(157),42(115),5(189) : 118
6 : 30(138),29(139),15(167),15(166),27(144),26(145) : 142
7 : 31(133),13(171),36(122),44(112),26(146),2(199) : 152
8 : 15(165),33(127),50(104),40(116),35(123) : 173
9 : 20(154),22(151),58(90),35(124),11(177),32(129),6(187) : 184
10 : 55(98),56(95),55(97),14(168),16(162),4(193) : 200
11 : 67(70),24(149),62(82),63(81),3(197) : 219
12 : 40(117),72(63),77(54),31(137),3(194) : 223
13 : 59(87),28(142),50(105),76(56),24(148) : 237
14 : 54(99),83(41),80(45),22(152) : 239
15 : 67(69),71(65),84(39),19(155),7(183) : 248
16 : 64(78),64(77),75(59),48(107) : 251
17 : 84(40),82(43),87(32),3(195) : 256
18 : 51(103),57(94),86(33),70(66) : 264
19 : 78(51),69(68),75(60),13(172),31(136) : 266
20 : 79(48),57(92),70(67),44(111),19(156) : 269
21 : 79(47),72(62),80(44),29(141),12(173) : 272
22 : 43(114),16(160),75(61),95(13),32(130),16(161) : 277
23 : 37(120),82(42),85(36),85(37) : 289
24 : 45(110),55(96),51(102),91(19),29(140),15(163),6(186) : 292
25 : 91(21),90(22),67(72),53(100) : 301
26 : 89(28),95(12),91(20),27(143) : 302
27 : 96(8),63(80),64(76),61(85),10(179),9(181) : 303
28 : 87(31),90(25),58(89),66(73),9(180) : 310
29 : 77(53),90(26),78(50),65(74) : 310
30 : 95(10),98(6),86(34),35(126) : 314
31 : 93(18),76(57),98(5),31(134),17(159) : 315
32 : 77(55),90(27),95(11),57(91) : 319
33 : 88(30),33(128),65(75),59(86),57(93),18(158) : 320
34 : 98(4),46(109),85(35),97(7) : 326
35 : 58(88),90(23),94(15),89(29) : 331
36 : 61(84),99(3),93(16),43(113),38(118) : 334
37 : 76(58),62(83),93(17),67(71),37(119) : 335
38 : 99(1),63(79),49(106),85(38),47(108) : 343
39 : 95(9),99(0),99(2),52(101) : 345
40 : 78(49),90(24),79(46),78(52),24(150) : 349
41 : 94(14),14(169),71(64),35(125) : 214
