Bin number: 44
Bin size: 479
Item number: 200
Bin Id: item size (item id),... : total item size
1 : 30(199),36(186),44(173) : 110
2 : 47(167),51(156),49(162) : 147
3 : 36(187),53(152),38(182),32(195) : 159
4 : 40(177),52(155),36(189),40(178) : 168
5 : 37(184),60(126),37(183),44(174) : 178
6 : 58(133),56(136),65(118) : 179
7 : 54(147),66(114),73(83) : 193
8 : 53(151),53(148),48(163),45(170) : 199
9 : 50(159),47(166),56(137),55(143) : 208
10 : 68(105),55(141),67(111),31(197) : 221
11 : 73(90),73(87),80(61) : 226
12 : 57(135),69(103),64(121),44(175) : 234
13 : 73(85),73(88),39(181),66(115) : 251
14 : 72(91),54(144),60(127),66(116) : 252
15 : 81(57),78(67),31(198),72(94) : 262
16 : 80(62),48(164),61(125),78(72) : 267
17 : 37(185),88(43),90(30),69(100) : 284
18 : 45(171),97(10),89(33),66(113) : 297
19 : 46(169),88(41),97(7),68(107) : 299
20 : 77(77),95(20),79(65),55(140) : 306
21 : 47(165),90(28),69(101),72(92),32(196) : 310
22 : 68(109),60(128),58(132),68(108),68(106) : 322
23 : 88(40),97(13),83(50),59(130) : 327
24 : 88(42),87(46),90(31),65(120) : 330
25 : 86(47),100(2),65(119),52(154),35(190) : 338
26 : 77(75),95(22),79(63),96(16) : 347
27 : 46(168),97(12),55(142),70(99),83(51) : 351
28 : 97(11),82(55),79(64),97(14) : 355
29 : 79(66),90(32),99(4),93(24) : 361
30 : 100(1),96(17),89(34),81(56) : 366
31 : 80(60),90(29),52(153),67(110),90(26) : 379
32 : 78(68),78(71),45(172),54(146),73(84),54(145) : 382
33 : 98(6),49(161),100(3),73(86),63(122) : 383
34 : 77(73),70(98),73(89),51(157),41(176),78(69) : 390
35 : 75(81),89(35),69(102),82(53),82(54) : 397
36 : 98(5),90(27),68(104),71(96),71(95) : 398
37 : 58(131),88(44),40(179),71(97),59(129),34(192),55(138) : 405
38 : 76(79),89(36),88(39),95(21),77(76) : 425
39 : 86(48),55(139),96(19),78(70),77(74),35(191) : 427
40 : 50(160),57(134),33(194),53(149),53(150),81(58),40(180),65(117) : 432
41 : 100(0),63(123),34(193),66(112),89(38),95(23) : 447
42 : 87(45),82(52),77(78),72(93),36(188),96(18) : 450
43 : 81(59),76(80),74(82),84(49),96(15),50(158) : 461
44 : 97(9),97(8),92(25),89(37),62(124) : 437
