Bin number: 47
Bin size: 358
Item number: 200
Bin Id: item size (item id),... : total item size
1 : 20(198),24(190),24(192) : 68
2 : 33(175),28(185),36(164) : 97
3 : 33(176),24(191),29(184),35(170) : 121
4 : 22(196),33(178),34(174),41(147) : 130
5 : 52(121),26(188),39(153),38(157) : 155
6 : 49(132),47(135),45(138),20(199) : 161
7 : 49(131),55(115),30(182),34(171) : 168
8 : 45(139),41(144),49(133),51(122) : 186
9 : 36(167),41(145),36(166),25(189),56(112) : 194
10 : 59(104),41(146),66(90),40(151) : 206
11 : 36(165),61(98),50(127),64(95) : 211
12 : 38(154),54(116),51(123),51(124),21(197) : 215
13 : 63(97),33(177),75(70),54(117) : 225
14 : 50(129),77(63),70(82),40(149) : 237
15 : 70(81),82(54),36(168),59(105) : 247
16 : 84(41),61(99),37(162),43(142),27(187) : 252
17 : 68(87),85(39),23(193),79(59) : 255
18 : 81(56),47(137),40(148),89(32) : 257
19 : 85(40),76(65),75(69),23(194) : 259
20 : 84(45),84(43),72(78),22(195) : 262
21 : 88(33),72(77),75(68),38(155) : 273
22 : 83(51),60(103),76(66),58(107) : 277
23 : 83(48),78(60),39(152),78(62) : 278
24 : 65(94),83(47),75(67),55(114) : 278
25 : 94(13),84(44),65(92),38(156) : 281
26 : 78(61),47(136),34(172),84(42),43(141) : 286
27 : 57(111),86(37),87(36),29(183),34(173) : 293
28 : 37(160),52(120),93(19),64(96),49(130) : 295
29 : 96(8),57(110),90(28),60(102) : 303
30 : 92(21),95(12),70(80),45(140) : 302
31 : 92(22),96(6),75(72),42(143) : 305
32 : 93(20),91(25),60(100),67(89) : 311
33 : 91(26),89(31),96(5),37(163) : 313
34 : 95(10),93(18),89(30),37(161) : 314
35 : 68(85),83(50),91(27),74(73) : 316
36 : 82(53),88(34),72(76),74(74) : 316
37 : 81(57),95(11),97(4),47(134) : 320
38 : 81(55),50(128),68(86),96(7),28(186) : 323
39 : 73(75),66(91),88(35),68(88),37(159) : 332
40 : 50(126),92(23),57(109),65(93),68(84) : 332
41 : 94(15),98(3),80(58),32(179),32(180) : 336
42 : 90(29),93(16),69(83),85(38) : 337
43 : 93(17),100(1),96(9),52(119) : 341
44 : 31(181),70(79),55(113),59(106),53(118),38(158),35(169) : 341
45 : 100(2),60(101),92(24),94(14) : 346
46 : 75(71),83(49),58(108),77(64),51(125) : 344
47 : 100(0),83(46),82(52),40(150) : 305
