Bin number: 48
Bin size: 358
Item number: 200
Bin Id: item size (item id),... : total item size
1 : 80(47),73(68),47(148),74(66) : 274
2 : 83(39),83(41),83(40) : 249
3 : 78(54),76(63),54(129),30(199) : 238
4 : 70(79),58(113),97(9),35(180),85(38) : 345
5 : 87(32),77(59),51(137),49(142) : 264
6 : 66(92),77(61),45(152),96(13) : 284
7 : 70(76),99(6),50(140),97(10) : 316
8 : 98(7),77(58),95(15),66(93) : 336
9 : 51(138),50(139),38(166),53(133) : 192
10 : 56(121),53(132),58(115) : 167
11 : 48(145),38(171),56(122),67(90) : 209
12 : 31(192),37(175),39(164) : 107
13 : 57(117),81(45),68(87),47(149) : 253
14 : 64(97),55(127),73(70),36(177) : 228
15 : 70(77),87(33),80(48),31(193) : 268
16 : 69(81),77(56),38(168),61(105) : 245
17 : 64(99),40(162),82(43),70(78) : 256
18 : 36(178),33(184),31(191),38(170) : 138
19 : 100(3),94(16),33(186),43(159),69(83) : 339
20 : 86(35),91(23),67(88),89(29) : 333
21 : 93(19),92(21),49(141),69(80) : 303
22 : 91(24),57(119),61(108),96(14),46(150) : 351
23 : 92(22),60(110),57(120),96(12) : 305
24 : 98(8),92(20),64(102),53(130) : 307
25 : 90(27),88(30),71(74),41(161),30(195) : 320
26 : 30(198),32(190),36(176) : 98
27 : 33(185),37(174),53(131) : 123
28 : 30(196),47(147),32(188),38(167) : 147
29 : 44(153),52(135),43(157),35(182) : 174
30 : 48(144),59(112),32(189),63(104) : 202
31 : 38(165),64(98),65(95),46(151) : 213
32 : 48(146),57(116),44(154),74(65) : 223
33 : 56(123),55(124),69(82),51(136) : 231
34 : 73(69),79(51),32(187),77(60) : 261
35 : 30(197),82(44),74(67),63(103),30(194) : 279
36 : 66(94),76(62),61(107),42(160),34(183) : 279
37 : 85(36),85(37),83(42),38(172) : 291
38 : 58(114),59(111),44(155),44(156),89(28) : 294
39 : 64(96),72(72),91(25),79(50) : 306
40 : 88(31),37(173),78(53),68(85),40(163) : 311
41 : 90(26),86(34),64(100),72(73) : 312
42 : 93(18),77(57),78(55),67(89) : 315
43 : 99(5),100(4),71(75),53(134) : 323
44 : 97(11),49(143),54(128),66(91),60(109) : 326
45 : 68(86),55(126),69(84),36(179),61(106),43(158) : 332
46 : 94(17),35(181),100(1),57(118),55(125) : 341
47 : 100(2),72(71),100(0),75(64) : 347
48 : 80(49),64(101),80(46),79(52),38(169) : 341
