Bin number: 37
Bin size: 600
Item number: 200
Bin Id: item size (item id),... : total item size
1 : 77(58),41(164),33(189),45(153) : 196
2 : 98(8),67(88),37(177) : 202
3 : 70(79),71(77),60(109) : 201
4 : 66(93),81(48),63(100) : 210
5 : 46(151),95(18),72(71) : 213
6 : 87(39),66(92),67(89) : 220
7 : 60(111),69(81),95(17) : 224
8 : 52(134),81(47),39(169),54(129) : 226
9 : 96(14),82(46),52(133) : 230
10 : 48(147),60(106),46(152),92(24) : 246
11 : 63(99),56(120),49(144),83(45) : 251
12 : 54(127),70(78),55(125),73(69) : 252
13 : 66(95),46(150),99(2),57(118) : 268
14 : 37(176),97(11),88(35),59(113) : 281
15 : 39(170),96(15),77(56),35(184),36(180) : 283
16 : 34(186),85(41),48(146),56(119),89(33) : 312
17 : 73(70),68(84),68(83),60(108),56(121) : 325
18 : 40(165),87(38),30(197),74(65),59(114),40(167) : 330
19 : 36(179),48(145),79(53),74(62),72(72),38(174) : 347
20 : 35(183),65(96),42(161),97(10),73(68),38(173) : 350
21 : 72(73),58(115),62(103),100(1),37(175),34(185) : 363
22 : 31(194),59(112),72(75),50(138),94(20),62(104) : 368
23 : 32(192),66(90),63(98),98(6),92(25),30(199) : 381
24 : 34(188),72(74),71(76),67(86),32(191),49(142),35(182),39(172) : 399
25 : 34(187),78(54),70(80),74(64),65(97),36(181),52(135) : 409
26 : 68(85),98(5),96(16),97(12),50(139) : 409
27 : 67(87),45(156),89(34),46(148),58(116),75(60),44(159) : 424
28 : 73(67),89(30),86(40),96(13),90(28) : 434
29 : 92(26),53(130),98(4),55(126),100(0),56(122) : 454
30 : 55(124),45(155),88(36),89(31),78(55),54(128),60(107) : 469
31 : 81(51),44(157),40(166),93(22),30(198),42(163),66(94),75(61) : 471
32 : 69(82),53(132),42(162),84(44),81(49),81(50),46(149),31(195) : 487
33 : 85(43),39(168),56(123),95(19),33(190),90(29),75(59),39(171) : 512
34 : 66(91),99(3),98(9),85(42),89(32),61(105),31(193) : 529
35 : 37(178),60(110),45(154),74(63),51(137),74(66),88(37),80(52),30(196) : 539
36 : 98(7),62(102),92(23),91(27),57(117),49(143),51(136),77(57) : 577
37 : 50(140),63(101),53(131),50(141),44(158),43(160),94(21) : 397
