Bin number: 58
Bin size: 359
Item number: 200
Bin Id: item size (item id),... : total item size
1 : 88(44),63(122) : 151
2 : 88(39),83(50) : 171
3 : 97(8),55(138),31(198) : 183
4 : 89(35),77(76) : 166
5 : 90(32),97(12) : 187
6 : 71(97),90(30) : 161
7 : 82(54),72(92) : 154
8 : 82(52),37(184),45(171) : 164
9 : 100(3),60(126) : 160
10 : 93(24),89(36),59(130) : 241
11 : 97(14),40(179),73(90) : 210
12 : 81(59),36(187),44(174) : 161
13 : 82(55),36(189),40(178) : 158
14 : 95(22),33(194),96(18) : 224
15 : 89(38),97(7),48(164) : 234
16 : 86(47),47(167),96(17) : 229
17 : 59(129),52(154),95(20) : 206
18 : 76(79),70(99),54(144) : 200
19 : 99(4),71(95),31(197) : 201
20 : 58(132),88(41),51(157),69(101) : 266
21 : 53(152),55(140),78(71),35(191) : 221
22 : 52(155),97(13) : 149
23 : 96(19),58(133) : 154
24 : 47(166),54(147),52(153) : 153
25 : 96(15),86(48),73(87),69(103) : 324
26 : 65(117),100(0),46(168),67(110),69(102) : 347
27 : 65(120),66(115),56(137),57(135) : 244
28 : 90(29),78(69),68(109) : 236
29 : 90(26),80(60),77(77) : 247
30 : 88(43),78(67),44(173) : 210
31 : 95(21),97(11),73(86) : 265
32 : 98(6),64(121),72(93),66(114) : 300
33 : 79(66),97(10),90(27),74(82) : 340
34 : 87(45),51(156),77(74),50(160),76(80) : 341
35 : 81(58),66(113),41(176),73(85),75(81) : 336
36 : 79(65),68(106),53(151),78(68),55(142) : 333
37 : 83(51),49(162),84(49),55(139) : 271
38 : 73(83),45(172),97(9) : 215
39 : 100(1),78(72),81(56) : 259
40 : 78(70),66(112),88(42),61(125),32(196) : 325
41 : 95(23),67(111),37(183) : 199
42 : 35(190),38(182),53(150),73(88) : 199
43 : 89(34),37(185),44(175) : 170
44 : 50(158),88(40),36(186) : 174
45 : 32(195),68(104),36(188),46(169) : 182
46 : 68(108),72(91),71(96) : 211
47 : 82(53),40(180),62(124),65(118) : 249
48 : 34(192),100(2),77(78),40(177) : 251
49 : 63(123),30(199),60(127),66(116),39(181) : 258
50 : 81(57),72(94),68(107),53(148) : 274
51 : 90(31),89(33),57(134),48(163) : 284
52 : 69(100),80(62),80(61),58(131) : 287
53 : 73(84),49(161),45(170),65(119),60(128) : 292
54 : 89(37),54(146),54(145),98(5) : 295
55 : 68(105),53(149),96(16),79(64) : 296
56 : 77(73),77(75),50(159),73(89),34(193) : 311
57 : 87(46),79(63),92(25),56(136) : 314
58 : 47(165),55(141),70(98),55(143),90(28) : 317
