Bin number: 49
Bin size: 360
Item number: 200
Bin Id: item size (item id),... : total item size
1 : 34(180),31(195),36(174) : 101
2 : 32(190),35(179),50(141) : 117
3 : 34(184),30(197),35(176),32(191) : 131
4 : 38(170),48(143),52(129) : 138
5 : 48(149),38(169),34(183),37(171) : 157
6 : 50(142),42(160),30(199),39(165) : 161
7 : 51(137),54(123),33(187),43(156) : 181
8 : 55(118),34(182),56(117),39(164) : 184
9 : 61(98),64(88),64(89) : 189
10 : 51(133),48(145),59(106),31(196) : 189
11 : 63(91),46(152),50(139),34(181) : 193
12 : 52(131),68(81),59(103),30(198) : 209
13 : 69(78),37(173),62(94),45(154) : 213
14 : 62(95),41(161),72(70),52(128) : 227
15 : 54(124),66(83),75(66),36(175) : 231
16 : 53(125),62(97),54(122),62(96) : 231
17 : 65(85),66(84),68(80),33(185) : 232
18 : 42(158),64(86),63(90),79(55) : 248
19 : 72(72),48(144),72(71),57(112) : 249
20 : 52(130),51(134),46(151),78(58),33(189) : 260
21 : 60(101),85(37),81(49),35(177) : 261
22 : 45(153),39(166),48(147),89(29),48(148) : 269
23 : 59(107),55(119),82(46),78(57) : 274
24 : 79(54),70(75),69(77),57(114) : 275
25 : 60(102),31(193),77(63),51(138),59(105) : 278
26 : 56(116),84(38),83(43),57(113) : 280
27 : 87(34),87(35),51(135),56(115) : 281
28 : 40(162),90(26),33(188),81(50),39(167) : 283
29 : 92(24),94(20),68(82),31(194) : 285
30 : 90(25),82(45),82(47),32(192) : 286
31 : 77(62),97(11),89(30),33(186) : 296
32 : 57(111),96(15),86(36),61(99) : 300
33 : 94(19),95(17),54(121),58(109) : 301
34 : 81(51),100(0),83(44),39(168) : 303
35 : 98(8),77(61),87(33),42(157) : 304
36 : 100(1),97(13),71(73),42(159) : 310
37 : 97(10),59(104),84(39),76(65) : 316
38 : 93(21),69(76),93(22),64(87) : 319
39 : 48(146),50(140),39(163),92(23),90(27) : 319
40 : 98(4),78(56),51(136),97(12) : 324
41 : 95(18),95(16),81(52),58(110) : 329
42 : 84(41),98(9),52(132),100(3) : 334
43 : 87(32),77(60),98(7),37(172),35(178) : 334
44 : 81(48),61(100),58(108),70(74),73(68) : 343
45 : 77(59),63(93),96(14),63(92),46(150) : 345
46 : 76(64),98(5),98(6),75(67) : 347
47 : 90(28),72(69),53(127),55(120),80(53) : 350
48 : 100(2),53(126),89(31),68(79),44(155) : 354
49 : 83(42),84(40) : 167
