Bin number: 54
Bin size: 359
Item number: 200
Bin Id: item size (item id),... : total item size
1 : 44(155),39(166),33(189),36(174) : 152
2 : 83(44),37(171),33(187) : 153
3 : 94(19),54(122) : 148
4 : 97(13),51(133) : 148
5 : 79(54),77(59) : 156
6 : 79(55),48(147),31(195) : 158
7 : 100(3),59(104) : 159
8 : 62(97),34(184),33(185),33(186) : 162
9 : 89(30),42(158),33(188) : 164
10 : 81(52),81(50) : 162
11 : 87(35),45(153),35(178) : 167
12 : 69(76),63(92),36(175) : 168
13 : 84(39),87(34) : 171
14 : 84(40),53(126),34(182) : 171
15 : 98(8),51(138),35(179) : 184
16 : 87(32),46(150),57(111) : 190
17 : 97(12),98(4) : 195
18 : 92(23),32(190),30(198),45(154) : 199
19 : 68(79),62(95),34(183),37(173) : 201
20 : 61(99),83(43),58(108) : 202
21 : 64(88),48(144),94(20) : 206
22 : 52(129),63(91),62(96),30(197) : 207
23 : 96(14),63(90),50(140) : 209
24 : 75(67),98(9),46(152) : 219
25 : 66(83),37(172),31(194),84(38) : 218
26 : 93(22),72(71),58(109) : 223
27 : 82(47),95(18),52(130) : 229
28 : 39(167),95(17),98(7) : 232
29 : 89(29),92(24),55(120) : 236
30 : 72(69),56(115),32(191),77(60) : 237
31 : 39(164),90(26),80(53),32(192) : 241
32 : 86(36),51(137),34(180),72(72) : 243
33 : 100(2),54(124),69(77),30(199) : 253
34 : 51(135),54(123),100(1),52(132) : 257
35 : 69(78),55(118),97(11),38(169) : 259
36 : 78(56),84(41),42(157),60(101) : 264
37 : 93(21),35(177),81(51),56(116) : 265
38 : 64(86),40(162),78(57),50(139),39(163) : 271
39 : 81(49),62(94),34(181),51(134),48(148) : 276
40 : 53(127),59(107),89(31),77(62) : 278
41 : 87(33),77(61),66(84),55(119) : 285
42 : 61(100),38(170),52(131),85(37),52(128) : 288
43 : 41(161),59(105),48(146),48(145),54(121),42(159) : 292
44 : 98(6),48(149),57(114),98(5) : 301
45 : 63(93),71(73),70(75),64(89),35(176) : 303
46 : 95(16),76(64),90(25),51(136) : 312
47 : 82(46),77(63),39(165),64(87),53(125) : 315
48 : 50(141),96(15),72(70),57(112),48(143) : 323
49 : 81(48),90(28),76(65),31(196),46(151) : 324
50 : 61(98),83(42),59(103),59(106),65(85) : 327
51 : 73(68),78(58),57(113),31(193),97(10) : 336
52 : 75(66),82(45),43(156),90(27),50(142) : 340
53 : 70(74),42(160),68(80),100(0),60(102) : 340
54 : 56(117),68(82),39(168),68(81),58(110) : 289
