Bin number: 41
Bin size: 360
Item number: 200
Bin Id: item size (item id),... : total item size
1 : 2(195),8(180),11(174),6(184),1(197) : 28
2 : 4(190),8(179),12(170),23(149) : 47
3 : 27(141),26(143),4(191),27(142),6(183) : 90
4 : 12(169),11(176),17(160),34(129),6(187),15(165) : 95
5 : 1(199),29(137),25(145),38(118),22(152),1(196) : 116
6 : 8(182),36(123),20(156),32(133),38(117),2(194) : 136
7 : 15(164),46(106),52(98),28(139),8(181) : 149
8 : 12(171),11(173),57(91),59(88),17(161),1(198) : 157
9 : 34(131),58(89),49(103),22(154),6(185) : 169
10 : 61(81),61(78),35(124),35(125) : 192
11 : 55(94),34(128),36(122),54(95),18(158),3(193) : 200
12 : 25(144),65(70),53(97),60(83),11(175) : 214
13 : 69(66),60(85),61(80),22(151),5(189) : 217
14 : 60(84),53(96),65(72),34(130),14(166) : 226
15 : 32(134),65(71),23(147),60(86),51(101) : 231
16 : 22(153),58(90),74(55),41(112),46(107) : 241
17 : 23(148),75(49),37(119),28(138),39(114),38(116),5(188),3(192) : 248
18 : 73(58),83(37),76(46),10(177),13(167) : 255
19 : 16(162),74(54),50(102),41(113),47(105),32(135) : 260
20 : 86(29),71(63),63(77),39(115),6(186) : 265
21 : 64(75),74(57),78(43),43(111),8(178) : 267
22 : 84(34),90(24),84(35),16(163) : 274
23 : 75(50),92(20),83(38),13(168),18(157) : 281
24 : 89(26),89(25),60(82),44(109) : 282
25 : 76(47),77(45),95(11),37(121) : 285
26 : 71(62),93(15),51(99),72(61) : 287
27 : 75(51),86(30),93(17),23(146),17(159) : 294
28 : 92(19),83(36),28(140),94(13) : 297
29 : 97(8),77(44),48(104),69(65),11(172) : 302
30 : 100(0),95(10),84(33),31(136) : 310
31 : 100(1),65(73),64(76),79(41) : 308
32 : 92(21),83(39),99(4),44(110) : 318
33 : 91(22),90(23),88(27),51(100) : 320
34 : 93(18),74(56),75(52),85(32) : 327
35 : 93(16),73(60),96(9),45(108),23(150) : 330
36 : 59(87),33(132),95(12),75(48),70(64) : 332
37 : 98(7),99(3),56(93),87(28) : 340
38 : 73(59),65(74),94(14),57(92),34(127),21(155) : 344
39 : 98(5),98(6),78(42),74(53) : 348
40 : 68(67),66(69),100(2),35(126),81(40) : 350
41 : 68(68),37(120),85(31),61(79) : 251
