Bin number: 30
Bin size: 597
Item number: 200
Bin Id: item size (item id),... : total item size
1 : 94(15),58(92),36(136),8(185),4(191) : 200
2 : 53(102),82(46),72(67) : 207
3 : 40(129),94(17),80(49),2(198) : 216
4 : 22(158),48(107),90(26),63(82) : 223
5 : 41(123),87(38),39(130),59(90),4(194),1(199) : 231
6 : 23(157),45(115),24(151),45(116),90(28),16(173) : 243
7 : 21(160),59(91),46(111),23(156),3(195),47(109),60(85),2(197) : 261
8 : 95(12),91(24),13(178),51(104),17(166),4(192) : 271
9 : 56(97),91(23),87(37),38(131),7(187) : 279
10 : 99(6),73(66),91(21),15(175),15(174) : 293
11 : 38(135),19(163),76(59),64(80),50(105),47(108) : 294
12 : 28(147),92(19),65(79),30(144),60(88),30(142) : 305
13 : 99(5),83(43),76(58),36(137),29(145) : 323
14 : 67(77),40(126),98(7),22(159),46(112),43(120),13(177) : 329
15 : 24(152),20(161),69(74),40(128),16(170),77(56),62(83),42(121) : 350
16 : 74(64),64(81),89(30),38(134),60(87),23(155),12(179) : 360
17 : 38(132),58(93),30(143),69(75),85(42),49(106),40(127),5(188) : 374
18 : 46(110),42(122),30(141),70(73),91(25),75(61),9(183),16(168),10(180) : 389
19 : 45(114),95(13),100(2),41(124),54(100),7(186),51(103),4(193) : 397
20 : 23(154),82(45),93(18),88(33),43(119),46(113),35(138),2(196) : 412
21 : 72(68),60(86),99(3),25(148),80(50),87(35) : 423
22 : 44(117),90(29),77(57),99(4),72(70),19(162),38(133) : 439
23 : 59(89),55(99),44(118),40(125),86(41),81(48),79(51),4(190) : 448
24 : 86(39),100(0),83(44),16(171),95(11),57(95),32(139) : 469
25 : 97(9),61(84),100(1),53(101),95(14),74(62),4(189) : 484
26 : 24(149),10(181),98(8),76(60),79(52),16(172),23(153),70(72),78(54),13(176),8(184) : 495
27 : 89(31),97(10),87(36),57(94),29(146),71(71),72(69),16(169) : 518
28 : 67(78),78(55),89(32),87(34),92(20),24(150),19(165),74(65),9(182) : 539
29 : 74(63),67(76),56(98),57(96),81(47),94(16),90(27),32(140),17(167) : 568
30 : 19(164),86(40),91(22),78(53) : 274
