Bin number: 41
Bin size: 447
Item number: 200
Bin Id: item size (item id),... : total item size
1 : 20(198),23(190),31(175) : 74
2 : 22(192),24(185),36(164) : 82
3 : 30(176),29(178),25(184),33(170) : 117
4 : 22(191),21(196),31(174),41(147),24(188) : 139
5 : 52(121),48(132),54(115) : 154
6 : 45(135),48(131),40(153),35(166) : 168
7 : 44(138),44(139),61(90),43(144) : 192
8 : 38(157),25(182),47(133),51(122),42(145) : 203
9 : 54(112),34(167),59(98),60(95) : 207
10 : 57(104),32(171),59(97),71(63) : 219
11 : 69(70),77(54),54(116),35(165) : 235
12 : 24(189),80(41),82(39),50(123) : 236
13 : 48(127),81(40),74(56),40(151) : 243
14 : 42(146),40(154),84(32),79(45) : 245
15 : 64(82),80(43),48(129),62(87) : 254
16 : 65(81),50(124),84(33),59(99) : 258
17 : 71(65),93(13),73(59),34(168) : 271
18 : 29(177),70(69),65(78),53(117),41(149),20(199) : 278
19 : 77(51),78(48),57(105),73(60) : 285
20 : 78(47),65(77),36(162),71(66),45(137) : 295
21 : 79(44),71(68),43(142),83(36),24(187) : 300
22 : 72(62),72(61),60(94),83(37),22(193) : 309
23 : 71(67),95(8),89(19),58(103) : 313
24 : 80(42),93(12),88(21),20(197),40(152) : 321
25 : 41(148),88(22),86(28),88(20),21(194) : 324
26 : 61(92),57(107),96(6),54(114),59(96) : 327
27 : 87(25),87(26),55(111),85(31),32(172) : 346
28 : 94(10),89(18),45(136),83(34),37(160) : 348
29 : 98(5),39(155),39(156),68(72),56(110),58(102) : 358
30 : 43(141),77(50),77(53),94(11),25(183),48(130) : 364
31 : 87(27),65(80),53(120),86(30),74(57) : 365
32 : 98(4),66(76),58(100),75(55),31(173),43(140) : 371
33 : 64(85),67(73),62(89),66(74),95(7),21(195) : 375
34 : 36(163),98(3),88(23),83(35),86(29) : 391
35 : 92(15),37(161),43(143),89(16),62(86),74(58) : 397
36 : 66(75),61(91),48(128),89(17),47(134),62(88),26(181) : 399
37 : 99(1),49(126),60(93),64(84),99(2),38(159) : 409
38 : 56(109),94(9),100(0),28(179),24(186),54(113),57(106) : 413
39 : 64(83),65(79),83(38),68(71),27(180),58(101),53(118) : 418
40 : 87(24),77(49),92(14),79(46),38(158),56(108) : 429
41 : 77(52),53(119),71(64),33(169),50(125),40(150) : 324
