Bin number: 37
Bin size: 447
Item number: 200
Bin Id: item size (item id),... : total item size
1 : 2(198),13(175),5(192),6(190),3(196) : 29
2 : 9(185),12(176),20(164),12(178),13(174),1(199) : 67
3 : 15(170),9(184),6(191),26(147),39(121) : 95
4 : 34(132),31(135),34(131),25(153) : 124
5 : 7(188),45(115),31(138),22(157),33(133),6(189) : 144
6 : 31(139),27(144),16(167),16(166),46(112),38(122) : 174
7 : 10(182),26(145),48(104),59(90),26(146),7(187) : 176
8 : 15(171),52(98),54(95),19(165),36(127),25(151) : 201
9 : 53(97),66(70),38(123),24(154),37(124),3(197) : 221
10 : 45(116),76(54),80(41),26(149) : 227
11 : 73(63),35(129),62(82),62(81),12(177) : 244
12 : 82(39),81(40),85(32) : 248
13 : 78(45),75(56),78(43),16(168),5(193) : 252
14 : 42(117),52(99),84(33),67(69),21(162) : 266
15 : 61(87),72(65),63(78),74(59) : 270
16 : 48(105),94(13),77(51),31(137),28(142) : 278
17 : 78(48),78(47),65(77),67(68),3(195) : 291
18 : 78(44),74(60),70(66),26(148),49(103) : 297
19 : 67(67),54(94),74(62),47(107),57(92),8(186) : 307
20 : 83(36),74(61),83(37),25(152),31(136),22(156) : 318
21 : 80(42),97(8),90(19),45(114),9(183) : 321
22 : 89(21),95(12),5(194),88(28),21(160),28(141) : 326
23 : 89(22),46(111),89(20),98(6),11(179) : 333
24 : 14(172),23(155),88(25),90(18),85(31),39(120) : 339
25 : 88(26),96(10),54(96),47(110),50(102),14(173) : 349
26 : 99(5),66(72),84(34),34(130),76(53) : 359
27 : 63(80),88(27),77(50),87(30),29(140),21(161) : 365
28 : 95(11),51(100),99(4),65(76),60(89) : 370
29 : 75(57),61(85),76(55),66(73),20(163),66(74),10(181) : 374
30 : 27(143),98(7),89(23),84(35),94(15) : 392
31 : 100(3),65(75),36(128),61(86),88(29),47(109) : 397
32 : 33(134),58(91),93(16),74(58),60(88),61(84),21(159) : 400
33 : 37(126),91(17),100(1),56(93),96(9),10(180),15(169) : 405
34 : 61(83),100(0),100(2),63(79),46(113),47(108) : 417
35 : 82(38),66(71),88(24),78(49),48(106),42(118),22(158) : 426
36 : 50(101),94(14),78(46),77(52),39(119),73(64) : 411
37 : 37(125),26(150) : 63
