Bin number: 42
Bin size: 447
Item number: 200
Bin Id: item size (item id),... : total item size
1 : 21(198),30(175),25(190) : 76
2 : 23(192),34(164),29(176) : 86
3 : 27(185),29(178),32(170),27(184) : 115
4 : 24(191),31(174),40(147),50(132) : 145
5 : 21(196),53(121),26(188),46(138) : 146
6 : 48(135),38(153),54(115),37(157) : 177
7 : 50(131),45(139),28(182),57(104) : 180
8 : 55(112),49(133),43(144),65(90) : 212
9 : 33(167),33(166),53(122),61(98),39(151) : 219
10 : 43(145),32(171),62(95),61(97),26(189) : 224
11 : 40(146),33(165),54(116),74(70),38(154) : 239
12 : 80(54),84(41),83(45) : 247
13 : 51(127),77(63),52(124),69(82) : 249
14 : 85(39),53(123),69(81),50(129) : 257
15 : 85(40),79(56),66(87),33(168) : 263
16 : 89(32),84(43),29(177),70(78) : 272
17 : 87(33),76(65),60(99),57(105) : 280
18 : 95(13),74(69),81(51),35(162) : 285
19 : 54(117),78(59),83(48),46(137),26(187) : 287
20 : 40(149),20(199),70(77),83(47),84(44) : 297
21 : 78(60),44(142),74(68),74(67),40(148) : 310
22 : 76(66),77(62),63(94),77(61),22(193) : 315
23 : 96(8),86(36),96(12),21(197),22(194) : 321
24 : 58(103),86(37),84(42),93(19) : 321
25 : 57(107),93(21),93(22),39(152),48(136) : 330
26 : 64(92),90(28),97(6),36(160),44(141) : 331
27 : 93(20),96(10),32(172),89(31),37(155) : 347
28 : 55(114),55(111),92(25),92(26),53(120) : 347
29 : 94(18),98(5),37(156),55(110),73(72) : 357
30 : 62(96),87(34),58(102),69(80),89(30) : 365
31 : 80(53),98(4),81(50),27(183),50(130),34(163) : 370
32 : 96(11),92(27),79(57),60(100),44(140) : 371
33 : 66(85),72(76),79(55),65(89),96(7) : 378
34 : 31(173),73(73),73(74),94(15),43(143),66(86) : 380
35 : 99(3),35(161),86(35),22(195),89(29),65(91) : 396
36 : 93(23),73(75),50(128),49(134),79(58),56(109) : 400
37 : 94(16),100(1),94(17),66(88),51(126) : 405
38 : 64(93),67(84),96(9),100(0),29(179),28(181),29(180) : 413
39 : 100(2),68(83),27(186),37(159),69(79),57(106),60(101) : 418
40 : 86(38),73(71),55(113),93(24),83(49),37(158) : 427
41 : 54(118),95(14),81(52),54(119),76(64),32(169),40(150) : 432
42 : 83(46),56(108),51(125) : 190
