Bin number: 30
Bin size: 598
Item number: 200
Bin Id: item size (item id),... : total item size
1 : 1(199),15(167),20(156) : 36
2 : 35(118),21(155),29(133),11(177),9(182) : 105
3 : 46(94),32(125),78(43),56(72),1(198),44(100),13(171) : 270
4 : 96(11),71(51),94(16),100(1),21(153),13(172) : 395
5 : 99(5),33(122),84(35),29(131),70(53),67(54),40(104),44(96) : 466
6 : 55(74),22(149),66(58),22(150),100(0),32(123),76(45),35(117),70(52),54(78) : 532
7 : 21(152),7(186),12(173),7(187),26(136),2(197) : 75
8 : 36(114),32(126),22(147),8(184),12(174) : 110
9 : 21(151),22(148),6(189),18(162),10(178),17(163),8(183),20(159),3(195),3(196),3(194) : 131
10 : 40(105),52(83),49(90),9(181) : 150
11 : 36(111),26(137),50(87),17(166),25(143),8(185) : 162
12 : 25(141),14(170),28(135),63(61),41(103),5(190) : 176
13 : 48(91),51(85),50(88),33(121),24(144) : 206
14 : 36(115),35(116),66(57),31(127),12(175),17(164),15(169),15(168) : 227
15 : 62(62),59(67),54(77),60(65) : 235
16 : 79(41),86(30),96(10),36(113) : 297
17 : 85(33),39(107),43(101),92(20),25(140),17(165),10(179) : 311
18 : 39(109),98(7),86(28),39(108),30(128),29(132) : 321
19 : 40(106),80(40),48(92),78(42),95(13),4(192) : 345
20 : 72(50),33(120),76(46),35(119),76(47),55(75),4(191) : 351
21 : 100(2),86(31),91(22),21(154),44(99),25(142) : 367
22 : 29(130),67(55),96(12),62(63),61(64),60(66),12(176) : 387
23 : 86(32),95(14),99(4),90(24),39(110) : 409
24 : 94(17),63(60),67(56),58(68),56(71),84(34) : 422
25 : 86(29),99(6),55(73),23(146),51(86),44(98),52(84),23(145),4(193) : 437
26 : 100(3),19(161),50(89),87(26),53(81),41(102),57(69),20(157),20(160) : 447
27 : 77(44),87(27),46(95),44(97),30(129),54(79),73(48),26(138),25(139),9(180),6(188) : 477
28 : 80(39),83(36),92(21),55(76),92(19),56(70),28(134),20(158) : 506
29 : 36(112),81(38),91(23),47(93),65(59),53(80),53(82),93(18) : 519
30 : 97(9),97(8),89(25),72(49),95(15),83(37),32(124) : 565
