Bin number: 28
Bin size: 747
Item number: 200
Bin Id: item size (item id),... : total item size
1 : 39(156),84(37),22(195),85(36) : 230
2 : 93(16),81(47),70(70),89(28),73(66),44(150),36(162),73(65),64(93),29(181) : 652
3 : 70(69),42(154),55(113),80(49),48(137),36(164) : 331
4 : 81(45),23(188),45(147),56(111),53(126),87(31),62(99),64(92),46(143) : 517
5 : 73(62),47(139),79(51),65(90),49(134),46(142),70(73),55(115),64(95),29(180) : 577
6 : 92(18),26(186),66(86),54(118),72(67),95(12),66(81),46(145),41(155),68(78) : 626
7 : 32(172),58(105),65(91),77(56) : 232
8 : 80(50),21(199),87(30),32(173),22(191) : 242
9 : 79(53),69(74),90(21),23(190) : 261
10 : 36(165),76(58),38(157),53(124),68(75) : 271
11 : 37(160),100(1),63(96),45(148),49(133) : 294
12 : 30(177),100(2),55(114),29(179),51(130),38(159) : 303
13 : 56(108),55(112),76(57),88(29),44(151),30(178) : 349
14 : 80(48),59(104),33(170),98(9),65(88),25(187) : 360
15 : 98(8),48(138),77(55),82(41),68(79) : 373
16 : 70(72),37(161),54(120),63(97),78(54),74(60) : 376
17 : 75(59),83(39),62(98),70(71),23(189),50(131),32(171) : 395
18 : 34(168),99(5),74(61),86(33),89(27),21(196) : 403
19 : 97(11),61(100),95(14),73(63),94(15) : 420
20 : 67(80),56(109),90(22),52(127),56(110),82(42),35(166) : 438
21 : 91(19),89(24),51(128),58(106),89(23),68(76),31(176) : 477
22 : 72(68),91(20),92(17),46(146),81(43),99(4) : 481
23 : 31(174),28(184),42(152),86(34),83(38),49(132),66(85),54(116),53(122) : 492
24 : 27(185),51(129),44(149),82(40),89(25),53(125),65(89),79(52),29(182) : 519
25 : 95(13),65(87),22(193),86(35),97(10),99(7),66(82),22(194) : 552
26 : 31(175),59(101),28(183),86(32),46(144),34(167),73(64),56(107),42(153),100(0),21(198),21(197) : 597
27 : 47(140),64(94),54(121),68(77),66(84),99(6),49(135),100(3),54(119),81(44) : 682
28 : 89(26),59(103),53(123),22(192),36(163),47(141),48(136),59(102),33(169),54(117),38(158),66(83),81(46) : 685
