Bin number: 37
Bin size: 449
Item number: 200
Bin Id: item size (item id),... : total item size
1 : 19(155),93(19),15(166),41(122),1(198),1(197) : 170
2 : 82(44),76(54),7(189),7(187) : 172
3 : 97(13),75(55),1(199),1(196) : 174
4 : 99(3),73(59),3(195),7(188) : 182
5 : 31(133),53(97),89(30),8(184) : 181
6 : 23(147),77(52),86(35) : 186
7 : 65(76),13(171),84(39),17(158),8(185),8(186) : 195
8 : 55(92),87(34),12(174),20(153),11(178),12(175) : 197
9 : 84(40),39(126),78(50),3(194) : 204
10 : 98(8),28(138),48(104),6(190),9(182),24(144) : 213
11 : 88(32),97(12),20(154),10(179),8(183) : 223
12 : 91(23),63(79),52(99),23(150),4(192) : 233
13 : 99(4),54(95),45(111),34(129),4(193) : 236
14 : 57(88),95(14),82(43),9(181) : 243
15 : 55(91),46(108),92(20),55(90),5(191) : 253
16 : 53(96),70(67),12(172),98(9),21(152) : 254
17 : 61(83),12(173),27(140),91(22),68(71) : 259
18 : 81(47),93(18),84(38),15(164) : 273
19 : 14(167),89(29),94(17),69(69),11(177) : 277
20 : 98(7),90(24),85(36),10(180) : 283
21 : 42(120),43(115),46(109),90(26),33(130),40(124) : 294
22 : 76(53),28(137),72(60),64(77),29(135),13(169),18(157) : 300
23 : 100(2),100(1),64(78),42(118) : 306
24 : 40(123),68(72),92(21),97(11),16(162) : 313
25 : 74(56),32(132),83(41),78(51),54(94) : 321
26 : 57(86),52(101),79(49),74(57),36(127),32(131) : 330
27 : 27(139),43(116),47(107),89(31),88(33),30(134),13(170) : 337
28 : 52(100),71(62),15(163),71(61),60(84),84(37) : 353
29 : 23(148),42(119),48(105),23(146),23(145),98(6),41(121),55(93) : 353
30 : 16(161),35(128),23(149),43(114),94(16),66(75),82(46) : 359
31 : 68(73),99(5),70(64),56(89),70(63),21(151) : 384
32 : 17(159),90(25),29(136),24(141),95(15),80(48),52(98) : 387
33 : 15(165),69(70),89(28),83(42),44(112),24(143),70(65) : 394
34 : 57(87),39(125),48(103),47(106),70(68),44(113),74(58),11(176),14(168) : 404
35 : 70(66),97(10),82(45),67(74),90(27),17(160) : 423
36 : 59(85),19(156),24(142),63(80),62(82),100(0),45(110),50(102) : 422
37 : 42(117),62(81) : 104
