Bin number: 43
Bin size: 449
Item number: 200
Bin Id: item size (item id),... : total item size
1 : 21(195),20(198),22(192) : 63
2 : 28(178),29(173),28(181) : 85
3 : 87(38),89(33),75(65),45(145) : 296
4 : 67(91),46(143),58(115),29(177) : 200
5 : 59(113),56(118),64(99) : 179
6 : 53(127),56(122),81(51),94(20) : 284
7 : 41(155),21(193),20(199),43(149) : 125
8 : 47(141),86(40),93(22),96(17) : 322
9 : 69(87),51(130),63(102),27(182) : 210
10 : 48(138),49(137),36(164),35(166) : 168
11 : 97(15),50(134),97(11),51(131),59(112),87(37) : 441
12 : 93(24),97(13),56(124),50(132),75(66) : 371
13 : 79(57),56(125),100(2),92(27) : 327
14 : 99(5),96(18),75(70),71(81) : 341
15 : 52(129),50(133),60(109),67(92) : 229
16 : 28(180),34(169),28(179),24(190),26(185) : 140
17 : 91(30),56(119),23(191),65(94),78(60) : 313
18 : 93(26),86(41),83(49),43(151) : 305
19 : 37(163),30(172),44(146),40(158) : 151
20 : 49(136),47(140),44(147),21(197) : 161
21 : 29(176),76(64),75(67),35(167) : 215
22 : 58(114),82(50),70(86),29(174) : 239
23 : 79(56),68(89),64(96),36(165) : 247
24 : 85(43),72(76),68(88),37(161) : 262
25 : 87(39),79(58),40(157),37(160),21(194) : 264
26 : 64(98),84(48),79(55),24(189),41(156) : 292
27 : 92(28),56(120),70(85),58(117),27(183) : 303
28 : 46(142),72(79),72(80),42(152),74(71) : 306
29 : 56(123),45(144),98(9),70(84),39(159) : 308
30 : 93(25),35(168),100(3),79(59),26(184) : 333
31 : 49(135),42(154),93(23),76(61),73(74) : 333
32 : 94(21),84(47),68(90),29(175),73(72) : 348
33 : 98(8),62(107),80(53),75(68),37(162) : 352
34 : 99(6),97(12),62(104),44(148),34(170),25(188) : 361
35 : 64(97),62(106),91(29),73(75),73(73) : 363
36 : 99(4),97(10),90(31),63(103),31(171) : 380
37 : 100(1),97(14),62(105),70(83),59(111) : 388
38 : 95(19),63(100),84(46),75(69),61(108),21(196) : 399
39 : 100(0),88(36),58(116),81(52),25(186),52(128) : 404
40 : 42(153),85(44),86(42),76(62),80(54),43(150) : 412
41 : 71(82),88(34),55(126),56(121),85(45),65(93) : 420
42 : 63(101),98(7),76(63),96(16),25(187),65(95) : 423
43 : 48(139),72(77),88(35),60(110),89(32),72(78) : 429
