Bin number: 42
Bin size: 449
Item number: 200
Bin Id: item size (item id),... : total item size
1 : 21(195),20(198),22(192) : 63
2 : 29(178),31(173),26(181) : 86
3 : 39(155),22(193),20(199),41(149) : 122
4 : 27(180),33(169),45(136),32(172) : 137
5 : 36(163),43(140),24(185),45(137) : 148
6 : 28(179),23(190),42(146),54(113) : 147
7 : 44(138),38(158),41(147),36(164) : 159
8 : 35(166),59(99),53(118),29(177) : 176
9 : 61(91),62(87),58(102) : 181
10 : 54(115),43(143),48(130),48(129) : 193
11 : 30(176),71(64),56(109),61(92) : 218
12 : 47(133),62(86),54(114),62(89) : 225
13 : 77(50),74(56),82(39) : 233
14 : 71(67),80(43),62(88),25(182) : 238
15 : 59(96),66(76),74(58),48(127) : 247
16 : 38(157),88(20),34(167),51(122),37(161),21(194) : 269
17 : 78(48),77(51),87(26),37(160) : 279
18 : 59(98),75(55),84(33),65(79) : 283
19 : 83(38),86(28),64(85),53(120) : 286
20 : 80(41),77(49),20(197),65(80),50(123) : 292
21 : 71(65),35(165),42(145),24(189),68(71),53(117) : 293
22 : 86(30),43(142),60(94),39(156),73(60) : 301
23 : 43(144),53(119),40(152),89(17),81(40) : 306
24 : 88(22),31(174),43(141),87(27),64(84) : 313
25 : 22(191),40(151),74(57),50(125),94(9),34(168) : 314
26 : 87(25),99(2),89(18),45(135) : 320
27 : 98(3),73(59),69(70),25(183),66(74) : 331
28 : 88(23),88(21),98(5),61(90) : 335
29 : 65(81),40(154),78(47),72(61),25(184),57(107) : 337
30 : 95(8),68(72),96(6),31(175),57(104) : 347
31 : 93(12),71(68),59(97),57(106),38(159),36(162) : 354
32 : 77(53),87(24),50(124),71(66),41(148),33(170) : 359
33 : 93(13),48(132),66(75),92(14),67(73) : 366
34 : 86(29),98(4),99(1),24(188),64(83) : 371
35 : 94(10),85(31),58(103),57(105),89(19) : 383
36 : 32(171),58(100),79(46),70(69),100(0),56(108) : 395
37 : 83(36),77(52),54(116),55(111),80(42),52(121) : 401
38 : 24(186),40(153),79(44),72(62),64(82),21(196),49(126),60(93) : 409
39 : 77(54),83(34),48(128),95(7),71(63),44(139) : 418
40 : 58(101),79(45),89(16),65(77),40(150),92(15) : 423
41 : 24(187),56(110),84(32),65(78),60(95),94(11),48(131) : 431
42 : 83(35),47(134),54(112),83(37) : 267
