Bin number: 41
Bin size: 447
Item number: 200
Bin Id: item size (item id),... : total item size
1 : 21(198),30(175),23(190) : 74
2 : 22(192),34(164),30(176) : 86
3 : 25(185),29(178),25(184),32(170) : 111
4 : 23(191),50(121),31(174),40(147) : 144
5 : 21(196),45(132),44(135),37(157) : 147
6 : 45(131),51(115),24(188),43(138) : 163
7 : 39(153),43(139),44(133),53(112) : 179
8 : 61(90),26(182),41(144),33(167),41(145) : 202
9 : 49(122),57(104),33(166),31(171),47(127) : 217
10 : 59(98),76(54),51(116),40(146) : 226
11 : 60(95),59(97),71(63),39(151) : 229
12 : 69(70),34(165),49(123),83(41) : 235
13 : 23(189),63(82),63(81),84(39) : 233
14 : 75(56),49(124),84(40),46(129) : 254
15 : 39(154),80(45),81(43),30(177),24(187) : 254
16 : 88(32),71(65),58(99),51(117) : 268
17 : 62(87),69(69),65(78),77(51) : 273
18 : 93(13),87(33),78(48),20(199) : 278
19 : 73(59),57(105),66(77),40(149),43(137) : 279
20 : 32(168),80(47),70(66),42(142),72(62) : 296
21 : 73(60),34(162),81(44),70(68),22(193),21(197) : 301
22 : 70(67),60(94),95(8),86(36) : 311
23 : 73(61),57(103),40(148),91(19),55(107) : 316
24 : 84(37),94(12),83(42),61(92) : 322
25 : 90(21),90(22),96(6),52(114) : 328
26 : 89(28),39(152),90(20),22(194),95(10) : 335
27 : 53(111),44(136),90(25),90(26),31(172),38(156) : 346
28 : 96(5),92(18),39(155),68(72),59(96) : 354
29 : 88(31),55(110),50(120),86(34),77(53) : 356
30 : 36(160),43(141),64(80),58(102),90(27),45(130),25(183) : 361
31 : 96(4),94(11),78(50),66(76),34(163) : 368
32 : 88(30),75(57),62(85),58(100),67(73),22(195) : 372
33 : 75(55),62(89),43(140),67(74),97(3),35(161) : 379
34 : 31(173),95(7),90(23),41(143),62(86),61(91) : 380
35 : 93(15),86(35),67(75),46(128),44(134),62(88) : 398
36 : 89(29),93(16),74(58),99(1),48(126) : 403
37 : 92(17),60(93),62(84),95(9),63(83),36(159) : 408
38 : 55(109),97(2),100(0),64(79),27(181),69(71) : 412
39 : 28(179),24(186),84(38),78(49),90(24),51(118),27(180),37(158) : 419
40 : 53(113),56(106),93(14),58(101),80(46),55(108),32(169) : 427
41 : 77(52),50(119),71(64),49(125),40(150) : 287
