Bin number: 32
Bin size: 598
Item number: 200
Bin Id: item size (item id),... : total item size
1 : 1(199),14(167),19(156),1(197),1(198) : 36
2 : 21(152),8(186),12(173),19(155),7(187),8(184) : 75
3 : 11(177),31(133),9(182),42(118),16(162) : 109
4 : 23(147),29(136),21(151),39(126),8(183) : 120
5 : 43(114),12(174),23(148),15(163),7(189),11(178),17(159),3(195),1(196) : 132
6 : 15(166),28(137),24(143),48(105),24(141),13(170),12(175) : 164
7 : 55(90),61(83),57(87),6(190) : 179
8 : 45(111),29(135),71(61),41(121),3(194) : 189
9 : 48(103),55(91),57(88),59(85),4(192) : 223
10 : 24(144),36(127),43(115),43(116),9(181),71(62) : 226
11 : 74(57),15(164),70(67),39(125),54(94) : 252
12 : 82(43),8(185),13(169),97(10),89(30) : 289
13 : 13(171),83(41),68(72),92(20),47(107) : 303
14 : 52(100),64(77),88(33),27(140),44(113),35(128) : 310
15 : 15(165),70(65),98(7),52(101),89(28) : 324
16 : 46(109),46(108),84(40),97(13),47(106),14(168) : 334
17 : 32(132),55(92),83(42),78(50),100(2) : 348
18 : 82(46),42(120),42(119),81(47),89(31),33(130) : 369
19 : 91(22),20(154),66(75),97(12),97(11),12(172) : 383
20 : 24(142),52(99),75(55),70(63),70(64),100(1) : 391
21 : 94(16),78(51),70(66),95(14),45(110),23(146) : 405
22 : 88(32),99(4),90(24),94(17),20(153),23(145) : 414
23 : 87(34),72(60),74(56),98(6),89(29),18(157) : 438
24 : 70(68),68(71),99(3),57(86),60(84),90(26) : 444
25 : 16(161),52(98),56(89),68(73),62(81),99(5),41(122),11(176),32(131),10(179) : 447
26 : 86(35),50(102),69(69),82(44),76(53),53(96),54(95),4(193) : 474
27 : 76(54),48(104),90(27),53(97),34(129),63(79),92(21),27(139),5(191) : 488
28 : 85(36),28(138),84(39),80(48),65(76),17(160),93(19),30(134),23(149),7(188) : 512
29 : 69(70),67(74),23(150),74(58),100(0),40(123),10(180),82(45),64(78) : 529
30 : 44(112),84(38),42(117),77(52),91(23),55(93),62(82),93(18) : 548
31 : 73(59),63(80),98(9),98(8),95(15),17(158),84(37),40(124) : 568
32 : 90(25),79(49) : 169
