Bin number: 25
Bin size: 750
Item number: 200
Bin Id: item size (item id),... : total item size
1 : 74(58),98(8),15(164),20(153),21(151),1(197),1(199) : 230
2 : 63(79),7(189),64(77),55(93),45(111) : 234
3 : 46(109),57(88),80(48),52(100),13(169) : 248
4 : 93(18),68(71),84(39),11(177) : 256
5 : 55(92),56(89),30(134),95(14),23(147),1(198) : 260
6 : 81(47),62(81),94(17),34(129),5(191) : 276
7 : 47(106),82(46),52(99),42(120),36(127),24(144),11(176) : 294
8 : 21(152),90(24),82(45),64(78),31(133),10(180) : 298
9 : 39(125),69(69),54(95),23(150),86(35),42(118),1(196) : 314
10 : 97(11),100(2),13(170),95(15),23(146),10(179) : 338
11 : 74(56),44(113),8(184),8(186),83(41),69(70),61(83),15(165),4(192) : 366
12 : 60(84),42(119),46(108),88(33),41(121),84(38),23(145),8(183) : 392
13 : 70(65),76(53),53(96),43(114),71(62),68(72),16(161),14(167),8(185) : 419
14 : 97(10),70(68),68(73),12(174),43(115),48(103),3(194),44(112),28(138),12(173),12(175) : 437
15 : 100(1),66(75),55(90),52(98),92(20),7(188),65(76),24(142) : 461
16 : 48(104),98(6),90(25),67(74),57(86),7(187),76(54),12(172),29(135) : 484
17 : 59(85),9(182),63(80),70(64),53(97),99(5),9(181),94(16),19(156),27(139) : 502
18 : 57(87),87(34),97(12),23(148),70(67),89(30),97(13),3(195) : 523
19 : 43(116),72(60),84(40),17(159),90(26),33(130),99(4),100(0) : 538
20 : 39(126),40(124),19(155),78(51),41(122),89(28),85(36),89(31),35(128),47(107),16(162) : 578
21 : 75(55),18(157),15(166),62(82),32(132),91(22),15(163),54(94),71(61),82(44),78(50) : 593
22 : 79(49),82(43),23(149),14(168),40(123),93(19),6(190),89(29),55(91),11(178),73(59),13(171),48(105),4(193) : 630
23 : 99(3),98(9),83(42),88(32),45(110),20(154),70(63),28(137),70(66),50(102),24(143) : 675
24 : 84(37),98(7),77(52),91(23),90(27),42(117),29(136),52(101),32(131),24(141),92(21) : 711
25 : 27(140),17(158),17(160),74(57) : 135
