Bin number: 42
Bin size: 447
Item number: 200
Bin Id: item size (item id),... : total item size
1 : 21(198),23(190),31(175) : 75
2 : 22(192),27(185),36(164) : 85
3 : 31(176),30(178),33(170),28(184) : 122
4 : 22(191),21(196),49(132),49(135) : 141
5 : 31(174),54(121),23(188),42(153) : 150
6 : 45(147),55(115),38(157),29(182) : 167
7 : 50(131),48(138),47(139),35(166) : 180
8 : 55(112),65(90),46(144),46(145) : 212
9 : 49(133),34(167),53(122),78(54) : 214
10 : 59(104),32(171),62(98),70(70) : 223
11 : 23(189),64(95),63(97),82(41) : 232
12 : 73(63),36(165),83(39),52(127) : 244
13 : 54(116),82(40),66(82),44(151) : 246
14 : 46(146),53(123),66(81),86(32) : 251
15 : 77(56),42(154),53(124),86(33) : 258
16 : 81(45),81(43),30(177),70(69) : 262
17 : 73(65),65(87),75(59),62(99) : 275
18 : 51(129),54(117),68(78),79(51),25(187) : 277
19 : 95(13),80(48),74(60),36(162) : 285
20 : 58(105),34(168),68(77),21(199),44(149),48(137),22(193) : 295
21 : 81(47),81(44),73(66),46(142),21(197) : 302
22 : 72(68),73(62),72(67),91(19) : 308
23 : 74(61),85(36),59(103),56(107),45(148) : 319
24 : 64(94),84(37),82(42),90(21) : 320
25 : 98(8),95(12),90(22),42(152) : 325
26 : 64(92),89(28),91(20),55(114),32(172) : 331
27 : 22(194),99(6),89(25),97(10),37(160) : 344
28 : 56(111),89(26),48(136),87(31),70(72) : 350
29 : 92(18),99(5),41(155),63(96),59(102) : 354
30 : 39(156),56(110),86(34),47(141),54(120),79(53) : 361
31 : 89(27),67(80),97(11),87(30),28(183) : 368
32 : 80(50),99(4),76(57),68(76),47(140) : 370
33 : 51(130),61(100),77(55),32(173),65(89),69(74),22(195) : 377
34 : 66(85),70(73),36(163),89(23),68(75),49(134) : 378
35 : 99(7),100(3),37(161),94(15),65(91) : 395
36 : 86(35),88(29),93(16),66(86),66(84) : 399
37 : 46(143),51(128),92(17),65(88),53(126),56(109),38(159) : 401
38 : 76(58),100(1),64(93),100(0),68(79) : 408
39 : 100(2),98(9),66(83),29(179),26(186),29(181),70(71) : 418
40 : 83(38),55(113),89(24),80(49),38(158),81(46) : 426
41 : 29(180),58(106),54(118),95(14),59(101),79(52),56(108) : 430
42 : 54(119),73(64),33(169),53(125),44(150) : 257
