Bin number: 46
Bin size: 450
Item number: 200
Bin Id: item size (item id),... : total item size
1 : 96(22),99(8) : 195
2 : 98(13),43(162),43(163) : 184
3 : 89(43),53(130),50(143) : 192
4 : 89(40),30(197),59(113),54(125),62(110),59(112),89(44) : 442
5 : 98(15),38(177),35(184) : 171
6 : 50(140),55(121),62(108) : 167
7 : 58(117),84(56),64(104) : 206
8 : 75(78),37(182),45(155),38(178) : 195
9 : 68(90),98(10),37(180),39(175) : 242
10 : 93(28),74(79),62(109) : 229
11 : 99(7),50(139),33(193),78(72) : 260
12 : 100(0),50(141),68(89),43(161),82(60),89(42) : 432
13 : 94(27),41(168),94(26),51(134),56(120) : 336
14 : 72(87),60(111),32(194),54(126) : 218
15 : 58(115),40(169),96(19),54(124),96(20),39(176),45(157) : 428
16 : 51(138),85(53),89(41) : 225
17 : 83(58),93(29) : 176
18 : 65(100),34(187),95(23),45(158),34(189) : 273
19 : 42(164),39(172),56(119),39(173) : 176
20 : 71(88),41(166),52(131),47(152) : 211
21 : 88(47),76(76),55(123) : 219
22 : 54(127),68(92),59(114),49(147) : 230
23 : 51(135),92(32),40(170),50(142) : 233
24 : 31(196),76(75),99(6),32(195) : 238
25 : 100(2),65(101),48(148),30(198) : 243
26 : 53(128),66(95),33(192),58(116),34(188) : 244
27 : 73(82),52(132),84(57),49(145) : 258
28 : 95(25),90(35),49(144),34(186) : 268
29 : 52(133),81(63),63(105),86(49) : 282
30 : 37(181),78(70),42(165),43(160),89(37) : 289
31 : 73(80),79(69),72(85),66(96) : 290
32 : 73(81),40(171),48(150),99(9),48(149) : 308
33 : 92(31),85(52),89(45),46(154) : 312
34 : 78(73),98(11),49(146),100(4) : 325
35 : 91(34),96(21),73(84),68(91) : 328
36 : 83(59),38(179),45(156),80(64),65(98),33(191) : 344
37 : 89(39),78(71),96(18),86(50) : 349
38 : 88(46),67(94),100(5),53(129),44(159) : 352
39 : 79(68),98(14),77(74),51(137),56(118) : 361
40 : 95(24),65(102),82(62),41(167),65(97),33(190) : 381
41 : 90(36),64(103),100(3),85(55),51(136) : 390
42 : 98(12),85(54),80(67),55(122),39(174),36(183) : 393
43 : 46(153),65(99),87(48),62(107),73(83),63(106) : 396
44 : 72(86),35(185),97(16),80(66),48(151),76(77) : 408
45 : 80(65),68(93),97(17),86(51),82(61) : 413
46 : 100(1),92(33),93(30),89(38),30(199) : 404
