Bin number: 36
Bin size: 447
Item number: 200
Bin Id: item size (item id),... : total item size
1 : 1(198),12(175),4(192),6(190),1(196),1(199),1(197) : 26
2 : 15(164),8(185),11(176),11(178),13(170),5(191) : 63
3 : 8(184),12(174),23(147),32(132),20(153) : 95
4 : 41(121),29(135),32(131),7(188),14(167) : 123
5 : 43(115),28(138),18(157),27(139),24(144),9(182) : 149
6 : 31(133),44(112),23(145),15(166),55(90),4(193) : 172
7 : 48(104),13(171),41(122),52(98),23(146),20(154) : 197
8 : 7(189),15(165),54(95),36(127),53(97),43(116) : 208
9 : 21(151),40(123),76(54),69(70),11(177),3(194) : 220
10 : 70(63),40(124),62(82),62(81) : 234
11 : 34(129),83(41),74(56),42(117),14(168) : 247
12 : 84(39),84(40),70(65),16(162) : 254
13 : 57(87),82(45),82(43),23(149),7(187),12(172) : 263
14 : 88(32),52(99),48(105),73(59),8(183) : 269
15 : 69(69),88(33),24(142),97(13) : 278
16 : 64(78),28(137),78(51),64(77),48(103) : 282
17 : 80(48),72(60),70(66),70(68),3(195) : 295
18 : 81(47),82(44),71(62),47(107),21(152) : 302
19 : 23(148),54(94),70(67),71(61),85(36) : 303
20 : 55(92),84(37),83(42),97(12) : 319
21 : 98(8),93(19),92(21),43(114) : 326
22 : 29(136),89(28),91(22),45(111),19(155),19(156),17(160),24(141) : 333
23 : 98(6),92(20),97(10),45(110),12(173) : 344
24 : 90(25),90(26),53(96),50(102),68(72) : 351
25 : 93(18),89(31),42(120),99(5),33(130) : 356
26 : 63(80),76(53),87(34),78(50),52(100),9(181) : 365
27 : 90(27),99(4),89(30),27(140),65(76) : 370
28 : 97(11),59(85),74(57),75(55),67(74) : 372
29 : 56(89),15(163),68(73),16(161),24(143),98(7),66(75),35(128) : 378
30 : 99(3),91(23),86(35),57(86),55(91),8(186) : 396
31 : 30(134),95(15),89(29),94(16),74(58),17(159) : 399
32 : 57(88),39(126),46(109),100(1),94(17),60(84),10(179) : 406
33 : 55(93),61(83),100(0),100(2),63(79),17(158),13(169) : 409
34 : 98(9),84(38),68(71),47(106),42(118),79(49) : 418
35 : 44(113),10(180),90(24),52(101),82(46),77(52),70(64) : 425
36 : 95(14),46(108),42(119),39(125),23(150) : 245
