Bin number: 45
Bin size: 449
Item number: 200
Bin Id: item size (item id),... : total item size
1 : 31(195),31(198),32(192) : 94
2 : 37(178),39(173),36(181) : 112
3 : 44(155),47(149),48(146) : 139
4 : 32(193),30(199),51(136),43(163) : 156
5 : 36(180),42(169),36(179),44(158) : 158
6 : 50(140),33(190),51(137),35(185) : 169
7 : 51(138),40(172),42(164),42(166) : 175
8 : 62(113),60(118),67(99) : 189
9 : 48(147),69(91),70(87) : 187
10 : 49(143),61(115),37(177),63(109) : 210
11 : 53(130),67(102),53(129),38(176) : 211
12 : 52(133),77(64),71(86),36(182) : 236
13 : 81(50),79(56),83(43) : 243
14 : 62(114),69(92),70(89),44(157) : 245
15 : 77(67),86(39),91(20) : 254
16 : 79(58),74(76),70(88),43(161) : 266
17 : 68(96),55(127),57(122),87(33) : 267
18 : 81(48),42(167),81(51),79(55) : 283
19 : 89(26),89(28),68(98),48(145) : 294
20 : 86(38),43(160),84(41),81(49) : 294
21 : 42(165),77(65),71(85),31(197),33(189),49(142) : 303
22 : 88(30),72(79),57(123),44(156),45(152) : 306
23 : 59(120),72(80),61(117),78(60),38(174) : 308
24 : 49(144),75(71),93(17),98(2) : 315
25 : 91(22),60(119),86(40),50(141),33(191) : 320
26 : 32(194),69(94),96(9),89(27),35(184) : 321
27 : 46(151),55(125),90(25),98(3),36(183) : 325
28 : 79(57),97(5),72(84),78(59) : 326
29 : 92(18),51(135),42(168),75(70),72(81) : 332
30 : 91(23),91(21),82(47),74(74) : 338
31 : 45(154),96(8),69(90),97(6),38(175) : 345
32 : 78(61),95(12),64(107),44(159),68(97) : 349
33 : 75(72),80(53),95(13),67(104),43(162) : 360
34 : 76(68),91(24),88(29),56(124),52(132) : 363
35 : 65(106),97(4),77(66),48(148),41(170),40(171) : 368
36 : 74(75),96(10),94(14),87(31),31(196) : 382
37 : 99(1),75(73),65(105),72(83),76(69) : 387
38 : 67(103),34(188),92(19),99(0),67(100),34(187) : 393
39 : 82(46),86(36),80(52),61(116),35(186),58(121) : 402
40 : 63(108),62(111),45(153),82(44),80(54),78(62) : 410
41 : 84(42),72(82),86(34),55(126),50(139),69(93) : 416
42 : 55(128),82(45),67(101),93(16),77(63),47(150) : 421
43 : 96(7),86(35),62(110),87(32),94(15) : 425
44 : 73(77),72(78),52(134),95(11),52(131),86(37) : 430
45 : 68(95),62(112) : 130
