Bin number: 45
Bin size: 449
Item number: 200
Bin Id: item size (item id),... : total item size
1 : 32(195),30(198),32(192) : 94
2 : 36(178),38(173),36(181) : 110
3 : 47(155),32(193),30(199),36(180) : 145
4 : 48(149),51(136),50(140) : 149
5 : 42(169),36(179),45(163),40(172) : 163
6 : 48(146),33(190),34(185),59(113) : 174
7 : 51(137),46(158),44(164),37(177) : 178
8 : 51(138),56(118),67(91) : 174
9 : 48(147),63(99),43(166),35(182) : 189
10 : 58(115),69(87),49(143),30(197) : 206
11 : 63(102),53(130),37(176),60(109) : 213
12 : 54(129),52(133),58(114),70(86) : 234
13 : 66(92),79(56),65(96),33(189) : 243
14 : 78(64),82(50),77(67) : 237
15 : 68(89),68(88),74(76),43(167) : 253
16 : 86(39),85(43),46(157),45(161) : 262
17 : 79(58),55(122),82(48),50(142) : 266
18 : 54(127),81(51),64(98),86(38) : 285
19 : 94(20),80(55),45(160),70(85) : 289
20 : 91(28),56(120),43(165),55(123),56(117) : 301
21 : 90(33),92(26),82(49),37(174) : 301
22 : 86(41),48(145),78(65),91(30) : 303
23 : 73(79),73(80),56(119),75(71),32(194) : 309
24 : 48(144),65(94),47(152),47(156),55(125),50(141) : 312
25 : 86(40),95(17),94(22),48(151) : 323
26 : 79(60),100(2),92(27),52(135) : 323
27 : 32(191),79(57),98(9),71(84),42(168) : 322
28 : 92(25),100(3),93(23),47(154) : 332
29 : 94(18),100(5),75(70),34(183),34(184) : 337
30 : 79(59),72(81),78(61),75(74),37(175) : 341
31 : 94(21),98(8),60(107),96(12) : 348
32 : 82(47),68(90),75(72),62(104),61(106) : 348
33 : 99(6),76(68),46(159),92(24),48(148) : 361
34 : 81(53),64(97),96(13),45(162),78(66) : 364
35 : 55(124),53(132),91(29),100(4),74(75) : 373
36 : 97(10),100(1),96(14),61(105),33(188) : 387
37 : 42(170),90(31),63(103),75(73),41(171),75(69) : 386
38 : 94(19),72(83),83(46),56(116),60(108),33(186) : 398
39 : 63(100),87(36),100(0),80(54),72(82) : 402
40 : 81(52),47(153),85(42),85(44),78(62),33(187) : 409
41 : 59(111),32(196),55(126),90(34),54(128),56(121),65(93) : 411
42 : 63(101),98(7),83(45),78(63),51(139),52(134) : 425
43 : 95(16),48(150),73(77),88(35),73(78),53(131) : 430
44 : 59(110),90(32),95(15),96(11),87(37) : 427
45 : 65(95),59(112) : 124
