Bin number: 43
Bin size: 449
Item number: 200
Bin Id: item size (item id),... : total item size
1 : 22(195),21(198),23(192) : 66
2 : 29(178),31(173),28(181) : 88
3 : 37(155),20(199),32(169),29(180) : 118
4 : 40(149),22(193),34(163),34(164) : 130
5 : 29(179),44(140),40(146),37(158) : 150
6 : 25(190),48(136),27(185),55(113) : 155
7 : 32(172),46(137),46(138),33(166) : 157
8 : 40(147),60(99),65(91) : 165
9 : 54(118),54(115),29(177),50(130) : 187
10 : 43(143),66(87),58(102),29(176) : 196
11 : 56(109),49(133),55(114),64(92) : 224
12 : 50(129),76(64),66(86),33(167) : 225
13 : 81(50),74(67),62(96),28(182) : 245
14 : 65(89),79(56),66(88),35(161) : 245
15 : 85(39),84(43),37(157),53(122) : 259
16 : 72(76),79(58),51(127),61(98) : 263
17 : 93(20),83(48),33(165),79(55) : 288
18 : 81(51),36(160),87(33),86(38) : 290
19 : 66(85),90(28),53(120),43(145),44(142) : 296
20 : 21(197),84(41),69(79),69(80),53(123) : 296
21 : 26(189),92(26),76(65),83(49),24(191) : 301
22 : 54(117),43(144),37(156),89(30),39(152),44(141) : 306
23 : 22(194),54(119),73(71),63(94),31(174),67(84) : 310
24 : 39(151),85(40),51(125),93(22),48(135) : 316
25 : 78(60),96(9),79(57),38(154),30(175) : 321
26 : 94(17),92(27),33(168),78(59),27(183) : 324
27 : 100(2),92(25),99(3),37(159) : 328
28 : 94(18),98(5),69(81),74(70) : 335
29 : 93(23),93(21),27(184),96(8),35(162) : 344
30 : 83(47),77(61),73(74),57(107),57(104) : 347
31 : 65(90),73(72),57(106),74(68),80(53) : 349
32 : 97(6),96(12),61(97),52(124),50(132) : 356
33 : 95(13),93(24),76(66),73(75),32(170) : 369
34 : 89(29),40(148),98(4),58(103),89(31) : 374
35 : 96(10),95(14),100(1),57(105),38(153) : 386
36 : 73(73),26(188),93(19),60(100),83(46),55(111) : 390
37 : 32(171),68(83),86(36),74(69),54(116),81(52) : 395
38 : 100(0),56(108),84(42),84(44),21(196),60(101) : 405
39 : 27(186),80(54),69(82),51(126),87(34),96(7) : 410
40 : 77(62),50(128),53(121),83(45),45(139),40(150),70(77) : 418
41 : 94(16),64(93),26(187),86(35),89(32),70(78) : 429
42 : 77(63),55(110),94(15),62(95),55(112),86(37) : 429
43 : 49(134),96(11),50(131) : 195
