Bin number: 35
Bin size: 447
Item number: 200
Bin Id: item size (item id),... : total item size
1 : 1(198),12(175),4(192),5(190),4(191) : 26
2 : 8(185),17(164),12(176),10(178),14(170),3(196),1(199) : 65
3 : 8(184),33(121),22(147),29(132),3(194) : 95
4 : 12(174),29(131),28(135),21(153),6(188),6(189) : 102
5 : 36(115),26(138),25(139),20(157),23(145) : 130
6 : 36(112),29(133),49(90),24(144),9(182),17(166) : 164
7 : 40(104),33(122),15(167),44(98),44(97) : 176
8 : 46(95),13(171),56(70),35(116),23(146),21(151),2(197) : 196
9 : 67(54),31(127),17(165),62(63),32(123) : 209
10 : 21(154),32(124),53(82),67(56),30(129),15(168),4(193) : 222
11 : 53(81),79(41),80(39),11(177),7(187) : 230
12 : 60(65),80(40),50(87),57(69) : 247
13 : 76(45),78(43),54(78),40(105) : 248
14 : 35(117),44(99),86(32),65(59),22(149) : 252
15 : 71(51),85(33),54(77),63(60) : 273
16 : 73(48),26(137),58(68),95(13),25(142),3(195) : 280
17 : 18(162),60(66),76(47),62(62),41(103),22(148) : 279
18 : 59(67),46(94),77(44),63(61),48(92) : 293
19 : 39(107),78(42),83(36),83(37),21(152) : 304
20 : 97(8),92(19),36(111),86(28),13(172) : 324
21 : 36(114),96(12),92(21),91(22),12(173) : 327
22 : 26(136),21(155),92(20),99(6),44(96),41(102),8(183) : 331
23 : 20(156),87(26),56(72),39(110),25(141),33(120),86(31) : 346
24 : 20(160),89(25),96(10),93(18),51(85) : 349
25 : 53(80),99(5),70(53),72(50),44(100),17(163) : 355
26 : 29(130),84(34),87(27),55(76),55(73),50(89) : 360
27 : 66(57),86(30),96(11),67(55),25(140),25(143) : 365
28 : 99(4),55(74),19(161),55(75),98(7),30(128),10(179),7(186) : 373
29 : 48(91),100(3),84(35),28(134),86(29),50(88) : 396
30 : 51(86),91(23),95(15),66(58),94(16) : 397
31 : 32(126),47(93),39(109),52(84),100(1),94(17),20(159),9(181),9(180) : 402
32 : 52(83),100(0),100(2),54(79),56(71),36(113),15(169) : 413
33 : 97(9),81(38),35(118),72(49),43(101),90(24) : 418
34 : 40(106),20(158),70(52),95(14),76(46),39(108),61(64),22(150) : 423
35 : 35(119),32(125) : 67
