Bin number: 46
Bin size: 450
Item number: 200
Bin Id: item size (item id),... : total item size
1 : 96(15),37(177),38(172) : 171
2 : 51(140),58(121),62(108) : 171
3 : 42(164),82(58),50(143) : 174
4 : 96(13),43(162),43(163) : 182
5 : 93(29),94(22) : 187
6 : 88(43),73(78),33(194) : 194
7 : 55(130),46(155),58(117),37(178) : 196
8 : 97(8),36(182),63(104) : 196
9 : 83(56),71(88),52(138) : 206
10 : 58(119),37(173),71(87),46(152) : 212
11 : 41(166),87(47),83(53) : 211
12 : 60(111),56(126),54(131),48(147) : 218
13 : 88(41),72(79),35(184),32(196) : 227
14 : 73(76),93(28),62(109) : 228
15 : 56(127),57(123),69(92),48(148) : 230
16 : 59(114),52(135),92(32),31(198) : 234
17 : 38(170),73(75),69(90),56(128) : 236
18 : 98(2),36(180),50(142),59(116) : 243
19 : 97(6),97(10),49(145) : 243
20 : 68(95),64(101),32(195),82(57) : 246
21 : 33(192),37(175),97(7),51(139),34(188) : 252
22 : 71(82),94(25),91(35) : 256
23 : 53(132),33(193),34(187),45(158),34(189),63(105) : 262
24 : 65(100),94(23),74(72),41(165) : 274
25 : 53(133),79(63),36(181),72(80),43(160) : 283
26 : 49(144),86(49),76(70),35(186),38(171) : 284
27 : 77(69),89(37),47(150),84(52) : 297
28 : 71(85),72(81),92(31),66(98) : 301
29 : 97(9),74(73),48(149),96(11) : 315
30 : 91(34),87(45),98(4),53(134) : 329
31 : 48(146),94(27),38(168),94(26),58(120) : 332
32 : 46(154),82(59),46(156),89(39),79(64) : 342
33 : 36(179),95(21),67(96),69(91),76(71) : 343
34 : 71(84),87(46),68(94),77(68),44(159) : 347
35 : 95(18),97(5),55(129),52(137),58(118) : 357
36 : 85(50),34(191),96(14),74(74),39(167),34(190) : 362
37 : 94(24),63(102),80(62),98(3),46(153) : 381
38 : 90(36),63(103),96(12),83(55),58(122) : 390
39 : 67(97),83(54),65(99),77(67),71(86),30(199) : 393
40 : 37(174),87(48),52(136),79(66),71(83),79(65) : 405
41 : 62(107),35(185),95(16),62(106),69(93),84(51) : 407
42 : 35(183),47(151),99(1),95(17),92(33),43(161) : 411
43 : 81(61),92(30),89(38),73(77),82(60) : 417
44 : 59(115),95(19),100(0),57(124),50(141),37(176),31(197) : 429
45 : 38(169),95(20),88(42),89(40),59(113),60(110) : 429
46 : 70(89),56(125),59(112),88(44),45(157) : 318
