Bin number: 38
Bin size: 598
Item number: 200
Bin Id: item size (item id),... : total item size
1 : 30(199),39(167),46(156) : 115
2 : 46(152),46(155),56(126) : 148
3 : 35(186),37(173),34(187),43(162) : 149
4 : 58(118),53(133),59(114) : 170
5 : 37(177),36(182),48(147),52(136) : 173
6 : 35(184),47(151),34(189),43(163),35(183) : 194
7 : 37(174),48(148),37(178),71(83) : 193
8 : 63(105),44(159),69(90),38(170) : 214
9 : 41(166),60(111),71(87),52(137) : 224
10 : 50(143),50(141),81(61),52(135) : 233
11 : 32(195),63(103),71(85),71(88) : 237
12 : 69(91),58(121),82(57),49(144) : 258
13 : 59(115),59(116),56(127),37(175),36(181),31(197) : 278
14 : 80(62),77(67),88(43),38(169) : 283
15 : 42(164),97(10),68(94),97(7) : 304
16 : 92(30),88(41),74(72),65(100) : 319
17 : 56(125),95(20),92(33),73(77) : 316
18 : 35(185),31(198),38(171),79(65),93(28),59(113) : 335
19 : 96(13),62(107),64(101),41(165),89(40) : 352
20 : 62(109),51(140),98(2),88(42),62(108) : 361
21 : 85(50),87(46),56(128),62(106),87(47) : 377
22 : 53(132),92(31),69(92),94(22),73(75) : 381
23 : 96(12),58(120),58(119),96(11),32(196),50(142) : 390
24 : 95(16),99(1),96(14),79(63),38(168) : 407
25 : 83(55),65(99),79(64),55(130),98(4),34(190) : 414
26 : 46(154),84(51),92(32),95(17),97(6) : 414
27 : 79(66),94(24),91(34),98(3),60(110) : 422
28 : 93(29),83(56),82(60),77(68),46(153),66(98) : 447
29 : 76(71),94(26),97(5),74(73),71(86),43(161) : 455
30 : 38(172),48(146),71(84),49(145),72(81),91(35),58(122),37(176) : 464
31 : 70(89),63(102),77(69),83(53),83(54),94(27) : 470
32 : 45(157),88(44),54(131),63(104),67(96),68(95),67(97),33(192) : 485
33 : 36(179),55(129),95(21),90(36),72(79),87(48),73(76) : 508
34 : 89(39),95(19),52(138),51(139),43(160),76(70),53(134),58(117) : 517
35 : 74(74),100(0),48(149),82(58),47(150),33(194),34(191),87(45),36(180) : 541
36 : 57(123),59(112),89(38),84(52),73(78),94(23),95(18) : 551
37 : 33(193),69(93),82(59),72(80),71(82),34(188),97(9),97(8) : 555
38 : 94(25),86(49),96(15),45(158),89(37),57(124) : 467
