Bin number: 16
Bin size: 299
Item number: 50
Bin Id: item size (item id),... : total item size
1 : 26(43),83(13),26(42) : 135
2 : 68(23),42(34),32(40) : 142
3 : 54(28),97(3) : 151
4 : 81(14),59(27) : 140
5 : 23(47),73(18),41(35),21(48) : 158
6 : 89(7),89(8) : 178
7 : 91(6),64(24),36(39) : 191
8 : 85(10),84(12),24(46) : 193
9 : 73(19),73(17),48(30) : 194
10 : 85(11),94(4),25(44) : 204
11 : 39(36),98(2),70(21) : 207
12 : 78(16),81(15),64(25) : 223
13 : 45(32),89(9),21(49),45(31),37(37) : 237
14 : 49(29),69(22),93(5),43(33) : 254
15 : 100(0),99(1),37(38),30(41) : 266
16 : 73(20),24(45),63(26) : 160
