Bin number: 17
Bin size: 299
Item number: 50
Bin Id: item size (item id),... : total item size
1 : 43(43),61(28),35(47) : 139
2 : 79(13),62(27) : 141
3 : 68(23),43(42),32(48) : 143
4 : 55(34),79(14) : 134
5 : 92(3),65(24) : 157
6 : 74(18),88(7) : 162
7 : 55(35),44(40),79(12) : 178
8 : 85(8),89(6) : 174
9 : 83(10),73(19),36(46) : 192
10 : 80(11),48(36),74(17) : 202
11 : 92(4),58(30),56(32) : 206
12 : 94(2),46(39),79(15) : 219
13 : 77(16),70(21),30(49),46(38) : 223
14 : 83(9),69(22),92(5) : 244
15 : 61(29),62(25),40(44),47(37),43(41) : 253
16 : 56(31),100(0),99(1) : 255
17 : 55(33),71(20),40(45),62(26) : 228
