Bin number: 17
Bin size: 299
Item number: 50
Bin Id: item size (item id),... : total item size
1 : 83(13),53(34) : 136
2 : 93(8),90(10) : 183
3 : 77(19),68(24),51(36) : 196
4 : 77(18),93(7) : 170
5 : 94(6),95(4) : 189
6 : 89(11),78(17),33(48) : 200
7 : 51(35),42(40),87(12) : 180
8 : 97(1),74(20),41(41),65(26) : 277
9 : 61(28),82(14) : 143
10 : 68(23),39(42),35(47) : 142
11 : 58(29),95(5),100(0) : 253
12 : 95(2),44(39),79(16) : 218
13 : 64(27),95(3) : 159
14 : 69(22),65(25),37(44),49(37),37(45) : 257
15 : 79(15),55(30),37(46),54(32) : 225
16 : 38(43),71(21),31(49) : 140
17 : 91(9),55(31),46(38),53(33) : 245
