Bin number: 16
Bin size: 300
Item number: 50
Bin Id: item size (item id),... : total item size
1 : 84(11),50(33) : 134
2 : 41(38),99(0) : 140
3 : 64(22),76(17) : 140
4 : 89(6),63(23) : 152
5 : 93(2),31(47),35(44) : 159
6 : 44(37),40(41),69(19) : 153
7 : 49(34),40(42),77(16) : 166
8 : 91(4),80(14) : 171
9 : 49(35),56(27),53(28),40(40) : 198
10 : 84(10),72(18),60(25) : 216
11 : 95(1),88(7),34(45) : 217
12 : 92(3),88(8),30(49),31(48) : 241
13 : 85(9),47(36),50(32),41(39),32(46) : 255
14 : 84(12),79(15),89(5) : 252
15 : 52(30),53(29),80(13),51(31),35(43) : 271
16 : 56(26),64(21),65(20),63(24) : 248
