Bin number: 17
Bin size: 300
Item number: 50
Bin Id: item size (item id),... : total item size
1 : 85(11),44(38) : 129
2 : 71(22),49(33),23(47) : 143
3 : 90(6),63(27) : 153
4 : 83(17),35(41),35(42) : 153
5 : 99(0),49(34) : 148
6 : 94(2),62(28) : 156
7 : 45(37),90(4),23(46) : 158
8 : 70(23),81(19),27(45) : 178
9 : 84(14),49(35),31(44),22(49) : 186
10 : 84(16),85(10),22(48) : 191
11 : 41(40),81(18),90(7) : 212
12 : 96(1),87(8),33(43) : 216
13 : 94(3),86(9),59(29) : 239
14 : 65(25),84(12),50(32),43(39) : 242
15 : 47(36),51(30),90(5),65(26) : 253
16 : 84(15),71(21),65(24),51(31) : 271
17 : 84(13),79(20) : 163
