Bin number: 18
Bin size: 295
Item number: 50
Bin Id: item size (item id),... : total item size
1 : 50(34),92(6) : 142
2 : 82(13),36(47),30(49) : 148
3 : 70(26),78(18) : 148
4 : 42(42),71(24),41(44) : 154
5 : 92(7),65(29) : 157
6 : 49(35),66(28),47(38) : 162
7 : 83(12),78(19) : 161
8 : 54(31),41(43),75(20) : 170
9 : 97(3),78(16) : 175
10 : 84(10),44(40),50(33) : 178
11 : 84(11),70(25),36(48) : 190
12 : 41(45),78(17),40(46),44(39) : 203
13 : 73(22),94(5),49(37) : 216
14 : 65(30),82(14),100(0) : 247
15 : 80(15),85(9),91(8) : 256
16 : 49(36),98(2),50(32),74(21) : 271
17 : 100(1),97(4),72(23) : 269
18 : 68(27),42(41) : 110
