Bin number: 16
Bin size: 300
Item number: 50
Bin Id: item size (item id),... : total item size
1 : 79(11),52(33) : 131
2 : 40(38),94(0) : 134
3 : 65(22),72(17) : 137
4 : 86(6),63(23) : 149
5 : 43(37),36(42),77(14) : 156
6 : 89(2),51(34) : 140
7 : 37(41),88(4),34(47) : 159
8 : 69(19),48(35),58(27) : 175
9 : 73(16),37(40),81(10) : 191
10 : 57(28),70(18),82(8) : 209
11 : 92(1),84(7),38(39) : 214
12 : 88(3),61(25),35(44),55(29) : 239
13 : 82(9),52(32),33(49),87(5) : 254
14 : 77(12),46(36),54(30),76(15) : 253
15 : 34(48),77(13),34(46),35(45),63(24),35(43) : 278
16 : 59(26),68(21),68(20),52(31) : 247
