Bin number: 29
Bin size: 300
Item number: 100
Bin Id: item size (item id),... : total item size
1 : 31(95),35(87),31(96),31(97) : 128
2 : 32(93),35(89),50(77),30(99) : 147
3 : 40(81),53(73),32(94),33(92) : 158
4 : 38(82),60(63),38(83),38(84) : 174
5 : 54(72),55(70),34(90),33(91) : 176
6 : 60(62),61(60),59(65) : 180
7 : 52(74),58(66),50(76),31(98) : 191
8 : 56(69),59(64),48(79),37(85) : 200
9 : 56(68),65(54),43(80),48(78) : 212
10 : 71(45),63(57),77(36) : 211
11 : 62(58),55(71),67(51),35(88) : 219
12 : 73(44),76(40),88(14) : 237
13 : 76(41),69(50),51(75),57(67) : 253
14 : 71(46),62(59),85(20),35(86) : 253
15 : 69(49),65(56),60(61),70(47) : 264
16 : 83(26),91(10),90(11) : 264
17 : 78(35),93(7),93(6) : 264
18 : 74(42),85(21),99(0) : 258
19 : 76(39),90(13),97(1) : 263
20 : 79(33),66(53),65(55),67(52) : 277
21 : 82(29),97(2),96(4) : 275
22 : 87(15),96(3),94(5) : 277
23 : 87(16),92(9),92(8) : 271
24 : 79(34),86(17),90(12) : 255
25 : 70(48),86(18),86(19) : 242
26 : 82(28),84(24),85(22) : 251
27 : 74(43),84(25),85(23) : 243
28 : 81(31),83(27),81(30) : 245
29 : 76(37),81(32),76(38) : 233
