Bin number: 29
Bin size: 300
Item number: 100
Bin Id: item size (item id),... : total item size
1 : 33(98),39(91),33(97),40(89) : 145
2 : 45(88),30(99),49(82),35(94) : 159
3 : 53(74),52(77),57(66) : 162
4 : 49(83),47(85),52(76),34(95) : 182
5 : 55(69),51(79),54(70),34(96) : 194
6 : 57(65),46(86),62(62),40(90) : 205
7 : 67(55),66(56),76(37) : 209
8 : 68(52),74(40),77(33) : 219
9 : 68(51),61(63),48(84),45(87) : 222
10 : 71(47),50(81),65(59),37(92) : 223
11 : 71(46),76(35),81(28) : 228
12 : 69(48),69(49),56(68),37(93) : 231
13 : 65(58),84(25),85(23) : 234
14 : 74(39),77(32),89(15) : 240
15 : 72(42),76(36),95(9) : 243
16 : 57(67),72(44),68(50),58(64) : 255
17 : 64(61),72(43),76(34),53(73) : 265
18 : 81(27),71(45),66(57),51(80) : 269
19 : 88(18),80(29),52(78),52(75) : 272
20 : 88(19),86(22),98(4) : 272
21 : 79(30),73(41),54(71),64(60) : 270
22 : 67(54),74(38),82(26),54(72) : 277
23 : 78(31),100(0),100(1) : 278
24 : 88(20),97(5),99(2) : 284
25 : 89(16),98(3),97(6) : 284
26 : 87(21),94(12),94(11) : 275
27 : 92(14),94(10),96(7) : 282
28 : 68(53),93(13),95(8) : 256
29 : 88(17),84(24) : 172
