Bin number: 24
Bin size: 397
Item number: 100
Bin Id: item size (item id),... : total item size
1 : 31(97),42(75),39(80) : 112
2 : 30(99),55(65),54(66) : 139
3 : 33(94),58(62),34(90),37(82) : 162
4 : 43(73),65(52),35(89),38(81) : 181
5 : 59(60),61(55),35(88),34(92) : 189
6 : 59(61),69(47),54(67),45(70) : 227
7 : 42(77),60(58),36(85),67(50),42(74) : 247
8 : 81(27),76(33),35(87),69(46) : 261
9 : 88(17),82(25),94(12) : 264
10 : 76(32),82(24),71(39),41(79) : 270
11 : 72(37),94(13),70(40),44(72) : 280
12 : 68(48),35(86),61(54),31(98),99(0) : 294
13 : 76(35),82(26),97(4),45(69) : 300
14 : 68(49),85(21),64(53),84(22) : 301
15 : 81(28),94(11),94(10),41(78) : 310
16 : 61(57),78(30),71(38),61(56),44(71) : 315
17 : 95(7),66(51),96(6),69(45) : 326
18 : 98(2),83(23),96(5),57(64) : 334
19 : 76(34),31(96),89(16),60(59),86(19) : 342
20 : 97(3),95(8),34(91),69(44),57(63) : 352
21 : 69(43),42(76),99(1),70(41),86(20) : 366
22 : 78(31),37(83),73(36),79(29),32(95),36(84),33(93) : 368
23 : 91(14),87(18),91(15),95(9) : 364
24 : 48(68),70(42) : 118
