Bin number: 16
Bin size: 500
Item number: 100
Bin Id: item size (item id),... : total item size
1 : 88(10),88(11),54(44),22(76) : 252
2 : 80(19),68(29),65(30),41(56),42(54) : 296
3 : 63(34),80(18),78(21),89(9),75(24),16(82),23(75),37(60) : 461
4 : 90(6),89(7),52(45),44(52),30(67) : 305
5 : 84(15),17(80),8(91),45(50),92(5),28(68),1(99) : 275
6 : 80(17),86(13),38(59),70(27),77(23),58(40) : 409
7 : 10(89),78(22),57(42),6(92),51(46),41(57),89(8),64(32),46(49) : 442
8 : 87(12),96(2),5(94) : 188
9 : 17(81),62(36),99(0),13(84) : 191
10 : 65(31),36(61),49(47),42(55),2(98) : 194
11 : 49(48),5(93),21(78),58(41),25(71),12(86),31(65),9(90) : 210
12 : 84(14),73(25),27(69),58(39),4(96) : 246
13 : 26(70),10(88),56(43),36(62),63(33),24(72),14(83),21(77),11(87),4(95) : 265
14 : 44(53),34(64),81(16),63(35),18(79),80(20),12(85) : 332
15 : 38(58),93(4),98(1),69(28),3(97),61(37) : 362
16 : 72(26),93(3),30(66),24(74),60(38),45(51),24(73),34(63) : 382
