Bin number: 20
Bin size: 400
Item number: 100
Bin Id: item size (item id),... : total item size
1 : 18(80),5(95),11(88),12(87),10(89),2(99) : 58
2 : 14(84),31(67),3(96),28(69),9(91),3(97) : 88
3 : 45(48),40(56),10(90),47(46),7(93) : 149
4 : 42(50),32(66),40(55),36(61),7(94),2(98) : 159
5 : 29(68),32(65),22(77),53(38),39(57) : 175
6 : 41(54),17(81),34(63),69(29),21(78) : 182
7 : 36(60),14(85),34(62),28(70),15(83),74(24) : 201
8 : 17(82),77(21),45(47),69(28) : 208
9 : 66(33),37(59),54(37),41(53),22(76),8(92) : 228
10 : 42(51),78(20),48(44),45(49),24(74),12(86) : 249
11 : 50(41),62(34),67(32),84(9) : 263
12 : 50(42),81(14),99(2),38(58) : 268
13 : 24(73),28(71),96(6),75(23),42(52),22(75) : 287
14 : 33(64),100(0),67(31),82(13),18(79) : 300
15 : 51(39),84(10),76(22),68(30),48(45) : 327
16 : 79(19),83(11),80(15),55(36),49(43) : 346
17 : 99(1),96(5),56(35),98(4) : 349
18 : 79(18),79(17),79(16),98(3),26(72) : 361
19 : 83(12),71(25),50(40),89(8),71(26) : 364
20 : 70(27),93(7) : 163
