Bin number: 24
Bin size: 300
Item number: 100
Bin Id: item size (item id),... : total item size
1 : 49(43),82(13),9(91) : 140
2 : 42(52),33(64),62(34),2(98),2(99) : 141
3 : 75(23),69(28) : 144
4 : 50(42),81(14),14(84) : 145
5 : 28(70),31(67),70(27),18(80),3(96) : 150
6 : 45(47),11(88),98(3),5(95) : 159
7 : 28(71),41(53),32(66),40(55),24(74) : 165
8 : 79(18),93(7) : 172
9 : 38(58),56(35),50(40),21(78),7(93) : 172
10 : 89(8),96(6) : 185
11 : 15(83),84(10),79(19),3(97),7(94) : 188
12 : 34(63),83(12),36(60),42(50) : 195
13 : 74(24),98(4),8(92),18(79) : 198
14 : 83(11),55(36),45(48),22(75) : 205
15 : 79(17),99(2),17(81),17(82) : 212
16 : 51(39),40(56),37(59),79(16),12(86) : 219
17 : 77(21),80(15),34(62),22(77),10(89) : 223
18 : 68(30),47(46),67(32),41(54),10(90) : 233
19 : 24(73),84(9),39(57),45(49),48(44) : 240
20 : 28(69),69(29),76(22),67(31) : 240
21 : 96(5),100(0),54(37),12(87) : 262
22 : 71(25),99(1),53(38),14(85),26(72) : 263
23 : 32(65),42(51),36(61),29(68),66(33),78(20) : 283
24 : 48(45),50(41),22(76),71(26) : 191
