Bin number: 18
Bin size: 500
Item number: 100
Bin Id: item size (item id),... : total item size
1 : 42(61),99(2),25(75),15(87) : 181
2 : 1(99),99(1),52(52),21(80),16(85) : 189
3 : 95(7),74(30),31(69),5(97),5(96) : 210
4 : 100(0),80(25),34(68),3(98) : 217
5 : 87(18),98(3),31(70),9(91) : 225
6 : 65(39),85(21),63(47),18(81) : 231
7 : 21(78),66(37),63(46),25(76),65(40) : 240
8 : 93(9),66(38),24(77),40(62),35(67) : 258
9 : 95(5),81(24),91(13),5(95),15(88) : 287
10 : 57(49),73(31),8(94),71(34),77(27),9(92) : 295
11 : 87(20),63(44),51(54),63(45),40(63),17(82),11(90) : 332
12 : 56(50),92(10),93(8),38(65),46(57),27(74),16(84) : 368
13 : 64(42),87(19),95(6),38(66),65(41),30(72) : 379
14 : 44(59),74(29),96(4),92(12),70(36),31(71) : 407
15 : 16(86),70(35),44(60),52(53),27(73),73(32),61(48),44(58),21(79),11(89) : 419
16 : 89(16),49(55),89(15),63(43),74(28),92(11) : 456
17 : 9(93),84(22),90(14),81(23),89(17),72(33),40(64) : 465
18 : 17(83),48(56),79(26),54(51) : 198
