Bin number: 28
Bin size: 300
Item number: 100
Bin Id: item size (item id),... : total item size
1 : 31(96),31(97),30(99) : 92
2 : 37(83),42(75),54(66) : 133
3 : 43(73),42(76),57(63) : 142
4 : 42(77),41(78),34(90),54(67) : 171
5 : 33(94),35(86),32(95),34(91),42(74) : 176
6 : 61(57),45(70),44(72),35(88) : 185
7 : 37(82),59(61),55(65),36(84) : 187
8 : 45(69),61(56),59(60),33(93) : 198
9 : 67(50),70(40),71(38) : 208
10 : 68(48),31(98),60(59),57(64) : 216
11 : 69(43),76(32),81(28) : 226
12 : 36(85),69(47),66(51),60(58) : 231
13 : 76(33),76(34),35(87),48(68) : 235
14 : 70(42),61(55),34(92),39(80),35(89) : 239
15 : 76(35),84(22),91(15) : 251
16 : 58(62),82(26),71(39),44(71) : 255
17 : 64(53),83(23),81(27),38(81) : 266
18 : 86(20),86(19),96(5) : 268
19 : 82(25),69(44),82(24),41(79) : 274
20 : 78(30),65(52),70(41),69(46) : 282
21 : 95(8),94(13),96(6) : 285
22 : 85(21),72(37),69(45),61(54) : 287
23 : 94(10),97(3),99(0) : 290
24 : 88(17),97(4),99(1) : 284
25 : 87(18),95(7),98(2) : 280
26 : 94(12),94(11),95(9) : 283
27 : 89(16),78(31),91(14) : 258
28 : 73(36),79(29),68(49) : 220
