Bin number: 23
Bin size: 300
Item number: 100
Bin Id: item size (item id),... : total item size
1 : 4(95),11(87),24(73),21(77),1(99) : 61
2 : 4(96),5(93),24(72),26(70),17(81),5(94) : 81
3 : 3(97),34(63),36(62),6(92),9(90) : 88
4 : 10(89),31(65),37(60),24(74),8(91) : 110
5 : 16(82),27(69),14(83),30(66),13(84),28(68),2(98) : 130
6 : 52(45),34(64),18(79),42(54),12(85) : 158
7 : 38(58),41(57),22(76),25(71),45(51) : 171
8 : 54(44),62(36),58(40),17(80) : 191
9 : 21(78),58(41),45(50),51(46),30(67),12(86) : 217
10 : 46(49),38(59),23(75),63(35),58(39),10(88) : 238
11 : 57(42),72(26),36(61),78(21) : 243
12 : 41(56),80(20),84(14),44(53) : 249
13 : 63(33),68(29),49(47),81(16) : 261
14 : 88(10),88(11),89(7) : 265
15 : 63(34),49(48),69(28),86(13) : 267
16 : 84(15),56(43),42(55),96(2) : 278
17 : 90(6),80(17),65(31),44(52) : 279
18 : 80(18),75(24),65(30),61(37) : 281
19 : 80(19),70(27),73(25),60(38) : 283
20 : 87(12),98(1),99(0) : 284
21 : 64(32),93(4),93(3) : 250
22 : 89(9),89(8),92(5) : 270
23 : 78(22),77(23) : 155
