Bin number: 23
Bin size: 499
Item number: 100
Bin Id: item size (item id),... : total item size
1 : 61(60),63(57),55(70) : 179
2 : 38(84),70(48),71(45) : 179
3 : 65(54),59(65),67(52) : 191
4 : 90(12),51(75),56(69) : 197
5 : 62(58),81(31),60(62) : 203
6 : 96(4),58(66),54(72) : 208
7 : 90(13),76(38),56(68) : 222
8 : 91(10),77(36),93(6),70(47) : 331
9 : 60(61),85(22),90(11) : 235
10 : 93(7),97(2),38(83),37(85) : 265
11 : 76(41),86(19),74(43),76(39),83(27),79(33) : 474
12 : 69(50),87(15),35(87),50(77),81(32) : 322
13 : 76(37),65(55),76(40),66(53) : 283
14 : 81(30),62(59),97(1),82(29),48(78) : 370
15 : 87(16),35(89),96(3),31(95) : 249
16 : 92(8),69(49),59(64) : 220
17 : 43(80),35(86),94(5),40(81),32(94) : 244
18 : 99(0),88(14),57(67),52(74) : 296
19 : 67(51),83(26),84(24),35(88),33(91) : 302
20 : 60(63),31(97),73(44),86(18),74(42),55(71) : 379
21 : 84(25),92(9),85(21),85(23),53(73) : 399
22 : 86(17),30(99),50(76),48(79),31(98),78(35),32(93),71(46) : 426
23 : 34(90),79(34),82(28),65(56),38(82),33(92),85(20),31(96) : 447
