Bin number: 28
Bin size: 300
Item number: 100
Bin Id: item size (item id),... : total item size
1 : 99(0),54(50) : 153
2 : 64(42),81(23),31(80) : 176
3 : 66(38),43(63),32(76) : 141
4 : 39(71),26(88),84(17) : 149
5 : 93(6),52(54) : 145
6 : 82(22),38(73),21(98) : 141
7 : 84(16),77(27),31(79) : 192
8 : 23(93),50(56),94(4) : 167
9 : 88(11),53(53) : 141
10 : 96(2),64(41) : 160
11 : 50(57),86(14),25(90),24(92) : 185
12 : 75(28),41(67),65(40),29(83) : 210
13 : 58(47),67(35),47(61),26(87) : 198
14 : 88(10),96(1),32(77) : 216
15 : 84(18),90(7),22(94),22(96) : 218
16 : 48(58),26(86),27(84),94(3),40(70) : 235
17 : 90(8),80(25),30(82),41(68) : 241
18 : 41(69),80(26),83(20),81(24) : 285
19 : 65(39),25(89),42(66),45(62),34(74),55(49) : 266
20 : 69(33),47(60),42(64) : 158
21 : 21(97),20(99),83(19),48(59) : 172
22 : 66(37),69(34),25(91) : 160
23 : 50(55),63(44),32(78),88(9) : 233
24 : 30(81),42(65),87(12),67(36),26(85) : 252
25 : 73(32),75(30),93(5),22(95) : 263
26 : 85(15),75(29),59(46),54(51) : 273
27 : 87(13),56(48),63(45),34(75),38(72) : 278
28 : 53(52),83(21),74(31),63(43) : 273
