Bin number: 27
Bin size: 300
Item number: 100
Bin Id: item size (item id),... : total item size
1 : 63(43),52(52),16(84),9(91) : 140
2 : 91(13),40(64),9(93),1(99) : 141
3 : 81(23),31(70),31(71) : 143
4 : 71(34),74(28) : 145
5 : 64(42),63(47),15(88),5(96) : 147
6 : 90(14),35(67),27(74) : 152
7 : 77(27),38(66),44(58) : 159
8 : 98(3),52(53),9(92),3(98) : 162
9 : 21(80),87(18),49(55),5(97) : 162
10 : 95(7),65(40),17(83) : 177
11 : 70(35),93(8),18(81) : 181
12 : 95(6),92(10),5(95) : 192
13 : 87(19),92(12),17(82) : 196
14 : 40(63),44(60),81(24),31(69) : 196
15 : 92(11),96(4),16(86) : 204
16 : 70(36),21(78),56(50),61(48) : 208
17 : 89(17),99(2),24(77) : 212
18 : 65(39),44(59),85(21),27(73) : 221
19 : 48(56),89(16),21(79),63(46) : 221
20 : 89(15),40(62),73(32),25(75) : 227
21 : 74(30),51(54),93(9),15(87) : 233
22 : 46(57),57(49),74(29),11(89),38(65),11(90),8(94) : 245
23 : 84(22),95(5),80(25) : 259
24 : 73(31),100(0),63(44),25(76) : 261
25 : 66(37),99(1),54(51),42(61),16(85) : 277
26 : 66(38),34(68),87(20),30(72),65(41) : 282
27 : 72(33),63(45),79(26) : 214
