Bin number: 32
Bin size: 299
Item number: 100
Bin Id: item size (item id),... : total item size
1 : 41(80),58(52),40(83) : 139
2 : 97(5),53(63) : 150
3 : 93(9),71(40) : 164
4 : 93(10),70(41) : 163
5 : 96(6),80(25) : 176
6 : 75(34),78(29),30(99) : 183
7 : 43(78),50(67),78(30) : 171
8 : 77(32),50(66),54(60) : 181
9 : 95(8),32(95),41(81) : 168
10 : 85(20),65(45) : 150
11 : 36(85),81(24),45(73) : 162
12 : 79(27),89(14) : 168
13 : 95(7),45(75) : 140
14 : 93(11),49(70) : 142
15 : 55(56),59(51),40(84),59(50) : 213
16 : 88(16),100(0),72(38),33(92) : 293
17 : 91(12),57(55),79(28),69(43) : 296
18 : 73(36),36(86),43(79),44(77) : 196
19 : 55(57),99(4) : 154
20 : 84(22),66(44),33(94),44(76) : 227
21 : 60(49),87(17),51(65),32(98) : 230
22 : 85(21),48(71),55(59) : 188
23 : 70(42),49(68),45(72),33(93) : 197
24 : 100(1),89(15),33(91) : 222
25 : 40(82),55(58),54(61) : 149
26 : 89(13),80(26),32(96) : 201
27 : 65(46),78(31),60(48) : 203
28 : 73(37),99(3),35(87),34(89) : 241
29 : 83(23),86(19),75(33) : 244
30 : 63(47),58(53),45(74),57(54),34(88) : 257
31 : 87(18),53(62),32(97),99(2) : 271
32 : 71(39),52(64),49(69),33(90),73(35) : 278
