Bin number: 16
Bin size: 500
Item number: 100
Bin Id: item size (item id),... : total item size
1 : 82(12),94(2),6(94),4(96) : 186
2 : 18(81),58(31),98(0),16(84) : 190
3 : 53(36),34(61),43(47),43(48),20(78) : 193
4 : 39(55),8(93),49(41),23(71),15(86),78(14) : 212
5 : 30(65),69(25),84(10),51(39),12(90) : 246
6 : 28(69),83(11),47(44),22(76),25(70),13(88),33(62) : 251
7 : 48(43),19(80),76(15),56(33),10(91),42(50),16(83) : 267
8 : 91(5),29(68),2(99),22(72),72(19),60(29),4(97),5(95) : 285
9 : 90(6),59(30),89(7),47(45),20(77) : 305
10 : 39(56),40(54),42(52),29(67),42(53),30(64),54(35),19(79),12(89) : 307
11 : 2(98),75(16),72(20),35(58),91(4),30(66),22(74) : 327
12 : 97(1),60(28),92(3),66(26),15(87),42(51) : 372
13 : 52(38),52(37),73(17),81(13),64(27),50(40),15(85),9(92) : 396
14 : 34(59),70(23),22(73),70(22),49(42),45(46),36(57),86(8),16(82) : 428
15 : 32(63),55(34),71(21),73(18),85(9),69(24),22(75),34(60) : 441
16 : 57(32),43(49) : 100
