Bin number: 27
Bin size: 300
Item number: 100
Bin Id: item size (item id),... : total item size
1 : 51(67),80(26),67(46),56(60) : 254
2 : 36(93),57(58),56(62),38(86) : 187
3 : 96(5),97(2),94(6) : 287
4 : 96(4),96(3),100(0) : 292
5 : 69(43),39(82),82(24),83(22) : 273
6 : 93(10),93(11),48(72),63(51) : 297
7 : 94(7),92(12),94(8) : 280
8 : 71(41),88(20),56(61),73(39) : 288
9 : 76(36),90(15),78(33),46(75) : 290
10 : 63(53),73(40),50(69),63(52) : 249
11 : 80(27),79(32),36(94),64(50) : 259
12 : 37(91),89(17),93(9),65(49) : 284
13 : 53(65),42(79),38(85),41(80) : 174
14 : 90(14),90(16),99(1) : 279
15 : 78(35),31(98),88(19),80(28) : 277
16 : 53(64),70(42),53(63),39(84) : 215
17 : 59(55),32(96),74(37),66(48) : 231
18 : 38(87),39(83),41(81) : 118
19 : 37(92),51(68),48(73) : 136
20 : 43(78),47(74),46(76),32(97) : 168
21 : 62(54),49(70),37(90),38(89) : 186
22 : 31(99),67(47),68(45),33(95) : 199
23 : 69(44),48(71),58(56),38(88) : 213
24 : 79(30),82(23),89(18) : 250
25 : 78(34),83(21),91(13) : 252
26 : 81(25),79(29),52(66),45(77) : 257
27 : 58(57),56(59),79(31),74(38) : 267
