Bin number: 23
Bin size: 396
Item number: 100
Bin Id: item size (item id),... : total item size
1 : 21(97),20(99),51(62) : 92
2 : 44(75),24(94),36(80),34(81) : 138
3 : 50(65),57(52),45(73) : 152
4 : 50(66),54(60),27(90),41(77) : 172
5 : 27(89),56(55),33(82),27(88),53(61) : 196
6 : 61(47),25(92),49(67),75(27) : 210
7 : 58(50),69(33),84(12),27(87) : 238
8 : 55(58),82(17),75(25),32(85) : 244
9 : 62(46),70(32),77(24),45(74) : 254
10 : 84(13),48(70),66(37),58(49) : 256
11 : 64(40),66(39),59(48),85(11) : 274
12 : 68(35),21(98),56(54),86(10),56(53) : 287
13 : 29(86),79(21),75(26),58(51),49(69) : 290
14 : 75(28),94(4),55(57),72(30) : 296
15 : 98(0),77(22),40(79),66(38),23(96) : 304
16 : 91(7),40(78),92(6),95(2) : 318
17 : 48(72),56(56),77(23),68(34),51(64),25(91) : 325
18 : 94(5),82(16),62(45),48(71),51(63) : 337
19 : 89(8),95(3),54(59),63(44),43(76) : 344
20 : 80(19),71(31),96(1),80(20),23(95) : 350
21 : 64(43),64(41),83(14),32(83),32(84),64(42),25(93) : 364
22 : 66(36),81(18),49(68),83(15),88(9) : 367
23 : 75(29) : 75
