Bin number: 27
Bin size: 300
Item number: 100
Bin Id: item size (item id),... : total item size
1 : 87(18),85(20),35(87),81(24) : 288
2 : 32(96),34(88),32(97),32(98) : 130
3 : 33(94),45(73),33(90),40(82) : 151
4 : 89(15),93(11),88(16) : 270
5 : 52(64),53(63),54(61) : 159
6 : 45(74),43(78),48(71) : 136
7 : 32(95),50(66),33(93),50(67) : 165
8 : 54(60),44(76),73(36),85(21) : 256
9 : 59(50),30(99),79(27),84(22) : 252
10 : 49(68),71(40),55(57),86(19) : 261
11 : 69(43),34(89),78(30),78(29) : 259
12 : 93(10),99(2),97(5) : 289
13 : 100(0),100(1),99(4) : 299
14 : 89(14),93(9),96(6) : 278
15 : 87(17),95(7),99(3) : 281
16 : 91(12),95(8),89(13) : 275
17 : 58(53),75(33),80(26),78(31) : 291
18 : 55(56),77(32),72(38),83(23) : 287
19 : 36(85),49(70),33(91),65(46) : 183
20 : 33(92),49(69),55(58),55(59) : 192
21 : 45(75),40(83),40(84),51(65) : 176
22 : 57(55),41(80),44(77),58(52) : 200
23 : 60(49),66(44),80(25),71(39) : 277
24 : 65(45),45(72),36(86),73(37) : 219
25 : 70(41),41(81),59(51),63(47) : 233
26 : 43(79),70(42),53(62),73(35) : 239
27 : 60(48),57(54),75(34),79(28) : 271
