Bin number: 22
Bin size: 396
Item number: 100
Bin Id: item size (item id),... : total item size
1 : 21(97),34(75),20(99),22(94) : 97
2 : 42(65),31(80),45(62) : 118
3 : 42(66),47(60),38(73),24(92) : 151
4 : 53(52),50(55),30(82),30(81) : 163
5 : 25(90),25(89),47(61),58(47),26(88) : 181
6 : 41(67),54(50),32(77),26(85),34(74),26(87) : 213
7 : 48(58),59(46),40(70),84(17) : 231
8 : 69(33),87(12),73(32),21(98) : 250
9 : 77(27),80(25),65(39),31(79) : 253
10 : 87(13),66(37),56(48),55(49) : 264
11 : 81(24),65(40),67(35),26(86),32(78) : 271
12 : 52(54),53(53),88(11),50(57),41(69) : 284
13 : 75(28),94(4),80(26),50(56) : 299
14 : 88(10),83(21),54(51),75(30) : 300
15 : 99(0),82(22),38(72),66(38),22(96) : 307
16 : 90(7),93(6),93(5),39(71) : 315
17 : 96(2),42(64),69(34),81(23),43(63) : 331
18 : 84(16),48(59),94(3),63(45),25(91),32(76) : 346
19 : 90(8),83(19),63(44),63(43),27(84),23(93) : 349
20 : 96(1),74(31),64(41),67(36),64(42) : 365
21 : 86(14),29(83),83(20),75(29),22(95),85(15) : 380
22 : 41(68),84(18),88(9) : 213
