Bin number: 24
Bin size: 400
Item number: 100
Bin Id: item size (item id),... : total item size
1 : 28(95),32(88),32(89),27(96) : 119
2 : 43(80),35(87),54(67) : 132
3 : 38(84),30(91),54(69),29(94) : 151
4 : 32(90),60(56),68(48),41(81) : 201
5 : 54(66),57(61),30(93),70(46) : 211
6 : 65(50),46(77),55(65),54(68) : 220
7 : 61(55),61(54),59(57),37(85) : 218
8 : 55(63),74(38),57(60),45(78) : 231
9 : 40(82),83(29),39(83),85(24) : 247
10 : 56(62),87(21),52(70),58(59) : 253
11 : 78(33),23(97),88(20),69(47) : 258
12 : 83(28),64(51),76(37),49(74) : 272
13 : 63(53),71(44),78(32),72(41) : 284
14 : 20(99),67(49),98(2),77(34),30(92) : 292
15 : 94(6),72(42),93(9),44(79) : 303
16 : 92(14),100(0),59(58),55(64) : 306
17 : 46(76),51(73),52(71),85(23),78(31) : 312
18 : 92(13),64(52),46(75),35(86),96(4) : 333
19 : 74(39),95(5),99(1),79(30) : 347
20 : 93(10),86(22),91(15),77(35) : 347
21 : 88(19),93(11),77(36),97(3) : 355
22 : 89(18),70(45),22(98),92(12),90(16) : 363
23 : 90(17),71(43),85(25),51(72),73(40) : 370
24 : 83(27),94(8),84(26),94(7) : 355
