Bin number: 26
Bin size: 300
Item number: 100
Bin Id: item size (item id),... : total item size
1 : 71(31),94(5),95(2),21(97) : 281
2 : 94(4),92(6),98(0) : 284
3 : 84(12),66(38),77(24),64(41) : 291
4 : 75(27),77(22),45(74),70(32) : 267
5 : 82(17),79(21),58(49),50(66) : 269
6 : 75(25),53(61),85(11),49(68) : 262
7 : 91(7),96(1),95(3) : 282
8 : 51(63),58(50),43(76),32(84) : 184
9 : 83(15),75(26),50(65),58(51) : 266
10 : 80(20),83(14),86(10) : 249
11 : 62(46),49(69),75(28),32(83),33(82) : 251
12 : 25(93),21(98),27(90) : 73
13 : 55(58),80(19),88(9),49(67) : 272
14 : 89(8),77(23),51(64),68(35) : 285
15 : 41(77),44(75),48(72) : 133
16 : 84(13),72(30),64(43),69(33) : 289
17 : 64(42),66(39),25(91),34(81),45(73) : 234
18 : 32(85),27(88),29(86),25(92) : 113
19 : 63(44),82(16),81(18),54(59) : 280
20 : 23(96),40(78),51(62),23(95) : 137
21 : 48(71),55(57),40(79),27(87) : 170
22 : 56(53),56(56),66(36) : 178
23 : 61(47),54(60),27(89),62(45) : 204
24 : 64(40),48(70),68(34),24(94) : 204
25 : 66(37),59(48),57(52),36(80) : 218
26 : 20(99),56(55),56(54),75(29) : 207
