Bin number: 23
Bin size: 499
Item number: 100
Bin Id: item size (item id),... : total item size
1 : 36(84),61(57),45(70),39(80) : 181
2 : 59(60),68(48),55(65) : 182
3 : 61(54),69(45),65(52) : 195
4 : 94(12),60(58),42(75) : 196
5 : 97(4),58(62),54(66) : 209
6 : 78(31),95(8),35(89) : 208
7 : 45(69),44(72),71(38),59(61) : 219
8 : 94(13),48(68),84(22) : 226
9 : 68(49),94(11),35(86),37(83) : 234
10 : 57(64),89(16),97(3) : 243
11 : 32(95),96(5),98(2),36(85) : 262
12 : 95(7),72(37),61(55),33(94) : 261
13 : 38(81),99(0),66(51),91(14) : 294
14 : 70(40),82(26),82(24),64(53) : 298
15 : 54(67),91(15),94(10),73(36) : 312
16 : 67(50),42(77),42(74),96(6),76(32) : 323
17 : 35(87),69(47),99(1),57(63),35(88),31(97) : 326
18 : 78(30),60(59),79(29),69(44),82(25) : 368
19 : 87(18),70(42),85(21),41(78),83(23),30(99) : 396
20 : 44(71),34(91),95(9),88(17),42(76),31(98),34(90),33(93) : 401
21 : 41(79),43(73),76(35),81(28),61(56),69(46),70(41) : 441
22 : 76(34),37(82),86(19),34(92),71(39),81(27),76(33) : 461
23 : 69(43),86(20),31(96) : 186
