Bin number: 21
Bin size: 500
Item number: 100
Bin Id: item size (item id),... : total item size
1 : 82(24),55(52),43(70) : 180
2 : 28(89),90(13),23(94),39(74) : 180
3 : 33(83),86(17),21(98),44(69) : 184
4 : 100(1),90(14) : 190
5 : 100(2),96(6) : 196
6 : 74(35),94(9),33(82) : 201
7 : 100(0),75(32),39(75) : 214
8 : 55(51),36(80),45(63),46(62),46(61) : 228
9 : 67(43),98(5),53(56),22(97) : 240
10 : 79(27),82(23),44(66),39(76) : 244
11 : 25(91),85(18),26(90),40(72),76(31),20(99) : 272
12 : 32(84),40(73),53(57),54(54),77(28),45(64) : 301
13 : 22(95),65(44),67(41),39(77),44(67),83(21) : 320
14 : 73(36),95(7),56(49),34(81),38(78),30(87) : 326
15 : 84(20),63(46),82(22),69(39),41(71) : 339
16 : 51(58),93(10),22(96),99(3),77(30) : 342
17 : 45(65),85(19),77(29),80(26),56(50),24(93) : 367
18 : 51(59),44(68),67(42),47(60),75(34),71(37),29(88) : 384
19 : 95(8),57(48),92(12),63(45),32(85),81(25) : 420
20 : 68(40),89(15),31(86),54(53),71(38),93(11),36(79) : 442
21 : 86(16),54(55),60(47),24(92),99(4),75(33) : 398
