Bin number: 22
Bin size: 300
Item number: 100
Bin Id: item size (item id),... : total item size
1 : 62(34),41(53),68(30),47(46) : 218
2 : 67(32),70(27),69(29),32(66) : 238
3 : 12(87),15(83),8(92),7(93) : 42
4 : 17(81),29(68),24(73),12(86) : 82
5 : 24(74),22(76),21(78),32(65),14(85) : 113
6 : 41(54),18(79),18(80),34(62),3(97),10(90) : 124
7 : 38(58),2(99),50(42),48(44),3(96) : 141
8 : 45(47),48(45),33(64),28(71),11(88) : 165
9 : 28(70),34(63),14(84),10(89),40(56),54(37),7(94),2(98) : 189
10 : 40(55),5(95),50(40),45(48),28(69),31(67) : 199
11 : 71(26),42(52),36(60),77(21),9(91) : 235
12 : 71(25),79(18),39(57),49(43) : 238
13 : 75(23),67(31),81(14),22(77) : 245
14 : 37(59),56(35),82(13),79(16) : 254
15 : 53(38),79(19),74(24),55(36) : 261
16 : 83(12),17(82),76(22),42(50),22(75),26(72) : 266
17 : 69(28),79(17),50(41),78(20) : 276
18 : 93(7),96(5),89(8) : 278
19 : 80(15),84(9),66(33),51(39) : 281
20 : 36(61),84(10),83(11),45(49),42(51) : 290
21 : 96(6),99(2),100(0) : 295
22 : 98(4),99(1),98(3) : 295
