Bin number: 30
Bin size: 300
Item number: 100
Bin Id: item size (item id),... : total item size
1 : 85(11),51(63) : 136
2 : 66(38),45(73),27(88) : 138
3 : 77(22),21(98),43(76) : 141
4 : 48(71),56(54),25(93),20(99) : 149
5 : 92(6),58(50) : 150
6 : 82(17),69(33) : 151
7 : 98(0),54(60) : 152
8 : 66(37),68(34),25(92) : 159
9 : 95(2),64(41) : 159
10 : 51(64),56(56),56(53) : 163
11 : 94(4),21(97),55(57) : 170
12 : 64(42),83(14),27(90) : 174
13 : 77(23),36(80),61(47) : 174
14 : 80(19),68(35),32(83) : 180
15 : 82(16),49(67),64(40) : 195
16 : 75(27),40(79),86(10) : 201
17 : 53(61),54(59),96(1) : 203
18 : 75(28),27(87),81(18),24(94) : 207
19 : 91(7),56(55),55(58),23(96) : 225
20 : 29(86),89(8),41(77),75(25) : 234
21 : 32(84),95(3),48(70),63(44) : 238
22 : 33(82),88(9),34(81),66(36),27(89) : 248
23 : 40(78),50(65),84(12),49(68),25(91) : 248
24 : 70(32),32(85),66(39),51(62),45(74) : 264
25 : 50(66),72(30),83(15),62(46) : 267
26 : 58(49),94(5),59(48),58(51) : 269
27 : 75(29),84(13),23(95),44(75),49(69) : 275
28 : 57(52),62(45),79(21),80(20) : 278
29 : 75(26),77(24),71(31),64(43) : 287
30 : 48(72) : 48
