Bin number: 23
Bin size: 300
Item number: 100
Bin Id: item size (item id),... : total item size
1 : 5(93),2(98),9(90),12(85),1(99) : 29
2 : 10(88),21(77),12(86),24(72),4(96) : 71
3 : 6(92),23(75),21(78),25(71),5(94) : 80
4 : 36(62),18(79),41(57),13(84) : 108
5 : 34(63),44(53),22(76),41(56),3(97) : 144
6 : 45(50),49(47),37(60),26(70) : 157
7 : 4(95),11(87),58(40),52(45),42(55),8(91) : 175
8 : 10(89),62(36),61(37),57(42) : 190
9 : 63(34),44(52),42(54),58(39) : 207
10 : 49(48),27(69),51(46),69(28),16(82) : 212
11 : 17(81),36(61),14(83),28(68),24(73),80(20),17(80),31(65) : 247
12 : 84(14),73(25),38(58),64(32) : 259
13 : 24(74),72(26),88(10),45(51),30(66) : 259
14 : 70(27),80(17),46(49),65(31) : 261
15 : 84(15),54(44),92(5),38(59) : 268
16 : 88(11),93(4),89(8) : 270
17 : 78(22),78(21),80(19),34(64) : 270
18 : 89(9),30(67),80(18),86(13) : 285
19 : 81(16),90(6),56(43),58(41) : 285
20 : 65(30),96(2),63(35),63(33) : 287
21 : 77(23),60(38),75(24),68(29) : 280
22 : 89(7),99(0),98(1) : 286
23 : 87(12),93(3) : 180
