Bin number: 24
Bin size: 397
Item number: 100
Bin Id: item size (item id),... : total item size
1 : 31(97),30(99),60(62) : 121
2 : 51(75),32(94),43(80),34(90) : 160
3 : 59(65),58(66),61(60) : 178
4 : 67(52),35(89),40(81),65(55) : 207
5 : 53(73),38(82),60(61),57(67) : 208
6 : 35(88),70(47),33(92),83(27) : 221
7 : 62(58),37(85),69(50),90(12) : 258
8 : 86(17),50(77),71(46),52(74) : 259
9 : 35(87),90(13),84(25),55(70) : 264
10 : 79(33),81(32),76(37),35(86) : 271
11 : 84(24),76(39),70(48),48(79) : 278
12 : 76(40),90(11),65(54),66(53) : 297
13 : 31(98),78(35),99(0),91(10) : 299
14 : 69(49),85(21),83(26),63(57) : 300
15 : 96(4),82(28),81(30),48(78) : 307
16 : 85(22),93(7),67(51),76(38) : 321
17 : 93(6),56(69),54(72),65(56),55(71) : 323
18 : 97(2),94(5),79(34),62(59) : 332
19 : 85(23),31(96),59(64),96(3),71(45) : 342
20 : 92(8),87(16),33(91),86(19),50(76) : 348
21 : 73(44),97(1),60(63),76(41),56(68) : 362
22 : 74(43),81(31),88(14),38(83),87(15) : 368
23 : 85(20),77(36),31(95),82(29),38(84),74(42) : 387
24 : 86(18),92(9),32(93) : 210
