Bin number: 23
Bin size: 300
Item number: 100
Bin Id: item size (item id),... : total item size
1 : 84(11),53(38) : 137
2 : 65(26),74(21),75(20),71(24) : 285
3 : 43(47),58(35),64(27),33(67) : 198
4 : 23(76),91(6),37(60),1(99) : 152
5 : 40(54),79(17),36(64) : 155
6 : 60(33),54(37),43(50) : 157
7 : 92(5),44(46),43(48),41(52),24(75),30(69) : 274
8 : 48(42),71(23),38(57),19(80) : 176
9 : 80(13),46(45),42(51),63(31),48(43) : 279
10 : 95(3),22(77),69(25),29(70),26(72) : 241
11 : 37(61),38(59),64(28),13(87),51(40) : 203
12 : 73(22),37(63),28(71),5(98) : 143
13 : 26(73),12(88),99(0),8(93) : 145
14 : 95(2),59(34),6(97) : 160
15 : 50(41),94(4),11(90),6(96),7(95) : 168
16 : 38(56),40(53),76(19),16(83) : 170
17 : 80(14),80(16),9(92),17(82) : 186
18 : 21(79),97(1),76(18),16(84) : 210
19 : 85(10),89(7),8(94),14(86),21(78) : 217
20 : 39(55),38(58),86(8),48(44),15(85),9(91) : 235
21 : 86(9),18(81),57(36),32(68),62(32) : 255
22 : 35(65),80(12),52(39),12(89),34(66),43(49) : 256
23 : 37(62),26(74),63(30),80(15),64(29) : 270
