Bin number: 20
Bin size: 500
Item number: 100
Bin Id: item size (item id),... : total item size
1 : 84(12),71(31),32(84) : 187
2 : 95(2),34(81),61(47) : 190
3 : 66(36),24(94),98(0) : 188
4 : 53(61),59(48),25(93),40(78),29(86) : 206
5 : 56(55),64(41),48(71),43(76) : 211
6 : 50(65),83(14),86(10),27(88) : 246
7 : 75(25),85(11),63(44),25(91) : 248
8 : 49(69),66(39),23(96),48(70),64(43) : 250
9 : 51(62),27(90),36(80),83(15),69(33) : 266
10 : 58(50),94(5),49(68),48(72),32(83) : 281
11 : 20(99),80(19),75(29),56(56),62(45) : 293
12 : 92(6),72(30),91(7),49(67) : 304
13 : 56(54),57(52),21(98),41(77),56(53),68(35),21(97) : 320
14 : 51(64),82(16),40(79),80(20),55(58),27(87) : 335
15 : 94(4),96(1),75(28),45(74),58(51) : 368
16 : 95(3),75(26),50(66),66(38),66(37),32(85) : 384
17 : 23(95),82(17),84(13),75(27),45(73),64(40),25(92) : 398
18 : 54(59),77(23),27(89),64(42),62(46),55(57),89(8) : 428
19 : 51(63),77(22),68(34),79(21),88(9),77(24) : 440
20 : 81(18),70(32),33(82),44(75),58(49),54(60) : 340
