Bin number: 26
Bin size: 300
Item number: 100
Bin Id: item size (item id),... : total item size
1 : 55(57),55(58),66(36),32(85) : 208
2 : 49(68),51(64),56(54),40(79) : 196
3 : 84(13),81(18),82(17),29(86) : 276
4 : 95(2),89(8),95(3) : 279
5 : 75(27),75(25),70(32),72(30) : 292
6 : 71(31),88(9),66(37),66(38) : 291
7 : 58(49),66(39),79(21),49(67) : 252
8 : 83(14),80(20),86(10) : 249
9 : 75(26),64(42),27(88),85(11) : 251
10 : 91(7),92(6),94(5) : 277
11 : 96(1),98(0),94(4) : 288
12 : 64(41),40(78),58(50),68(35) : 230
13 : 54(59),44(75),75(29),83(15) : 256
14 : 50(65),45(74),27(90),50(66) : 172
15 : 23(95),27(87),23(96),34(81) : 107
16 : 43(76),63(44),58(51),48(71) : 212
17 : 21(97),45(73),41(77),20(99) : 127
18 : 25(93),27(89),24(94),25(92),32(83) : 133
19 : 51(63),51(62),54(60) : 156
20 : 48(72),48(70),33(82),32(84) : 161
21 : 25(91),49(69),62(45),36(80) : 172
22 : 64(40),62(46),21(98),69(33) : 216
23 : 56(56),68(34),56(53),82(16) : 262
24 : 53(61),61(47),75(28),77(24) : 266
25 : 59(48),56(55),84(12),77(22) : 276
26 : 80(19),64(43),57(52),77(23) : 278
