Bin number: 24
Bin size: 400
Item number: 100
Bin Id: item size (item id),... : total item size
1 : 21(96),26(89),27(88),26(90) : 100
2 : 34(81),30(85),42(70) : 106
3 : 45(68),21(97),24(92),45(67) : 135
4 : 25(91),50(62),43(69),24(94),46(66) : 188
5 : 57(57),65(49),33(82),47(64) : 202
6 : 35(78),65(47),57(56),49(63) : 206
7 : 62(51),55(58),29(86),32(83),34(79) : 212
8 : 59(55),71(39),51(61),41(71) : 222
9 : 81(30),21(95),54(60),87(22) : 243
10 : 31(84),79(34),85(25),20(98),35(77) : 250
11 : 82(29),65(48),59(54),62(52) : 268
12 : 88(21),73(38),38(75),79(33) : 278
13 : 62(50),67(45),68(42),68(43),24(93) : 289
14 : 90(15),77(35),39(74),95(10) : 301
15 : 99(3),100(2),100(0) : 299
16 : 98(7),41(72),47(65),37(76),90(14) : 313
17 : 55(59),86(24),80(32),70(40),29(87) : 320
18 : 59(53),94(11),87(23),88(20) : 328
19 : 34(80),100(1),99(5),90(16),20(99) : 343
20 : 80(31),99(6),94(12),76(36) : 349
21 : 74(37),89(19),66(46),67(44),69(41) : 365
22 : 91(13),89(18),89(17),99(4) : 368
23 : 41(73),85(26),96(9),97(8) : 319
24 : 84(28),85(27) : 169
