Bin number: 22
Bin size: 300
Item number: 100
Bin Id: item size (item id),... : total item size
1 : 8(93),2(98),12(90),15(85) : 37
2 : 22(72),20(77),13(88),15(86),4(96) : 74
3 : 22(75),33(62),20(78),5(95) : 80
4 : 9(92),23(71),36(57),19(79) : 87
5 : 32(63),42(53),42(50),22(76) : 138
6 : 39(56),43(47),53(36),12(89),2(99),6(94) : 155
7 : 50(40),34(60),15(87),55(34),16(84) : 170
8 : 47(45),52(37),39(55),42(52) : 180
9 : 25(70),43(48),49(42),51(39),10(91),4(97) : 182
10 : 40(54),60(28),45(46),28(69),16(83),22(73) : 211
11 : 72(20),78(14),34(61),29(68),22(74) : 235
12 : 18(81),84(10),76(15),69(25) : 247
13 : 73(17),64(27),66(26),30(65),19(80) : 252
14 : 83(11),70(22),57(32),47(44) : 257
15 : 35(58),16(82),42(51),71(21),43(49),52(38) : 259
16 : 72(19),91(5),75(16),34(59) : 272
17 : 58(31),30(66),91(4),94(2) : 273
18 : 85(9),86(8),59(30),49(41) : 279
19 : 73(18),81(13),29(67),48(43),54(35) : 285
20 : 90(6),70(23),30(64),97(1) : 287
21 : 89(7),82(12),60(29),56(33) : 287
22 : 98(0),69(24),92(3) : 259
