Bin number: 22
Bin size: 494
Item number: 100
Bin Id: item size (item id),... : total item size
1 : 93(9),54(66),38(84) : 185
2 : 100(0),59(58),28(95) : 187
3 : 72(41),77(35),35(86) : 184
4 : 97(3),93(10) : 190
5 : 96(4),89(18) : 185
6 : 56(62),46(75),61(54),32(89) : 195
7 : 55(65),79(30),61(55),30(91) : 225
8 : 98(2),57(61),37(85),39(83) : 231
9 : 99(1),83(27),57(60) : 239
10 : 60(56),90(17),54(68),46(77) : 250
11 : 84(26),77(34),92(14),27(96) : 280
12 : 64(51),85(23),78(32),23(97),30(92) : 280
13 : 83(29),58(59),41(81),71(43),51(72) : 304
14 : 88(19),87(21),67(49),86(22) : 328
15 : 90(16),94(7),40(82),94(8),32(90) : 350
16 : 85(25),52(71),22(98),70(45),74(38),73(40) : 376
17 : 91(15),29(94),93(11),83(28),54(67),32(88) : 382
18 : 95(5),52(70),78(33),71(44),70(46),35(87) : 401
19 : 68(48),55(64),92(12),77(36),51(73),72(42) : 415
20 : 44(79),49(74),55(63),85(24),63(53),92(13),43(80) : 431
21 : 45(78),94(6),88(20),30(93),69(47),74(39),46(76) : 446
22 : 78(31),64(52),54(69),76(37),65(50),59(57),20(99) : 416
