Bin number: 19
Bin size: 396
Item number: 100
Bin Id: item size (item id),... : total item size
1 : 4(97),22(75),19(80),6(94) : 51
2 : 2(99),30(65),33(62),5(95) : 70
3 : 30(66),34(60),42(52),12(90) : 118
4 : 22(73),39(55),43(47),12(89),18(81),2(98) : 136
5 : 16(82),34(61),13(88),29(67),9(92),42(50),25(70) : 168
6 : 35(58),20(77),64(27),56(33),15(85),15(87) : 205
7 : 45(46),73(17),57(32),22(74),19(79),4(96) : 220
8 : 69(25),69(24),82(12),15(86) : 235
9 : 52(37),51(39),50(40),43(48),43(49) : 239
10 : 81(13),54(35),71(21),42(53) : 248
11 : 40(54),60(28),66(26),59(30),42(51) : 267
12 : 36(57),83(11),84(10),20(78),52(38),10(91) : 285
13 : 91(4),70(22),28(69),98(0),8(93) : 295
14 : 22(72),89(7),90(6),55(34),47(45) : 303
15 : 39(56),70(23),94(2),75(16),34(59) : 312
16 : 30(64),91(5),72(19),86(8),47(44) : 326
17 : 23(71),92(3),48(43),58(31),97(1),16(83) : 334
18 : 32(63),22(76),49(41),78(14),53(36),72(20),49(42) : 355
19 : 60(29),73(18),29(68),16(84),76(15),85(9) : 339
