Bin number: 22
Bin size: 300
Item number: 100
Bin Id: item size (item id),... : total item size
1 : 5(95),22(73),20(77),15(87) : 62
2 : 4(96),4(97),22(72),8(93),25(70),18(81) : 81
3 : 32(63),33(62),34(60) : 99
4 : 6(94),12(89),30(65),2(99),22(74),9(92),16(82),16(83) : 113
5 : 30(66),28(69),47(45),30(64),2(98) : 137
6 : 16(84),10(91),12(90),29(68),40(54),19(79),22(76) : 148
7 : 35(58),36(57),47(44),50(40) : 168
8 : 53(36),23(71),42(51),15(85),45(46) : 178
9 : 49(41),42(50),20(78),19(80),51(39),22(75) : 203
10 : 54(35),49(42),34(59),78(14),13(88) : 228
11 : 66(26),72(20),39(56),56(33) : 233
12 : 43(49),71(21),29(67),34(61),43(47),15(86) : 235
13 : 60(29),83(11),42(53),69(24) : 254
14 : 84(10),55(34),43(48),73(17) : 255
15 : 75(16),76(15),73(18),42(52) : 266
16 : 60(28),81(13),89(7),39(55) : 269
17 : 48(43),72(19),90(6),64(27) : 274
18 : 94(2),58(31),70(22),59(30) : 281
19 : 82(12),57(32),52(37),97(1) : 288
20 : 85(9),69(25),70(23),52(38) : 276
21 : 98(0),91(4),92(3) : 281
22 : 86(8),91(5) : 177
