Bin number: 28
Bin size: 300
Item number: 100
Bin Id: item size (item id),... : total item size
1 : 32(95),35(87),31(96),31(97) : 129
2 : 43(73),42(77),45(70) : 130
3 : 33(93),44(72),38(81),35(89) : 150
4 : 33(94),42(74),57(63),34(92) : 166
5 : 30(99),37(82),45(69),58(62) : 170
6 : 37(83),55(65),34(90),54(66) : 180
7 : 36(84),59(60),48(68),41(79) : 184
8 : 34(91),57(64),42(76),60(58) : 193
9 : 69(45),61(54),36(85),41(78) : 207
10 : 61(57),44(71),73(36),42(75) : 220
11 : 69(44),66(51),39(80),54(67) : 228
12 : 70(40),70(41),31(98),60(59) : 231
13 : 69(46),71(39),76(35),35(88) : 251
14 : 67(50),82(26),68(49),35(86) : 252
15 : 70(42),61(56),59(61),69(47) : 259
16 : 86(20),85(21),98(2) : 269
17 : 76(33),64(53),69(43),65(52) : 274
18 : 91(14),94(10),91(15) : 276
19 : 79(29),94(11),99(0) : 272
20 : 76(34),68(48),61(55),72(37) : 277
21 : 89(16),96(6),99(1) : 284
22 : 81(28),95(7),97(4) : 273
23 : 82(24),94(13),97(3) : 273
24 : 87(18),95(9),96(5) : 278
25 : 88(17),94(12),95(8) : 277
26 : 86(19),84(22),82(25) : 252
27 : 78(31),81(27),83(23) : 242
28 : 76(32),78(30),71(38) : 225
