Bin number: 17
Bin size: 748
Item number: 100
Bin Id: item size (item id),... : total item size
1 : 39(84),56(60),57(57),79(31) : 231
2 : 47(70),64(48),93(12),35(89) : 239
3 : 60(54),52(65),97(4),46(75) : 255
4 : 69(45),57(58),54(62),92(13) : 272
5 : 62(52),51(66),96(8),73(38) : 282
6 : 47(69),46(72),49(68),55(61),52(64),43(80) : 292
7 : 84(22),64(49),94(11),38(86),40(83) : 320
8 : 87(16),98(3),97(5),59(55) : 341
9 : 31(95),96(7),98(2),74(37),63(51) : 362
10 : 39(85),41(81),99(0),72(40),82(26),64(50) : 397
11 : 32(94),91(14),83(24),51(67),61(53),36(87),74(36) : 428
12 : 89(15),95(10),44(77),46(74),96(6),65(47),30(97) : 465
13 : 77(32),79(30),56(59),99(1),53(63),79(29),69(44) : 512
14 : 36(88),87(18),71(42),83(25),96(9),84(21),43(78),30(99),30(98) : 560
15 : 46(71),34(91),83(23),87(17),46(76),43(79),74(35),34(90),76(34),66(46) : 589
16 : 46(73),80(28),32(93),57(56),71(41),33(92),69(43),72(39),85(20),81(27),31(96) : 657
17 : 40(82),86(19),77(33) : 203
