Bin number: 20
Bin size: 450
Item number: 100
Bin Id: item size (item id),... : total item size
1 : 2(96),1(97),1(99),7(90),3(94),1(98) : 15
2 : 17(83),38(66),44(57) : 99
3 : 31(73),29(75),40(63),25(78) : 125
4 : 29(76),37(67),41(61),26(77),10(86),2(95) : 145
5 : 51(50),52(48),45(56),31(74) : 179
6 : 41(60),60(40),67(32),7(91),20(82) : 195
7 : 39(65),64(38),66(33),33(72) : 202
8 : 36(70),56(43),65(34),53(47),11(84),7(88) : 228
9 : 36(69),77(28),57(42),42(59),11(85),6(92),9(87) : 238
10 : 91(8),65(35),39(64),79(22) : 274
11 : 85(15),92(5),50(51),5(93),46(55),7(89) : 285
12 : 86(13),81(20),77(26),43(58) : 287
13 : 93(4),94(3),100(0),22(80) : 309
14 : 92(6),40(62),79(23),89(10),22(81) : 322
15 : 77(27),99(1),77(25),91(7) : 344
16 : 48(53),81(19),96(2),56(44),71(30) : 352
17 : 62(39),86(12),80(21),84(17),50(52) : 362
18 : 36(68),84(18),84(16),88(11),56(46),34(71) : 382
19 : 57(41),78(24),69(31),64(37),86(14),56(45) : 410
20 : 91(9),22(79),64(36),73(29),47(54),51(49) : 348
