Bin number: 19
Bin size: 594
Item number: 100
Bin Id: item size (item id),... : total item size
1 : 59(55),48(73),67(47),56(61) : 230
2 : 31(97),47(75),30(99),35(94) : 143
3 : 46(80),61(52),55(66),30(98) : 192
4 : 56(62),56(65),57(60) : 169
5 : 95(7),83(28),60(54),99(2),60(53) : 397
6 : 67(48),89(21),85(26),79(35),63(49) : 383
7 : 38(90),90(17),39(89),45(82),61(50) : 273
8 : 94(12),93(13),53(67),42(88) : 282
9 : 84(27),45(81),85(25),80(33) : 294
10 : 57(58),86(24),68(46),100(0) : 311
11 : 81(32),37(92),98(4),72(40),43(85) : 331
12 : 47(77),76(37),94(11),51(70),73(39) : 341
13 : 48(74),94(10),42(87),95(6),89(22) : 368
14 : 57(57),82(30),97(5),61(51),76(38),58(56) : 431
15 : 43(86),53(69),47(78),88(23),98(3),49(72),56(64) : 434
16 : 46(79),95(8),79(34),91(16),90(19),57(59) : 458
17 : 99(1),32(96),69(45),69(44),38(91),81(31),71(43),47(76) : 506
18 : 51(71),56(63),71(41),93(14),77(36),44(83),83(29),36(93) : 511
19 : 90(20),90(18),33(95),92(15),53(68),94(9),44(84),71(42) : 567
