Bin number: 23
Bin size: 448
Item number: 100
Bin Id: item size (item id),... : total item size
1 : 72(46),96(2) : 168
2 : 53(61),91(17),30(84) : 174
3 : 99(0),34(81),38(74) : 171
4 : 95(7),28(86),52(63) : 175
5 : 64(53),92(12),27(88) : 183
6 : 76(37),97(1),24(92) : 197
7 : 83(31),73(42),22(98),23(94) : 201
8 : 31(83),92(14),82(32) : 205
9 : 60(56),88(24),27(87),38(73) : 213
10 : 95(5),69(48),55(60) : 219
11 : 94(10),57(58),24(91),58(57) : 233
12 : 93(11),85(29),48(65),24(93) : 250
13 : 89(20),65(52),85(28),32(82) : 271
14 : 95(6),56(59),48(66),23(95),66(50),38(75) : 326
15 : 86(26),81(33),30(85),88(23),67(49) : 352
16 : 72(45),91(16),39(71),96(4),38(76),37(77) : 373
17 : 70(47),62(54),25(90),75(39),61(55),34(80),72(44) : 399
18 : 52(64),73(40),90(18),52(62),22(96) : 289
19 : 96(3),91(15),88(22),45(68),21(99) : 341
20 : 77(36),92(13),65(51),27(89),42(70),36(78) : 339
21 : 72(43),46(67),35(79),89(19),43(69),76(38) : 361
22 : 94(9),87(25),73(41),84(30),39(72),22(97) : 399
23 : 81(34),86(27),77(35),95(8),89(21) : 428
