Bin number: 19
Bin size: 450
Item number: 100
Bin Id: item size (item id),... : total item size
1 : 27(73),8(95),31(63),25(77) : 91
2 : 15(87),33(62),27(72),2(97),28(70) : 105
3 : 8(96),9(93),37(60),31(65),20(81),2(99),20(82) : 127
4 : 15(89),54(45),8(94),26(74),31(66),28(69),2(98) : 164
5 : 13(92),19(83),31(64),29(68),46(54),41(57),14(90) : 193
6 : 18(84),41(58),55(44),14(91),66(36),15(88) : 209
7 : 22(79),62(40),48(51),26(76),27(71),62(41) : 247
8 : 88(10),85(14),86(11),18(85) : 277
9 : 52(46),99(2),75(26),49(50),22(78) : 297
10 : 81(20),99(1),80(21),38(59) : 298
11 : 100(0),66(35),91(7),58(42) : 315
12 : 21(80),63(39),50(49),93(6),26(75),29(67),34(61) : 316
13 : 43(56),85(13),84(16),85(15),46(53),16(86) : 359
14 : 72(29),68(33),51(47),82(18),84(17) : 357
15 : 68(34),50(48),82(19),77(24),57(43),44(55) : 378
16 : 73(28),86(12),89(9),70(31),75(27) : 393
17 : 98(4),89(8),69(32),98(3),63(38) : 417
18 : 48(52),79(22),76(25),71(30),64(37),78(23) : 416
19 : 96(5) : 96
