Bin number: 26
Bin size: 445
Item number: 100
Bin Id: item size (item id),... : total item size
1 : 96(8),68(52) : 164
2 : 88(23),94(10) : 182
3 : 80(39),99(2) : 179
4 : 98(4),43(81),31(97) : 172
5 : 88(20),85(30),75(46),40(85),45(79),87(25) : 420
6 : 83(37),33(90),75(45) : 191
7 : 93(13),55(71),84(32) : 232
8 : 77(44),86(27) : 163
9 : 60(62),64(57),85(28) : 209
10 : 68(51),56(70),30(99),66(53),32(96) : 252
11 : 91(17),92(14),32(92) : 215
12 : 58(63),88(21),88(24),47(77) : 281
13 : 99(3),57(67) : 156
14 : 57(68),95(9),30(98) : 182
15 : 81(38),47(75),61(59) : 189
16 : 32(93),80(40),49(73),100(0) : 261
17 : 83(36),79(42),100(1) : 262
18 : 58(64),61(60),90(18),32(95),32(94) : 273
19 : 86(26),98(6),77(43),36(87) : 297
20 : 84(34),94(11),54(72),74(47) : 306
21 : 46(78),64(56),91(16),83(35),41(84) : 325
22 : 56(69),72(49),80(41),34(89),42(82),65(55) : 349
23 : 93(12),85(31),92(15),98(5) : 368
24 : 69(50),88(22),47(76),42(83),58(66),34(88),33(91) : 371
25 : 49(74),72(48),89(19),85(29),60(61),44(80) : 399
26 : 40(86),63(58),84(33),65(54),96(7),58(65) : 406
