Bin number: 23
Bin size: 448
Item number: 100
Bin Id: item size (item id),... : total item size
1 : 63(46),100(2) : 163
2 : 55(61),96(7),24(94) : 175
3 : 100(0),36(86),38(81) : 174
4 : 88(17),60(53),27(92) : 175
5 : 94(12),36(84),36(83),22(98) : 188
6 : 67(37),69(31),34(88),28(91) : 198
7 : 44(74),65(42),91(14) : 200
8 : 100(1),98(5) : 198
9 : 59(56),69(32),53(63),34(87) : 215
10 : 77(24),63(48),55(60),23(95) : 218
11 : 95(10),44(73),94(11) : 233
12 : 57(58),70(29),52(65),60(52) : 239
13 : 83(20),72(28),52(64),66(40) : 273
14 : 59(57),25(93),86(18),55(59),51(66) : 276
15 : 97(6),37(82),90(15),53(62),49(68) : 326
16 : 62(50),99(3),79(22),43(75),29(89),23(96) : 335
17 : 68(36),91(13),61(51),74(26),50(67) : 344
18 : 69(33),47(70),36(85),78(23),42(78),62(49),20(99) : 354
19 : 64(43),41(79),90(16),47(71),42(77),48(69),29(90) : 361
20 : 63(45),99(4),84(19),43(76),63(47),22(97) : 374
21 : 59(54),95(9),67(39),59(55),74(25),45(72) : 399
22 : 41(80),67(38),66(41),69(30),72(27),95(8) : 410
23 : 68(34),68(35),83(21),63(44) : 282
