Bin number: 22
Bin size: 450
Item number: 100
Bin Id: item size (item id),... : total item size
1 : 22(96),21(97),31(86) : 74
2 : 45(66),35(83),20(99),41(73) : 141
3 : 40(75),51(57),39(76),26(90) : 156
4 : 46(63),45(67),47(61),23(94) : 161
5 : 59(50),39(77),48(60),54(56) : 200
6 : 39(78),60(48),67(40),43(72) : 209
7 : 45(65),70(38),75(32),25(91) : 215
8 : 23(95),41(74),35(82),64(43),73(34) : 236
9 : 44(70),74(33),81(28),44(69) : 243
10 : 60(47),49(59),65(42),30(88),34(84),20(98) : 258
11 : 96(8),72(35),97(5),24(93) : 289
12 : 45(64),58(51),93(15),93(13) : 289
13 : 87(20),82(26),55(55),49(58),32(85) : 305
14 : 84(22),98(3),100(0),24(92) : 306
15 : 97(4),97(6),31(87),95(10) : 320
16 : 47(62),84(23),99(1),81(27),28(89) : 339
17 : 83(25),56(53),37(80),99(2),44(68),37(81) : 356
18 : 96(7),88(19),94(12),91(17) : 369
19 : 68(39),63(44),86(21),89(18),62(46) : 368
20 : 78(30),57(52),92(16),66(41),95(11) : 388
21 : 83(24),71(37),44(71),95(9),93(14),37(79) : 423
22 : 78(31),63(45),72(36),81(29),56(54),59(49) : 409
