Bin number: 19
Bin size: 594
Item number: 100
Bin Id: item size (item id),... : total item size
1 : 22(97),43(75),53(62) : 118
2 : 20(99),52(65),24(94),51(66) : 147
3 : 41(80),60(52),55(60),22(98) : 178
4 : 44(73),59(55),63(47),29(90),37(82) : 232
5 : 55(61),72(27),29(89),74(25),34(88) : 264
6 : 88(17),94(12),38(81),50(67) : 270
7 : 91(13),69(33),62(50),57(58) : 279
8 : 77(24),69(32),63(46),42(77),47(70) : 298
9 : 27(92),100(0),67(37),94(11),36(85) : 324
10 : 99(4),67(39),66(40),83(21),34(87) : 349
11 : 44(74),74(26),95(10),68(35),79(22) : 360
12 : 63(48),62(49),59(54),96(7),97(6) : 377
13 : 72(28),69(30),100(2),60(53),36(86),42(78) : 379
14 : 59(57),98(5),67(38),61(51),48(69),78(23),23(96) : 434
15 : 41(79),45(72),99(3),68(34),59(56),90(16),52(64) : 454
16 : 95(8),84(19),63(45),47(71),55(59),63(44),69(31) : 476
17 : 100(1),28(91),64(43),53(63),43(76),66(41),91(14),36(83),25(93) : 506
18 : 83(20),68(36),70(29),86(18),23(95),90(15),49(68),95(9) : 564
19 : 36(84),65(42) : 101
