Bin number: 16
Bin size: 593
Item number: 100
Bin Id: item size (item id),... : total item size
1 : 1(97),1(99),29(75),22(80),3(94),7(90) : 63
2 : 39(65),40(62),41(60),2(96) : 122
3 : 46(55),31(73),53(47),7(89),41(61),20(82),1(98) : 199
4 : 100(0),93(4),64(37),36(70),31(74),7(91) : 331
5 : 88(11),62(39),60(40),89(10),47(54) : 346
6 : 77(28),91(7),92(6),48(53),79(22) : 387
7 : 94(3),65(34),91(8),81(19),56(45),34(71),42(59) : 463
8 : 99(1),56(44),56(43),69(31),40(63),57(41),86(14),2(95),36(68),5(93) : 506
9 : 81(20),64(36),17(83),73(29),84(18),85(15),11(84),57(42),91(9) : 563
10 : 38(66),50(52),7(88),22(81),37(67) : 154
11 : 86(12),84(17),86(13) : 256
12 : 77(27),51(50),77(25),66(33),6(92) : 277
13 : 43(58),67(32),78(24),56(46),26(77),11(85) : 281
14 : 9(87),52(48),80(21),65(35),51(49),77(26) : 334
15 : 10(86),96(2),71(30),44(57),92(5),50(51),22(79) : 385
16 : 64(38),36(69),25(78),33(72),79(23),45(56),84(16),39(64),29(76) : 434
