Bin number: 21
Bin size: 450
Item number: 100
Bin Id: item size (item id),... : total item size
1 : 43(73),28(95),39(77),28(96) : 138
2 : 33(87),50(63),45(70),22(99) : 150
3 : 50(62),44(72),31(93),39(81) : 164
4 : 58(45),51(60),27(97),42(74) : 178
5 : 47(65),32(89),29(94),47(66),31(92) : 186
6 : 47(69),38(82),65(36),37(83),32(90) : 219
7 : 52(54),59(44),47(68),37(84),39(79) : 234
8 : 49(64),52(57),52(58),31(91),54(51) : 238
9 : 62(40),84(14),39(76),71(26) : 256
10 : 89(10),62(41),87(11),37(85) : 275
11 : 76(20),98(2),75(21),39(78) : 288
12 : 45(71),98(1),57(46),99(0) : 299
13 : 55(50),66(35),90(7),61(42),39(80) : 311
14 : 63(39),92(6),56(49),81(15),42(75) : 334
15 : 51(59),81(16),69(29),85(13),67(33) : 353
16 : 52(56),25(98),47(67),66(34),50(61),57(47),70(28) : 367
17 : 80(18),81(17),33(88),54(53),77(19),57(48) : 382
18 : 74(24),85(12),61(43),89(9),52(55),34(86) : 395
19 : 93(4),67(31),90(8),65(37),98(3) : 413
20 : 70(27),75(22),73(25),68(30),74(23),64(38) : 424
21 : 54(52),67(32),93(5) : 214
