Bin number: 21
Bin size: 450
Item number: 100
Bin Id: item size (item id),... : total item size
1 : 41(73),23(95),46(63),22(96) : 132
2 : 39(77),31(87),47(62),28(89) : 145
3 : 43(72),24(93),21(97),44(70),37(81) : 169
4 : 48(60),45(65),45(66),35(82) : 173
5 : 63(45),23(94),41(74),44(69),20(99) : 191
6 : 24(92),35(83),45(64),34(84),51(57),26(90) : 215
7 : 44(68),56(54),49(58),63(44),25(91) : 237
8 : 72(36),67(40),37(79),39(76),32(85) : 247
9 : 58(51),66(41),44(71),87(20),20(98) : 275
10 : 95(10),99(2),99(1) : 293
11 : 93(14),95(11),62(46),49(59) : 299
12 : 82(26),100(0),59(50),72(35) : 313
13 : 86(21),39(78),37(80),96(7),59(49) : 317
14 : 65(42),68(39),97(6),54(56),56(53) : 340
15 : 40(75),93(13),92(16),93(15),47(61) : 365
16 : 45(67),81(29),74(33),73(34),30(88),64(43) : 367
17 : 60(47),89(18),91(17),60(48),83(24) : 383
18 : 88(19),81(28),94(12),78(31),57(52) : 398
19 : 97(4),95(9),55(55),96(8),71(37) : 414
20 : 81(27),31(86),84(22),83(25),78(30),70(38) : 427
21 : 75(32),98(3),84(23),97(5) : 354
