Bin number: 24
Bin size: 448
Item number: 100
Bin Id: item size (item id),... : total item size
1 : 66(46),99(0) : 165
2 : 98(2),38(86),36(88) : 172
3 : 55(61),87(17),32(94) : 174
4 : 96(7),41(81),39(84) : 176
5 : 61(53),93(12),30(98) : 184
6 : 74(37),79(31),40(83) : 193
7 : 46(74),71(42),83(24) : 200
8 : 99(1),33(92),64(48) : 196
9 : 91(14),57(56),56(60) : 204
10 : 97(5),53(63),36(87),32(93) : 218
11 : 77(32),95(10),46(73) : 218
12 : 57(58),34(91),94(11),52(65) : 237
13 : 79(29),85(20),57(57),40(82) : 261
14 : 62(52),80(28),52(64),31(95),49(68) : 274
15 : 72(40),87(18),96(6),51(66) : 306
16 : 56(59),64(50),84(22),54(62),74(36) : 332
17 : 98(3),89(15),46(75),77(33),31(96) : 341
18 : 92(13),63(51),82(26),39(85),69(43) : 345
19 : 35(89),47(70),83(23),64(49),51(67),69(45) : 349
20 : 43(78),43(79),87(16),46(71),97(4),46(76) : 362
21 : 86(19),47(69),30(99),65(47),96(9),59(55) : 383
22 : 44(77),60(54),34(90),72(39),83(25),43(80),46(72) : 382
23 : 73(38),71(41),79(30),74(35),96(8),30(97) : 423
24 : 76(34),81(27),84(21),69(44) : 310
