Bin number: 23
Bin size: 448
Item number: 100
Bin Id: item size (item id),... : total item size
1 : 66(46),100(0) : 166
2 : 98(2),51(61),24(92) : 173
3 : 96(7),56(53),21(98) : 173
4 : 91(17),32(86),33(81),22(94) : 178
5 : 92(12),32(84),30(88),32(83) : 186
6 : 72(37),71(42),55(56) : 198
7 : 39(74),75(31),64(48),23(93) : 201
8 : 99(1),75(32),28(91) : 202
9 : 92(14),78(24),39(73) : 209
10 : 96(5),93(10),31(87) : 220
11 : 52(60),47(63),76(29),46(65) : 221
12 : 53(58),93(11),57(52),38(75) : 241
13 : 84(20),54(57),76(28),59(50) : 273
14 : 46(64),72(40),90(18),33(82),53(59) : 294
15 : 96(6),45(66),22(95),91(15),72(36) : 326
16 : 96(3),83(22),49(62),92(13),22(96) : 342
17 : 43(68),58(51),30(89),77(26),73(33),63(49) : 344
18 : 42(70),32(85),79(23),70(43),35(78),34(79),66(45) : 358
19 : 44(67),91(16),41(71),96(4),37(76),35(77),20(99) : 364
20 : 87(19),43(69),56(54),29(90),94(9),72(39) : 381
21 : 65(47),55(55),78(25),34(80),71(41),75(30),22(97) : 400
22 : 72(38),41(72),73(34),77(27),73(35),83(21) : 419
23 : 96(8),70(44) : 166
