Bin number: 17
Bin size: 748
Item number: 100
Bin Id: item size (item id),... : total item size
1 : 44(84),57(60),57(57),67(48) : 225
2 : 51(70),60(54),56(65),69(45) : 236
3 : 94(12),57(58),47(75),61(52) : 259
4 : 98(4),81(31),56(62),43(86) : 278
5 : 55(66),53(69),49(72),76(38),53(68) : 286
6 : 95(8),93(13),56(61),56(64) : 300
7 : 89(22),63(49),94(11),46(80),33(95) : 325
8 : 91(16),98(3),95(7),59(55) : 343
9 : 39(89),97(5),99(2),44(83),61(51) : 340
10 : 43(85),76(37),100(0),93(14),86(24) : 398
11 : 45(81),72(40),85(26),53(67),60(53),61(50),42(87) : 418
12 : 35(94),92(15),94(10),77(36),47(77),48(74),38(91) : 431
13 : 95(6),67(47),81(32),82(30),99(1),42(88),31(97) : 497
14 : 57(59),83(29),69(44),90(18),71(42),85(25),89(21) : 544
15 : 56(63),51(71),94(9),47(78),88(23),90(17),47(76),46(79),36(93) : 555
16 : 30(99),48(73),30(98),79(35),38(90),79(34),83(28),58(56),45(82),71(41),71(43) : 632
17 : 68(46),90(19),37(92),73(39),90(20),84(27),80(33),32(96) : 554
