Bin number: 21
Bin size: 448
Item number: 100
Bin Id: item size (item id),... : total item size
1 : 57(46),97(2),14(88),1(99) : 169
2 : 45(61),99(0),26(81),4(98) : 174
3 : 92(7),85(17) : 177
4 : 18(86),52(53),90(12),10(92),9(94) : 179
5 : 24(84),71(37),30(74),64(42) : 189
6 : 99(1),75(31),25(83) : 199
7 : 89(14),48(56),74(32) : 211
8 : 78(24),96(5),44(63) : 218
9 : 56(48),45(60),92(10),17(87),12(91) : 222
10 : 32(73),47(58),91(11),54(52),10(93) : 234
11 : 75(29),40(65),84(20),48(57),9(95),5(97) : 261
12 : 76(28),42(64),66(40),84(18),8(96) : 276
13 : 94(6),47(59),40(66),55(50),89(15) : 325
14 : 25(82),97(3),80(22),45(62),71(36),13(89) : 331
15 : 38(68),29(75),90(13),54(51),73(33),38(70),21(85) : 343
16 : 77(26),78(23),62(43),28(78),55(49),39(67),12(90) : 351
17 : 28(79),60(45),88(16),36(71),96(4),29(76),28(80) : 365
18 : 84(19),29(77),38(69),56(47),50(54),92(9),34(72) : 383
19 : 68(39),50(55),77(25),70(38),75(30),61(44) : 401
20 : 65(41),73(34),77(27),92(8),80(21) : 387
21 : 72(35) : 72
