Bin number: 22
Bin size: 450
Item number: 100
Bin Id: item size (item id),... : total item size
1 : 48(73),32(95),35(87),32(96) : 147
2 : 45(77),53(63),30(97),33(93) : 161
3 : 53(62),49(70),66(45) : 168
4 : 48(72),54(60),42(81),34(89) : 178
5 : 52(65),32(94),52(66),30(99),33(92) : 199
6 : 45(74),51(69),41(82),41(83),34(90) : 212
7 : 73(36),53(64),56(57),67(44) : 249
8 : 40(84),51(68),55(58),34(91),71(40) : 251
9 : 62(54),63(51),44(79),45(76),40(85) : 254
10 : 93(14),71(41),49(71),86(21) : 299
11 : 99(2),97(10),100(1) : 296
12 : 87(20),97(11),65(46),64(50) : 313
13 : 81(26),100(0),44(78),43(80),45(75) : 313
14 : 73(35),98(7),70(42),55(59),34(88) : 330
15 : 71(39),98(6),64(49),78(29),30(98) : 341
16 : 73(33),57(56),94(13),93(15),53(61) : 370
17 : 92(16),52(67),73(34),64(47),90(17) : 371
18 : 89(18),62(53),64(48),83(24),94(12) : 392
19 : 79(28),88(19),68(43),99(4),61(55) : 395
20 : 97(9),98(8),80(27),62(52),82(25) : 419
21 : 76(31),85(22),38(86),75(32),77(30),72(37) : 423
22 : 99(3),83(23),72(38),99(5) : 353
