Bin number: 22
Bin size: 448
Item number: 100
Bin Id: item size (item id),... : total item size
1 : 33(91),36(87),40(85) : 109
2 : 33(90),47(76),57(68),34(88) : 171
3 : 61(60),42(82),77(43),32(95) : 212
4 : 58(63),65(54),32(96),49(74),43(81) : 247
5 : 84(34),85(28),86(27) : 255
6 : 77(44),69(50),83(35),32(93) : 261
7 : 66(53),85(31),32(94),58(64),34(89) : 275
8 : 79(42),88(20),84(33),30(98) : 281
9 : 94(10),56(70),47(77),94(11) : 291
10 : 95(9),91(16),58(65),64(56) : 308
11 : 91(17),75(45),63(58),83(37) : 312
12 : 68(52),68(51),61(59),42(83),81(38) : 320
13 : 72(49),99(3),93(13),60(61) : 324
14 : 80(41),89(19),99(2),72(48) : 340
15 : 98(5),64(57),49(73),93(12),41(84) : 345
16 : 56(69),92(14),86(26),47(75),31(97),44(80) : 356
17 : 85(30),100(1),74(47),30(99),84(32) : 373
18 : 87(25),83(36),96(8),92(15),32(92) : 390
19 : 60(62),85(29),88(24),80(40),88(21) : 401
20 : 46(78),58(66),80(39),65(55),98(6),57(67) : 404
21 : 40(86),90(18),45(79),96(7),88(22),54(72) : 413
22 : 100(0),75(46),88(23),55(71),98(4) : 416
