Bin number: 22
Bin size: 450
Item number: 100
Bin Id: item size (item id),... : total item size
1 : 46(73),31(95),36(87),31(96) : 144
2 : 44(77),53(63),32(93),30(97) : 159
3 : 54(62),47(70),41(81),32(94) : 174
4 : 46(72),56(60),35(89),40(82) : 177
5 : 52(65),69(45),47(69),30(99) : 198
6 : 46(74),51(66),33(92),52(64),34(90) : 216
7 : 40(83),49(68),60(54),57(57),34(91) : 240
8 : 39(84),74(36),69(44),63(51) : 245
9 : 57(58),43(79),91(14),71(41) : 262
10 : 72(40),46(76),95(10),64(50) : 277
11 : 98(2),99(1),99(0) : 296
12 : 46(71),94(11),85(20),74(35) : 299
13 : 39(85),82(26),84(21),66(46),43(78) : 314
14 : 96(7),43(80),72(39),71(42),56(59) : 338
15 : 96(6),64(49),87(16),46(75),55(61) : 348
16 : 89(15),92(13),79(29),30(98),77(33) : 367
17 : 57(56),51(67),76(34),36(88),65(47),86(19) : 371
18 : 87(17),87(18),64(48),83(24),69(43) : 390
19 : 61(53),80(28),93(12),96(9),62(52) : 392
20 : 97(4),59(55),96(8),81(27),83(25) : 416
21 : 79(31),84(22),38(86),77(32),74(37),73(38) : 425
22 : 79(30),98(3),83(23),97(5) : 357
