Bin number: 21
Bin size: 450
Item number: 100
Bin Id: item size (item id),... : total item size
1 : 34(87),23(96),53(63),45(72) : 155
2 : 94(12),64(43),99(4),95(9),59(55) : 411
3 : 38(81),63(45),55(60),29(89) : 185
4 : 66(41),91(14),95(10),36(85) : 288
5 : 74(26),47(71),94(11),83(21) : 298
6 : 25(93),22(97),53(62),47(70),24(94) : 171
7 : 23(95),44(73),42(77),20(99) : 129
8 : 52(65),44(74),48(69),27(92),28(91) : 199
9 : 51(66),37(82),36(83),68(36),29(90) : 221
10 : 36(84),63(44),52(64),49(68),43(76) : 243
11 : 59(54),57(58),59(57),66(40) : 241
12 : 41(79),61(51),100(2),55(59),22(98) : 279
13 : 83(20),100(1),63(46),59(56) : 305
14 : 100(0),68(35),62(50),42(78),41(80) : 313
15 : 96(7),67(39),65(42),62(49),50(67) : 340
16 : 97(6),70(29),91(13),90(16) : 348
17 : 69(33),43(75),90(15),68(34),34(88),60(53) : 364
18 : 55(61),86(18),88(17),72(28),77(24) : 378
19 : 63(47),84(19),63(48),69(31),72(27),36(86) : 387
20 : 95(8),79(22),74(25),99(3),78(23) : 425
21 : 69(32),60(52),69(30),67(37),67(38),98(5) : 430
