Bin number: 19
Bin size: 448
Item number: 100
Bin Id: item size (item id),... : total item size
1 : 56(46),96(2),10(86),7(88),1(98) : 170
2 : 41(61),100(0),22(81),11(84),1(99) : 175
3 : 91(7),84(17),3(94) : 178
4 : 48(53),86(12),31(74),17(83),2(95),2(96) : 186
5 : 64(37),69(31),6(92),57(42),1(97) : 197
6 : 99(1),86(14),9(87),7(91) : 201
7 : 45(56),78(24),92(5) : 215
8 : 67(32),41(60),40(63),31(73),43(58) : 222
9 : 52(48),89(10),39(65),44(57) : 224
10 : 88(11),73(29),81(20),5(93),7(89) : 254
11 : 50(52),77(28),39(64),60(40),38(66),11(85) : 275
12 : 84(18),92(6),20(82),42(59),51(50),25(78) : 314
13 : 85(15),94(3),79(22),40(62),36(68),7(90) : 341
14 : 64(36),29(75),86(13),77(26),66(33),22(79) : 344
15 : 50(51),36(70),79(23),56(43),37(67),56(45),34(71) : 348
16 : 51(49),84(16),93(4),81(19),29(76),26(77) : 364
17 : 36(69),47(54),53(47),91(9),62(39),77(25),22(80) : 388
18 : 46(55),64(38),57(41),71(30),33(72),77(27),56(44) : 404
19 : 65(34),65(35),91(8),80(21) : 301
