Bin number: 18
Bin size: 594
Item number: 100
Bin Id: item size (item id),... : total item size
1 : 39(73),55(55),65(47),29(90),30(89) : 218
2 : 45(66),22(94),57(52),52(60) : 176
3 : 93(10),72(40),83(21),64(48),56(54) : 368
4 : 22(97),38(75),20(99),34(80) : 114
5 : 92(12),33(81),77(27),44(67),30(88) : 276
6 : 46(65),49(62),24(92),21(98) : 140
7 : 51(61),33(82),91(17),78(25) : 253
8 : 92(13),59(50),78(24),53(58) : 282
9 : 73(33),66(46),35(77),100(0),31(87) : 305
10 : 75(32),96(4),42(70),72(37),32(85) : 317
11 : 39(74),93(11),72(39),77(26),73(35) : 354
12 : 76(28),63(49),96(7),96(6),54(57) : 385
13 : 83(22),56(53),98(2),75(30),96(5) : 408
14 : 32(86),58(51),34(79),72(38),35(78),41(72),96(3),55(56) : 423
15 : 43(69),79(23),73(34),96(8),91(16),66(45) : 448
16 : 46(64),87(19),22(96),99(1),41(71),53(59),70(44),70(43) : 488
17 : 28(91),75(31),47(63),37(76),71(41),92(14),32(83),76(29),22(95),43(68) : 523
18 : 84(20),72(36),90(18),91(15),32(84),94(9),71(42),23(93) : 557
