Bin number: 18
Bin size: 594
Item number: 100
Bin Id: item size (item id),... : total item size
1 : 27(97),42(75),22(99),39(80) : 130
2 : 47(65),50(62),47(66) : 144
3 : 54(52),51(60),29(94),39(81) : 173
4 : 52(55),43(73),81(17),38(82) : 214
5 : 57(47),50(61),85(12),32(90) : 224
6 : 70(27),85(13),73(25),32(89) : 260
7 : 55(50),47(67),67(33),67(32),52(58) : 288
8 : 74(24),33(88),57(46),31(92),93(4) : 288
9 : 99(0),39(77),65(37),63(39),62(40) : 328
10 : 87(11),45(70),75(21),42(74),37(85),57(48) : 343
11 : 89(10),71(26),66(35),56(49),52(54),25(98) : 359
12 : 33(87),70(28),90(7),92(6),54(53),34(86) : 373
13 : 75(22),98(2),68(30),52(57),64(38),39(79) : 396
14 : 93(5),54(51),74(23),47(69),52(56),44(72),66(34) : 430
15 : 39(78),98(3),90(8),81(16),77(19),28(96),45(71) : 458
16 : 49(64),58(45),98(1),51(59),59(44),67(31),31(91),50(63),28(95) : 491
17 : 61(43),39(76),62(41),84(14),76(20),69(29),47(68),89(9) : 527
18 : 65(36),37(83),80(18),81(15),37(84),61(42),31(93) : 392
