Bin number: 17
Bin size: 593
Item number: 100
Bin Id: item size (item id),... : total item size
1 : 2(97),28(75),1(99),22(80),4(94),8(90),2(98) : 67
2 : 40(65),41(62),43(60) : 124
3 : 39(66),50(52),30(73),42(61) : 161
4 : 49(55),56(47),10(89),81(17),11(88) : 207
5 : 20(82),20(81),87(12),72(27),38(67),5(92),2(96) : 244
6 : 86(13),75(25),51(50),56(46) : 268
7 : 43(58),67(33),76(24),69(32),33(70) : 288
8 : 25(77),98(0),16(85),65(37),96(4),11(87) : 311
9 : 29(74),88(11),64(39),64(40),78(21),15(86) : 338
10 : 55(48),92(10),74(26),67(35),71(28),5(91) : 364
11 : 52(49),49(54),95(7),77(22),97(2),5(93) : 375
12 : 95(6),50(53),70(30),45(57),50(51),22(79),65(38),4(95) : 401
13 : 95(5),35(69),25(78),32(72),77(23),47(56),81(16),40(64) : 432
14 : 97(3),67(34),95(8),78(19),56(45),33(71),40(63) : 466
15 : 97(1),43(59),58(44),69(31),58(43),28(76),63(41),86(14) : 502
16 : 78(20),65(36),18(83),70(29),80(18),85(15),93(9),62(42) : 551
17 : 36(68),17(84) : 53
