Bin number: 19
Bin size: 594
Item number: 100
Bin Id: item size (item id),... : total item size
1 : 41(75),48(65),46(66) : 135
2 : 32(97),51(62),30(99),34(94) : 147
3 : 40(80),58(52),44(73),35(90) : 177
4 : 54(60),56(55),35(89),46(67) : 191
5 : 62(47),51(61),87(17),39(82) : 239
6 : 90(12),90(13),35(88),55(58) : 270
7 : 80(27),39(81),59(50),73(33),34(92) : 285
8 : 80(25),80(24),64(46),69(37) : 293
9 : 74(32),99(0),96(4),46(70) : 315
10 : 41(77),90(11),36(85),67(40),44(74),59(48) : 337
11 : 68(39),91(10),84(21),36(87),80(26) : 359
12 : 70(35),59(49),92(7),57(54),98(2) : 376
13 : 78(28),92(6),84(22),57(53),76(30) : 387
14 : 36(86),93(5),56(57),31(98),58(51),68(38),40(79),45(72) : 427
15 : 46(69),41(78),97(3),56(56),91(8),72(34),49(64) : 452
16 : 82(23),88(16),85(19),65(45),99(1),41(76) : 460
17 : 32(96),46(71),55(59),65(44),35(91),75(31),65(43),50(63),46(68),37(84) : 506
18 : 66(41),89(14),84(20),70(36),38(83),77(29),34(95),88(15) : 546
19 : 85(18),91(9),65(42),34(93) : 275
