Bin number: 45
Bin size: 399
Item number: 200
Bin Id: item size (item id),... : total item size
1 : 33(168),25(187),24(188),23(190) : 105
2 : 39(157),28(178),27(183),26(185) : 120
3 : 30(174),41(153),29(175),21(196) : 121
4 : 40(156),28(179),27(184),47(134) : 142
5 : 35(163),42(148),35(164),37(160) : 149
6 : 46(137),41(152),51(127),20(198) : 158
7 : 42(149),55(119),34(167),29(176) : 160
8 : 57(115),45(138),43(144),27(182) : 172
9 : 32(171),60(106),47(136),34(165) : 173
10 : 43(142),66(91),53(122),20(199) : 182
11 : 58(112),43(145),68(88),30(172) : 199
12 : 70(84),61(104),56(116),25(186) : 212
13 : 50(128),67(89),68(86),33(170) : 218
14 : 66(92),56(117),76(62),28(177) : 226
15 : 52(126),77(58),76(63),34(166) : 239
16 : 73(68),65(95),61(101),48(133) : 247
17 : 44(141),57(114),83(44),73(73) : 257
18 : 59(108),61(102),73(66),50(129),23(191) : 266
19 : 71(78),59(110),21(197),59(109),60(107) : 270
20 : 84(42),87(31),66(93),40(155) : 277
21 : 87(34),54(120),54(121),88(29) : 283
22 : 33(169),92(21),49(131),83(43),30(173) : 287
23 : 43(143),96(11),82(47),72(76) : 293
24 : 84(41),81(51),87(32),43(146) : 295
25 : 81(48),62(100),100(1),58(111) : 301
26 : 97(8),95(14),74(65),36(162) : 302
27 : 73(67),76(64),41(154),80(52),42(147) : 312
28 : 79(56),91(23),95(13),49(132) : 314
29 : 99(3),87(33),95(12),39(158) : 320
30 : 94(17),76(61),63(99),95(15) : 328
31 : 73(69),89(25),78(57),88(30) : 328
32 : 73(72),68(85),66(90),94(18),28(180) : 329
33 : 86(35),72(74),99(2),53(123),22(193) : 332
34 : 68(87),98(5),70(82),73(70),23(192) : 332
35 : 61(103),89(27),97(7),49(130),44(140) : 340
36 : 98(4),86(36),61(105),79(54),22(195) : 346
37 : 63(97),82(45),79(55),97(6),28(181) : 349
38 : 64(96),63(98),45(139),36(161),70(80),72(77) : 350
39 : 89(28),47(135),81(49),86(37),53(124) : 356
40 : 85(40),91(22),73(71),93(20),22(194) : 364
41 : 42(150),41(151),72(75),56(118),85(39),71(79) : 367
42 : 77(59),57(113),100(0),70(81),70(83) : 374
43 : 82(46),80(53),66(94),24(189),89(26),38(159) : 379
44 : 90(24),77(60),81(50),85(38),52(125) : 385
45 : 93(19),96(10),96(9),94(16) : 379
