Bin number: 52
Bin size: 300
Item number: 200
Bin Id: item size (item id),... : total item size
1 : 27(183),25(187),32(171) : 84
2 : 95(17),94(20),96(12) : 285
3 : 95(15),97(7),100(0) : 292
4 : 62(106),51(137),59(115),33(169) : 205
5 : 91(28),31(173),80(48),92(25) : 294
6 : 92(24),57(120),57(123),87(35) : 293
7 : 46(146),43(151),65(100),41(153) : 195
8 : 93(23),97(8),100(2) : 290
9 : 53(131),39(159),26(186),29(177),30(176) : 177
10 : 58(118),79(51),60(112),61(109) : 258
11 : 36(164),23(191),22(195),28(181) : 109
12 : 30(175),41(154),25(188),28(180),24(190) : 148
13 : 86(37),84(40),71(81),43(150) : 284
14 : 59(117),76(64),73(74),27(184) : 235
15 : 31(172),72(78),53(133),67(95) : 223
16 : 73(75),63(102),23(192),66(96) : 225
17 : 63(104),65(97),46(145),36(162) : 210
18 : 81(45),47(142),92(26),70(85) : 290
19 : 79(50),63(103),55(126),69(88) : 266
20 : 77(60),78(56),72(80),36(163) : 263
21 : 65(99),76(66),52(136),78(57) : 271
22 : 73(77),72(79),44(147),67(93) : 256
23 : 74(71),41(156),77(61),76(65) : 268
24 : 89(33),91(27),78(55),29(178) : 287
25 : 53(130),63(105),21(198),47(143) : 184
26 : 69(87),52(135),71(83),48(139) : 240
27 : 20(199),40(157),41(155),22(196) : 123
28 : 42(152),36(165),54(128),28(179) : 160
29 : 21(197),54(127),53(132),34(168) : 162
30 : 27(182),22(194),50(138),44(148),27(185) : 170
31 : 37(161),62(107),48(140),53(129) : 200
32 : 24(189),64(101),57(121),74(72) : 219
33 : 59(116),52(134),34(167),75(69) : 220
34 : 61(111),80(47),71(82),31(174) : 243
35 : 77(63),62(108),59(114),47(141) : 245
36 : 73(73),35(166),59(113),83(42) : 250
37 : 69(91),78(58),82(43),22(193) : 251
38 : 56(124),79(49),86(36),33(170) : 254
39 : 79(52),77(62),65(98),40(158) : 261
40 : 75(68),75(70),77(59),38(160) : 265
41 : 81(44),70(86),57(119),61(110) : 269
42 : 79(54),56(125),68(92),67(94) : 270
43 : 70(84),76(67),57(122),69(89) : 272
44 : 87(34),94(21),96(13) : 277
45 : 85(38),81(46),44(149),69(90) : 279
46 : 84(39),98(4),99(3) : 281
47 : 91(29),95(16),97(9) : 283
48 : 79(53),73(76),83(41),47(144) : 282
49 : 91(30),94(18),100(1) : 285
50 : 94(19),98(5),98(6) : 290
51 : 96(11),90(32),97(10) : 283
52 : 93(22),96(14),90(31) : 279
