Bin number: 45
Bin size: 300
Item number: 200
Bin Id: item size (item id),... : total item size
1 : 1(199),4(195) : 5
2 : 8(183),18(161),20(155),8(184),2(198) : 56
3 : 14(168),13(172),8(186),15(166),23(148) : 73
4 : 12(175),22(151),25(143),9(181),12(174),6(192) : 86
5 : 4(196),19(159),21(152),23(146),20(157),6(191) : 93
6 : 10(180),28(134),33(126),21(154),9(182) : 101
7 : 24(144),41(112),33(125),11(176) : 109
8 : 16(165),23(149),21(153),37(117),26(141),7(187) : 130
9 : 16(164),17(162),7(188),54(91),14(171),27(137),2(197) : 137
10 : 30(130),47(103),56(86),32(128),5(193),4(194) : 174
11 : 56(85),34(122),51(94),26(138),6(190),7(189) : 180
12 : 42(109),52(92),57(84),34(124) : 185
13 : 61(74),59(80),51(93),19(160) : 190
14 : 65(62),58(82),47(100),11(178),20(156) : 201
15 : 37(118),27(136),33(127),72(50),40(115) : 209
16 : 67(59),64(66),28(135),17(163),40(113) : 216
17 : 41(111),61(73),29(132),23(147),64(64) : 218
18 : 47(101),65(63),67(57),40(114) : 219
19 : 70(54),62(70),55(90),42(108) : 229
20 : 59(78),72(51),57(83),30(131),11(177) : 229
21 : 43(106),71(52),50(96),62(72),8(185) : 234
22 : 79(42),68(55),59(77),20(158),14(169) : 240
23 : 56(88),64(65),66(61),59(79) : 245
24 : 74(46),47(102),63(67),63(68) : 247
25 : 56(87),43(107),66(60),36(119),49(97) : 250
26 : 26(139),82(33),86(26),48(98),14(170) : 256
27 : 60(75),75(45),39(116),87(25) : 261
28 : 88(23),83(31),82(32),13(173) : 266
29 : 79(41),72(49),22(150),79(40),14(167) : 266
30 : 31(129),82(34),76(43),67(58),11(179) : 267
31 : 60(76),48(99),91(17),73(48) : 272
32 : 26(140),71(53),86(27),90(18) : 273
33 : 85(28),89(21),74(47),29(133) : 277
34 : 81(35),62(71),42(110),92(13) : 277
35 : 91(16),58(81),34(121),75(44),24(145) : 282
36 : 90(19),81(36),36(120),25(142),50(95) : 282
37 : 88(24),80(39),63(69),55(89) : 286
38 : 94(11),34(123),80(38),80(37) : 288
39 : 90(20),46(105),85(30),67(56) : 288
40 : 97(6),96(8),99(4) : 292
41 : 95(10),99(5),99(3) : 293
42 : 91(15),100(0),100(1) : 291
43 : 92(12),96(7),100(2) : 288
44 : 85(29),95(9),91(14) : 271
45 : 89(22),46(104) : 135
