Bin number: 43
Bin size: 499
Item number: 200
Bin Id: item size (item id),... : total item size
1 : 92(21),55(131),33(193) : 180
2 : 38(176),72(77),72(78) : 182
3 : 58(119),40(170),85(40) : 183
4 : 64(105),52(141),67(96) : 183
5 : 99(3),39(172),53(138) : 191
6 : 76(66),47(154),84(45) : 207
7 : 82(52),65(103),70(87) : 217
8 : 80(55),84(44),53(140) : 217
9 : 98(5),70(86),51(145) : 219
10 : 78(59),62(108),84(42) : 224
11 : 54(135),70(83),49(151),57(124) : 230
12 : 40(169),84(43),54(134),57(126) : 235
13 : 36(187),98(4),48(152),58(122) : 240
14 : 89(29),90(27),61(109) : 240
15 : 75(69),54(133),41(167),92(20) : 262
16 : 87(34),48(153),67(95),66(97) : 268
17 : 37(180),60(112),60(113),52(143),61(110) : 270
18 : 88(31),73(74),85(41),35(189) : 281
19 : 54(137),87(32),72(79),73(75) : 286
20 : 57(127),83(46),75(73),39(173),36(185) : 290
21 : 87(35),42(162),100(0),64(104) : 293
22 : 68(92),58(117),46(157),59(116),42(161),32(195) : 305
23 : 76(67),80(53),87(33),68(90) : 311
24 : 70(85),95(13),96(10),52(142) : 313
25 : 90(28),66(99),56(128),57(123),49(148) : 318
26 : 78(61),77(65),91(26),36(186),38(178) : 320
27 : 91(24),83(51),69(88),79(57) : 322
28 : 97(8),89(30),66(100),71(80) : 323
29 : 95(12),93(15),86(36),54(136) : 328
30 : 57(125),93(18),58(120),55(132),37(179),32(194) : 332
31 : 78(63),61(111),100(1),73(76),31(197) : 343
32 : 78(60),96(9),39(174),78(64),58(121) : 349
33 : 38(177),46(156),49(150),76(68),93(17),59(115) : 361
34 : 50(147),80(54),51(146),65(102),96(11),34(191) : 376
35 : 70(82),44(160),68(94),37(183),95(14),45(158),31(196) : 390
36 : 79(56),41(165),58(118),41(166),93(16),97(6) : 409
37 : 39(175),86(37),42(163),52(144),37(182),55(129),68(93),33(192) : 412
38 : 66(98),83(50),83(48),30(198),92(22),70(84) : 424
39 : 44(159),64(106),92(23),71(81),63(107),30(199),78(62) : 442
40 : 37(181),93(19),85(38),75(70),75(72),46(155),40(171) : 451
41 : 65(101),69(89),68(91),91(25),60(114),55(130),53(139) : 461
42 : 34(190),97(7),79(58),99(2),83(49),35(188),40(168) : 467
43 : 42(164),36(184),49(149),85(39),83(47),75(71) : 370
