Bin number: 51
Bin size: 300
Item number: 200
Bin Id: item size (item id),... : total item size
1 : 93(17),93(16),94(13) : 280
2 : 85(37),41(145),91(22),78(56) : 295
3 : 26(183),34(161),36(155) : 96
4 : 74(66),40(147),71(73),54(108) : 239
5 : 95(11),96(10),99(4) : 290
6 : 74(67),68(79),79(55),42(139) : 263
7 : 36(157),40(146),23(191),45(134) : 144
8 : 82(46),76(61),32(169),73(68) : 263
9 : 39(148),38(151),27(181),30(174) : 134
10 : 85(36),82(44),30(173),94(14) : 291
11 : 45(133),60(95),94(15),95(12) : 294
12 : 75(64),69(78),83(42),20(197) : 247
13 : 98(7),100(1),100(2) : 298
14 : 32(167),89(27),89(28),71(71) : 281
15 : 42(141),52(117),24(187),23(188),34(162) : 175
16 : 72(70),52(114),79(54),45(131) : 248
17 : 89(26),87(33),52(119),39(150) : 267
18 : 52(113),45(132),62(90),78(59) : 237
19 : 86(34),81(49),82(43),28(179) : 277
20 : 96(8),100(0),99(3) : 295
21 : 87(32),88(31),58(99),42(140) : 275
22 : 77(60),58(98),52(116),84(41) : 271
23 : 88(30),63(89),85(38),57(104) : 293
24 : 20(199),21(195),21(196) : 62
25 : 32(168),31(172),26(184),32(166) : 121
26 : 37(154),52(112),28(176),37(153) : 154
27 : 57(103),31(171),65(85),43(137) : 196
28 : 24(186),28(175),41(143),27(180) : 120
29 : 35(159),37(152),22(192),41(144) : 135
30 : 47(126),27(182),33(165),39(149) : 146
31 : 48(125),33(164),61(91),22(193) : 164
32 : 46(130),60(94),47(128),50(122) : 203
33 : 65(86),61(92),54(109),23(190) : 203
34 : 66(84),70(74),43(138),35(160) : 214
35 : 68(80),60(93),66(82),22(194) : 216
36 : 58(100),49(124),52(118),47(127),20(198) : 226
37 : 76(62),52(111),44(136),33(163),28(178) : 233
38 : 57(101),36(156),81(50),60(96) : 234
39 : 52(115),45(135),66(83),71(72) : 234
40 : 76(63),28(177),78(57),65(88) : 247
41 : 56(106),81(51),57(102),55(107) : 249
42 : 80(52),65(87),35(158),74(65) : 254
43 : 70(77),58(97),26(185),23(189),82(45) : 259
44 : 70(75),47(129),84(40),70(76) : 271
45 : 90(23),90(25),91(21) : 271
46 : 31(170),86(35),81(47),80(53) : 278
47 : 78(58),92(18),41(142),72(69) : 283
48 : 92(19),53(110),90(24),50(123) : 285
49 : 68(81),51(121),81(48),85(39) : 285
50 : 92(20),51(120),56(105),89(29) : 288
51 : 98(6),96(9),98(5) : 292
