Bin number: 48
Bin size: 399
Item number: 200
Bin Id: item size (item id),... : total item size
1 : 42(169),46(158),39(175) : 127
2 : 35(188),47(154),46(157) : 128
3 : 35(189),36(184),39(179),35(191) : 145
4 : 36(186),39(176),36(185),49(149) : 160
5 : 38(180),43(164),43(165),44(161) : 168
6 : 54(135),56(128),60(120) : 170
7 : 48(153),30(197),54(138),42(168) : 174
8 : 49(150),62(116),69(92) : 180
9 : 41(172),52(139),63(113),37(183) : 193
10 : 51(145),52(143),65(107),30(199) : 198
11 : 54(137),70(89),51(146),36(187) : 211
12 : 72(85),39(177),43(166),62(117) : 216
13 : 59(123),56(129),71(87),41(171) : 227
14 : 65(105),69(93),56(127),40(173) : 230
15 : 70(90),81(63),82(59) : 233
16 : 60(118),81(64),43(167),52(142) : 236
17 : 68(96),67(102),62(115),63(111) : 260
18 : 79(69),87(45),67(103),30(198) : 263
19 : 64(109),75(79),78(74),59(121) : 276
20 : 56(130),54(134),90(32),80(67) : 280
21 : 88(43),89(35),69(94),41(170) : 287
22 : 64(110),64(108),59(122),33(192),67(101) : 287
23 : 47(156),94(22),55(132),100(1) : 296
24 : 98(12),51(144),87(44),63(112) : 299
25 : 91(30),86(48),77(77),44(163) : 298
26 : 88(42),85(52),90(33),40(174) : 303
27 : 98(9),86(49),83(57),38(181) : 305
28 : 96(15),80(68),85(53),50(148) : 311
29 : 93(24),81(65),47(155),97(14) : 318
30 : 99(4),81(66),50(147),91(26) : 321
31 : 89(34),97(13),96(16),45(159) : 327
32 : 95(18),67(100),79(70),89(36) : 330
33 : 82(62),71(88),83(58),99(6) : 335
34 : 79(73),72(86),95(19),90(31) : 336
35 : 70(91),39(178),77(75),54(133),65(104),32(194) : 337
36 : 73(83),91(28),98(8),79(71) : 341
37 : 58(124),99(5),65(106),67(98),52(140) : 341
38 : 89(37),68(97),55(131),87(46),52(141) : 351
39 : 99(7),84(55),83(56),88(41) : 354
40 : 67(99),91(29),74(81),44(162),79(72) : 355
41 : 54(136),77(78),93(23),32(196),32(193),77(76) : 365
42 : 89(38),86(50),48(151),94(21),48(152) : 365
43 : 37(182),100(2),32(195),82(60),62(114),60(119) : 373
44 : 57(125),88(40),87(47),74(80),69(95) : 375
45 : 100(0),84(54),100(3),95(20) : 379
46 : 92(25),35(190),73(82),82(61),45(160),57(126) : 384
47 : 73(84),98(11),98(10),95(17) : 364
48 : 91(27),85(51),88(39) : 264
