Bin number: 59
Bin size: 300
Item number: 200
Bin Id: item size (item id),... : total item size
1 : 93(8),46(132) : 139
2 : 76(44),30(174),33(165) : 139
3 : 48(129),69(67),21(190) : 138
4 : 97(3),42(140) : 139
5 : 96(4),43(139) : 139
6 : 65(81),77(39) : 142
7 : 48(127),68(68),27(181) : 143
8 : 87(23),58(100) : 145
9 : 74(52),34(162),35(158) : 143
10 : 54(113),57(105),36(155) : 147
11 : 84(27),30(175),36(151) : 150
12 : 78(37),53(119),20(196) : 151
13 : 78(38),40(142),35(160) : 153
14 : 50(125),71(62),32(169) : 153
15 : 45(135),61(90),20(198),28(179) : 154
16 : 93(10),33(164),29(176) : 155
17 : 93(9),21(195),44(137) : 158
18 : 99(2),38(144),25(186) : 162
19 : 75(45),55(108),32(168) : 162
20 : 72(57),89(17) : 161
21 : 67(75),72(59),21(193) : 160
22 : 54(112),60(92),54(110) : 168
23 : 84(28),56(107),27(180) : 167
24 : 91(14),53(117),26(183) : 170
25 : 91(13),53(118),29(177) : 173
26 : 48(128),49(126),81(32) : 178
27 : 58(97),67(71),53(115) : 178
28 : 74(51),38(148),38(146),36(150) : 186
29 : 68(70),58(99),59(93) : 185
30 : 46(133),73(53),46(134),21(194) : 186
31 : 58(98),79(36),54(114) : 191
32 : 77(40),45(136),72(60) : 194
33 : 58(96),67(73),69(64) : 194
34 : 76(42),99(0),21(192) : 196
35 : 99(1),70(63),31(172) : 200
36 : 26(184),88(21),36(154),51(124) : 201
37 : 85(24),84(26),38(147) : 207
38 : 40(143),89(18),58(95),21(189) : 208
39 : 94(6),67(77),53(116) : 214
40 : 27(182),80(34),76(43),32(170) : 215
41 : 33(163),36(157),93(11),36(156),20(197) : 218
42 : 63(87),28(178),59(94),72(56) : 222
43 : 66(78),67(72),74(47),21(191) : 228
44 : 36(152),89(16),74(49),32(167) : 231
45 : 47(131),80(35),68(69),38(145) : 233
46 : 51(123),76(41),65(82),43(138) : 235
47 : 62(89),90(15),95(5) : 247
48 : 91(12),74(50),57(103),31(171) : 253
49 : 81(31),57(104),57(102),35(159),23(187) : 253
50 : 87(22),41(141),64(84),65(83) : 257
51 : 67(76),73(55),36(153),31(173),56(106) : 263
52 : 69(66),74(48),63(88),64(86) : 270
53 : 67(74),84(29),47(130),73(54) : 271
54 : 89(19),71(61),81(33),33(166) : 274
55 : 72(58),66(80),61(91),52(122),25(185) : 276
56 : 93(7),88(20),64(85),34(161) : 279
57 : 52(120),82(30),58(101),37(149),54(111) : 283
58 : 55(109),75(46),66(79),20(199),69(65) : 285
59 : 85(25),52(121),22(188) : 159
