Bin number: 44
Bin size: 400
Item number: 200
Bin Id: item size (item id),... : total item size
1 : 27(180),28(179),26(183) : 81
2 : 31(171),35(158),33(163) : 99
3 : 24(186),41(142),30(174),22(192) : 117
4 : 45(131),43(138),28(176),23(191) : 139
5 : 52(113),57(103),47(129) : 156
6 : 54(108),57(104),21(195),47(128) : 179
7 : 42(140),65(88),23(190),56(105) : 186
8 : 41(145),40(147),45(135),31(170),32(167) : 189
9 : 70(76),66(84),37(154),40(146) : 213
10 : 28(178),27(182),58(98),20(197),39(148),47(126) : 219
11 : 71(72),58(99),71(73),20(198) : 220
12 : 52(117),74(67),48(125),51(121) : 225
13 : 54(109),70(77),68(81),42(141) : 234
14 : 63(89),27(181),78(57),32(168),36(156) : 236
15 : 26(185),80(53),36(157),81(50),28(175) : 251
16 : 72(69),50(123),68(79),42(139),20(199) : 252
17 : 53(110),38(151),78(56),65(85),23(189) : 257
18 : 74(65),89(28),51(120),56(106) : 270
19 : 45(134),57(101),75(64),34(161),61(92) : 272
20 : 37(152),52(112),92(20),95(11) : 276
21 : 82(43),94(14),88(30),21(196) : 285
22 : 46(130),70(74),55(107),45(133),35(159),36(155) : 287
23 : 50(122),79(54),85(37),39(150),39(149) : 292
24 : 89(29),52(118),93(16),28(177),33(165) : 295
25 : 93(17),100(1),49(124),60(93) : 302
26 : 96(9),78(59),52(116),81(47) : 307
27 : 47(127),91(21),84(41),88(31) : 310
28 : 23(188),77(60),94(13),73(68),52(114) : 319
29 : 82(45),31(172),87(32),81(48),41(143) : 322
30 : 92(19),74(66),99(4),60(96) : 325
31 : 91(22),92(18),81(49),66(83) : 330
32 : 78(58),98(7),82(44),76(61) : 334
33 : 58(100),96(8),86(35),72(70),22(193) : 334
34 : 90(23),57(102),41(144),65(86),89(26) : 342
35 : 34(162),30(173),32(166),94(15),87(33),71(71) : 348
36 : 90(24),43(137),52(119),85(36),65(87),26(184) : 361
37 : 76(63),83(42),33(164),52(115),100(2),22(194) : 366
38 : 85(39),69(78),35(160),66(82),58(97),60(95) : 373
39 : 98(5),98(6),89(27),90(25) : 375
40 : 44(136),32(169),100(0),86(34),37(153),52(111),24(187) : 375
41 : 70(75),82(46),62(90),80(52),85(38) : 379
42 : 96(10),60(94),61(91),99(3),68(80) : 384
43 : 76(62),95(12),84(40),81(51),45(132) : 381
44 : 79(55) : 79
