Bin number: 51
Bin size: 300
Item number: 200
Bin Id: item size (item id),... : total item size
1 : 21(189),23(187),29(176) : 73
2 : 20(197),26(183),32(168) : 78
3 : 25(185),28(179),30(175) : 83
4 : 20(196),35(160),21(192),26(184) : 102
5 : 33(166),38(147),32(169),21(195) : 124
6 : 40(143),42(140),43(139) : 125
7 : 36(156),36(155),38(144),36(157) : 146
8 : 48(127),54(113),53(115) : 155
9 : 33(163),52(121),46(134),31(171) : 162
10 : 38(145),53(116),29(177),47(131) : 167
11 : 33(164),51(123),61(91),25(186) : 170
12 : 56(106),64(85),48(129),21(191) : 189
13 : 34(162),20(199),63(87),47(130),27(180) : 191
14 : 53(117),53(119),21(193),68(68) : 195
15 : 45(135),40(142),61(90),31(173),28(178) : 205
16 : 35(158),67(76),48(128),36(152),21(194) : 207
17 : 44(137),58(101),65(82),46(132) : 213
18 : 72(60),54(112),52(122),46(133) : 224
19 : 76(43),36(150),58(95),58(96) : 228
20 : 54(114),56(107),49(126),70(63) : 229
21 : 63(88),57(105),34(161),51(124),27(181) : 232
22 : 57(104),38(148),31(172),76(44),32(170) : 234
23 : 73(54),59(93),65(81),41(141) : 238
24 : 74(50),53(118),59(94),55(108) : 241
25 : 67(74),80(34),73(53),21(190) : 241
26 : 76(42),69(64),68(70),30(174) : 243
27 : 80(35),81(31),84(27) : 245
28 : 67(77),58(98),69(65),57(103) : 251
29 : 58(100),84(28),75(45),33(165) : 250
30 : 62(89),81(33),74(49),36(151) : 253
31 : 72(56),78(37),65(83),43(138) : 258
32 : 74(52),74(51),76(41),35(159) : 259
33 : 72(58),72(59),71(61),45(136) : 260
34 : 78(38),54(111),67(73),66(80) : 265
35 : 72(57),68(69),54(110),74(48) : 268
36 : 88(20),55(109),58(97),67(75) : 268
37 : 89(16),74(47),58(99),52(120) : 273
38 : 89(17),64(84),82(30),38(146) : 273
39 : 93(10),84(26),81(32),22(188) : 280
40 : 93(11),89(19),79(36),20(198) : 281
41 : 93(9),91(13),66(78),32(167) : 282
42 : 71(62),60(92),69(66),84(29) : 284
43 : 50(125),85(25),77(40),73(55) : 285
44 : 91(12),36(154),64(86),95(5) : 286
45 : 91(14),90(15),69(67),37(149) : 287
46 : 77(39),66(79),88(21),57(102) : 288
47 : 85(24),75(46),94(6),36(153) : 290
48 : 97(3),99(2),96(4) : 292
49 : 93(8),87(22),27(182),87(23) : 294
50 : 89(18),99(1),99(0) : 287
51 : 93(7),67(71),67(72) : 227
