Bin number: 55
Bin size: 300
Item number: 200
Bin Id: item size (item id),... : total item size
1 : 75(74),73(81),38(181),69(94) : 255
2 : 89(32),94(12),94(14) : 277
3 : 73(82),62(114),66(104),41(170) : 242
4 : 49(148),69(96),60(118),70(93) : 248
5 : 63(112),55(132),57(126),65(107) : 240
6 : 55(133),40(172),66(105),81(60) : 242
7 : 44(161),59(124),71(88),69(95) : 243
8 : 77(68),59(122),67(101),32(194) : 235
9 : 70(90),74(76),38(178),48(150) : 230
10 : 73(85),46(158),53(137),48(152) : 220
11 : 72(87),51(142),40(173),56(128) : 219
12 : 83(50),88(34),91(28) : 262
13 : 83(52),63(110),81(61),46(159) : 273
14 : 83(54),77(70),67(100),34(190) : 261
15 : 83(53),88(35),92(19) : 263
16 : 66(106),60(119),53(135),35(186) : 214
17 : 59(121),62(113),62(115) : 183
18 : 43(162),60(117),70(91),33(193) : 206
19 : 85(45),83(49),63(109),41(167) : 272
20 : 70(89),51(141),79(65),63(111) : 263
21 : 55(131),55(130),56(129),38(180) : 204
22 : 41(168),39(175),51(143) : 131
23 : 87(36),92(25),93(15) : 272
24 : 84(47),96(9),98(3) : 278
25 : 74(77),66(103),42(165),80(64) : 262
26 : 31(197),34(189),36(185) : 101
27 : 35(187),39(176),37(183) : 111
28 : 38(179),32(196),33(192),30(199) : 133
29 : 49(147),52(140),56(127) : 157
30 : 90(30),98(5),99(1) : 287
31 : 86(43),81(63),90(31) : 257
32 : 94(11),93(17),95(10) : 282
33 : 87(37),75(73),68(97),47(154) : 277
34 : 53(136),82(59),52(138),87(38) : 274
35 : 73(83),82(56),82(58),34(188) : 271
36 : 78(67),92(22),76(71),48(153) : 294
37 : 73(80),73(84),70(92),66(102) : 282
38 : 58(125),74(78),78(66),74(79) : 284
39 : 50(144),50(145),59(123),33(191) : 192
40 : 94(13),98(2),96(8) : 288
41 : 46(160),42(166),55(134) : 143
42 : 46(156),47(155),41(169),36(184) : 170
43 : 32(195),52(139),43(163),46(157) : 173
44 : 43(164),61(116),40(171),39(177) : 183
45 : 85(44),86(42),91(27) : 262
46 : 68(98),64(108),83(51),48(151) : 263
47 : 89(33),39(174),77(69),68(99) : 273
48 : 92(20),75(75),81(62),31(198) : 279
49 : 87(41),82(57),49(146),60(120) : 278
50 : 84(48),72(86),87(40),38(182) : 281
51 : 93(16),91(26),99(0) : 283
52 : 82(55),85(46),49(149),76(72) : 292
53 : 87(39),97(6),98(4) : 282
54 : 91(29),92(24),97(7) : 280
55 : 92(21),92(18),92(23) : 276
