Bin number: 35
Bin size: 495
Item number: 200
Bin Id: item size (item id),... : total item size
1 : 62(77),2(199),60(86),51(102),5(194) : 180
2 : 66(70),96(9),5(192),4(195),3(196),9(183) : 183
3 : 42(123),2(198),92(21),48(109),2(197) : 186
4 : 28(151),61(80),60(85),36(136) : 185
5 : 79(45),87(30),31(147) : 197
6 : 67(68),87(31),46(114) : 200
7 : 94(14),34(143),34(142),42(124) : 204
8 : 92(20),85(36),24(159),7(189) : 208
9 : 53(98),40(128),51(103),66(71) : 210
10 : 84(38),68(64),13(176),50(104) : 215
11 : 60(83),93(16),30(148),37(135),12(177) : 232
12 : 80(44),93(15),47(111),21(164) : 241
13 : 95(10),91(22),45(115),20(165) : 251
14 : 98(4),76(50),68(67),9(184),6(190) : 257
15 : 93(18),97(5),68(62),8(186) : 266
16 : 48(108),51(101),87(34),48(107),34(144) : 268
17 : 35(141),78(48),70(59),48(110),45(116) : 276
18 : 20(167),87(33),64(74),68(65),19(168),24(158) : 282
19 : 100(0),96(8),26(153),53(99),19(169),6(191) : 300
20 : 89(24),95(11),38(130),22(161),58(89),5(193) : 307
21 : 88(27),49(106),97(7),83(39) : 317
22 : 73(56),57(91),62(78),61(81),39(129),42(121) : 334
23 : 99(1),93(19),54(97),25(156),61(82),12(178) : 344
24 : 71(58),20(166),99(3),67(69),29(149),19(170),46(113) : 351
25 : 37(134),43(120),37(132),17(174),84(37),49(105),24(157),37(133),35(140) : 363
26 : 26(155),89(25),62(79),74(53),78(47),42(125) : 371
27 : 28(152),43(118),68(66),41(126),36(137),82(40),19(172),74(52) : 391
28 : 32(145),63(75),60(84),10(180),54(96),43(119),94(13),8(188),23(160),8(185) : 395
29 : 80(41),59(87),65(73),77(49),55(95),68(63),14(175) : 418
30 : 80(42),19(173),37(131),89(26),97(6),59(88),53(100) : 434
31 : 74(55),87(28),86(35),35(139),31(146),74(54),57(92) : 444
32 : 93(17),26(154),69(60),79(46),73(57),42(122),57(90),10(181) : 449
33 : 76(51),46(112),95(12),63(76),35(138),87(29),21(162),10(182),19(171),8(187) : 460
34 : 90(23),21(163),66(72),11(179),57(93),87(32),41(127),69(61),29(150) : 471
35 : 45(117),55(94),99(2),80(43) : 279
