Bin number: 33
Bin size: 499
Item number: 200
Bin Id: item size (item id),... : total item size
1 : 63(68),14(171),99(5),4(195) : 180
2 : 59(80),64(64),51(93),7(189) : 181
3 : 73(48),8(185),96(8),8(183) : 185
4 : 86(26),59(77),6(190),36(119) : 187
5 : 46(105),62(72),74(46),5(193),1(199) : 188
6 : 16(164),75(45),63(67),9(181),28(135),2(197) : 193
7 : 50(96),22(150),81(35),18(161),27(136),6(191) : 204
8 : 72(51),10(180),99(3),31(129),9(182) : 221
9 : 59(79),13(173),82(32),48(99),23(146) : 225
10 : 75(44),89(22),34(121),37(118) : 235
11 : 57(83),68(55),80(39),16(165),20(157) : 241
12 : 58(81),91(15),70(54),30(130),2(198) : 251
13 : 48(98),96(7),34(123),22(151),34(122),12(174),8(186) : 254
14 : 79(40),56(87),47(100),50(95),36(120) : 268
15 : 19(160),80(37),95(9),62(71),12(175),4(194) : 272
16 : 20(156),66(61),20(155),81(36),65(62),20(158),11(177),4(196) : 287
17 : 72(49),100(0),34(124),90(20) : 296
18 : 55(89),67(57),63(69),88(23),30(131) : 303
19 : 33(126),74(47),82(34),67(59),46(104),7(188) : 309
20 : 43(106),85(28),58(82),89(21),23(148),13(172) : 311
21 : 42(109),57(84),14(168),40(113),33(127),28(134),41(112),42(110),26(138) : 323
22 : 29(133),100(1),95(10),92(13),26(140) : 342
23 : 76(43),94(11),67(58),82(33),26(141) : 345
24 : 43(107),24(144),40(115),14(170),83(31),39(116),59(78),61(74) : 363
25 : 11(179),87(25),91(17),65(63),55(90),67(56) : 376
26 : 11(176),99(4),60(76),80(38),17(163),60(75),37(117),14(167) : 378
27 : 71(52),52(92),86(27),21(153),40(114),23(147),92(12),17(162) : 402
28 : 51(94),54(91),14(169),25(142),72(50),24(145),26(139),66(60),32(128),56(85) : 420
29 : 61(73),15(166),8(184),79(41),47(101),56(88),41(111),88(24),23(149),11(178),6(192) : 435
30 : 7(187),47(103),64(66),47(102),42(108),29(132),90(19),56(86),71(53) : 453
31 : 62(70),33(125),21(152),85(30),91(16),100(2),49(97),27(137) : 468
32 : 25(143),85(29),64(65),91(14),97(6),19(159),90(18) : 471
33 : 21(154),79(42) : 100
