Bin number: 53
Bin size: 300
Item number: 200
Bin Id: item size (item id),... : total item size
1 : 33(192),38(178),31(196) : 102
2 : 41(167),36(186),37(183),41(165) : 155
3 : 54(133),35(188),47(154),36(187) : 172
4 : 100(1),99(3),93(16) : 292
5 : 46(155),44(159),58(121) : 148
6 : 32(194),37(182),52(141),54(135) : 175
7 : 59(115),58(122),61(110) : 178
8 : 93(19),97(7),97(6) : 287
9 : 56(128),48(152),42(162),36(185) : 182
10 : 67(96),57(124),55(129),34(191) : 213
11 : 58(118),51(145),42(164),37(179) : 188
12 : 49(149),52(143),42(163),54(137) : 197
13 : 83(48),75(72),66(100),37(180) : 261
14 : 70(85),68(93),72(79),36(184) : 246
15 : 86(37),73(75),39(174),89(29) : 287
16 : 93(15),96(11),97(8) : 286
17 : 92(20),95(12),96(10) : 283
18 : 92(21),78(59),57(123),70(86) : 297
19 : 44(160),87(35),84(45),73(74) : 288
20 : 80(54),75(73),40(169),48(153) : 243
21 : 75(71),30(199),75(70),46(156) : 226
22 : 84(44),85(38),70(82),38(176) : 277
23 : 68(91),53(138),66(99),32(195) : 219
24 : 68(94),68(90),61(109),34(190) : 231
25 : 88(31),54(136),85(40),57(126) : 284
26 : 50(147),73(76),45(158),76(66) : 244
27 : 63(107),52(142),83(46),83(50) : 281
28 : 86(36),80(55),65(103),49(148) : 280
29 : 85(39),79(56),59(116),38(177) : 261
30 : 83(51),91(24),60(113),40(168) : 274
31 : 95(14),100(0),98(5) : 293
32 : 78(63),78(64),70(83),30(198) : 256
33 : 70(87),57(127),84(43),72(77) : 283
34 : 93(17),72(78),58(117),71(80) : 294
35 : 33(193),37(181),51(146),46(157),42(161) : 209
36 : 68(92),54(134),55(130),35(189) : 212
37 : 75(69),39(175),52(144),67(95) : 233
38 : 70(84),65(101),60(112),41(166) : 236
39 : 71(81),31(197),79(57),55(131) : 236
40 : 64(104),64(106),60(114),49(151) : 237
41 : 78(60),61(111),64(105),39(172) : 242
42 : 77(65),40(170),76(68),55(132) : 248
43 : 78(61),66(98),57(125),53(140) : 254
44 : 82(52),83(47),89(30) : 254
45 : 84(42),85(41),39(173),53(139) : 261
46 : 76(67),69(88),83(49),40(171) : 268
47 : 87(34),79(58),62(108),49(150) : 277
48 : 91(25),91(26),95(13) : 277
49 : 87(33),65(102),69(89),58(120) : 279
50 : 78(62),66(97),80(53),58(119) : 282
51 : 90(28),96(9),99(2) : 285
52 : 92(22),92(23),98(4) : 282
53 : 90(27),87(32),93(18) : 270
