Bin number: 55
Bin size: 300
Item number: 200
Bin Id: item size (item id),... : total item size
1 : 32(193),30(198),38(180),36(186) : 136
2 : 91(28),97(14),97(13) : 285
3 : 91(29),98(8),99(7) : 288
4 : 92(25),95(17),95(18) : 282
5 : 81(65),68(96),64(109),36(185) : 249
6 : 81(64),81(63),67(102),37(183) : 266
7 : 65(105),69(94),62(116),55(132) : 251
8 : 88(42),87(45),89(34) : 264
9 : 82(61),52(143),59(122),67(98) : 260
10 : 78(74),88(39),54(136),56(128) : 276
11 : 32(194),33(192),39(177) : 104
12 : 58(124),50(148),47(156),48(153) : 203
13 : 57(126),67(99),51(144),44(162) : 219
14 : 70(91),77(78),85(52),45(160) : 277
15 : 80(68),82(62),63(112),38(181) : 263
16 : 91(30),94(21),96(15) : 281
17 : 74(80),75(79),54(138),46(158) : 249
18 : 65(106),57(125),43(164),48(151) : 213
19 : 67(100),68(97),83(56) : 218
20 : 69(92),60(118),52(139),32(196) : 213
21 : 73(84),70(89),49(150),46(157) : 238
22 : 60(119),67(101),65(107),40(174) : 232
23 : 79(70),88(43),52(142),43(165) : 262
24 : 83(58),79(71),63(113),30(197) : 255
25 : 80(67),88(41),87(47) : 255
26 : 73(83),79(72),47(154),39(175) : 238
27 : 52(140),52(141),50(147),30(199) : 184
28 : 62(114),56(129),55(131),32(195) : 205
29 : 77(75),69(93),71(88),64(108) : 281
30 : 84(55),70(90),69(95),59(121) : 282
31 : 93(23),93(24),100(0) : 286
32 : 91(27),94(22),98(9) : 283
33 : 79(69),85(53),65(104),35(188) : 264
34 : 100(2),100(3),99(4) : 299
35 : 95(20),98(12),98(11) : 291
36 : 86(50),87(46),44(163),51(145) : 268
37 : 54(135),62(117),41(170),35(189) : 192
38 : 82(59),99(5),100(1) : 281
39 : 89(36),98(10),99(6) : 286
40 : 54(134),54(133),59(123) : 167
41 : 39(178),43(166),41(172) : 123
42 : 35(190),47(155),36(184),42(168) : 160
43 : 45(159),40(173),51(146),43(167) : 179
44 : 89(35),73(82),71(87),37(182) : 270
45 : 90(31),95(19),91(26) : 276
46 : 79(73),67(103),64(110),84(54) : 294
47 : 36(187),39(176),49(149) : 124
48 : 54(137),42(169),35(191),39(179) : 170
49 : 86(49),87(44),56(130),41(171) : 270
50 : 89(38),83(57),44(161),62(115) : 278
51 : 77(76),90(33),60(120),56(127) : 283
52 : 77(77),63(111),72(86),74(81) : 286
53 : 90(32),89(37),96(16) : 275
54 : 82(60),72(85),88(40),48(152) : 290
55 : 85(51),86(48),81(66) : 252
