Bin number: 50
Bin size: 300
Item number: 200
Bin Id: item size (item id),... : total item size
1 : 91(22),87(32),28(178),88(31) : 294
2 : 95(12),94(13),96(8) : 285
3 : 89(26),80(53),79(55),39(150) : 287
4 : 39(148),58(100),41(143),40(146) : 178
5 : 89(27),35(158),70(76),92(18) : 286
6 : 54(109),40(147),78(58),81(49) : 253
7 : 83(42),68(80),76(62),30(174) : 257
8 : 68(79),70(77),52(118),60(93) : 250
9 : 89(29),85(38),53(110),52(119) : 279
10 : 58(99),65(86),76(61),66(84) : 265
11 : 96(9),98(6),100(1) : 294
12 : 93(17),92(20),93(16) : 278
13 : 47(126),85(36),57(103),71(71) : 260
14 : 81(51),80(52),58(98),44(136) : 263
15 : 65(87),47(129),75(64),45(135) : 232
16 : 60(96),52(117),45(134),66(83) : 223
17 : 71(72),70(74),52(111),32(167) : 225
18 : 69(78),70(75),51(121),26(185) : 216
19 : 86(35),81(48),39(149),90(25) : 296
20 : 90(23),41(142),92(19),65(85) : 288
21 : 54(108),72(69),61(91),49(124) : 236
22 : 77(60),78(56),72(70),36(156) : 263
23 : 74(65),65(88),82(44),48(125) : 269
24 : 99(3),98(5),100(2) : 297
25 : 37(153),58(97),57(104),41(145) : 193
26 : 78(59),78(57),86(34),31(170) : 273
27 : 26(183),31(171),33(164) : 90
28 : 91(21),88(30),68(81),35(160) : 282
29 : 90(24),89(28),51(120),62(90) : 292
30 : 82(45),94(15),84(41),30(173) : 290
31 : 24(187),23(191),21(195),27(181) : 95
32 : 36(157),36(155),20(199),28(175) : 120
33 : 37(154),45(132),37(152),21(196) : 140
34 : 47(128),47(127),23(188),27(180) : 144
35 : 45(131),33(165),23(190),20(197),35(159) : 156
36 : 28(179),56(105),32(168),27(182),24(186) : 167
37 : 46(130),43(138),22(194),28(177),28(176) : 167
38 : 38(151),52(115),43(137),20(198),34(161) : 187
39 : 56(106),55(107),57(101),22(192) : 190
40 : 52(116),42(140),60(95),23(189),31(172) : 208
41 : 45(133),57(102),32(169),34(162),42(139) : 210
42 : 52(114),26(184),66(82),52(113),42(141) : 238
43 : 76(63),81(47),32(166),52(112) : 241
44 : 71(73),82(43),73(68),22(193) : 248
45 : 33(163),81(50),74(66),74(67) : 262
46 : 79(54),60(94),50(122),82(46) : 271
47 : 61(92),85(39),87(33),41(144) : 274
48 : 85(37),63(89),84(40),50(123) : 282
49 : 95(11),99(4),100(0) : 294
50 : 94(14),96(10),98(7) : 288
