Bin number: 50
Bin size: 300
Item number: 200
Bin Id: item size (item id),... : total item size
1 : 32(170),30(174),38(147),22(188) : 122
2 : 91(12),61(91),64(86),64(84) : 280
3 : 52(121),47(131),36(157),21(189) : 156
4 : 99(1),99(0),99(2) : 297
5 : 43(138),38(144),43(139),38(145) : 162
6 : 89(19),48(128),84(27),55(109) : 276
7 : 68(69),77(40),66(78),21(194) : 232
8 : 93(10),65(83),94(6),35(158) : 287
9 : 20(198),21(190),30(175) : 71
10 : 89(18),28(179),93(8),72(58) : 282
11 : 76(41),77(39),75(45) : 228
12 : 32(167),53(115),33(166),46(133) : 164
13 : 84(26),80(34),85(25),25(186) : 274
14 : 45(136),36(155),76(44),36(156),54(111) : 247
15 : 54(113),66(79),95(5),74(49) : 289
16 : 53(116),58(97),51(123),37(149) : 199
17 : 81(32),31(172),60(92),72(60) : 244
18 : 73(53),67(76),62(89),67(73) : 269
19 : 96(4),93(9),69(64),36(150) : 294
20 : 64(85),84(28),81(31),40(143) : 269
21 : 57(103),74(51),74(48),35(160) : 240
22 : 36(151),36(154),52(122),61(90) : 185
23 : 73(55),88(21),67(74),46(134) : 274
24 : 88(20),82(30),49(126),59(93) : 278
25 : 21(192),25(185),29(176) : 75
26 : 33(164),21(191),28(178),26(184) : 108
27 : 20(196),46(132),45(135) : 111
28 : 36(153),27(182),33(165),48(127) : 144
29 : 31(171),38(146),54(112),29(177),20(199) : 172
30 : 57(104),58(98),58(95),20(197) : 193
31 : 51(124),48(129),32(168),23(187),53(117) : 207
32 : 68(70),34(162),73(54),40(142) : 215
33 : 70(63),65(82),21(193),63(87) : 219
34 : 65(81),44(137),72(56),38(148) : 219
35 : 58(99),57(105),36(152),72(59) : 223
36 : 69(65),76(43),59(94),26(183) : 230
37 : 67(77),68(68),74(47),31(173) : 240
38 : 69(66),56(107),71(62),47(130) : 243
39 : 69(67),81(33),54(114),41(141) : 245
40 : 71(61),79(36),58(96),42(140) : 250
41 : 76(42),78(37),54(110),21(195),27(181) : 256
42 : 52(120),67(72),66(80),74(50) : 259
43 : 57(102),33(163),91(13),80(35) : 261
44 : 58(100),34(161),72(57),67(75),35(159) : 266
45 : 87(22),63(88),67(71),58(101) : 275
46 : 84(29),87(23),27(180),90(15) : 288
47 : 93(11),89(16),53(118),55(108) : 290
48 : 89(17),56(106),93(7),53(119) : 291
49 : 78(38),85(24),32(169),97(3) : 292
50 : 75(46),74(52),91(14),50(125) : 290
