Bin number: 52
Bin size: 300
Item number: 200
Bin Id: item size (item id),... : total item size
1 : 20(199),23(191),29(176) : 72
2 : 22(193),25(186),28(177) : 75
3 : 34(165),28(179),23(192),26(185) : 111
4 : 21(197),29(175),32(171),33(168) : 115
5 : 24(189),42(148),48(133),23(190) : 137
6 : 41(154),27(183),49(132),39(158) : 156
7 : 47(136),53(122),56(116) : 156
8 : 45(139),44(140),34(167),43(145) : 166
9 : 30(172),47(134),43(146),50(128) : 170
10 : 34(166),42(147),57(113),28(178),22(194) : 183
11 : 53(123),40(155),41(152),56(117) : 190
12 : 61(105),66(91),52(125),24(188) : 203
13 : 53(124),63(99),49(130),42(150) : 207
14 : 64(96),63(98),35(163),20(198),30(173) : 212
15 : 33(169),45(138),73(71),62(100) : 213
16 : 56(118),43(143),60(106),42(149),22(195) : 223
17 : 70(82),68(88),73(66),21(196) : 232
18 : 70(83),76(64),46(137),40(156) : 232
19 : 79(55),78(57),82(46) : 239
20 : 41(153),71(79),71(78),59(108) : 242
21 : 73(70),61(104),36(161),73(67) : 243
22 : 65(95),77(60),39(157),66(93) : 247
23 : 73(69),76(61),43(142),58(112) : 250
24 : 84(42),84(41),57(115),27(184) : 252
25 : 73(68),83(44),54(121),43(144) : 253
26 : 85(40),81(49),30(174),58(111) : 254
27 : 80(52),76(63),63(97),36(162) : 255
28 : 76(62),81(48),35(164),66(90) : 258
29 : 87(33),82(45),49(131),44(141) : 262
30 : 87(34),61(103),70(81),47(135) : 265
31 : 83(43),85(38),73(73),28(180) : 269
32 : 61(101),86(37),72(77),50(129) : 269
33 : 68(86),72(74),81(51),25(187),27(182) : 273
34 : 79(54),88(29),72(75),37(160) : 276
35 : 77(58),79(56),51(127),70(84) : 277
36 : 87(32),66(92),68(87),59(110) : 280
37 : 91(22),91(23),72(76),28(181) : 282
38 : 89(26),89(27),66(94),38(159) : 282
39 : 86(35),95(14),68(85),33(170) : 282
40 : 87(31),89(28),67(89),41(151) : 284
41 : 93(20),77(59),60(107),55(119) : 285
42 : 92(21),96(9),97(7) : 285
43 : 93(19),86(36),57(114),52(126) : 288
44 : 95(13),59(109),54(120),81(50) : 289
45 : 90(24),100(0),100(1) : 290
46 : 88(30),99(2),99(3) : 286
47 : 70(80),61(102),85(39),74(65) : 290
48 : 96(11),98(5),98(4) : 292
49 : 95(12),97(6),97(8) : 289
50 : 73(72),94(16),96(10) : 263
51 : 94(17),94(18),95(15) : 283
52 : 82(47),80(53),89(25) : 251
