Bin number: 63
Bin size: 300
Item number: 200
Bin Id: item size (item id),... : total item size
1 : 60(111),34(186),46(152) : 140
2 : 58(122),77(63) : 135
3 : 99(3),40(173) : 139
4 : 52(135),89(31) : 141
5 : 64(106),79(56) : 143
6 : 100(1),48(149) : 148
7 : 68(93),80(52) : 148
8 : 74(79),76(71) : 150
9 : 69(90),46(151),37(181) : 152
10 : 74(80),76(69) : 150
11 : 58(123),42(168),53(132) : 153
12 : 38(179),84(42),32(191) : 154
13 : 100(0),60(112) : 160
14 : 89(33),37(182),32(192) : 158
15 : 89(30),43(166),30(197) : 162
16 : 44(159),66(97),52(134) : 162
17 : 98(4),65(100) : 163
18 : 58(124),61(110),49(143) : 168
19 : 51(137),52(136),34(187),33(190) : 170
20 : 99(2),77(66) : 176
21 : 90(29),51(138),34(185) : 175
22 : 78(58),96(14) : 174
23 : 91(28),84(39) : 175
24 : 95(16),44(160),43(165) : 182
25 : 78(61),75(75),30(196) : 183
26 : 48(148),75(76),60(113) : 183
27 : 92(23),59(120),33(188) : 184
28 : 94(18),64(105),30(198) : 188
29 : 83(47),40(174),65(99) : 188
30 : 70(87),62(108),58(121) : 190
31 : 81(49),60(116),55(129) : 196
32 : 40(171),96(10),62(109) : 198
33 : 67(95),45(155),91(27) : 203
34 : 98(5),57(125),53(130) : 208
35 : 83(45),49(139),75(74) : 207
36 : 55(127),41(170),64(104),49(145) : 209
37 : 48(146),77(62),43(162),49(140) : 217
38 : 69(92),81(48),40(172),32(193) : 222
39 : 97(7),67(96),60(117) : 224
40 : 97(6),96(13),38(177) : 231
41 : 59(118),94(17),35(183),44(158) : 232
42 : 70(86),65(98),68(94),33(189) : 236
43 : 59(119),91(26),43(164),43(163) : 236
44 : 79(54),79(55),52(133),30(195) : 240
45 : 83(46),70(88),48(150),44(157) : 245
46 : 45(153),72(84),87(35),43(161) : 247
47 : 60(115),64(102),80(51),45(154) : 249
48 : 74(78),84(40),96(8) : 254
49 : 73(81),39(176),92(25),49(141) : 253
50 : 42(169),72(82),70(85),49(144),30(199) : 263
51 : 85(37),83(44),96(12) : 264
52 : 55(128),38(178),92(20),80(50) : 265
53 : 72(83),96(9),69(91),31(194) : 268
54 : 76(72),80(53),74(77),42(167) : 272
55 : 79(57),78(60),70(89),45(156) : 272
56 : 96(11),64(103),65(101),49(142) : 274
57 : 92(22),95(15),85(38) : 272
58 : 92(21),92(24),92(19) : 276
59 : 76(68),84(41),63(107),57(126) : 280
60 : 60(114),76(70),75(73),38(180),34(184) : 283
61 : 77(64),77(65),78(59),53(131) : 285
62 : 77(67),89(32),40(175),86(36) : 292
63 : 83(43),48(147),89(34) : 220
