Bin number: 54
Bin size: 300
Item number: 200
Bin Id: item size (item id),... : total item size
1 : 30(199),33(193),34(191) : 97
2 : 75(71),78(64),80(55) : 233
3 : 54(133),58(122),59(116) : 171
4 : 83(50),80(53),40(170),93(15) : 296
5 : 66(97),84(43),52(141),65(101) : 267
6 : 61(111),84(45),55(131),65(103) : 265
7 : 92(20),95(14),96(9) : 283
8 : 38(176),36(186),38(177) : 112
9 : 41(165),40(171),49(148) : 130
10 : 70(87),37(180),91(26),86(36) : 284
11 : 87(33),83(49),87(34) : 257
12 : 70(86),42(162),73(74),89(29) : 274
13 : 54(137),46(156),78(61),78(63) : 256
14 : 87(32),55(129),83(51),54(135) : 279
15 : 42(164),85(38),71(81),72(77) : 270
16 : 83(46),85(41),84(44) : 252
17 : 64(105),58(117),56(128),32(194) : 210
18 : 96(11),98(5),99(2) : 293
19 : 70(82),70(83),53(138),39(173) : 232
20 : 37(183),55(132),45(158),40(168) : 177
21 : 86(37),75(73),31(196),80(54) : 272
22 : 95(12),97(8),96(10) : 288
23 : 57(123),50(147),46(155),48(152) : 201
24 : 92(21),88(31),68(94),37(182) : 285
25 : 67(96),57(125),55(130),40(169) : 219
26 : 75(72),58(120),83(47),77(65) : 293
27 : 91(24),44(159),65(102),91(25) : 291
28 : 47(154),54(136),68(91) : 169
29 : 100(0),100(1),99(3) : 299
30 : 87(35),68(92),36(187),92(23) : 283
31 : 37(179),33(192),31(197),34(190) : 135
32 : 36(185),39(175),35(189),30(198) : 140
33 : 41(167),53(139),39(172),51(145) : 184
34 : 53(140),54(134),41(166),42(163) : 190
35 : 51(146),60(113),38(178),48(153) : 197
36 : 57(124),66(99),58(118),32(195) : 213
37 : 66(98),49(150),35(188),69(88) : 219
38 : 52(143),64(106),49(149),72(79) : 237
39 : 66(100),72(78),64(104),36(184) : 238
40 : 79(57),78(60),42(161),46(157) : 245
41 : 76(66),84(42),85(40) : 245
42 : 75(70),62(108),52(142),58(121) : 247
43 : 67(95),76(67),68(93),39(174) : 250
44 : 75(69),60(112),76(68),44(160) : 255
45 : 59(115),82(52),78(62),37(181) : 256
46 : 83(48),68(90),52(144),60(114) : 263
47 : 79(58),73(75),57(127),70(85) : 279
48 : 79(56),61(110),69(89),71(80) : 280
49 : 90(27),73(76),58(119),63(107) : 284
50 : 92(22),95(13),97(7) : 284
51 : 90(28),78(59),70(84),49(151) : 287
52 : 93(19),97(6),98(4) : 288
53 : 89(30),85(39),61(109),57(126) : 292
54 : 93(16),93(17),93(18) : 279
