Bin number: 51
Bin size: 300
Item number: 200
Bin Id: item size (item id),... : total item size
1 : 20(199),20(191),27(176) : 67
2 : 20(193),22(186),26(177) : 68
3 : 25(179),32(165),22(185),20(192) : 99
4 : 20(197),32(171),21(189),38(148) : 111
5 : 28(175),43(136),46(133) : 117
6 : 35(154),23(183),50(122),34(158) : 142
7 : 46(132),42(139),21(190),45(134) : 154
8 : 41(140),32(168),40(145),50(123) : 163
9 : 32(167),54(116),39(146),38(147) : 163
10 : 31(172),32(166),35(155),55(113),20(194) : 173
11 : 36(152),48(128),53(117),49(125) : 186
12 : 58(105),26(178),63(91),48(130) : 195
13 : 60(99),61(96),60(98),20(198) : 201
14 : 50(124),32(169),33(163),21(188),65(83) : 201
15 : 38(150),69(71),40(143),67(82) : 214
16 : 53(118),42(138),64(88),60(100) : 219
17 : 72(64),58(106),75(57),20(195) : 225
18 : 38(149),76(55),71(66),43(137) : 228
19 : 67(79),70(70),68(78),31(173) : 236
20 : 36(153),73(60),58(104),70(69) : 237
21 : 61(95),79(44),79(46),23(184) : 242
22 : 56(108),82(42),34(156),71(67) : 243
23 : 61(93),34(157),73(61),78(49) : 246
24 : 77(52),33(161),83(40),55(112) : 248
25 : 72(63),83(41),54(115),40(142) : 249
26 : 71(68),73(62),50(121),55(111) : 249
27 : 78(48),79(45),30(174),33(164),33(162) : 253
28 : 47(131),87(33),86(34),40(141) : 260
29 : 61(97),59(103),83(38),59(101) : 262
30 : 81(43),69(73),67(81),48(129) : 265
31 : 84(37),68(77),40(144),76(54) : 268
32 : 65(86),20(196),63(90),77(51),44(135) : 269
33 : 75(58),69(74),76(56),55(110) : 275
34 : 69(75),88(29),87(32),33(160) : 277
35 : 85(35),63(92),25(180),22(187),61(94),24(182) : 280
36 : 48(127),90(23),68(76),74(59) : 280
37 : 91(20),65(87),91(22),33(159) : 280
38 : 89(26),63(89),65(85),65(84) : 282
39 : 89(27),88(28),54(114),51(119) : 282
40 : 91(21),88(31),24(181),32(170),49(126) : 284
41 : 96(14),85(36),51(120),56(109) : 288
42 : 93(19),67(80),69(72),59(102) : 288
43 : 96(13),97(11),98(9) : 291
44 : 90(24),88(30),76(53),37(151) : 291
45 : 57(107),83(39),79(47),72(65) : 291
46 : 96(12),98(6),100(0) : 294
47 : 77(50),99(2),100(1) : 276
48 : 94(16),98(7),99(4) : 291
49 : 94(17),98(5),99(3) : 291
50 : 93(18),98(8),97(10) : 288
51 : 90(25),95(15) : 185
