Bin number: 40
Bin size: 400
Item number: 200
Bin Id: item size (item id),... : total item size
1 : 3(197),10(184),1(199),15(173),8(187) : 37
2 : 17(168),23(160),10(185),30(150),3(195) : 83
3 : 22(161),38(126),36(136),14(176),1(198) : 111
4 : 39(124),46(107),45(115) : 130
5 : 27(154),30(147),40(122),46(110) : 143
6 : 45(116),34(138),29(152),37(132) : 145
7 : 50(100),30(149),34(141),38(130) : 152
8 : 22(163),34(143),60(80),52(95) : 168
9 : 22(165),55(88),55(87),5(191),38(129) : 175
10 : 46(111),55(89),56(84),29(153),3(196) : 189
11 : 66(67),30(148),36(135),31(146),13(179),5(192),13(178),4(194) : 198
12 : 8(188),52(96),64(69),34(142),24(158),34(140) : 216
13 : 74(48),47(105),40(121),54(91),15(174) : 230
14 : 75(46),73(50),72(56),6(189),11(181) : 237
15 : 66(66),54(90),69(61),53(93) : 242
16 : 81(29),72(55),78(38),8(186),4(193) : 243
17 : 66(65),72(54),66(68),47(106) : 251
18 : 61(77),46(108),72(57),67(63),11(182) : 257
19 : 86(21),59(81),85(24),30(151) : 260
20 : 80(33),69(60),56(85),59(82) : 264
21 : 82(28),31(145),49(104),68(62),22(164),17(170) : 269
22 : 86(20),61(78),64(70),49(102),14(177) : 274
23 : 22(162),74(47),57(83),52(94),46(109),14(175),20(166) : 285
24 : 71(59),36(137),79(37),88(14),11(183),6(190) : 291
25 : 44(118),72(53),99(2),80(34) : 295
26 : 73(51),92(9),81(32),38(128),16(171) : 300
27 : 94(6),51(97),77(41),18(167),63(74) : 303
28 : 76(44),73(49),100(0),44(117),12(180) : 305
29 : 77(42),46(112),24(159),50(99),86(23),27(155) : 310
30 : 88(13),63(73),45(114),61(76),38(131),31(144) : 326
31 : 81(31),45(113),67(64),40(123),73(52),27(156) : 333
32 : 64(71),71(58),53(92),86(22),60(79) : 334
33 : 91(10),62(75),97(4),78(39),17(169) : 345
34 : 99(1),97(5),86(19),42(119),26(157) : 350
35 : 81(30),89(11),37(133),88(15),56(86) : 351
36 : 79(35),87(18),79(36),87(17),34(139) : 366
37 : 89(12),88(16),76(45),41(120),76(43) : 370
38 : 50(98),97(3),84(25),38(127),92(8),16(172) : 377
39 : 64(72),36(134),39(125),83(27),77(40),83(26) : 382
40 : 49(101),49(103),93(7) : 191
