Bin number: 43
Bin size: 497
Item number: 200
Bin Id: item size (item id),... : total item size
1 : 93(15),85(46) : 178
2 : 92(23),66(104),87(37) : 245
3 : 61(116),91(28),70(91) : 222
4 : 70(92),53(136),56(129) : 179
5 : 51(142),97(7),46(159),50(145),44(161) : 288
6 : 46(160),63(111),46(156),73(85) : 228
7 : 78(67),83(49),33(191) : 194
8 : 36(185),93(17),65(107) : 194
9 : 46(157),87(38),48(151),32(194) : 213
10 : 63(112),60(120),75(74),56(128),41(170) : 295
11 : 32(195),63(109),94(12),42(166) : 231
12 : 66(103),89(33),77(68),72(86),52(138) : 356
13 : 82(56),80(64),73(83),70(93) : 305
14 : 46(158),59(123),91(26) : 196
15 : 93(16),91(27),87(40),92(22),83(53),38(182) : 484
16 : 99(0),84(48),83(51),85(44),49(149) : 400
17 : 66(106),56(127),63(110),59(122),47(155),38(179) : 329
18 : 98(5),50(144),71(88),57(126) : 276
19 : 66(102),55(130),62(115) : 183
20 : 73(82),70(90),68(97) : 211
21 : 40(173),92(24),38(178),55(131) : 225
22 : 78(66),53(135),92(21),31(198) : 254
23 : 97(6),39(175),49(147),33(192),35(187) : 253
24 : 43(163),73(80),92(19),53(137) : 261
25 : 82(59),66(105),39(174),82(58) : 269
26 : 64(108),74(79),86(43),48(152) : 272
27 : 74(77),59(121),55(132),55(134),39(177) : 282
28 : 73(81),90(30),72(87),75(75) : 310
29 : 51(143),86(42),31(197),92(25),62(114) : 322
30 : 51(141),81(61),94(13),37(183),67(100) : 330
31 : 75(73),98(2),59(124),41(168),60(119) : 333
32 : 47(154),85(45),38(180),98(3),49(148),32(196) : 349
33 : 35(186),92(18),62(113),83(50),82(57) : 354
34 : 60(117),91(29),88(35),98(4),33(193) : 370
35 : 70(89),77(70),68(99),60(118),58(125),43(162) : 376
36 : 87(41),55(133),87(39),96(9),34(188),30(199) : 389
37 : 40(171),94(11),69(95),99(1),67(101),38(181) : 407
38 : 73(84),94(14),81(60),83(52),81(62) : 412
39 : 52(139),96(8),40(172),76(72),69(94),87(36) : 420
40 : 48(153),90(31),34(190),95(10),83(54),82(55) : 432
41 : 49(146),76(71),74(78),39(176),77(69),89(32),41(169) : 445
42 : 88(34),48(150),92(20),42(165),81(63),74(76),43(164) : 468
43 : 79(65),68(98),69(96),84(47),34(189),36(184),52(140),41(167) : 463
