Bin number: 41
Bin size: 400
Item number: 200
Bin Id: item size (item id),... : total item size
1 : 3(199),10(186),14(175),9(187) : 36
2 : 81(43),85(36),81(44),68(76) : 315
3 : 57(101),48(116),28(157),88(25),68(75),38(133) : 327
4 : 73(59),70(70),52(108),67(79) : 262
5 : 87(29),83(42),36(141),98(10),88(28) : 392
6 : 93(12),67(77),89(24),99(6) : 348
7 : 90(20),85(37),77(47),16(171),57(100),44(122) : 369
8 : 17(170),25(163),26(162),13(178) : 81
9 : 75(50),33(144),14(176),34(142),77(48) : 233
10 : 58(98),26(160),73(58),75(52),7(191) : 239
11 : 32(152),40(128),41(126),7(189),6(193),3(198) : 129
12 : 36(138),47(117),46(118),7(190) : 136
13 : 29(156),33(149),36(140),49(112) : 147
14 : 42(124),52(109),31(154),21(167),5(194) : 151
15 : 56(102),38(134),33(145),39(132),4(196) : 170
16 : 23(165),34(143),32(151),49(113),30(155),4(197) : 172
17 : 65(82),61(90),58(97),13(181) : 197
18 : 39(131),62(89),32(150),70(69) : 203
19 : 37(137),61(91),33(148),63(86),13(180) : 207
20 : 69(71),44(123),52(107),71(63),5(195) : 241
21 : 74(57),70(68),60(93),32(153),16(172) : 252
22 : 60(92),74(56),70(67),51(110) : 255
23 : 86(31),71(65),89(23),12(183) : 258
24 : 84(40),59(95),71(62),52(106) : 266
25 : 88(26),65(83),21(166),86(30),13(179) : 273
26 : 85(35),33(147),89(22),63(87),7(192) : 277
27 : 71(64),64(84),24(164),9(188),66(80),36(139),13(177) : 283
28 : 68(72),50(111),77(49),53(104),44(120) : 292
29 : 72(61),20(168),59(96),64(85),75(53) : 290
30 : 100(4),74(55),92(16),20(169),15(173) : 301
31 : 84(39),100(3),39(130),79(46) : 302
32 : 100(2),95(11),75(51),26(161),11(184) : 307
33 : 100(0),57(99),98(8),45(119),11(185) : 311
34 : 86(34),48(114),92(15),86(33) : 312
35 : 67(78),73(60),68(73),100(1),27(158) : 335
36 : 48(115),70(66),42(125),74(54),59(94),44(121) : 337
37 : 33(146),99(7),83(41),89(21),27(159),12(182) : 343
38 : 38(135),93(13),65(81),63(88),84(38),14(174) : 357
39 : 86(32),92(17),92(14),88(27) : 358
40 : 90(19),91(18),99(5),53(103),37(136) : 370
41 : 80(45),40(129),68(74),53(105),40(127),98(9) : 379
