Bin number: 62
Bin size: 298
Item number: 200
Bin Id: item size (item id),... : total item size
1 : 90(31),26(186),25(187) : 141
2 : 98(4),41(155) : 139
3 : 57(123),64(101),21(197) : 142
4 : 37(161),71(83),34(168) : 142
5 : 96(14),28(179),20(199) : 144
6 : 100(1),46(146) : 146
7 : 95(15),53(132) : 148
8 : 72(78),81(45) : 153
9 : 70(85),82(43) : 152
10 : 92(25),63(105) : 155
11 : 94(19),36(164),25(188) : 155
12 : 92(26),36(163),29(177) : 157
13 : 100(0),61(111) : 161
14 : 56(124),74(71),31(173) : 161
15 : 93(22),69(91) : 162
16 : 40(157),79(50),50(138) : 169
17 : 77(60),59(115),35(166) : 171
18 : 63(103),87(34),23(191) : 173
19 : 76(64),70(86),29(178) : 175
20 : 100(2),73(77) : 173
21 : 81(46),61(109),36(165) : 178
22 : 43(151),63(102),71(82) : 177
23 : 48(140),65(100),44(147),23(192) : 180
24 : 30(176),75(69),57(122),21(198) : 183
25 : 27(182),97(7),66(96) : 190
26 : 31(172),72(80),33(169),27(183),28(181) : 191
27 : 94(20),97(9) : 191
28 : 76(66),95(17),27(184) : 198
29 : 73(75),79(51),46(145) : 198
30 : 91(29),73(73),36(162) : 200
31 : 74(72),61(110),65(98) : 200
32 : 86(36),79(49),38(160) : 203
33 : 76(67),83(41),43(150) : 202
34 : 77(59),97(10),30(175) : 204
35 : 76(65),94(21),34(167) : 204
36 : 78(57),52(135),80(47) : 210
37 : 65(99),67(93),59(117),24(190) : 215
38 : 97(8),53(130),69(89) : 219
39 : 87(35),78(55),54(127) : 219
40 : 57(119),92(24),47(144),24(189) : 220
41 : 85(38),79(52),59(113) : 223
42 : 57(121),94(18),72(79) : 223
43 : 52(134),77(62),62(107),31(174) : 222
44 : 98(6),83(42),47(143) : 228
45 : 40(158),69(87),62(108),63(104) : 234
46 : 96(11),84(39),59(114) : 239
47 : 22(194),70(84),39(159),56(125),53(129) : 240
48 : 62(106),69(88),67(94),44(148) : 242
49 : 81(44),96(12),44(149),27(185) : 248
50 : 78(58),78(56),51(137),41(154) : 248
51 : 96(13),68(92),90(32) : 254
52 : 79(54),98(5),55(126),22(193) : 254
53 : 75(68),91(28),91(30) : 257
54 : 65(97),47(141),77(63),22(196),48(139) : 259
55 : 52(136),79(53),99(3),32(171) : 262
56 : 54(128),75(70),28(180),58(118),53(133) : 268
57 : 22(195),91(27),71(81),47(142),41(156) : 272
58 : 67(95),80(48),73(74),53(131) : 273
59 : 84(40),77(61),60(112),57(120) : 278
60 : 69(90),33(170),86(37),95(16) : 283
61 : 89(33),93(23),42(152),59(116) : 283
62 : 41(153),73(76) : 114
