Bin number: 42
Bin size: 499
Item number: 200
Bin Id: item size (item id),... : total item size
1 : 75(68),72(80),32(171) : 179
2 : 98(5),80(48) : 178
3 : 76(64),67(93),36(164) : 179
4 : 27(185),73(77),63(105),22(195) : 185
5 : 92(26),27(183),24(190),43(150) : 186
6 : 97(8),66(96),24(189) : 187
7 : 74(72),57(119),37(161),22(193) : 190
8 : 81(46),81(45),31(173) : 193
9 : 76(67),52(135),72(79) : 200
10 : 28(181),87(35),28(180),65(99) : 208
11 : 79(51),52(136),90(32) : 221
12 : 99(3),81(44),46(146) : 226
13 : 53(129),93(22),57(121),26(186) : 229
14 : 71(83),78(55),65(98),27(182) : 241
15 : 84(39),71(81),95(15) : 250
16 : 79(54),97(7),36(165),43(151) : 255
17 : 58(118),57(123),57(122),84(40) : 256
18 : 53(130),40(157),38(160),65(100),67(95) : 263
19 : 23(191),69(87),86(37),31(174),57(120) : 266
20 : 97(9),74(71),41(156),69(89) : 281
21 : 77(61),86(36),77(62),29(177),21(197) : 290
22 : 41(155),79(49),56(124),40(158),75(69) : 291
23 : 100(0),78(57),93(23),30(175) : 301
24 : 94(20),62(106),80(47),71(82) : 307
25 : 55(126),77(59),63(104),61(109),53(131) : 309
26 : 87(34),91(28),70(84),22(194),44(148) : 314
27 : 94(21),34(168),22(196),59(113),60(112),53(133) : 322
28 : 54(127),52(134),100(1),50(138),82(43) : 338
29 : 61(110),97(10),96(13),31(172),59(115) : 344
30 : 48(140),96(11),89(33),62(107),33(170),28(179) : 356
31 : 78(58),47(144),90(31),47(141),59(116),36(163) : 357
32 : 72(78),92(25),30(176),95(17),85(38) : 374
33 : 73(74),77(63),98(4),73(76),25(188),33(169) : 379
34 : 69(90),78(56),73(75),79(52),68(92),21(198) : 388
35 : 91(27),41(153),59(117),59(114),44(147),67(94),47(142) : 408
36 : 34(167),96(12),69(91),79(50),48(139),36(162),54(128) : 416
37 : 46(145),77(60),73(73),35(166),70(85),64(101),61(111) : 426
38 : 27(184),83(41),69(88),92(24),25(187),44(149),29(178),76(66) : 445
39 : 63(103),63(102),62(108),53(132),94(19),79(53),42(152) : 456
40 : 75(70),56(125),70(86),47(143),91(30),23(192),65(97),41(154) : 468
41 : 95(16),100(2),76(65),98(6),94(18),20(199) : 483
42 : 91(29),96(14),51(137),39(159),83(42) : 360
