Bin number: 44
Bin size: 500
Item number: 200
Bin Id: item size (item id),... : total item size
1 : 50(148),54(133),74(80) : 178
2 : 99(4),82(59) : 181
3 : 98(11),91(27) : 189
4 : 52(142),69(94),67(98) : 188
5 : 73(83),89(34),30(197) : 192
6 : 82(60),56(130),54(134) : 192
7 : 87(44),87(47),35(188) : 209
8 : 98(12),79(73),39(178) : 216
9 : 85(52),88(42),52(141) : 225
10 : 87(46),100(3),41(171) : 228
11 : 84(55),88(43),58(124) : 230
12 : 84(54),68(97),36(187),43(166) : 231
13 : 85(51),95(20),54(135) : 234
14 : 80(68),88(40),63(112) : 231
15 : 42(169),88(39),80(67),39(175) : 249
16 : 96(16),52(143),55(132),56(128) : 259
17 : 77(78),47(155),91(30),51(146) : 266
18 : 69(95),92(25),72(85),41(172) : 274
19 : 98(10),51(145),37(183),49(149),47(156) : 282
20 : 52(139),73(84),54(138),67(103),44(163) : 290
21 : 100(0),82(62),63(113),56(127) : 301
22 : 97(13),86(49),51(144),71(88) : 305
23 : 75(79),69(93),91(28),38(181),35(190) : 308
24 : 81(63),89(35),71(87),36(184),37(182) : 314
25 : 43(164),87(45),59(122),32(193),32(195),65(105) : 318
26 : 62(117),98(8),95(17),68(96) : 323
27 : 83(57),57(126),64(110),90(33),32(194) : 326
28 : 93(24),82(61),38(180),67(100),56(129) : 336
29 : 100(1),50(147),62(114),43(167),89(37) : 344
30 : 83(56),90(31),67(99),65(106),46(158) : 351
31 : 79(70),67(101),45(160),86(50),77(75) : 354
32 : 95(19),64(108),93(23),67(102),39(177) : 358
33 : 81(66),99(5),88(41),96(15) : 364
34 : 99(6),62(115),54(137),85(53),70(91) : 370
35 : 99(7),89(38),86(48),35(189),42(168),30(199) : 381
36 : 77(77),98(9),70(90),65(104),89(36) : 399
37 : 94(21),49(150),78(74),90(32),95(18) : 406
38 : 59(121),39(176),79(72),44(162),40(174),65(107),55(131),32(196) : 413
39 : 81(64),48(152),39(179),30(198),59(123),46(157),77(76),44(161) : 424
40 : 91(29),79(69),97(14),54(136),48(153),70(89) : 439
41 : 60(120),64(109),69(92),40(173),94(22),45(159),81(65) : 453
42 : 83(58),52(140),36(186),36(185),74(81),41(170),79(71),60(119) : 461
43 : 62(116),100(2),57(125),33(192),35(191),73(82),72(86),43(165) : 475
44 : 63(111),47(154),91(26),60(118),48(151) : 309
