Bin number: 50
Bin size: 300
Item number: 200
Bin Id: item size (item id),... : total item size
1 : 20(192),22(186),22(187) : 64
2 : 26(178),35(155),32(167),20(194) : 113
3 : 33(159),23(183),40(141),35(154) : 131
4 : 21(188),46(133),36(152),44(135) : 147
5 : 32(165),50(121),50(122),20(196) : 152
6 : 24(182),40(145),54(115),33(162) : 151
7 : 48(128),22(185),53(118),38(149) : 161
8 : 55(110),33(164),40(143),43(137) : 171
9 : 25(179),39(146),24(181),34(157),63(92) : 185
10 : 20(193),33(163),50(124),48(129),20(191),20(195) : 191
11 : 61(96),42(138),60(99),34(156) : 197
12 : 63(91),69(71),45(134),28(175) : 205
13 : 70(70),20(199),61(94),63(90) : 214
14 : 40(144),70(69),48(130),59(101) : 217
15 : 21(190),33(161),65(84),67(81),37(151) : 223
16 : 56(109),75(57),20(197),73(60) : 224
17 : 58(104),55(112),61(95),32(166),23(184) : 229
18 : 58(106),76(54),61(93),34(158) : 229
19 : 47(131),38(147),54(114),72(65),21(189) : 232
20 : 69(73),68(76),67(79),32(169) : 236
21 : 65(85),77(52),60(98),36(153) : 238
22 : 71(66),73(61),32(170),65(83) : 241
23 : 71(68),72(63),55(111),46(132) : 244
24 : 72(64),58(105),31(172),83(39) : 244
25 : 79(47),78(48),20(198),41(140),31(173) : 249
26 : 69(72),82(42),54(116),49(125) : 254
27 : 76(56),83(41),77(51),25(180) : 261
28 : 71(67),78(49),88(30),26(177) : 263
29 : 60(100),64(88),86(34),57(107) : 267
30 : 79(44),55(113),76(55),59(102) : 269
31 : 90(24),83(38),59(103),42(139) : 274
32 : 89(26),90(25),65(87),30(174) : 274
33 : 75(58),85(36),77(50),40(142) : 277
34 : 87(33),56(108),48(127),88(28) : 279
35 : 73(62),79(46),84(37),43(136) : 279
36 : 67(82),91(22),90(23),32(168) : 280
37 : 88(31),69(75),89(27),38(148) : 284
38 : 83(40),79(45),61(97),33(160),32(171) : 288
39 : 81(43),88(29),49(126),69(74) : 287
40 : 96(13),95(15),97(11) : 288
41 : 91(20),68(77),93(19),38(150) : 290
42 : 85(35),51(120),87(32),68(78) : 291
43 : 96(12),96(14),76(53),27(176) : 295
44 : 91(21),74(59),63(89),67(80) : 295
45 : 98(9),98(8),50(123),51(119) : 297
46 : 94(17),100(0),100(1) : 294
47 : 99(2),99(4),99(3) : 297
48 : 97(10),98(7),98(5) : 293
49 : 93(18),98(6),94(16) : 285
50 : 53(117),65(86) : 118
