Bin number: 28
Bin size: 597
Item number: 200
Bin Id: item size (item id),... : total item size
1 : 93(15),51(92),48(102),5(191),3(195) : 200
2 : 33(136),36(129),92(17),46(107),1(198) : 208
3 : 9(185),76(46),19(158),72(49),39(123),4(194) : 219
4 : 65(67),87(26),56(82),14(173),2(196) : 224
5 : 19(157),79(38),35(130),53(90),41(115),12(178),5(192) : 244
6 : 22(151),40(116),86(28),19(160),52(91),19(156),13(175),1(197),1(199) : 253
7 : 45(111),45(109),55(85),95(12),13(174),9(187) : 262
8 : 50(97),88(24),89(23),16(166),35(131) : 278
9 : 47(104),79(37),98(6),33(135),25(144) : 282
10 : 65(66),89(21),17(163),57(80),47(105),19(159) : 294
11 : 23(147),67(59),90(19),57(79),68(58) : 305
12 : 45(108),99(5),55(88),77(43),40(120) : 316
13 : 58(77),31(137),38(126),27(142),97(7),18(161),60(74) : 329
14 : 43(112),24(145),22(152),37(128),15(170),68(56),56(83),66(64),12(177) : 343
15 : 56(81),82(30),39(121),34(134),34(132),55(87),51(93),15(168) : 366
16 : 25(143),60(75),77(42),46(106),38(127),45(110),20(155),60(73),9(183) : 380
17 : 39(122),87(25),66(61),94(13),100(2),4(193) : 390
18 : 27(141),12(179),42(114),39(124),48(100),21(154),76(45),12(180),90(18),23(148) : 390
19 : 9(186),80(33),63(68),55(86),40(119),100(3),72(50) : 419
20 : 48(103),43(113),30(138),40(117),83(29),68(57),100(4),9(188) : 421
21 : 80(35),55(89),63(70),49(99),39(125),77(41),78(39) : 441
22 : 40(118),18(162),34(133),73(48),100(0),72(51),76(44),10(181),30(139) : 453
23 : 96(9),14(171),95(11),50(95),56(84),100(1),66(60),7(190) : 484
24 : 48(101),23(149),93(14),96(8),66(62),72(52),21(153),61(72),12(176) : 492
25 : 14(172),81(31),96(10),70(54),79(36),50(94),24(146),58(78),15(169),17(165) : 504
26 : 62(71),63(69),68(55),81(32),80(34),90(20),65(65),30(140) : 539
27 : 23(150),66(63),49(98),50(96),17(164),75(47),93(16),8(189),87(27),16(167),77(40) : 561
28 : 60(76),9(184),89(22),71(53),9(182) : 238
