Bin number: 54
Bin size: 359
Item number: 200
Bin Id: item size (item id),... : total item size
1 : 93(19),56(122) : 149
2 : 96(13),53(133) : 149
3 : 44(155),100(3) : 144
4 : 78(54),78(55) : 156
5 : 83(39),86(34) : 169
6 : 61(107),88(31),87(33),47(148) : 283
7 : 36(178),87(32),65(95) : 188
8 : 82(43),36(179),92(20) : 210
9 : 100(1),72(72),57(118),30(199) : 259
10 : 93(18),38(167),98(7) : 229
11 : 74(67),69(83),37(173),38(172) : 218
12 : 72(71),80(47),73(69) : 225
13 : 96(14),64(96),50(140) : 210
14 : 66(91),34(183),67(90),45(152) : 212
15 : 97(10),68(85),44(156),90(27),42(160) : 341
16 : 70(79),64(99),67(88) : 201
17 : 91(23),32(190),30(198),46(150) : 199
18 : 82(44),38(166),32(189) : 152
19 : 79(52),47(147),38(171) : 164
20 : 33(184),70(76),32(187),33(185) : 168
21 : 88(30),43(158),33(186) : 164
22 : 86(35),37(174),44(153) : 167
23 : 77(59),83(40) : 160
24 : 64(97),66(92),30(195) : 160
25 : 55(126),79(50),44(154) : 178
26 : 98(8),51(138),35(182) : 184
27 : 63(104),37(175),32(188),48(144) : 180
28 : 96(12),59(111),39(164) : 194
29 : 100(4),97(9) : 197
30 : 54(129),61(108),92(22) : 207
31 : 30(194),85(38),30(197),85(36) : 230
32 : 89(29),94(17),53(130) : 236
33 : 91(24),57(120),60(109),35(180) : 243
34 : 58(115),31(191),78(53),77(60) : 244
35 : 90(26),31(192),70(77),56(123) : 247
36 : 51(137),100(2),55(124),43(157) : 249
37 : 52(135),70(78),97(11),38(169) : 257
38 : 77(56),83(41),36(177),68(86) : 264
39 : 92(21),53(132),79(51),40(162) : 264
40 : 64(101),80(49),77(57),50(139) : 271
41 : 66(94),55(127),57(116),35(181),64(100) : 277
42 : 53(134),76(62),40(163),77(61),41(161) : 287
43 : 69(84),38(170),53(131),85(37),48(146) : 293
44 : 57(119),54(128),61(105),56(121),66(93) : 294
45 : 48(145),99(6),58(114),94(16) : 299
46 : 47(149),72(73),71(75),75(64),38(165) : 303
47 : 43(159),99(5),80(46),91(25) : 313
48 : 67(89),76(63),51(136),49(141),73(70) : 316
49 : 95(15),80(48),64(98),55(125),30(196) : 324
50 : 68(87),59(112),49(143),89(28),61(106) : 326
51 : 83(42),63(103),74(65),77(58),31(193) : 328
52 : 46(151),58(113),36(176),74(66),71(74),49(142) : 334
53 : 73(68),81(45),57(117),60(110),64(102) : 335
54 : 69(80),69(82),100(0),38(168),69(81) : 345
