Bin number: 37
Bin size: 600
Item number: 200
Bin Id: item size (item id),... : total item size
1 : 85(58),75(79),38(164) : 198
2 : 99(8),25(189),76(77) : 200
3 : 44(153),66(93),58(111),37(169) : 205
4 : 45(151),87(48),79(71) : 211
5 : 69(88),60(109),51(134),32(177) : 212
6 : 96(18),69(89),53(129) : 218
7 : 90(39),66(92),63(100) : 219
8 : 97(14),88(47),46(147) : 231
9 : 74(81),97(17),64(99) : 235
10 : 62(106),88(46),44(152),55(120) : 249
11 : 53(127),95(24),52(133),53(125) : 253
12 : 47(144),89(45),80(69),36(170) : 252
13 : 76(78),66(95),91(35),26(184) : 259
14 : 45(150),32(176),100(2),97(15) : 274
15 : 98(11),55(118),58(113),26(186),46(146) : 283
16 : 86(56),90(41),74(84),54(121) : 304
17 : 30(180),79(70),55(119),38(165),92(33),21(197) : 315
18 : 74(83),61(108),90(38),30(179),47(145),27(183) : 329
19 : 81(65),87(53),82(62),57(114),38(167) : 345
20 : 65(96),79(72),98(10),78(73),32(175) : 352
21 : 40(161),80(68),57(115),34(174),62(103),49(138),34(173) : 356
22 : 23(194),58(112),100(1),77(75),64(98),26(185),20(199) : 368
23 : 24(192),67(90),96(20),62(104),99(6),34(172) : 382
24 : 25(188),95(25),78(74),77(76),72(86),25(191),25(187) : 397
25 : 86(54),73(85),48(142),28(182),81(64),65(97),29(181) : 410
26 : 75(80),99(5),50(135),97(16),91(34) : 412
27 : 69(87),41(156),98(12),46(148),80(67),92(30) : 426
28 : 49(139),56(116),83(60),90(40),40(159),94(26),20(198) : 432
29 : 98(13),52(130),100(4),53(126),53(124),87(51) : 443
30 : 100(0),42(155),53(122),91(36),92(31),53(128),38(166) : 469
31 : 94(28),86(55),62(107),40(157),96(22),52(132),46(149) : 476
32 : 74(82),66(94),83(61),89(44),87(49),89(43) : 488
33 : 39(163),40(162),87(50),37(168),96(19),93(29),67(91),31(178) : 490
34 : 53(123),23(195),25(190),84(59),36(171),100(3),98(9),62(105),43(154) : 524
35 : 89(42),92(32),59(110),82(63),24(193),49(137),91(37),62(102) : 548
36 : 81(66),99(7),95(23),94(27),55(117),47(143),49(136),49(140) : 569
37 : 87(52),22(196),63(101),52(131),48(141),40(158),40(160),85(57),96(21) : 533
