Bin number: 44
Bin size: 359
Item number: 200
Bin Id: item size (item id),... : total item size
1 : 19(155),80(44),15(166),31(133),6(184) : 151
2 : 91(19),36(122),25(147) : 152
3 : 95(13),55(97),3(195) : 153
4 : 77(54),77(55),2(199) : 156
5 : 99(3),13(171),6(187),12(174),18(158),6(185),6(186) : 160
6 : 75(59),85(35) : 160
7 : 5(189),88(30),64(76),4(191) : 161
8 : 78(52),84(39) : 162
9 : 57(92),86(34),21(153),7(183) : 171
10 : 84(40),78(50),11(178),3(198) : 176
11 : 35(126),96(8),30(138),12(175),5(188) : 178
12 : 50(104),87(32),5(190),8(182),24(150),10(179) : 184
13 : 95(12),90(23),9(180) : 194
14 : 98(4),54(99),44(111),4(192) : 200
15 : 63(79),56(95),20(154),32(129),27(144),3(194) : 201
16 : 58(88),94(14),47(108),3(197),3(196) : 205
17 : 82(43),57(91),58(90),12(173) : 209
18 : 55(96),91(20),13(172),22(152),29(140),4(193) : 214
19 : 70(67),62(83),67(71),19(157) : 218
20 : 95(9),79(47),15(167),32(130) : 221
21 : 90(22),93(18),31(137),9(181) : 223
22 : 85(38),97(7),37(120),14(169) : 233
23 : 89(29),93(17),42(115),11(177) : 235
24 : 67(69),15(164),85(36),35(124),35(123) : 237
25 : 90(24),77(53),75(60) : 242
26 : 46(109),90(26),64(77),31(135),14(170) : 245
27 : 99(2),99(1),38(118),16(162) : 252
28 : 64(78),67(72),95(11),31(132) : 257
29 : 76(56),91(21),52(101),29(139),16(161) : 264
30 : 83(41),78(51),59(86),33(127),15(163) : 268
31 : 78(49),76(57),57(94),40(116),24(148) : 275
32 : 48(107),87(31),86(33),61(84) : 282
33 : 53(100),31(134),72(62),75(61),33(128),24(149) : 288
34 : 37(119),50(105),26(146),26(145),98(6),57(93) : 294
35 : 32(131),85(37),36(121),43(114),66(73),17(159),15(165) : 294
36 : 65(75),93(16),79(46),58(89),16(160) : 311
37 : 98(5),71(64),72(63),29(141),44(112) : 314
38 : 90(25),31(136),94(15),55(98),27(143),22(151) : 319
39 : 79(48),67(70),82(42),35(125),49(106),12(176) : 324
40 : 59(87),89(28),51(103),43(113),19(156),65(74) : 326
41 : 71(65),69(68),95(10),70(66),28(142) : 333
42 : 76(58),80(45),90(27),40(117),51(102) : 337
43 : 61(85),63(80),62(82),99(0),45(110) : 330
44 : 14(168),63(81) : 77
