Bin number: 35
Bin size: 600
Item number: 200
Bin Id: item size (item id),... : total item size
1 : 78(58),97(8),25(189) : 200
2 : 68(79),40(153),40(151),54(109) : 202
3 : 36(164),68(77),65(88),34(169) : 203
4 : 63(93),86(39),63(92) : 212
5 : 81(48),73(71),60(100) : 214
6 : 92(18),46(134),82(47) : 220
7 : 52(111),64(89),67(81),41(147) : 224
8 : 94(14),93(17),42(144) : 229
9 : 47(129),55(106),47(127),90(24) : 239
10 : 83(46),61(99),40(152),68(78) : 252
11 : 49(120),83(45),46(133),74(69) : 252
12 : 30(177),48(125),62(95),32(176),87(35) : 259
13 : 40(150),100(2),34(170),49(118),51(113) : 274
14 : 95(11),93(15),25(184),27(180),41(146) : 281
15 : 78(56),25(186),85(41),66(84),49(119) : 303
16 : 73(70),66(83),36(165),88(33),21(197),41(145) : 325
17 : 55(108),49(121),86(38),75(65),35(167),33(174) : 333
18 : 27(179),62(96),76(62),51(114),72(72),38(161),21(194) : 347
19 : 26(183),79(53),96(10),75(68),50(115),25(185) : 351
20 : 71(73),58(103),51(112),100(1),22(192),61(98) : 363
21 : 69(75),44(138),33(173),64(90),92(20),57(104),20(199) : 379
22 : 33(175),97(6),90(25),69(74),65(86),33(172) : 387
23 : 25(188),69(76),22(191),25(187),78(54),66(85),43(142),26(182),45(135) : 399
24 : 68(80),76(64),62(97),98(5),27(181),39(156),41(148) : 411
25 : 93(16),65(87),88(34),95(12),85(40) : 426
26 : 44(139),75(67),89(30),50(116),77(60),94(13) : 429
27 : 38(159),90(26),47(130),98(4),47(126),48(124),39(155),36(166) : 443
28 : 100(0),80(51),48(122),89(28),89(31),63(94) : 469
29 : 87(36),78(55),47(128),55(107),38(157),66(82),46(132),20(198),37(163) : 474
30 : 91(22),37(162),76(61),83(44),81(49),80(50),40(149) : 488
31 : 84(43),35(168),48(123),21(195),92(19),89(29),64(91),78(59) : 511
32 : 24(190),29(178),33(171),100(3),97(9),84(42),56(105),40(154),21(193),44(137) : 528
33 : 88(32),54(110),76(63),75(66),86(37),79(52),90(23) : 548
34 : 97(7),58(102),89(27),50(117),42(143),45(136),21(196),59(101),38(158),78(57) : 577
35 : 43(140),46(131),43(141),38(160),92(21) : 262
