Bin number: 47
Bin size: 360
Item number: 200
Bin Id: item size (item id),... : total item size
1 : 26(180),21(195),28(174) : 75
2 : 23(190),27(179),25(184),20(197) : 95
3 : 29(170),36(149),29(169),25(183) : 119
4 : 40(143),42(141),22(191),27(176) : 131
5 : 42(142),32(160),46(129),20(199) : 140
6 : 43(137),38(145),33(156),45(133) : 159
7 : 35(152),24(187),30(165),53(118),30(164) : 172
8 : 26(182),50(123),53(117),42(139) : 171
9 : 61(98),64(88),64(89) : 189
10 : 29(171),45(131),59(106),29(173),26(181) : 188
11 : 64(91),20(196),67(81),20(198),25(185) : 196
12 : 68(78),32(161),63(94),50(124) : 213
13 : 34(154),60(103),49(125),72(66) : 215
14 : 62(95),47(128),66(83),51(122) : 226
15 : 72(70),65(85),61(97),36(151) : 234
16 : 33(158),39(144),67(80),66(84),30(166) : 235
17 : 70(72),28(175),44(134),65(86),37(147) : 244
18 : 62(96),70(71),45(130),34(153),36(148) : 247
19 : 64(90),78(55),61(101),52(119) : 255
20 : 79(49),77(58),56(112),22(193),27(177) : 261
21 : 85(37),24(189),42(138),88(29),24(188) : 263
22 : 58(107),81(46),79(54),55(114) : 273
23 : 77(57),75(63),69(75),53(116) : 274
24 : 32(162),91(20),61(102),91(24) : 275
25 : 68(77),43(135),82(43),55(113),30(167) : 278
26 : 86(34),86(35),85(38),22(192) : 279
27 : 90(26),60(105),79(50),54(115) : 283
28 : 90(25),81(45),93(19),22(194) : 286
29 : 80(47),67(82),85(36),61(99) : 293
30 : 75(62),97(11),96(15),25(186) : 293
31 : 56(111),79(51),88(30),76(61) : 299
32 : 94(17),51(121),100(0),57(109) : 302
33 : 98(8),82(44),33(157),91(21) : 304
34 : 100(1),30(168),37(146),70(73),42(140),31(163) : 310
35 : 97(13),98(10),87(33),32(159) : 314
36 : 68(76),60(104),91(22),73(65),27(178) : 319
37 : 84(39),100(4),94(16),43(136) : 321
38 : 91(23),93(18),77(56),65(87) : 326
39 : 90(27),83(41),79(52),77(60) : 329
40 : 87(32),97(12),45(132),29(172),77(59) : 335
41 : 57(110),98(9),99(7),36(150),47(127) : 337
42 : 79(48),100(3),61(100),69(74),33(155) : 342
43 : 57(108),73(64),63(93),99(5),52(120) : 344
44 : 97(14),89(28),63(92),99(6) : 348
45 : 72(67),72(68),72(69),48(126),87(31) : 351
46 : 100(2),82(42),79(53),84(40) : 345
47 : 67(79) : 67
