Bin number: 47
Bin size: 359
Item number: 200
Bin Id: item size (item id),... : total item size
1 : 98(8),40(129),4(190),10(181) : 152
2 : 83(44),64(81),2(196),3(195) : 152
3 : 15(174),99(4),38(132) : 152
4 : 99(3),40(127),15(175) : 154
5 : 72(67),79(52),4(193),1(199) : 156
6 : 72(68),86(39),2(198) : 160
7 : 32(140),19(162),91(23),19(165) : 161
8 : 46(113),90(27),22(158),4(194),2(197) : 164
9 : 87(37),50(105),30(142) : 167
10 : 87(38),40(125),43(119) : 170
11 : 54(100),38(135),59(90),16(169),4(192) : 171
12 : 97(10),74(62),4(189) : 175
13 : 97(9),23(155),21(160),24(151),13(176) : 178
14 : 82(45),69(75),30(144) : 181
15 : 100(2),77(57),5(188) : 182
16 : 32(139),76(59),47(108),19(164),9(183) : 183
17 : 94(17),95(14) : 189
18 : 90(28),46(112),44(117),10(180) : 190
19 : 48(107),95(13),40(128),12(179) : 195
20 : 58(92),44(118),46(110),16(168),25(148),7(186) : 196
21 : 56(97),71(71),79(51) : 206
22 : 45(115),40(126),36(137),72(70),16(172) : 209
23 : 38(133),89(32),29(146),56(98) : 212
24 : 55(99),58(93),38(134),57(96),8(184) : 216
25 : 87(36),78(53),45(114),13(177) : 223
26 : 86(40),24(150),74(64),36(136),4(191) : 224
27 : 70(73),85(42),23(154),30(143),19(163) : 227
28 : 100(0),74(63),57(95) : 231
29 : 100(1),76(60),41(124),13(178) : 230
30 : 91(21),91(24),9(182),23(157),24(152) : 238
31 : 93(18),90(26),45(116),16(170) : 244
32 : 28(147),99(6),95(11),23(156) : 245
33 : 67(77),83(43),60(87),38(131) : 248
34 : 87(34),57(94),70(72),41(123) : 255
35 : 67(78),77(56),94(16),29(145) : 267
36 : 81(47),72(69),87(35),35(138),7(187) : 282
37 : 80(49),86(41),59(89),63(82) : 288
38 : 17(167),95(12),89(31),80(50),8(185) : 289
39 : 51(103),51(104),94(15),53(102),30(141),23(153) : 302
40 : 91(22),99(5),22(159),61(84),16(171),16(173) : 305
41 : 67(76),62(83),78(55),69(74),17(166),20(161) : 313
42 : 73(66),81(48),92(19),75(61) : 321
43 : 60(88),49(106),90(29),88(33),39(130) : 326
44 : 60(86),98(7),64(80),59(91),47(109) : 328
45 : 76(58),78(54),92(20),60(85),24(149) : 330
46 : 42(122),43(120),89(30),65(79),53(101),42(121) : 334
47 : 82(46),91(25),46(111),74(65) : 293
