Bin number: 43
Bin size: 479
Item number: 200
Bin Id: item size (item id),... : total item size
1 : 30(199),34(186),45(156) : 109
2 : 40(167),46(152),38(173) : 124
3 : 34(187),37(177),45(155),35(182) : 151
4 : 52(133),57(118),59(114) : 168
5 : 35(184),55(126),48(147),35(183) : 173
6 : 38(174),51(136),46(151),42(162) : 177
7 : 33(189),37(178),46(148),61(105) : 177
8 : 42(163),44(159),31(195),68(83) : 185
9 : 40(166),66(90),51(137),39(170) : 196
10 : 49(143),67(87),60(111),34(185) : 210
11 : 50(141),52(135),75(61),37(175) : 214
12 : 66(91),68(85),67(88),36(181) : 237
13 : 62(103),56(121),77(57),41(164) : 236
14 : 49(144),58(115),58(116),74(62) : 239
15 : 30(197),54(127),73(67),55(125),30(198) : 242
16 : 66(94),39(169),39(171),63(100),71(77) : 278
17 : 85(43),72(72),85(41),40(165) : 282
18 : 89(30),97(10),59(113),50(140) : 295
19 : 74(65),60(107),63(101),98(7) : 295
20 : 89(33),94(20),60(109),54(128) : 297
21 : 90(28),53(132),86(40),85(42) : 314
22 : 60(108),66(92),81(50),81(47),30(196) : 318
23 : 60(106),96(13),56(119),56(120),53(130) : 321
24 : 82(46),89(31),72(75),45(154),39(168) : 327
25 : 99(2),93(22),63(99),49(142),33(190) : 337
26 : 74(63),97(12),97(11),81(51) : 349
27 : 78(55),74(64),96(16),100(1) : 348
28 : 74(66),89(32),96(14),95(17) : 354
29 : 98(4),92(24),75(60),60(110),45(153) : 370
30 : 77(56),73(68),72(71),89(34),63(98) : 374
31 : 39(172),90(29),48(146),67(86),68(84),67(89) : 379
32 : 42(161),98(6),48(145),72(73),69(81),53(131) : 382
33 : 99(3),92(26),98(5),62(102),37(176) : 388
34 : 44(157),56(122),88(35),73(69),84(44),50(138) : 395
35 : 79(53),78(54),62(104),65(96),66(95),54(129) : 404
36 : 36(179),91(27),65(97),81(48),88(36),50(139) : 411
37 : 32(192),70(79),71(76),94(21),43(160),73(70),36(180) : 419
38 : 87(39),95(19),52(134),72(74),31(194),32(191),56(123) : 425
39 : 46(149),46(150),77(58),59(112),83(45),57(117),70(78) : 438
40 : 100(0),31(193),80(52),92(23),75(59),69(82) : 447
41 : 87(38),66(93),70(80),34(188),95(18),98(9) : 450
42 : 98(8),92(25),96(15),44(158),88(37),55(124) : 473
43 : 81(49) : 81
