Bin number: 49
Bin size: 358
Item number: 200
Bin Id: item size (item id),... : total item size
1 : 30(198),37(175),33(190) : 100
2 : 32(192),37(176),41(164) : 110
3 : 34(185),39(170),53(132) : 126
4 : 37(178),35(184),32(191),38(174) : 142
5 : 30(196),48(147),34(188),35(182) : 147
6 : 56(121),53(131),58(115) : 167
7 : 52(135),45(153),40(167),40(166) : 177
8 : 50(138),44(157),50(139),46(151) : 190
9 : 52(133),49(144),59(112),39(171) : 199
10 : 48(145),66(90),33(189),62(104) : 209
11 : 56(122),63(98),48(146),45(154) : 212
12 : 40(165),54(127),66(95),58(116) : 218
13 : 65(97),73(70),55(124),37(177) : 230
14 : 56(123),78(54),69(82),30(199) : 233
15 : 74(63),69(81),54(129),39(168) : 236
16 : 77(56),67(87),57(117),46(149) : 247
17 : 85(41),83(45),87(39) : 255
18 : 74(65),63(99),70(78),49(142) : 256
19 : 61(105),75(59),73(69),51(137) : 260
20 : 42(162),86(40),85(43),46(148) : 259
21 : 89(32),34(187),71(77),75(60) : 269
22 : 81(51),31(193),66(94),62(103),31(194) : 271
23 : 81(48),89(33),74(66),30(197) : 274
24 : 73(68),81(47),74(62),46(152) : 274
25 : 73(67),75(61),96(13),35(183) : 279
26 : 60(107),84(44),66(92),72(72) : 282
27 : 51(136),39(172),85(42),59(114),60(111) : 294
28 : 88(36),88(37),45(155),45(156),31(195) : 297
29 : 43(160),90(28),50(141),56(120),60(110) : 299
30 : 98(8),94(21),62(102),53(130) : 307
31 : 95(19),65(96),97(12),50(140) : 307
32 : 93(22),38(173),79(53),98(6) : 308
33 : 70(80),89(31),81(50),71(76) : 311
34 : 94(20),63(100),89(34),67(89) : 313
35 : 92(25),92(26),78(55),52(134) : 314
36 : 68(85),77(57),72(73),98(5) : 315
37 : 97(10),95(18),72(74),54(128) : 318
38 : 42(163),91(27),89(30),98(4) : 320
39 : 42(161),97(11),49(143),66(91),36(179),34(186) : 324
40 : 72(75),67(86),55(126),77(58),60(109) : 331
41 : 92(23),67(88),96(15),44(159),36(181) : 335
42 : 88(35),98(7),90(29),59(113) : 335
43 : 66(93),99(3),68(84),68(83),36(180) : 337
44 : 96(16),95(17),70(79),80(52) : 341
45 : 100(1),100(0),87(38),57(118) : 344
46 : 99(2),60(106),63(101),44(158),81(49) : 347
47 : 98(9),72(71),82(46),56(119),39(169) : 347
48 : 92(24),60(108),96(14),55(125),46(150) : 349
49 : 74(64) : 74
