Bin number: 43
Bin size: 479
Item number: 200
Bin Id: item size (item id),... : total item size
1 : 20(199),38(167),25(187) : 83
2 : 26(186),41(156),44(152) : 111
3 : 34(173),28(182),32(177),26(184),23(195) : 143
4 : 42(155),25(189),55(118),31(178) : 153
5 : 27(183),34(174),53(126),52(133) : 166
6 : 46(147),40(162),45(151),39(163) : 170
7 : 49(136),57(114),46(148),20(198) : 172
8 : 40(159),38(166),49(137),58(111) : 185
9 : 36(170),47(143),48(141),50(135),21(197) : 202
10 : 62(105),67(90),74(83) : 203
11 : 69(87),54(121),29(181),67(91) : 219
12 : 32(175),62(103),47(144),53(127),38(164) : 232
13 : 69(88),57(115),56(116),36(171),25(190) : 243
14 : 73(85),83(61),26(185),66(94) : 248
15 : 53(125),85(57),82(62),49(140) : 269
16 : 80(67),37(169),63(100),98(10) : 278
17 : 89(43),38(165),76(77),90(41) : 293
18 : 58(113),92(30),63(101),62(107),22(196) : 297
19 : 79(72),60(109),96(20),66(92) : 301
20 : 92(33),81(65),99(7),37(168) : 309
21 : 53(128),61(108),52(132),94(28),55(120) : 315
22 : 62(106),98(13),87(50),77(75) : 324
23 : 55(119),90(40),88(46),43(154),52(130) : 328
24 : 89(42),92(31),88(47),64(99) : 333
25 : 100(2),48(142),96(22),98(12) : 342
26 : 98(11),81(64),82(63),97(16) : 358
27 : 86(55),87(51),97(14),92(32) : 362
28 : 81(66),100(1),59(110),44(153),34(172),46(146) : 364
29 : 100(4),97(17),95(24),83(60) : 375
30 : 40(161),91(34),64(98),99(6),86(56) : 380
31 : 47(145),93(29),80(68),69(89),94(26) : 383
32 : 79(71),72(86),100(3),40(157),32(176),62(102) : 385
33 : 78(73),74(84),74(81),99(5),66(95) : 391
34 : 53(122),52(131),91(35),80(69),30(179),89(44) : 395
35 : 62(104),65(96),86(54),94(27),53(129),49(138) : 409
36 : 87(53),24(192),65(97),75(79),49(139),87(48),25(191) : 412
37 : 40(160),96(21),90(39),77(76),79(70),45(150) : 427
38 : 91(36),51(134),96(19),78(74),30(180),24(193),58(112) : 428
39 : 23(194),46(149),53(123),85(58),100(0),55(117),75(80) : 437
40 : 90(38),89(45),76(78),87(52),25(188),84(59) : 451
41 : 66(93),95(23),96(18),98(9),99(8) : 454
42 : 74(82),95(25),40(158),97(15),91(37),53(124) : 450
43 : 87(49) : 87
