Bin number: 36
Bin size: 600
Item number: 200
Bin Id: item size (item id),... : total item size
1 : 76(58),33(189),44(153),44(151) : 197
2 : 97(8),41(164),63(93) : 201
3 : 67(79),68(77),66(88) : 201
4 : 58(109),93(18),63(92) : 214
5 : 79(48),72(71),65(89) : 216
6 : 82(39),61(100),79(47) : 222
7 : 58(111),49(134),66(81),50(129) : 223
8 : 94(14),93(17),44(152) : 231
9 : 37(169),46(147),55(120),51(127),47(144) : 236
10 : 59(106),80(46),61(99),49(133) : 249
11 : 89(24),67(78),36(177),62(95) : 254
12 : 80(45),53(125),72(69),44(150) : 249
13 : 37(176),99(2),84(35),56(118) : 276
14 : 95(11),37(170),94(15),57(113) : 283
15 : 77(56),35(184),34(186),36(180),81(41),40(165) : 303
16 : 47(146),66(84),66(83),56(119),54(121),31(197) : 320
17 : 72(70),58(108),86(33),47(145),62(96) : 325
18 : 83(38),75(65),36(179),77(53),71(72) : 342
19 : 35(183),75(62),57(114),42(161),73(68),69(73) : 351
20 : 38(167),96(10),57(115),37(174),60(103),32(194),37(173) : 357
21 : 57(112),99(1),68(75),49(138),65(90),37(175) : 375
22 : 33(192),61(98),35(185),93(20),60(104),34(188),66(86) : 382
23 : 98(6),89(25),69(74),68(76),37(172),36(181) : 397
24 : 33(191),77(54),66(85),30(199),48(142),35(182),67(80),49(135) : 405
25 : 34(187),75(64),62(97),98(5),94(16),45(148) : 408
26 : 66(87),85(34),95(12),48(139),73(67),57(116) : 424
27 : 43(156),86(30),76(60),81(40),89(26),52(126) : 427
28 : 94(13),42(159),50(130),98(4),100(0),59(107) : 443
29 : 53(124),78(51),43(155),87(28),83(36),86(31),39(166) : 469
30 : 54(122),77(55),51(128),43(157),90(22),66(82),50(132),42(163) : 473
31 : 30(198),62(94),42(162),76(61),80(44),79(49),80(43),38(168) : 487
32 : 78(50),44(149),54(123),32(195),93(19),33(190),64(91),36(178),76(59) : 510
33 : 87(29),37(171),99(3),81(42),59(105),58(110),75(63),33(193) : 529
34 : 97(9),86(32),49(137),73(66),83(37),98(7),60(102) : 546
35 : 44(154),77(52),90(23),88(27),48(143),49(136),48(140),60(101),48(141) : 552
36 : 56(117),32(196),50(131),43(158),42(160),77(57),90(21) : 390
