Bin number: 47
Bin size: 358
Item number: 200
Bin Id: item size (item id),... : total item size
1 : 20(198),23(192),31(175) : 74
2 : 25(190),27(185),35(164) : 87
3 : 31(176),30(178),21(196),32(170) : 114
4 : 27(184),25(191),31(174),43(147) : 126
5 : 26(188),49(132),54(121),28(182) : 157
6 : 47(135),49(131),41(153),25(189) : 162
7 : 55(115),39(157),47(138),34(167) : 175
8 : 47(139),48(133),34(166),61(104) : 190
9 : 44(144),32(171),44(145),53(122),20(199) : 193
10 : 57(112),34(165),66(90),44(146) : 201
11 : 50(127),42(151),41(154),55(116),30(177) : 218
12 : 64(98),52(123),64(97),42(149) : 222
13 : 65(95),51(124),76(63),34(168) : 226
14 : 78(54),74(70),50(129),35(162) : 237
15 : 68(81),68(82),84(41),22(193) : 242
16 : 55(117),78(56),67(87),47(137) : 247
17 : 85(39),85(40),60(105),26(187) : 256
18 : 63(99),83(45),69(78),41(152) : 256
19 : 75(65),83(43),77(59),22(194) : 257
20 : 74(69),88(32),20(197),81(51) : 263
21 : 46(142),70(77),81(48),65(94) : 262
22 : 42(148),87(33),82(47),58(107) : 269
23 : 77(60),61(103),83(44),56(114) : 277
24 : 75(66),75(68),96(13),32(172) : 278
25 : 76(62),75(67),76(61),54(120) : 281
26 : 65(92),47(136),86(36),86(37) : 284
27 : 57(111),84(42),40(155),37(160),40(156),35(163) : 293
28 : 46(141),57(110),27(183),90(28),49(130),31(173) : 300
29 : 94(19),96(12),94(21),21(195) : 305
30 : 98(8),61(102),68(80),80(53) : 307
31 : 65(96),73(72),88(31),81(50) : 307
32 : 93(22),91(25),46(140),78(57) : 308
33 : 94(20),63(100),66(89),90(27) : 313
34 : 91(26),98(6),87(34),37(161) : 313
35 : 67(85),97(10),78(55),73(73) : 315
36 : 70(76),94(18),72(74),51(126),29(179) : 316
37 : 88(30),99(5),45(143),50(128),38(159) : 320
38 : 97(11),99(4),71(75),58(109) : 325
39 : 48(134),67(86),66(91),92(23),27(186),29(180) : 329
40 : 87(35),66(88),78(58),65(93),38(158) : 334
41 : 98(7),89(29),95(15),54(119) : 336
42 : 67(84),99(3),28(181),69(79),74(71) : 337
43 : 95(16),68(83),95(17),82(46) : 340
44 : 100(1),99(2),86(38),59(106) : 344
45 : 57(113),98(9),81(49),58(108),51(125) : 345
46 : 100(0),92(24),80(52),76(64) : 348
47 : 55(118),62(101),96(14),33(169),42(150) : 288
