Bin number: 48
Bin size: 358
Item number: 200
Bin Id: item size (item id),... : total item size
1 : 30(198),37(175),33(190) : 100
2 : 33(192),37(176),41(164) : 111
3 : 35(185),37(170),54(121) : 126
4 : 36(178),35(184),37(174),32(196) : 140
5 : 33(191),46(147),34(188),35(182) : 148
6 : 50(132),50(131),57(115) : 157
7 : 49(135),44(153),38(167),39(166) : 170
8 : 49(138),43(157),49(133),47(144) : 188
9 : 48(139),57(112),54(122),33(189) : 192
10 : 47(145),37(171),61(98),62(95) : 207
11 : 65(90),60(104),40(165),44(151) : 209
12 : 51(127),47(146),62(97),57(116) : 217
13 : 44(154),54(123),53(124),75(63) : 226
14 : 72(70),66(82),50(129),44(149) : 232
15 : 77(54),66(81),36(177),56(117) : 235
16 : 81(41),82(39),81(40) : 244
17 : 77(56),66(87),61(99),42(162) : 246
18 : 80(45),80(43),30(199),59(105) : 249
19 : 38(168),67(78),75(65),72(69) : 252
20 : 86(32),49(137),48(142),78(51) : 261
21 : 76(59),68(77),86(33),33(193) : 263
22 : 79(48),34(187),79(47),76(60) : 268
23 : 62(94),45(148),60(103),75(62),31(197) : 273
24 : 73(66),73(68),80(44),48(141) : 274
25 : 73(67),63(92),94(13),49(136) : 279
26 : 59(107),83(36),81(42),58(111) : 281
27 : 76(61),44(152),83(37),37(172),43(155) : 283
28 : 32(194),57(114),43(156),42(160),58(110),55(120) : 287
29 : 87(28),90(21),71(72),50(130) : 298
30 : 90(22),62(96),60(102),89(25) : 301
31 : 93(19),95(12),67(80),48(140) : 303
32 : 97(8),86(31),37(173),85(34) : 305
33 : 35(183),93(20),77(53),61(100),42(163) : 308
34 : 89(26),78(50),66(85),77(57) : 310
35 : 68(76),93(18),88(27),65(89) : 314
36 : 98(6),96(10),69(73),52(126) : 315
37 : 86(30),69(74),95(11),68(75) : 318
38 : 77(55),98(5),48(143),32(195),64(91) : 319
39 : 42(161),98(4),51(128),49(134),84(35) : 324
40 : 66(86),90(23),76(58),63(93),36(179) : 331
41 : 87(29),98(7),94(15),56(118) : 335
42 : 66(88),58(109),99(3),34(186),42(159),36(181) : 335
43 : 66(84),94(16),66(83),67(79),43(158) : 336
44 : 93(17),99(1),57(113),36(180),56(119) : 341
45 : 97(9),72(71),100(0),77(52) : 346
46 : 99(2),79(49),89(24),80(46) : 347
47 : 83(38),59(106),58(108),94(14),53(125) : 347
48 : 60(101),75(64),37(169),44(150) : 216
