Bin number: 51
Bin size: 360
Item number: 200
Bin Id: item size (item id),... : total item size
1 : 32(195),40(180),40(179) : 112
2 : 35(190),31(197),35(191),30(199) : 131
3 : 44(174),37(184),55(141) : 136
4 : 45(170),41(176),37(183),38(182) : 161
5 : 53(149),55(143),59(129) : 167
6 : 55(142),46(169),36(187),39(181) : 176
7 : 50(160),56(137),53(152),32(196) : 191
8 : 54(145),58(133),47(165),45(171) : 204
9 : 63(123),51(156),65(118),31(198) : 210
10 : 70(98),73(88),72(91) : 215
11 : 48(164),65(117),58(131),44(173) : 215
12 : 68(106),73(89),75(81) : 216
13 : 55(139),49(161),72(94),52(154) : 228
14 : 77(78),61(125),62(124),37(185) : 237
15 : 69(103),78(70),60(128),34(193) : 241
16 : 79(66),71(95),50(158),44(175) : 244
17 : 73(83),73(85),63(122),40(177) : 249
18 : 73(84),71(97),54(144),57(134) : 255
19 : 76(80),78(72),59(130),47(166) : 260
20 : 78(71),82(55),53(151),52(153) : 265
21 : 71(96),73(86),84(49),36(189) : 264
22 : 73(90),81(58),69(101),49(162) : 272
23 : 89(37),54(147),66(112),65(119) : 274
24 : 90(29),82(54),68(107),36(188) : 276
25 : 81(57),79(63),53(148),69(102) : 282
26 : 90(26),55(138),92(25),47(167) : 284
27 : 89(34),87(46),77(75),33(194) : 286
28 : 93(24),95(20),66(114),34(192) : 288
29 : 89(35),77(77),68(105),57(135) : 291
30 : 66(116),83(50),97(11),46(168) : 292
31 : 88(43),66(113),74(82),66(115) : 294
32 : 89(38),80(62),90(30),36(186) : 295
33 : 97(8),87(45),67(111),51(157) : 302
34 : 96(15),83(51),70(99),54(146) : 303
35 : 86(47),89(36),80(61),48(163) : 303
36 : 96(17),96(19),64(121),50(159) : 306
37 : 100(0),97(13),68(109),45(172) : 310
38 : 100(1),97(10),55(140),58(132) : 310
39 : 88(44),95(21),79(65),56(136) : 318
40 : 89(33),77(73),68(104),88(39) : 322
41 : 95(22),99(4),90(27),40(178) : 324
42 : 77(76),95(23),81(56),73(87) : 326
43 : 96(18),88(41),80(60),67(110) : 331
44 : 96(16),97(9),69(100),72(93) : 334
45 : 97(12),90(32),82(52),68(108) : 337
46 : 97(7),86(48),79(64),77(74) : 339
47 : 100(3),81(59),90(28),72(92) : 343
48 : 98(5),97(14),100(2),53(150) : 348
49 : 98(6),88(42),88(40),76(79) : 350
50 : 78(67),60(127),65(120),60(126),90(31) : 353
51 : 78(68),78(69),82(53),52(155) : 290
