Bin number: 49
Bin size: 358
Item number: 200
Bin Id: item size (item id),... : total item size
1 : 20(198),24(192),25(190) : 69
2 : 32(175),26(185),38(164) : 96
3 : 32(176),26(184),25(191),36(170) : 119
4 : 31(178),22(196),34(174),40(157) : 127
5 : 25(188),46(147),54(121),28(182) : 153
6 : 52(132),44(153),52(131),20(199) : 168
7 : 50(135),49(138),49(139),25(189) : 173
8 : 57(115),38(167),52(133),36(171) : 183
9 : 38(166),47(144),58(112),53(122) : 196
10 : 47(145),67(90),38(165),53(127) : 205
11 : 62(104),46(146),64(98),43(154) : 215
12 : 56(116),45(151),53(123),66(95) : 220
13 : 65(97),53(124),32(177),55(117),25(187) : 230
14 : 53(129),79(70),37(168),74(82) : 243
15 : 74(81),69(87),64(99),49(137) : 256
16 : 46(149),40(162),86(54),62(105),23(194) : 257
17 : 82(63),90(41),86(56) : 258
18 : 48(142),90(39),81(65),46(148) : 265
19 : 24(193),21(197),76(78),80(69),66(94) : 267
20 : 90(40),89(45),92(32) : 271
21 : 89(43),76(77),62(103),49(136) : 276
22 : 84(59),66(92),44(152),87(51) : 281
23 : 92(33),62(107),87(48),42(155) : 283
24 : 80(68),83(60),82(62),41(156) : 286
25 : 81(66),88(47),80(67),40(160) : 289
26 : 34(172),57(114),89(44),83(61),27(183) : 290
27 : 98(13),58(111),48(141),89(42) : 293
28 : 91(36),91(37),59(110),62(102) : 303
29 : 55(120),65(96),52(130),34(173),98(12) : 304
30 : 96(19),96(21),94(28),23(195) : 309
31 : 99(8),63(100),49(140),99(6) : 310
32 : 96(22),75(80),96(20),47(143) : 314
33 : 79(72),95(25),73(85),69(89) : 316
34 : 94(26),39(163),98(10),87(50) : 318
35 : 92(31),87(53),99(5),40(161) : 318
36 : 96(18),77(76),94(27),53(128) : 320
37 : 91(34),78(73),86(55),67(91) : 322
38 : 92(30),85(57),78(74),30(179),40(159) : 325
39 : 98(11),100(4),51(134),53(126),26(186) : 328
40 : 77(75),72(86),60(109),95(23),30(180) : 334
41 : 69(88),100(3),93(29),74(84) : 336
42 : 91(35),99(7),85(58),62(106) : 337
43 : 66(93),97(15),74(83),100(1) : 337
44 : 97(16),29(181),97(17),55(118),63(101) : 341
45 : 58(113),100(2),100(0),87(49) : 345
46 : 75(79),40(158),79(71),55(119),97(14) : 346
47 : 98(9),90(38),61(108),53(125),45(150) : 347
48 : 95(24),88(46),87(52),81(64) : 351
49 : 37(169) : 37
