Bin number: 40
Bin size: 479
Item number: 200
Bin Id: item size (item id),... : total item size
1 : 20(199),30(167),33(156) : 83
2 : 35(152),25(186),24(187),29(173) : 113
3 : 33(155),27(177),26(182),43(136) : 129
4 : 37(147),45(133),28(174),36(151) : 146
5 : 25(184),32(162),24(189),36(148),31(163) : 148
6 : 48(126),27(178),53(118),25(183) : 153
7 : 55(114),32(159),30(166),21(195),29(170) : 167
8 : 43(137),40(143),42(141),60(105) : 185
9 : 66(83),64(90),43(135),28(175) : 201
10 : 56(111),65(87),51(121),30(164) : 202
11 : 39(144),76(61),60(103),47(127) : 222
12 : 65(85),64(88),20(197),26(181),54(115) : 229
13 : 64(91),53(116),75(62),20(198),20(196) : 232
14 : 77(57),72(67),49(125),29(169),23(190) : 250
15 : 25(185),29(171),82(43),61(100),68(77) : 265
16 : 63(94),70(72),83(41),55(113) : 271
17 : 30(165),88(30),73(65),61(101),34(154) : 286
18 : 42(140),87(33),58(107),57(109),47(128) : 291
19 : 91(20),98(10),45(132),63(92) : 297
20 : 89(28),57(108),84(40),81(46) : 311
21 : 99(7),59(106),79(50),80(47) : 317
22 : 82(42),52(120),87(31),69(75),30(168) : 320
23 : 52(119),97(13),100(2),75(63) : 324
24 : 45(130),42(142),91(22),61(99),97(12) : 336
25 : 73(64),78(55),72(66),87(32),38(145) : 348
26 : 79(51),97(11),100(1),77(56) : 353
27 : 94(16),34(153),97(14),57(110),77(60) : 359
28 : 91(24),29(172),94(17),37(146),86(34),32(161) : 369
29 : 72(68),100(4),70(71),65(86),66(84) : 373
30 : 88(29),61(98),70(73),64(89),67(81),27(176) : 377
31 : 99(6),90(26),100(3),51(122),45(131) : 385
32 : 33(157),61(102),86(35),99(5),72(69),36(149) : 387
33 : 82(44),79(53),27(179),79(54),90(27),46(129) : 403
34 : 60(104),62(96),62(95),61(97),22(192),67(79),42(138),32(160) : 408
35 : 79(48),84(39),91(21),68(76),42(139),36(150),22(194) : 422
36 : 85(36),44(134),93(19),72(70),22(191),26(180),81(45) : 423
37 : 69(74),77(58),50(123),22(193),56(112),85(38),79(52) : 438
38 : 100(0),53(117),68(78),91(23),67(80),67(82) : 446
39 : 63(93),77(59),24(188),98(9),98(8),96(15) : 456
40 : 93(18),90(25),79(49),33(158),85(37),50(124) : 430
