Bin number: 29
Bin size: 600
Item number: 200
Bin Id: item size (item id),... : total item size
1 : 73(58),97(8),5(189),22(153),1(197),2(194) : 200
2 : 61(79),63(77),56(93),22(151),1(199) : 203
3 : 15(164),59(88),44(109),75(48),10(177) : 203
4 : 93(18),83(39),43(111),1(198) : 220
5 : 65(71),57(92),32(134),51(100),12(169),4(191) : 221
6 : 58(89),94(14),61(81),12(170),1(196) : 226
7 : 76(47),93(17),34(129),32(133) : 235
8 : 23(147),76(46),51(99),37(120),34(127),25(144) : 246
9 : 46(106),22(152),90(24),77(45),11(176),3(192) : 249
10 : 61(78),35(125),66(69),54(95),23(150),6(184),6(186),8(180) : 259
11 : 95(11),100(2),84(35),4(190) : 283
12 : 38(118),93(15),74(56),41(113),23(146),15(165),2(195) : 286
13 : 79(41),65(70),60(84),60(83),45(108),8(179) : 317
14 : 37(119),84(33),37(121),83(38),69(65),6(183),13(167) : 329
15 : 25(145),74(53),53(96),71(62),39(114),65(72),17(161),5(188) : 349
16 : 95(10),68(68),65(73),39(115),11(174),41(112),28(138),6(185),6(187) : 359
17 : 49(103),100(1),64(75),11(173),58(90),11(175),52(98),8(182),11(172),3(193) : 367
18 : 92(20),48(104),98(6),89(25),65(74) : 392
19 : 64(76),60(86),74(54),61(80),70(64),53(97),20(156) : 402
20 : 60(85),27(142),98(5),32(135),93(16),59(87),23(148),17(159) : 409
21 : 8(181),84(34),95(12),28(139),86(30),38(116),81(40) : 420
22 : 68(67),73(60),94(13),89(26),35(126),75(51) : 434
23 : 34(130),99(4),100(0),35(124),21(155),87(28),85(31) : 461
24 : 36(122),83(36),74(55),34(128),46(107),91(22),60(82),33(132),16(163) : 473
25 : 18(157),14(166),55(94),72(61),77(44),75(49),75(50),78(43),8(178),12(171) : 484
26 : 16(162),23(149),13(168),36(123),92(19),86(29),57(91),99(3),47(105),22(154) : 491
27 : 73(59),96(9),78(42),85(32),44(110),71(63),29(137),38(117),26(143) : 540
28 : 69(66),83(37),98(7),75(52),90(23),88(27),31(136),18(158),17(160) : 569
29 : 50(102),28(140),51(101),34(131),27(141),74(57),92(21) : 356
