Bin number: 49
Bin size: 360
Item number: 200
Bin Id: item size (item id),... : total item size
1 : 23(195),30(180),34(174) : 87
2 : 25(190),26(184),30(179),21(197) : 102
3 : 36(170),25(191),48(141),27(183) : 136
4 : 47(143),46(149),20(199),37(169) : 150
5 : 32(176),48(142),40(160),28(182) : 148
6 : 53(129),25(187),49(137),41(156) : 168
7 : 53(123),55(118),38(165),38(164) : 184
8 : 47(145),55(117),64(98),22(196) : 188
9 : 44(152),52(133),62(106),34(173) : 192
10 : 36(171),67(91),69(88),29(181) : 201
11 : 52(131),69(89),62(103),26(185) : 209
12 : 49(139),40(161),74(81),53(124) : 216
13 : 20(198),66(94),53(125),43(154),40(158) : 222
14 : 76(78),53(122),32(175),74(83) : 235
15 : 66(95),53(128),65(97),52(130) : 236
16 : 47(144),81(66),75(80),45(151) : 248
17 : 79(70),73(85),74(84),25(189) : 251
18 : 65(96),51(134),67(90),46(147),24(193) : 253
19 : 79(72),63(101),79(71),44(153) : 265
20 : 72(86),58(112),86(55),49(138) : 265
21 : 38(166),55(119),62(107),57(114),56(116) : 268
22 : 46(148),25(188),87(49),85(58),32(177) : 275
23 : 91(37),62(102),50(135),77(75) : 280
24 : 40(162),93(29),62(105),88(46) : 283
25 : 58(113),82(63),85(57),24(192),38(167) : 287
26 : 86(54),91(34),89(43),23(194) : 289
27 : 76(77),95(24),94(26),26(186) : 291
28 : 57(115),91(35),90(38),54(121) : 292
29 : 96(20),98(11),99(8) : 293
30 : 95(25),74(82),92(30),37(168) : 298
31 : 58(111),82(62),97(15),64(99) : 301
32 : 87(50),88(47),87(51),40(157) : 302
33 : 96(19),100(0),60(109),49(140) : 305
34 : 97(17),89(45),83(61),39(163) : 308
35 : 100(1),91(36),78(73),40(159) : 309
36 : 98(13),46(146),96(21),77(76) : 317
37 : 98(10),89(44),62(104),69(87) : 318
38 : 92(33),90(39),95(23),49(136) : 326
39 : 96(22),100(4),97(16),34(172) : 327
40 : 81(65),96(18),98(9),52(132) : 327
41 : 94(27),86(56),90(41),63(100) : 333
42 : 98(12),92(32),87(52),61(108) : 338
43 : 59(110),83(60),99(7),97(14) : 338
44 : 100(3),84(59),81(64),78(74) : 343
45 : 87(48),66(93),99(5),94(28) : 346
46 : 31(178),99(6),66(92),100(2),53(127) : 349
47 : 80(67),89(42),55(120),87(53),42(155) : 353
48 : 45(150),80(68),80(69),53(126),92(31) : 350
49 : 90(40),75(79) : 165
