Bin number: 42
Bin size: 479
Item number: 200
Bin Id: item size (item id),... : total item size
1 : 30(199),38(167),33(186) : 101
2 : 44(156),45(152),47(147) : 136
3 : 94(16),96(14),91(24),77(56) : 358
4 : 87(33),97(10),61(107),50(140) : 295
5 : 68(85),63(103),48(144),58(115) : 237
6 : 88(30),74(65),38(165),92(20) : 292
7 : 64(101),60(109),98(7),83(40) : 305
8 : 44(153),86(34),60(110),73(68),41(161),69(84) : 373
9 : 91(23),93(18),97(9),80(49),95(15) : 456
10 : 32(187),37(173),36(177),44(155) : 149
11 : 82(43),55(125),72(72),64(100) : 273
12 : 57(116),77(57),39(164),76(62) : 249
13 : 38(170),51(137),69(83),49(143) : 207
14 : 67(90),59(111),52(135),30(197) : 208
15 : 93(19),53(134),71(74),47(149),30(194),46(150),56(123),35(180) : 431
16 : 48(146),64(98),48(145),67(89),90(26),64(102) : 381
17 : 71(75),44(154),92(22),53(130),78(55) : 338
18 : 77(60),89(29),68(86),72(73),69(81) : 375
19 : 99(6),100(3),43(157),86(35),56(122) : 384
20 : 43(159),38(166),61(105),49(141) : 191
21 : 100(1),94(17),100(4),72(71) : 366
22 : 35(182),33(184),57(118),37(174) : 162
23 : 53(133),32(189),51(136),36(178) : 172
24 : 55(126),40(162),46(151),34(183) : 175
25 : 58(114),40(163),47(148),30(195) : 175
26 : 68(87),77(61),67(88) : 212
27 : 66(91),56(121),37(175),74(67) : 233
28 : 35(181),55(127),33(185),66(94),30(198),30(196) : 249
29 : 38(169),38(171),83(41),70(77),57(120) : 286
30 : 58(113),89(28),54(128),61(108),38(168) : 300
31 : 53(132),83(42),61(106),66(92),57(119) : 320
32 : 79(50),80(46),88(31),76(63) : 323
33 : 96(13),80(47),100(2),49(142) : 325
34 : 64(99),32(190),96(12),75(64),79(51) : 346
35 : 74(66),97(11),87(32),38(172),53(131) : 349
36 : 99(5),36(176),73(69),82(44),78(53),31(192) : 399
37 : 78(54),63(104),90(27),36(179),54(129),85(36) : 406
38 : 64(96),65(95),64(97),83(39),92(21),42(160) : 410
39 : 70(79),80(48),70(76),51(138),73(70),77(58) : 421
40 : 50(139),31(191),81(45),85(38),79(52),70(78),32(188) : 428
41 : 100(0),59(112),31(193),57(117),66(93),91(25),43(158) : 447
42 : 77(59),69(80),69(82),98(8),85(37),55(124) : 453
