Bin number: 42
Bin size: 359
Item number: 200
Bin Id: item size (item id),... : total item size
1 : 89(14),76(43),13(179),32(140) : 210
2 : 55(88),43(111),36(129),31(144),24(154),17(167) : 206
3 : 68(65),47(106),27(151),66(68),70(58),42(113),13(176) : 333
4 : 40(117),32(142),59(80),58(82),100(0),59(81) : 348
5 : 89(17),96(7),19(164),33(137) : 237
6 : 46(108),54(91),52(96),54(90),7(191) : 213
7 : 88(20),66(67),58(83),4(194) : 216
8 : 15(172),93(9),26(152),86(22) : 220
9 : 75(44),70(59),8(187) : 153
10 : 72(54),72(55),13(175) : 157
11 : 73(49),70(57),33(139),53(94),47(107) : 276
12 : 86(24),79(36),39(120),39(124) : 243
13 : 100(1),60(78),63(72),36(127) : 259
14 : 97(3),51(97),13(178) : 161
15 : 63(71),74(47),89(18),1(197) : 227
16 : 23(155),88(19),34(133),7(189) : 152
17 : 90(13),18(166),39(122),8(188) : 155
18 : 82(30),29(147),53(92) : 164
19 : 96(8),48(104),33(138),7(190) : 184
20 : 81(32),90(12),10(182),10(183) : 191
21 : 78(38),83(29),65(69),5(192),3(196) : 234
22 : 62(76),77(39),16(171),15(174) : 170
23 : 72(52),80(35),9(184),3(195) : 164
24 : 98(2),62(77),34(135),40(118),19(162) : 253
25 : 51(98),43(112),32(143),85(28),76(42),23(156),17(168) : 327
26 : 89(15),74(48),65(70),57(87),38(125) : 323
27 : 44(109),85(26),35(130),70(60),12(180) : 246
28 : 75(46),68(64),55(89),69(63),48(103) : 315
29 : 89(16),62(75),96(5),33(136),32(141) : 312
30 : 71(56),87(21),34(132),72(51) : 264
31 : 97(4),1(198),52(95),51(99) : 201
32 : 96(6),39(121),53(93),29(149),63(73),20(159) : 300
33 : 80(34),22(158),25(153),37(126),9(185) : 173
34 : 77(40),9(186),73(50),15(173),1(199) : 175
35 : 86(23),60(79),28(150),13(177),12(181) : 199
36 : 41(115),72(53),39(123),17(169),76(41) : 245
37 : 92(11),22(157),57(86),50(101),29(148),16(170) : 266
38 : 40(116),81(31),81(33),50(100),30(145) : 282
39 : 34(134),69(62),19(163),70(61),20(161),40(119),36(128) : 288
40 : 58(84),35(131),79(37),47(105),29(146),42(114) : 290
41 : 85(25),18(165),4(193),93(10),57(85),62(74) : 319
42 : 67(66),75(45),85(27),20(160),43(110),49(102) : 339
