Bin number: 53
Bin size: 359
Item number: 200
Bin Id: item size (item id),... : total item size
1 : 38(155),84(44),29(184) : 151
2 : 93(19),36(166),25(189) : 154
3 : 94(13),34(171),27(187) : 155
4 : 82(54),41(147),34(174) : 157
5 : 81(55),49(133),28(185) : 158
6 : 51(122),79(59),28(186) : 158
7 : 98(3),63(97) : 161
8 : 89(30),72(76) : 161
9 : 82(52),39(153),22(195),20(198) : 163
10 : 88(35),45(138),33(178) : 166
11 : 85(39),85(40) : 170
12 : 65(92),83(50),24(190) : 172
13 : 88(34),50(126),33(175) : 171
14 : 38(158),96(8),41(144) : 175
15 : 59(104),95(12),30(182) : 184
16 : 89(32),64(95),38(154) : 191
17 : 26(188),70(79),61(99),40(150) : 197
18 : 92(23),57(111),50(129) : 199
19 : 97(4),68(88),34(173) : 199
20 : 94(14),84(43),32(179) : 210
21 : 58(108),66(91),66(90),23(194) : 213
22 : 64(96),29(183),75(67),45(140) : 213
23 : 93(20),69(83),34(172),20(199) : 216
24 : 96(9),39(152),85(38) : 220
25 : 92(22),75(71),36(167),21(197) : 224
26 : 83(47),93(18),52(120) : 228
27 : 90(29),75(69),24(191),47(137) : 236
28 : 93(17),87(36),57(109) : 237
29 : 96(7),92(24),49(130) : 237
30 : 36(164),91(26),82(53),32(180) : 241
31 : 55(115),78(60),24(192),51(124),37(162) : 245
32 : 100(2),100(1),53(118) : 253
33 : 72(77),72(78),75(72),38(157) : 257
34 : 47(135),51(123),81(56),33(177),45(139) : 257
35 : 92(21),49(132),84(41),40(148) : 265
36 : 95(11),35(169),68(86),31(181),37(163) : 266
37 : 83(51),60(101),81(57),47(134) : 271
38 : 83(49),50(127),54(116),89(31) : 276
39 : 65(94),58(107),68(84),35(170),52(119) : 278
40 : 88(33),60(100),78(62),59(105) : 285
41 : 78(61),37(161),86(37),50(128),41(146) : 292
42 : 49(131),41(145),96(6),52(121),55(114) : 293
43 : 65(93),40(149),74(73),77(64),47(136) : 303
44 : 93(16),73(75),37(159),67(89),42(143) : 312
45 : 96(5),83(46),77(63),36(165),22(196) : 314
46 : 91(25),94(15),83(48),51(125) : 319
47 : 43(141),75(70),61(98),84(42),60(103) : 323
48 : 68(87),90(28),76(65),59(106),33(176) : 326
49 : 56(112),40(151),75(68),80(58),76(66) : 327
50 : 55(113),84(45),68(85),38(156),91(27) : 336
51 : 23(193),95(10),37(160),43(142),70(80),70(82) : 338
52 : 74(74),100(0),36(168),70(81),60(102) : 340
53 : 54(117),57(110) : 111
