Bin number: 41
Bin size: 359
Item number: 200
Bin Id: item size (item id),... : total item size
1 : 1(197),12(176),8(189),9(183),1(199) : 31
2 : 9(187),9(185),19(160),2(196),3(195) : 42
3 : 15(168),13(175),12(179),23(147),1(198) : 64
4 : 25(143),16(166),19(156),20(155),4(193) : 84
5 : 5(192),30(140),39(121),15(169),17(163) : 106
6 : 43(113),38(127),41(115),9(184) : 131
7 : 40(116),30(139),25(144),24(145),19(157) : 138
8 : 34(134),39(123),52(91),14(171),12(177) : 151
9 : 17(164),55(85),46(106),40(117) : 158
10 : 55(87),35(131),35(130),36(129),9(186) : 170
11 : 18(162),63(68),40(119),53(90),5(191),12(180) : 191
12 : 60(76),33(135),66(60),31(137),14(173) : 204
13 : 19(158),27(142),48(101),56(82),22(152),43(112) : 215
14 : 37(128),77(43),39(122),66(63),4(194) : 223
15 : 42(114),55(88),50(95),46(107),47(105) : 240
16 : 12(178),80(34),34(132),70(54),23(150),23(148) : 242
17 : 47(104),76(44),50(96),56(81),18(161) : 247
18 : 38(126),34(133),72(50),39(124),51(93),15(170) : 249
19 : 80(35),60(74),50(94),63(70) : 253
20 : 71(53),77(42),86(28),14(172),10(181) : 258
21 : 81(31),40(118),80(33),58(77) : 259
22 : 87(27),66(64),49(98),55(89),7(190) : 264
23 : 65(65),76(45),90(20),45(108) : 276
24 : 48(100),68(56),72(49),72(52),17(165) : 277
25 : 48(103),68(58),72(51),27(141),66(61) : 281
26 : 67(59),79(37),95(11),45(111) : 286
27 : 56(83),96(10),93(16),45(109) : 290
28 : 77(41),92(17),79(38),45(110) : 293
29 : 96(9),68(57),60(73),73(48) : 297
30 : 63(69),90(19),94(13),57(80) : 304
31 : 33(136),22(151),100(3),82(30),75(47) : 312
32 : 30(138),60(75),56(84),99(5),49(99),19(159) : 313
33 : 50(97),87(26),100(2),79(36) : 316
34 : 13(174),95(12),93(14),81(32),24(146),9(188) : 315
35 : 87(25),100(1),66(62),39(125),21(154),16(167) : 329
36 : 40(120),58(78),51(92),83(29),88(24),9(182) : 329
37 : 65(66),77(40),93(15),78(39),21(153) : 334
38 : 96(8),55(86),89(21),98(6) : 338
39 : 68(55),57(79),90(18),100(0),23(149) : 338
40 : 65(67),89(22),89(23),100(4) : 343
41 : 97(7),76(46),62(71),61(72),48(102) : 344
