Bin number: 44
Bin size: 359
Item number: 200
Bin Id: item size (item id),... : total item size
1 : 96(8),36(129),13(174),7(190) : 152
2 : 76(44),56(81),18(162),2(196) : 152
3 : 100(4),34(132),19(158) : 153
4 : 100(3),38(127),13(175),3(195) : 154
5 : 65(67),89(23),1(198),1(197) : 156
6 : 63(68),72(52),10(181),15(169) : 160
7 : 30(140),43(113),87(27),1(199) : 161
8 : 78(39),79(37),5(192) : 162
9 : 79(38),17(165),47(105),27(142) : 170
10 : 48(100),39(125),33(135),20(155),19(160),12(176) : 171
11 : 96(10),53(90),22(151),4(193) : 175
12 : 96(9),40(119),30(139),12(179) : 178
13 : 76(45),100(2),4(194) : 180
14 : 66(62),68(57),45(108) : 179
15 : 60(75),67(59),46(107),9(186) : 182
16 : 92(17),86(28),12(180) : 190
17 : 43(112),93(14),17(164),37(128) : 190
18 : 51(92),40(117),40(118),50(97),15(168) : 196
19 : 94(13),45(110),25(144),34(133) : 198
20 : 62(71),41(115),38(126),31(137),23(148),12(177) : 207
21 : 72(51),63(70),49(99),24(146),5(191) : 213
22 : 81(32),49(98),77(40),9(183) : 216
23 : 51(93),71(53),34(134),23(150),33(136),9(184) : 221
24 : 79(36),50(96),77(42),9(182),8(189) : 223
25 : 60(73),66(64),100(0) : 226
26 : 100(1),42(114),66(60),23(147) : 231
27 : 66(63),88(24),50(95),14(172),17(163) : 235
28 : 89(21),21(154),25(143),90(18),12(178) : 237
29 : 87(26),98(6),39(124),22(152) : 246
30 : 58(77),80(34),95(11),15(170) : 248
31 : 77(43),19(157),40(116),55(87),50(94),16(167) : 257
32 : 19(156),58(78),68(56),61(72),39(123),14(171) : 259
33 : 93(16),35(131),75(47),55(89),16(166) : 274
34 : 63(69),80(35),72(49),47(104),24(145) : 286
35 : 77(41),56(82),95(12),30(138),19(159),14(173) : 291
36 : 81(31),72(50),48(103),99(5) : 300
37 : 93(15),89(22),48(102),56(84),9(185),9(187) : 304
38 : 27(141),60(76),56(83),68(55),21(153),60(74),18(161) : 310
39 : 65(66),73(48),46(106),80(33),57(80) : 321
40 : 90(19),55(88),55(86),68(58),35(130),23(149) : 326
41 : 83(29),70(54),97(7),39(122),40(120) : 329
42 : 66(61),52(91),82(30),76(46),55(85) : 331
43 : 90(20),45(109),57(79),45(111),65(65),39(121) : 341
44 : 48(101),87(25),9(188) : 144
