Bin number: 30
Bin size: 600
Item number: 200
Bin Id: item size (item id),... : total item size
1 : 76(58),96(8),5(189),22(151) : 199
2 : 63(79),15(164),64(77),57(93),3(197) : 202
3 : 21(153),58(88),46(109),79(48) : 204
4 : 93(18),67(71),57(92),2(199) : 219
5 : 84(39),44(111),58(89),31(134),5(188) : 222
6 : 53(100),94(14),79(47) : 226
7 : 14(169),63(81),93(17),32(129),33(127) : 235
8 : 25(147),49(106),79(46),54(99),27(144),11(177) : 245
9 : 37(120),90(24),80(45),31(133),14(170) : 252
10 : 22(152),64(78),35(125),67(69),56(95),4(192),4(191) : 252
11 : 24(150),12(176),99(2),85(35),38(118),6(184),9(180) : 273
12 : 95(11),94(15),76(56),10(179),7(183) : 282
13 : 43(113),6(186),83(41),26(146),67(70),61(84),15(165),3(194) : 304
14 : 62(83),47(108),86(33),36(121),85(38),12(174) : 328
15 : 37(119),71(65),26(145),55(96),72(62),67(72) : 328
16 : 77(53),43(114),16(161),95(10),69(68),51(103) : 351
17 : 15(167),66(73),42(115),44(112),99(1),65(75),12(173),13(172) : 356
18 : 30(138),58(90),12(175),55(98),6(185),91(20),98(6),28(142) : 378
19 : 50(104),90(25),65(74),64(76),59(86),6(187),61(85) : 395
20 : 77(54),63(80),8(182),71(64),55(97),98(5),9(181),29(139) : 410
21 : 31(135),59(87),93(16),86(34),95(12),40(116),17(159) : 421
22 : 19(156),24(148),70(67),88(30),75(60),84(40),32(130),35(126) : 427
23 : 95(13),90(26),98(4),99(0),19(155),36(122),3(198),3(195) : 443
24 : 35(124),78(51),89(28),85(36),87(31),77(55),15(166),3(196) : 469
25 : 33(128),48(107),19(157),62(82),31(132),90(22),57(94),15(163),16(162),75(61),24(149),5(190),4(193) : 479
26 : 80(44),78(49),78(50),82(43),14(168),91(19),57(91),11(178),13(171) : 504
27 : 35(123),89(29),75(59),99(3),95(9),50(105),45(110),20(154),16(160) : 524
28 : 82(42),87(32),72(63),31(137),70(66),85(37),90(23),31(136) : 548
29 : 97(7),78(52),51(102),90(27),40(117),27(143),52(101),32(131),18(158),91(21) : 576
30 : 29(140),29(141),76(57) : 134
