Bin number: 36
Bin size: 600
Item number: 200
Bin Id: item size (item id),... : total item size
1 : 72(69),62(95),97(11),38(170) : 269
2 : 61(99),46(152),92(24),53(125) : 252
3 : 98(8),46(151),58(109) : 202
4 : 84(39),57(111),82(47) : 223
5 : 100(2),87(35),96(15) : 283
6 : 78(58),39(164),33(189),45(153) : 195
7 : 68(79),69(77),64(88) : 201
8 : 63(93),81(48),68(81) : 212
9 : 95(18),72(71),51(134) : 218
10 : 63(92),64(89),96(14) : 223
11 : 61(100),52(129),59(106),55(120) : 227
12 : 38(169),95(17),48(147),53(127) : 234
13 : 82(46),82(45),35(177),51(133) : 250
14 : 48(144),69(78),46(150),35(176),55(118) : 253
15 : 78(56),57(113),34(184),33(186),48(146),54(121) : 304
16 : 34(180),84(41),72(70),66(84),58(108) : 314
17 : 66(83),55(119),39(165),87(33),48(145),34(183) : 329
18 : 84(38),30(197),76(65),80(53),72(72) : 342
19 : 35(179),62(96),77(62),57(114),41(161),39(167),36(174) : 347
20 : 97(10),73(68),71(73),56(115),59(103) : 356
21 : 31(194),57(112),100(1),70(75),51(138),59(104) : 368
22 : 32(192),63(90),36(175),61(98),33(185),94(20),33(188),30(199) : 382
23 : 37(173),98(6),70(74),64(86),32(191),33(187),50(142) : 384
24 : 90(25),69(76),79(54),65(85),98(5) : 401
25 : 34(182),68(80),37(172),76(64),62(97),34(181),51(135),48(148) : 410
26 : 95(16),64(87),43(156),97(12),50(139),77(60) : 426
27 : 87(34),75(67),89(30),84(40),42(159),53(126) : 430
28 : 56(116),97(13),90(26),52(130),98(4),44(155) : 437
29 : 100(0),54(124),81(51),54(122),86(36),52(128),42(157) : 469
30 : 90(28),89(31),79(55),59(107),39(166),68(82),52(132) : 476
31 : 93(22),30(198),39(163),62(94),40(162),77(61),83(44),31(195),32(190) : 487
32 : 81(49),81(50),83(43),48(149),39(168),54(123),63(91),59(105) : 508
33 : 94(19),89(29),77(59),37(171),100(3),83(42),45(154) : 525
34 : 35(178),98(9),87(32),77(63),31(193),51(137),75(66),85(37) : 539
35 : 58(110),98(7),81(52),60(102),92(23),90(27),31(196),42(158) : 552
36 : 56(117),48(143),51(136),50(140),60(101),52(131),50(141),42(160),78(57),93(21) : 580
