Bin number: 41
Bin size: 360
Item number: 200
Bin Id: item size (item id),... : total item size
1 : 3(195),9(180),12(174),5(190),2(199) : 31
2 : 6(184),10(179),3(197),14(170),24(149) : 57
3 : 27(143),29(141),4(191),28(142),6(187) : 94
4 : 14(169),12(176),7(183),32(129),16(160),19(156) : 100
5 : 31(137),35(123),26(145),15(165),22(152) : 129
6 : 8(182),38(118),31(133),15(164),40(117),3(196) : 135
7 : 13(171),32(131),49(106),55(98),9(181) : 158
8 : 12(173),58(88),29(139),58(89),16(161) : 173
9 : 57(91),20(154),35(124),63(81) : 175
10 : 35(125),3(198),51(103),64(78),33(128),6(185),4(193) : 196
11 : 57(94),36(122),56(95),18(158),27(144),12(175) : 206
12 : 70(66),67(70),55(97),22(151),5(189) : 219
13 : 62(83),61(85),63(80),32(130),5(188) : 223
14 : 61(84),31(134),55(96),59(86),21(153) : 227
15 : 67(72),67(71),25(147),15(166),58(90),6(186) : 238
16 : 52(101),24(148),44(112),37(119),77(55),11(177),3(194) : 248
17 : 30(138),48(107),78(49),40(116),16(162),43(114) : 255
18 : 76(58),85(37),65(75),31(135),4(192) : 261
19 : 51(102),79(46),72(63),64(77) : 266
20 : 43(113),76(57),89(29),50(105),11(178) : 269
21 : 77(54),42(115),90(24),62(82) : 271
22 : 15(167),86(34),91(20),85(35) : 277
23 : 82(43),85(38),44(111),72(62) : 283
24 : 90(26),90(25),78(50),26(146) : 284
25 : 95(11),79(47),80(45),36(121) : 290
26 : 91(19),94(15),96(8),14(168) : 295
27 : 78(51),88(30),85(36),46(109) : 297
28 : 93(17),75(61),99(1),15(163),17(159) : 299
29 : 54(99),80(44),99(0),66(73) : 299
30 : 19(157),95(13),95(10),86(33),13(172) : 308
31 : 29(140),50(104),91(21),64(76),76(56) : 310
32 : 90(22),71(65),98(4),59(87) : 318
33 : 84(39),90(23),93(18),53(100) : 320
34 : 31(136),90(27),45(110),83(41),78(52) : 327
35 : 93(16),95(9),95(12),47(108) : 330
36 : 31(132),75(60),87(32),97(7),24(150),19(155) : 333
37 : 99(3),79(48),75(59),89(28) : 342
38 : 71(64),65(74),57(93),94(14),57(92) : 344
39 : 98(5),98(6),70(67),82(42) : 348
40 : 67(69),33(127),69(68),99(2),84(40) : 352
41 : 37(120),35(126),77(53),87(31),63(79) : 299
