Bin number: 25
Bin size: 750
Item number: 200
Bin Id: item size (item id),... : total item size
1 : 74(58),97(8),25(153),6(189),25(151),3(197) : 230
2 : 63(79),65(77),56(93),47(109),1(199),2(198) : 234
3 : 20(164),78(48),90(18),46(111) : 234
4 : 60(88),66(71),57(92),51(100),15(169) : 249
5 : 82(39),60(89),33(134),78(47),6(191) : 259
6 : 94(14),91(17),35(129),26(147),25(152) : 271
7 : 62(81),48(106),78(46),78(45),12(177) : 278
8 : 52(99),39(120),36(127),88(24),63(78),12(176),8(186) : 298
9 : 27(144),33(133),37(125),67(69),54(95),26(150),42(118),15(170) : 301
10 : 95(11),100(2),84(35),46(113),10(180),3(195) : 338
11 : 94(15),75(56),9(184),80(41),26(146),66(70),3(196) : 353
12 : 61(84),39(119),61(83),19(165),47(108),84(33),82(38) : 393
13 : 39(121),72(65),26(145),76(53),54(96),45(114),66(72),21(161),5(194) : 404
14 : 11(179),74(62),96(10),67(68),66(73),13(174),45(115),49(103) : 421
15 : 9(183),16(167),46(112),100(1),65(75),31(138),5(192),14(173),59(90),13(175),52(98),9(185),7(188) : 426
16 : 89(20),48(104),98(6),88(25),66(74),65(76),7(187),10(182),10(181) : 481
17 : 61(86),76(54),61(85),28(142),63(80),73(64),53(97),31(135),22(156),26(148) : 494
18 : 14(172),99(5),61(87),93(16),84(34),67(67),87(30) : 505
19 : 95(12),31(139),45(116),74(60),81(40),94(13),88(26),20(163),5(193) : 533
20 : 21(159),34(130),99(4),37(126),100(0),37(124),77(51),83(36),36(128),22(157) : 546
21 : 23(155),38(122),88(28),85(31),76(55),47(107),62(82),89(22),74(61) : 582
22 : 16(166),34(132),54(94),21(162),78(44),78(49),77(50),78(43),26(149),38(123),88(29),15(171) : 603
23 : 16(168),90(19),58(91),12(178),74(59),100(3),96(9),80(42),85(32),31(137) : 642
24 : 6(190),48(105),47(110),24(154),73(63),70(66),83(37),98(7),77(52),88(27),42(117) : 656
25 : 50(102),89(23),27(143),31(136),29(140),50(101),34(131),28(141),22(158),21(160),75(57),89(21) : 545
