Bin number: 43
Bin size: 450
Item number: 200
Bin Id: item size (item id),... : total item size
1 : 94(15),47(140),30(177) : 171
2 : 54(121),56(108),32(172),30(178) : 172
3 : 36(164),76(58),36(162),29(182) : 177
4 : 95(13),88(29) : 183
5 : 36(163),81(43),51(130),21(196) : 189
6 : 90(22),68(78),35(166) : 193
7 : 98(8),46(143),54(117) : 198
8 : 41(155),77(56),54(119),32(173) : 204
9 : 59(104),65(88),65(87),21(198) : 210
10 : 56(111),81(47),53(126),28(184) : 218
11 : 22(194),82(41),68(76),50(131) : 222
12 : 48(138),79(53),42(152),56(109) : 225
13 : 89(28),52(127),55(114),33(170) : 229
14 : 68(79),53(123),86(32),22(192) : 229
15 : 64(92),49(135),68(75),51(128) : 232
16 : 45(147),99(6),64(95),29(180) : 237
17 : 65(90),100(2),31(175),46(142) : 242
18 : 97(10),59(101),45(148),22(195),22(193) : 245
19 : 54(116),66(82),47(139),89(25) : 256
20 : 99(7),76(57),46(145),38(158) : 259
21 : 49(132),23(188),86(35),25(187),49(133),29(181) : 261
22 : 61(100),89(23),70(72),23(189),32(171) : 275
23 : 73(63),58(105),46(144),80(49),26(186) : 283
24 : 67(80),70(70),66(85),87(31) : 290
25 : 70(69),36(165),37(160),66(81),44(150),44(149) : 297
26 : 84(37),98(9),79(52),49(134) : 310
27 : 70(73),86(34),81(45),46(146),42(154) : 325
28 : 97(11),89(27),89(26),54(120) : 329
29 : 99(4),34(168),29(179),90(21),83(39) : 335
30 : 75(59),63(96),66(84),73(64),65(91) : 342
31 : 39(156),62(98),81(46),92(18),51(129),22(191) : 347
32 : 70(71),64(94),80(50),72(68),69(74) : 355
33 : 99(5),95(14),38(159),54(118),73(62) : 359
34 : 48(137),89(24),59(102),34(167),85(36),59(103) : 374
35 : 95(12),63(97),100(3),42(153),62(99),31(174) : 393
36 : 23(190),77(55),78(54),72(67),56(107),66(86),21(199) : 393
37 : 53(122),80(48),48(136),27(185),93(16),58(106),44(151) : 403
38 : 73(66),66(83),28(183),73(65),92(17),79(51) : 411
39 : 64(93),100(1),74(61),86(33),55(115),37(161) : 416
40 : 87(30),83(38),68(77),91(19),91(20) : 420
41 : 33(169),100(0),53(124),65(89),74(60),31(176),21(197),53(125) : 430
42 : 47(141),82(42),82(40),55(113),56(110),55(112),38(157) : 415
43 : 81(44) : 81
