Bin number: 24
Bin size: 750
Item number: 200
Bin Id: item size (item id),... : total item size
1 : 70(58),98(8),16(164),21(153),4(189),21(151) : 230
2 : 59(79),61(77),51(93),52(88),9(177),2(197) : 234
3 : 42(109),75(48),80(39),51(92) : 248
4 : 92(18),64(71),52(89),48(100) : 256
5 : 40(111),33(134),95(14),58(81),35(129) : 261
6 : 77(47),13(169),93(17),25(147),44(106),21(152),3(194) : 276
7 : 77(46),48(99),90(24),77(45),5(184) : 297
8 : 37(120),36(127),27(144),60(78),34(133),37(125),65(69),1(199),2(195) : 299
9 : 50(95),23(150),96(11),100(2),37(118),13(170),1(198) : 320
10 : 11(176),82(35),95(15),71(56),39(113),5(186),7(180),26(146) : 336
11 : 79(41),65(70),54(84),37(119),57(83),42(108),37(121),6(183),5(185) : 382
12 : 15(165),83(33),80(38),65(65),8(179),26(145),73(53),49(96) : 399
13 : 39(114),68(62),63(72),16(161),14(167),96(10),65(68),63(73),5(187) : 429
14 : 13(174),39(115),45(103),39(112),100(1),62(75),31(138),52(90),12(175),49(98) : 442
15 : 4(192),13(173),91(20),44(104),98(6),4(188),89(25),62(74),62(76) : 467
16 : 53(86),72(54),54(85),29(142),13(172),58(80),67(64),49(97),99(5) : 494
17 : 4(191),6(182),6(181),33(135),53(87),94(16),83(34),96(12),31(139),25(148),65(67) : 496
18 : 18(156),86(30),39(116),68(60),80(40),95(13),17(159),87(26),35(130) : 525
19 : 99(4),36(126),100(0),37(124),20(155),73(51),37(122),86(28),84(31),3(193) : 575
20 : 82(36),71(55),35(128),43(107),18(157),57(82),34(132),90(22),16(163),50(94),16(162),77(44) : 589
21 : 15(166),68(61),74(49),73(50),77(43),24(149),37(123),91(19),4(190),86(29),52(91),2(196) : 603
22 : 13(168),69(59),13(171),99(3),97(9),78(42),84(32),44(105),41(110),20(154),68(63),17(158) : 643
23 : 8(178),32(137),65(66),82(37),98(7),73(52),46(102),90(23),87(27),38(117),35(131),17(160) : 671
24 : 28(143),32(136),29(140),47(101),29(141),71(57),91(21) : 327
