Bin number: 32
Bin size: 598
Item number: 200
Bin Id: item size (item id),... : total item size
1 : 1(199),16(167),8(186),7(187),3(195) : 35
2 : 22(156),25(152),14(173),10(182) : 71
3 : 23(155),12(177),33(133),37(126),6(189) : 111
4 : 42(118),26(147),13(174),45(114) : 126
5 : 9(184),31(136),25(151),21(162),9(183),20(163),16(166) : 131
6 : 12(178),26(148),21(159),31(137),27(143),28(141) : 145
7 : 48(105),15(170),61(83),46(111),3(197) : 173
8 : 59(90),31(135),61(87),39(121) : 190
9 : 49(103),74(61),27(144),61(85),13(175),2(198) : 226
10 : 58(91),60(88),36(127),45(115),10(181),20(164),3(196) : 232
11 : 45(116),75(57),67(67),37(125),9(185),15(169),5(192) : 253
12 : 74(62),78(43),54(94),15(171),47(107) : 268
13 : 80(41),66(72),84(33),51(100),19(165) : 300
14 : 96(10),87(30),89(20),29(140) : 301
15 : 65(77),98(7),46(113),72(65),36(128) : 317
16 : 50(101),88(28),47(109),94(13),34(132),16(168) : 329
17 : 81(40),47(108),80(42),77(50),57(92),6(190) : 348
18 : 48(106),78(46),39(120),85(31),78(47),24(154),6(191) : 358
19 : 39(119),100(2),89(22),65(75),34(130),28(142),12(176) : 367
20 : 95(12),95(11),52(99),76(55),70(66) : 388
21 : 93(16),73(63),77(51),73(64),88(24) : 404
22 : 85(32),100(1),94(14),91(17),25(153),14(172) : 409
23 : 99(4),84(34),67(68),98(6),75(56) : 423
24 : 47(110),88(29),74(60),66(71),26(146),100(3),26(145),11(179) : 438
25 : 21(161),88(26),66(73),61(84),61(86),60(89),62(81),22(157),5(194),5(193) : 451
26 : 52(98),99(5),84(35),38(122),67(69),34(131),78(44) : 452
27 : 50(102),76(53),76(54),88(27),48(104),54(96),54(95),21(160),7(188) : 474
28 : 53(97),35(129),89(21),63(79),83(36),82(39),31(138),65(76) : 501
29 : 78(48),90(19),31(139),33(134),66(70),26(149),66(74),74(58),38(123),10(180) : 512
30 : 26(150),100(0),78(45),46(112),82(38),42(117),77(52),89(23) : 540
31 : 63(78),56(93),74(59),62(82),90(18),96(9),94(15),22(158) : 557
32 : 63(80),97(8),88(25),78(49),83(37),37(124) : 446
