Bin number: 45
Bin size: 449
Item number: 200
Bin Id: item size (item id),... : total item size
1 : 32(195),31(198),33(192) : 96
2 : 37(173),37(178),36(181) : 110
3 : 46(155),30(199),36(180),33(193) : 145
4 : 38(169),43(163),36(179),35(185) : 152
5 : 48(149),52(136),51(140) : 151
6 : 48(146),34(190),38(172),52(137) : 172
7 : 52(138),45(158),42(164),41(166) : 180
8 : 59(113),58(118),63(102) : 180
9 : 48(147),69(91),71(87) : 188
10 : 65(99),59(115),37(177),37(176) : 198
11 : 50(143),55(130),55(129),53(133) : 213
12 : 62(109),59(114),79(64),36(182) : 236
13 : 69(92),71(86),70(89),39(167) : 249
14 : 77(67),85(50),89(39) : 251
15 : 83(56),73(76),71(88),31(197) : 258
16 : 67(96),88(43),43(161),66(98) : 264
17 : 82(58),45(157),56(127),58(122),33(194) : 274
18 : 95(20),84(51),43(160),72(79) : 294
19 : 87(48),89(38),41(165),83(55) : 300
20 : 93(28),92(33),49(145),72(80) : 306
21 : 71(85),58(120),94(26),34(189),49(144) : 306
22 : 79(65),88(41),50(142),92(30) : 309
23 : 57(123),86(49),58(117),58(119),50(141) : 309
24 : 76(71),46(152),46(156),68(94),47(151),34(191) : 317
25 : 37(174),98(2),97(9),89(40) : 321
26 : 95(17),94(22),98(3),38(168) : 325
27 : 56(125),82(60),94(27),95(18) : 327
28 : 82(57),71(84),97(5),82(59) : 332
29 : 94(25),76(70),94(23),72(81) : 336
30 : 52(135),46(154),97(8),74(74),69(90) : 338
31 : 35(183),95(21),81(61),35(184),62(107),37(175) : 345
32 : 87(47),97(6),96(12),74(72) : 354
33 : 77(68),63(104),62(106),67(97),96(13) : 365
34 : 83(53),44(159),43(162),94(24),53(132),48(148) : 365
35 : 57(124),79(66),93(29),73(75),38(170),34(188) : 374
36 : 98(4),99(1),97(10),38(171),46(153) : 378
37 : 96(14),63(103),74(73),92(31),63(105) : 388
38 : 95(19),71(83),65(100),90(36),77(69) : 398
39 : 100(0),87(46),59(116),62(108),60(111),35(186) : 403
40 : 84(52),88(42),88(44),80(62),71(82) : 411
41 : 32(196),83(54),91(34),58(121),87(45),69(93) : 420
42 : 56(126),64(101),97(7),51(139),47(150),34(187),73(77) : 422
43 : 56(128),79(63),95(16),73(78),68(95),53(134) : 424
44 : 91(35),60(110),92(32),96(15),96(11) : 435
45 : 54(131),59(112),89(37) : 202
