Bin number: 43
Bin size: 447
Item number: 200
Bin Id: item size (item id),... : total item size
1 : 50(140),70(89),96(7),74(74),98(3) : 388
2 : 96(10),90(25),89(26),32(194),44(155) : 351
3 : 95(13),77(65),37(177),76(69) : 285
4 : 81(51),81(48),72(78),61(117) : 295
5 : 77(63),68(97),48(146),61(116) : 254
6 : 86(39),86(40),87(32) : 259
7 : 91(23),94(15),86(35),43(161),31(195),52(134) : 397
8 : 79(56),46(151),82(45),57(123) : 264
9 : 75(70),33(189),55(127),42(165),45(154) : 250
10 : 67(104),40(171),68(98),68(95) : 243
11 : 38(175),32(192),33(190) : 103
12 : 58(121),52(132),61(115) : 171
13 : 31(198),35(185),42(164) : 108
14 : 52(131),51(135),45(153),34(188) : 182
15 : 44(156),86(34),43(160),89(27),50(141),53(130) : 365
16 : 92(18),87(31),51(136),62(111),62(114) : 354
17 : 89(28),91(22),64(107),91(20) : 335
18 : 69(91),71(86),55(128),79(58),70(88),63(109) : 407
19 : 88(29),49(143),93(16),74(75),99(1) : 403
20 : 82(47),82(44),47(149),42(168),51(137) : 304
21 : 51(138),44(157),50(139),62(112) : 207
22 : 38(176),37(178),35(184),33(191) : 143
23 : 41(170),38(174),31(196),48(147) : 158
24 : 52(133),36(182),49(144),42(167),42(166) : 221
25 : 69(90),57(122),48(145),53(129) : 227
26 : 80(54),84(41),83(43) : 247
27 : 56(124),72(82),72(81),70(87) : 270
28 : 87(33),78(59),67(99),48(148) : 280
29 : 65(105),73(77),43(162),77(66),49(142) : 307
30 : 78(60),76(68),78(62),78(61) : 310
31 : 30(199),96(8),86(36),69(94),31(197) : 312
32 : 77(67),86(37),95(12),34(187),32(193) : 324
33 : 92(19),84(42),67(103),45(152),40(172) : 328
34 : 91(21),69(92),97(6),72(80) : 329
35 : 97(5),75(72),80(53),68(96),36(183) : 356
36 : 97(4),62(110),81(50),59(120),71(85) : 370
37 : 95(11),88(30),67(102),79(57),39(173) : 368
38 : 79(55),74(76),67(100),75(73),43(163),44(159) : 382
39 : 93(17),55(126),69(93),96(9),36(179),60(118) : 409
40 : 98(2),72(84),99(0),72(83),75(71) : 416
41 : 35(186),36(181),72(79),86(38),62(113),36(180),94(14) : 421
42 : 91(24),81(49),65(106),82(46),67(101),44(158) : 430
43 : 80(52),60(119),63(108),77(64),42(169),55(125),47(150) : 424
