Bin number: 37
Bin size: 449
Item number: 200
Bin Id: item size (item id),... : total item size
1 : 23(155),90(19),16(166),38(122),3(195) : 170
2 : 78(44),94(13) : 172
3 : 76(54),76(55),9(184),15(171),1(199) : 177
4 : 100(3),74(59),6(189),2(198) : 182
5 : 33(133),53(97),87(30),7(187),3(197) : 183
6 : 26(147),77(52),82(39) : 185
7 : 84(35),65(76),13(174),22(158),6(190) : 190
8 : 57(92),84(34),25(153),31(138) : 197
9 : 81(40),37(126),9(185),77(50) : 204
10 : 8(186),97(8),48(104),12(178),7(188),10(182),26(150) : 208
11 : 13(175),85(32),95(12),27(144) : 220
12 : 89(23),63(79),52(99),24(154),5(194) : 233
13 : 99(4),54(95),60(88),9(183),14(172) : 236
14 : 46(111),94(14),78(43),11(179),14(173) : 243
15 : 35(129),58(91),47(108),89(20),16(167) : 245
16 : 54(96),59(90),67(67),61(83),10(180),3(196) : 254
17 : 96(9),89(22),78(47) : 263
18 : 25(152),66(71),90(18),82(38) : 263
19 : 29(140),88(29),98(7),45(115),6(191) : 266
20 : 91(17),67(69),88(24),39(120) : 285
21 : 20(164),83(36),47(109),88(26),34(130),5(192),12(177) : 289
22 : 76(53),31(137),74(60),38(123),66(72),15(169) : 300
23 : 100(2),37(124),65(77),31(135),63(78),10(181) : 306
24 : 100(1),42(118),75(56),95(11) : 312
25 : 89(21),34(132),80(41),22(157),61(86),36(127) : 322
26 : 77(51),50(101),78(49),75(57),31(139),20(163) : 331
27 : 21(162),54(94),45(116),47(107),85(31),84(33) : 336
28 : 51(100),33(134),26(148),74(62),74(61),61(84),34(131) : 353
29 : 21(161),15(170),39(119),83(37),48(105),36(128),26(146),26(145),39(121),26(149) : 359
30 : 98(6),56(93),45(114),66(73),65(75),21(159),19(165) : 370
31 : 93(16),99(5),78(46),60(89),28(141),27(143) : 385
32 : 73(64),73(63),88(25),78(48),66(70),12(176) : 390
33 : 31(136),94(15),61(87),52(98),88(28),46(112),25(151) : 397
34 : 80(42),37(125),49(103),72(65),48(106),46(113),74(58) : 406
35 : 67(68),5(193),96(10),78(45),61(85),22(156),88(27) : 417
36 : 70(66),66(74),42(117),21(160),62(82),100(0),62(81) : 423
37 : 28(142),63(80),16(168),47(110),50(102) : 204
