Bin number: 28
Bin size: 747
Item number: 200
Bin Id: item size (item id),... : total item size
1 : 38(156),84(37),22(195),86(36) : 230
2 : 31(172),57(105),78(50),61(91) : 227
3 : 20(199),88(30),75(56),67(74) : 250
4 : 31(173),77(53),23(191),34(165),90(21) : 255
5 : 74(58),37(157),49(124),23(190),36(160),67(75) : 286
6 : 99(1),59(96),97(2),44(133) : 299
7 : 30(177),52(114),40(148),28(179),69(69),39(154),45(130) : 303
8 : 53(113),78(49),43(137),53(112),75(57),32(170) : 334
9 : 55(108),34(164),36(159),78(48),89(29),57(104) : 349
10 : 39(151),95(9),62(88),29(178),75(55),68(72) : 368
11 : 95(8),43(138),35(161),50(120),83(41),64(79) : 370
12 : 24(187),59(97),76(54),73(59),73(60),84(39) : 389
13 : 59(98),32(168),69(71),23(189),96(5),90(27),31(171) : 400
14 : 73(61),87(33),45(131),94(11),64(80),47(127) : 410
15 : 58(100),93(14),71(63),55(109),93(15),55(110) : 425
16 : 90(22),83(42),91(19),90(24),46(128),56(106) : 456
17 : 70(68),90(20),92(17),90(23),66(76),40(146),33(166) : 481
18 : 30(176),81(43),96(4),25(184),39(152),86(34),84(38),45(132) : 486
19 : 21(196),31(174),62(85),51(116),80(45),24(188),25(185),48(126),88(31),58(99) : 488
20 : 40(147),53(111),49(122),61(92),46(129),41(143),40(149),90(25),77(52),22(193) : 519
21 : 84(40),49(125),62(89),93(13),62(87),95(10),95(7) : 540
22 : 86(35),26(182),72(62),43(139),77(51),61(90),44(134),67(73),51(115),30(175) : 557
23 : 42(142),63(82),58(101),22(194),60(95),27(180),88(32),41(144),33(167),71(64),55(107),24(186) : 584
24 : 25(183),92(18),39(153),100(0),62(86),51(118),70(67),63(81),41(145),40(150),21(198) : 604
25 : 94(12),39(155),93(16),80(47),69(70),89(28),70(66),34(162),71(65) : 639
26 : 65(78),60(93),43(140),60(94),50(121),66(77),62(84),96(6),97(3),57(103) : 656
27 : 27(181),90(26),44(135),50(119),81(44),49(123),22(192),34(163),43(141),44(136),58(102),32(169),21(197),37(158),63(83) : 695
28 : 51(117),80(46) : 131
