Bin number: 46
Bin size: 450
Item number: 200
Bin Id: item size (item id),... : total item size
1 : 95(15),44(164),32(194) : 171
2 : 50(140),56(121),60(108) : 166
3 : 37(177),40(172),96(13) : 173
4 : 79(58),45(162),56(117) : 180
5 : 91(29),94(22) : 185
6 : 45(163),73(78),35(182),36(178) : 189
7 : 85(43),53(130),56(119) : 194
8 : 98(8),49(143),47(155) : 194
9 : 79(56),68(88),59(111) : 206
10 : 62(104),43(166),69(87),34(184) : 208
11 : 38(173),82(47),55(126),42(170) : 217
12 : 51(138),74(76),53(131),47(152) : 225
13 : 81(53),91(28),54(127) : 226
14 : 86(41),73(79),66(92) : 225
15 : 55(123),52(135),90(32),32(196) : 229
16 : 58(114),60(109),48(147),68(90) : 234
17 : 74(75),99(6),36(180),32(192) : 241
18 : 100(2),65(95),48(148),30(198) : 243
19 : 54(128),97(10),37(175),56(116) : 244
20 : 63(101),32(195),50(142),72(82),32(193) : 249
21 : 98(7),33(188),79(57),48(145) : 258
22 : 51(139),53(132),92(25),63(100) : 259
23 : 88(35),33(187),93(23),52(133) : 266
24 : 75(72),46(158),33(189),48(144),73(80) : 275
25 : 78(63),61(105),36(181),75(70),33(186) : 283
26 : 82(49),75(69),43(165),41(171),48(150) : 289
27 : 70(85),45(160),87(37),98(9) : 300
28 : 72(81),90(31),81(52),65(96) : 308
29 : 75(73),48(149),90(34),48(146),64(98) : 325
30 : 96(11),100(4),92(27),42(168) : 330
31 : 83(45),92(26),52(134),56(120),47(154) : 330
32 : 79(59),36(179),94(21),47(156),86(39) : 342
33 : 71(84),67(91),83(46),94(18),32(191) : 347
34 : 78(64),75(71),100(5),96(14) : 349
35 : 65(94),54(129),82(50),76(68),46(159),33(190) : 356
36 : 75(74),56(118),92(24),63(102),87(36) : 373
37 : 51(137),78(62),43(167),100(3),47(153),55(122) : 374
38 : 63(103),96(12),64(97),80(55),37(174),51(136) : 391
39 : 80(54),63(99),77(67),82(48),60(107),34(185) : 396
40 : 70(86),78(66),72(83),78(65),61(106),48(151) : 407
41 : 95(16),65(93),100(1),78(61),73(77) : 411
42 : 34(183),95(17),81(51),91(30),42(169),68(89) : 411
43 : 90(33),86(38),100(0),55(124),50(141),37(176) : 418
44 : 30(199),58(115),94(19),45(161),94(20),59(113),46(157) : 426
45 : 79(60),85(42),86(40),30(197),59(110),85(44) : 424
46 : 55(125),59(112) : 114
