Bin number: 44
Bin size: 447
Item number: 200
Bin Id: item size (item id),... : total item size
1 : 37(175),31(198),42(164) : 110
2 : 33(192),34(190),52(135) : 119
3 : 35(185),37(176),34(191),32(196) : 138
4 : 37(178),38(170),35(184),37(174) : 147
5 : 58(121),53(132),59(115) : 170
6 : 48(147),54(131),34(188),39(167) : 175
7 : 46(153),52(138),45(157),53(133) : 196
8 : 51(139),59(112),69(90),41(166) : 220
9 : 36(182),49(144),63(104),38(171),41(165) : 227
10 : 58(122),49(145),83(54),48(146) : 238
11 : 66(98),76(70),67(97),34(189) : 243
12 : 68(95),79(63),56(127),47(151) : 250
13 : 59(116),57(123),57(124),83(56) : 256
14 : 88(41),89(39),87(45) : 264
15 : 46(154),71(82),72(81),77(69) : 266
16 : 89(40),92(32),55(129),37(177) : 273
17 : 88(43),71(87),65(99),58(117) : 282
18 : 96(13),79(65),82(59),30(199) : 287
19 : 92(33),73(78),38(168),48(149),43(162) : 294
20 : 84(51),63(105),73(77),82(60) : 302
21 : 87(48),87(47),52(137),50(142),34(187) : 310
22 : 77(68),79(66),80(62),81(61) : 317
23 : 88(44),77(67),63(103),90(36) : 318
24 : 97(8),68(94),96(12),62(107) : 323
25 : 89(37),48(148),95(19),69(92),31(197) : 332
26 : 88(42),95(21),94(22),59(114) : 336
27 : 33(193),97(6),93(28),46(152),33(194),35(183) : 337
28 : 95(20),97(10),60(111),97(5) : 349
29 : 52(136),95(18),92(31),43(160),74(72) : 356
30 : 94(25),38(172),94(26),60(110),72(80) : 358
31 : 46(155),46(156),67(96),50(141),98(4),58(120) : 365
32 : 96(11),63(102),91(34),83(53),37(173) : 370
33 : 94(27),55(130),82(57),73(76),71(85) : 375
34 : 85(50),92(30),65(100),83(55),51(140) : 376
35 : 74(73),74(74),97(7),43(163),98(3) : 386
36 : 70(89),94(23),96(15),73(75),56(128) : 389
37 : 43(161),91(35),50(143),95(16),69(91),53(134) : 401
38 : 32(195),93(29),71(86),82(58),71(88),56(126) : 405
39 : 99(1),95(17),71(84),100(0),44(159) : 409
40 : 69(93),62(109),98(2),97(9),89(38) : 415
41 : 71(83),36(179),35(186),36(181),72(79),76(71),94(24) : 420
42 : 59(113),96(14),86(49),62(106),64(101),62(108) : 429
43 : 36(180),58(118),87(46),84(52),79(64),38(169),47(150) : 429
44 : 45(158),58(119),56(125) : 159
