Bin number: 35
Bin size: 447
Item number: 200
Bin Id: item size (item id),... : total item size
1 : 1(198),12(175),4(190),4(192),5(185) : 26
2 : 16(164),11(176),8(178),5(184),13(170),13(174) : 66
3 : 4(191),2(196),37(121),25(147),21(153),4(188),4(189),1(199) : 98
4 : 34(132),33(135),39(115),18(157) : 124
5 : 35(131),31(138),6(182),39(112),14(167),15(166) : 140
6 : 31(139),34(133),52(90),44(104),13(171) : 174
7 : 27(144),37(122),26(145),49(98),15(165),26(146) : 180
8 : 50(95),49(97),39(116),36(127),21(151),9(177),2(197) : 206
9 : 20(154),72(54),65(70),37(123),24(149),3(193) : 221
10 : 68(63),79(41),71(56),13(168) : 231
11 : 37(124),57(82),58(81),80(39),3(194) : 235
12 : 80(40),77(45),53(87),38(117) : 248
13 : 35(129),77(43),84(32),48(99),5(187) : 249
14 : 65(65),83(33),65(69),44(105) : 257
15 : 69(59),60(78),73(51),16(162),29(142),25(148) : 272
16 : 75(48),95(13),61(77),32(137),21(152) : 284
17 : 68(60),77(47),65(66),77(44),2(195) : 289
18 : 65(68),50(94),68(62),45(103),68(61) : 296
19 : 65(67),43(107),82(36),82(37),13(172),18(156) : 303
20 : 51(92),78(42),98(8),86(28) : 313
21 : 91(19),96(12),91(21),40(111),8(179) : 326
22 : 39(114),90(22),32(136),20(155),98(6),17(160),29(141),6(183) : 331
23 : 91(20),87(26),41(110),49(96),63(72),13(173) : 344
24 : 89(25),84(31),96(10),46(102),35(130) : 350
25 : 37(120),92(18),99(5),73(50),52(89) : 353
26 : 58(80),83(34),73(53),87(27),54(85),5(186) : 360
27 : 48(100),86(30),71(57),96(11),62(76),6(181) : 369
28 : 99(4),71(55),29(140),63(73),16(163),62(74),33(134) : 373
29 : 16(161),28(143),98(7),99(3),52(91),95(15) : 388
30 : 82(35),62(75),53(86),35(128),86(29),36(126),42(109) : 396
31 : 90(23),52(88),94(16),51(93),93(17),17(159) : 397
32 : 70(58),54(84),100(1),57(83),100(0),23(150) : 404
33 : 100(2),97(9),59(79),64(71),7(180),74(49),17(158) : 418
34 : 39(113),80(38),47(101),90(24),95(14),73(52) : 424
35 : 44(106),37(118),77(46),37(119),42(108),67(64),13(169),37(125) : 354
