Bin number: 23
Bin size: 750
Item number: 200
Bin Id: item size (item id),... : total item size
1 : 66(58),97(8),17(164),21(153),6(189),21(151),2(197) : 230
2 : 54(79),54(77),47(93),50(88),28(134),1(199) : 234
3 : 39(109),73(48),56(71),80(39) : 248
4 : 93(18),48(92),50(89),44(100),21(152) : 256
5 : 36(111),95(14),76(47),53(81),1(198) : 261
6 : 15(169),94(17),30(129),22(147),40(106),76(46) : 277
7 : 44(99),33(120),31(127),90(24),24(144),76(45) : 298
8 : 54(78),11(177),29(133),32(125),57(69),46(95),22(150),12(176),35(118),8(184) : 306
9 : 96(11),100(2),84(35),14(170),36(113),8(183) : 338
10 : 95(15),67(56),7(186),9(180),79(41),23(146),56(70),17(165) : 353
11 : 52(84),35(119),52(83),39(108),85(33),33(121),81(38),10(179),6(188) : 393
12 : 60(65),23(145),70(53),44(96),62(62),56(72),19(161),15(167),58(68),12(174) : 419
13 : 36(114),96(10),55(73),36(115),41(103),3(194),36(112),100(1),26(138) : 429
14 : 55(75),4(192),12(173),49(90),12(175),44(98),92(20),40(104),99(6),55(74) : 462
15 : 8(185),89(25),55(76),51(86),7(187),67(54),51(85),25(142),9(182),53(80),61(64),3(195) : 479
16 : 4(191),13(172),44(97),99(5),28(135),50(87),94(16),20(156),84(34),25(139),35(116) : 496
17 : 9(181),96(12),22(148),59(67),86(30),63(60),80(40),95(13),5(190) : 515
18 : 20(159),87(26),29(130),99(4),100(0),21(155),71(51),33(122),86(28) : 546
19 : 32(126),32(124),83(36),86(31),67(55),30(128),39(107),20(157),17(166),91(22),17(163),46(94),18(162) : 578
20 : 53(82),29(132),63(61),77(44),72(49),72(50),78(43),22(149),32(123),92(19),10(178),4(193) : 604
21 : 15(168),86(29),48(91),65(59),13(171),100(3),97(9),78(42),40(105),39(110),62(63) : 643
22 : 86(32),21(154),26(137),60(66),83(37),98(7),70(52),41(102),91(23),87(27),20(158) : 683
23 : 35(117),25(143),26(136),25(140),3(196),43(101),29(131),25(141),20(160),66(57),92(21) : 389
