Bin number: 29
Bin size: 747
Item number: 200
Bin Id: item size (item id),... : total item size
1 : 41(156),87(37),21(195),62(105),20(199) : 231
2 : 30(172),88(36),82(50),29(173) : 229
3 : 67(91),91(30),23(191),36(165),29(177) : 246
4 : 79(56),80(53),94(21) : 253
5 : 73(74),79(58),56(124),24(190),37(160) : 269
6 : 40(157),73(75),100(1),28(179),50(133) : 291
7 : 64(96),100(2),58(114),44(148),39(159) : 305
8 : 75(69),42(154),59(113),83(49),49(137),24(189) : 332
9 : 51(130),61(108),36(164),79(57),84(48),34(170) : 345
10 : 59(112),91(29),62(104),43(151),68(88),28(178) : 351
11 : 98(9),98(8),79(55),37(161),56(120) : 368
12 : 48(138),73(72),86(41),25(187),64(97),79(59) : 375
13 : 72(79),80(54),87(39),64(98),35(168),51(131) : 389
14 : 78(60),74(71),76(61),92(27),76(63) : 396
15 : 99(5),89(33),97(11),63(100),60(109) : 408
16 : 31(171),97(14),72(80),97(15),93(22),35(166) : 425
17 : 53(127),60(110),86(42),95(19),93(24),72(76) : 459
18 : 52(128),75(68),62(106),94(20),96(17),44(146),29(176),26(184) : 478
19 : 93(23),85(43),21(196),99(4),29(174),87(38),70(85) : 484
20 : 42(152),88(34),50(132),58(116),85(45),26(185),90(31),56(122) : 495
21 : 25(188),44(147),59(111),55(126),64(99),67(92),43(149),93(25),68(89) : 518
22 : 52(129),46(143),86(40),56(125),97(13),69(87),81(52),21(193),27(182) : 535
23 : 88(35),97(10),98(7),76(62),81(51),68(90),50(134) : 558
24 : 48(139),46(142),73(73),58(115),71(82),29(175),63(101),21(194),27(183),65(95),76(64) : 577
25 : 28(180),89(32),45(144),35(167),62(107),96(18),42(153),100(0),70(86),41(155) : 608
26 : 25(186),56(118),75(67),97(12),71(81),96(16),72(78),92(28),43(150) : 627
27 : 45(145),84(47),75(70),75(66),37(162),75(65),65(93),20(198),47(140),70(84),28(181),22(192) : 643
28 : 65(94),56(121),72(77),99(6),93(26),49(135),100(3),56(119),56(123),40(158) : 686
29 : 85(44),63(103),37(163),47(141),49(136),63(102),34(169),21(197),58(117),70(83),84(46) : 611
