Bin number: 45
Bin size: 450
Item number: 200
Bin Id: item size (item id),... : total item size
1 : 93(15),38(177),39(172) : 170
2 : 50(140),42(164),77(58) : 169
3 : 56(121),60(108),56(117) : 172
4 : 93(13),43(162),49(143) : 185
5 : 88(29),42(163),53(130) : 183
6 : 83(43),70(78),39(173) : 192
7 : 90(22),36(182),37(178),32(194) : 195
8 : 96(8),45(155),58(111) : 199
9 : 77(56),62(104),67(88) : 206
10 : 56(119),42(166),68(87),46(152) : 212
11 : 81(47),54(126),50(138),35(184) : 220
12 : 78(53),88(28),60(109) : 226
13 : 84(41),71(76),70(79) : 225
14 : 52(131),54(127),55(123),66(92) : 227
15 : 58(114),51(135),87(32),37(180) : 233
16 : 47(147),39(170),97(6),54(128) : 237
17 : 31(196),71(75),67(90),39(175),30(198) : 238
18 : 99(2),64(95),47(148),33(192) : 243
19 : 94(10),49(142),68(82),34(188) : 245
20 : 63(101),32(195),57(116),96(7) : 248
21 : 50(139),52(132),77(57),33(193),48(145) : 260
22 : 89(25),86(35),44(158),48(144) : 267
23 : 63(100),34(187),90(23),34(189),52(133) : 273
24 : 73(72),61(105),69(80),73(70) : 276
25 : 75(63),80(49),42(165),87(31) : 284
26 : 37(181),34(186),74(69),68(85),39(171),37(179) : 289
27 : 44(160),85(37),95(9),79(52) : 303
28 : 68(81),46(150),47(149),94(11),52(134) : 307
29 : 72(73),87(34),98(4),68(84) : 325
30 : 82(45),88(27),41(168),56(120),64(96) : 331
31 : 47(146),89(26),46(154),85(39),66(91) : 333
32 : 77(59),90(21),44(156),53(129),80(50) : 344
33 : 75(64),64(98),81(46),73(71),56(118) : 349
34 : 92(18),98(5),74(68),93(14) : 357
35 : 65(94),33(191),71(74),51(137),63(102),75(62) : 358
36 : 44(159),89(24),41(167),93(12),99(3) : 366
37 : 86(36),64(97),33(190),78(55),78(54),51(136) : 390
38 : 62(103),46(153),63(99),74(67),39(174),34(185),74(66) : 392
39 : 56(122),80(48),61(107),68(86),46(151),92(17) : 403
40 : 93(16),68(83),35(183),75(65),61(106),79(51) : 411
41 : 66(93),100(1),76(61),87(33),30(199),57(115) : 416
42 : 88(30),85(38),71(77),41(169),55(124),43(161),38(176) : 421
43 : 91(19),100(0),67(89),90(20),83(42) : 431
44 : 49(141),84(40),58(113),58(110),58(112),83(44),44(157) : 434
45 : 76(60),30(197),55(125) : 161
