Bin number: 38
Bin size: 598
Item number: 200
Bin Id: item size (item id),... : total item size
1 : 55(121),64(103),72(85),71(88) : 262
2 : 78(72),65(100),35(185),76(77),80(65) : 334
3 : 85(55),80(64),81(63),92(32),80(66) : 418
4 : 56(118),52(133),59(114) : 167
5 : 30(199),41(167),45(156) : 116
6 : 65(101),98(13),62(109),42(165),89(40) : 356
7 : 41(166),51(137),60(111),72(87) : 224
8 : 40(170),51(135),82(61),68(91) : 241
9 : 99(9),99(8),95(25),98(15),45(158),89(37),54(124) : 579
10 : 34(186),47(152),34(187),34(189) : 149
11 : 86(51),50(142),100(4),95(24),91(34) : 422
12 : 85(53),94(27),85(54),64(104),66(96),66(95),33(192) : 493
13 : 39(173),54(126),38(177),37(182) : 168
14 : 45(155),51(136),35(184),39(174) : 170
15 : 49(147),48(151),43(162),48(148) : 188
16 : 38(178),36(183),63(105),68(90) : 205
17 : 43(163),44(159),73(83),49(144) : 209
18 : 50(143),50(141),32(195),58(115),42(164) : 232
19 : 84(57),54(127),58(116),82(62) : 278
20 : 39(175),30(197),80(67),37(181),98(10) : 284
21 : 89(43),67(94),54(125),96(20) : 306
22 : 93(30),89(41),99(7),40(169) : 321
23 : 92(33),30(198),93(28),62(107),50(140) : 327
24 : 40(171),59(113),100(2),53(128),63(106),31(196) : 346
25 : 89(42),86(50),52(132),88(46),56(120) : 371
26 : 62(108),68(92),92(31),56(119),98(12) : 376
27 : 88(47),96(22),98(11),65(99),41(168) : 388
28 : 76(75),97(16),98(14),33(190),97(17) : 401
29 : 100(1),46(154),53(130),99(6),62(110),49(146) : 409
30 : 93(29),100(3),82(60),78(71),94(26) : 447
31 : 84(56),79(68),46(153),65(98),100(5),78(73) : 452
32 : 39(172),72(86),73(84),68(89),49(145),73(81),90(35) : 464
33 : 43(161),55(122),45(157),65(102),79(69),89(44),52(131),39(176) : 467
34 : 65(97),53(129),90(36),89(39),74(79),87(48),51(138) : 509
35 : 38(179),96(21),96(19),76(76),50(139),43(160),78(70),33(191) : 510
36 : 51(134),77(74),100(0),48(149),83(58),32(194),48(150),37(180),58(117) : 534
37 : 55(123),59(112),89(38),89(45),33(193),85(52),68(93),73(80) : 551
38 : 75(78),95(23),83(59),73(82),96(18),34(188),86(49) : 542
