Bin number: 44
Bin size: 447
Item number: 200
Bin Id: item size (item id),... : total item size
1 : 30(198),39(175),33(190) : 102
2 : 33(192),42(164),39(176) : 114
3 : 35(185),38(178),33(191),31(196) : 137
4 : 40(170),35(184),52(132),34(188) : 161
5 : 55(121),52(131),58(115) : 165
6 : 39(174),49(147),51(135),30(199) : 169
7 : 46(153),51(138),45(157),55(122) : 197
8 : 50(139),59(112),68(90),41(167) : 218
9 : 52(133),49(144),37(182),49(145),34(189) : 221
10 : 64(104),41(166),65(98),66(95) : 236
11 : 40(171),65(97),54(127),42(165),46(154) : 247
12 : 58(116),85(54),55(123),54(124) : 252
13 : 49(146),78(70),81(63),48(151) : 256
14 : 89(41),89(39),89(40) : 267
15 : 73(82),84(56),53(129),65(99) : 275
16 : 73(81),92(32),38(177),72(87) : 275
17 : 89(45),89(43),58(117),48(149) : 284
18 : 80(65),92(33),79(69),41(168) : 292
19 : 98(13),83(59),63(105),50(142) : 294
20 : 75(78),86(51),76(77),67(94) : 304
21 : 87(48),43(162),51(137),82(60),48(148) : 311
22 : 88(47),80(66),82(62),34(187),33(193) : 317
23 : 89(44),79(68),64(103),89(37) : 321
24 : 99(8),80(67),90(36),59(114) : 328
25 : 82(61),98(12),62(107),89(42) : 331
26 : 96(19),68(92),93(28),47(152),32(194) : 336
27 : 96(21),96(22),96(20),51(136) : 339
28 : 30(197),99(6),60(111),96(18),56(120) : 341
29 : 98(10),95(25),100(5),62(110) : 355
30 : 39(172),94(26),92(31),45(155),45(156),43(160) : 358
31 : 66(96),50(141),78(72),65(102),73(80),36(183) : 368
32 : 91(34),100(4),94(27),86(50) : 371
33 : 98(11),85(53),53(130),72(85),65(100) : 373
34 : 93(30),84(57),39(173),85(55),78(73) : 379
35 : 76(76),68(89),50(140),100(3),90(35) : 384
36 : 77(74),43(163),99(7),50(143),32(195),93(29) : 394
37 : 95(23),43(161),98(15),97(16),68(91) : 401
38 : 76(75),53(128),51(134),100(1),54(126),71(88) : 405
39 : 72(86),97(17),68(93),99(9),34(186),38(179) : 408
40 : 83(58),73(84),100(0),100(2),56(118) : 412
41 : 62(109),73(83),44(159),37(181),89(38),65(101),45(158) : 415
42 : 74(79),59(113),78(71),98(14),56(119),62(108) : 427
43 : 95(24),86(49),37(180),88(46),85(52),40(169) : 431
44 : 63(106),80(64),54(125),48(150) : 245
