Bin number: 30
Bin size: 747
Item number: 200
Bin Id: item size (item id),... : total item size
1 : 59(112),44(164),79(57),46(159),82(48),42(170) : 352
2 : 75(71),100(5),78(61),92(27),63(100) : 408
3 : 91(30),79(56),81(53) : 251
4 : 48(151),98(9),68(88),98(8),56(120) : 368
5 : 87(36),82(50),30(199),38(173) : 237
6 : 100(1),37(177),65(96),100(2) : 302
7 : 47(156),87(37),32(195),61(105) : 227
8 : 75(74),43(165),94(21),58(114) : 270
9 : 40(172),67(91),32(191),45(160),48(148) : 232
10 : 79(58),46(157),55(124),33(190),74(75) : 287
11 : 36(179),52(133),75(69),47(154),59(113),51(137) : 320
12 : 100(0),70(86),56(118),77(67),96(12),72(81),48(145),47(155),65(93) : 631
13 : 85(44),63(103),55(123),45(163),50(141),51(136),63(102),42(169),56(117),46(158),72(83),83(46) : 711
14 : 79(59),79(60),86(39),64(98),33(189),53(131) : 394
15 : 86(41),73(79),33(187),64(97),80(54),42(168) : 378
16 : 82(49),53(130),60(108),62(104),36(178),45(161) : 338
17 : 91(29),51(138),80(55),75(72),60(109) : 357
18 : 90(33),96(11),41(171),78(63),59(110),54(128) : 418
19 : 96(14),73(80),95(15),94(22),37(176),34(184) : 429
20 : 54(127),85(42),92(24),61(106),93(23),74(76) : 459
21 : 94(19),76(68),94(20),95(17),48(146),32(196),37(174) : 476
22 : 85(43),100(4),43(166),47(152),90(34),53(132),70(85) : 488
23 : 86(38),56(116),83(45),33(188),34(185),55(126),90(31),63(99) : 500
24 : 48(147),59(111),55(122),66(92),54(129),49(143),92(25),96(13) : 519
25 : 48(149),86(40),55(125),68(89),69(87),81(52),35(182),98(7) : 540
26 : 32(193),88(35),97(10),78(62),51(139),81(51),52(134),75(73) : 554
27 : 68(90),50(142),58(115),72(82),37(175),63(101),32(194),65(95),90(32),48(144) : 583
28 : 34(183),36(180),43(167),78(64),60(107),94(18),33(186),47(153),95(16),82(47) : 602
29 : 75(70),73(78),91(28),78(66),48(150),45(162),78(65),30(198),65(94),73(77) : 656
30 : 50(140),56(121),71(84),36(181),99(6),92(26),52(135),100(3),56(119),32(192),30(197) : 674
