Bin number: 37
Bin size: 598
Item number: 200
Bin Id: item size (item id),... : total item size
1 : 21(199),39(156),32(173) : 92
2 : 34(167),26(186),42(152) : 102
3 : 25(187),30(177),41(155),49(133) : 145
4 : 54(118),55(114),53(126) : 162
5 : 29(182),28(184),23(189),48(136),36(162) : 164
6 : 45(147),31(174),30(178),36(163),38(159) : 180
7 : 44(151),45(148),66(83),35(166) : 190
8 : 28(183),58(105),65(90),22(195),21(197) : 194
9 : 65(87),48(137),33(170),66(85) : 212
10 : 56(111),46(143),47(141),65(88) : 214
11 : 74(61),65(91),59(103),31(175) : 229
12 : 49(135),54(121),55(115),54(116),29(181) : 241
13 : 76(57),73(62),72(67),36(164) : 257
14 : 46(144),52(127),81(43),68(77),27(185) : 274
15 : 87(30),82(41),64(94),70(72) : 303
16 : 97(10),86(33),91(20),33(169) : 307
17 : 53(125),99(7),73(65),32(171),56(107) : 313
18 : 21(198),61(100),89(28),55(113),59(101),36(165) : 321
19 : 82(40),95(13),56(109),47(140),49(132),21(196) : 350
20 : 82(42),81(46),80(50),51(128),64(92) : 358
21 : 56(108),100(2),87(31),81(47),42(154) : 366
22 : 58(106),90(22),95(12),54(120),54(119),23(190) : 374
23 : 68(75),97(11),77(55),73(63),73(64) : 388
24 : 93(16),100(1),86(32),79(51),46(142) : 404
25 : 62(99),95(14),73(66),92(17),89(24) : 411
26 : 34(168),51(130),99(4),74(60),99(6),56(110) : 413
27 : 86(34),88(29),77(56),72(68),70(71),42(153) : 435
28 : 100(3),89(26),66(86),66(84),62(98),65(89) : 448
29 : 70(73),32(172),46(146),37(161),99(5),46(145),70(69),59(102) : 459
30 : 66(81),86(35),38(157),81(44),53(122),31(176),50(131),63(96) : 468
31 : 79(53),78(54),89(27),59(104),64(95),29(179),90(21) : 488
32 : 63(97),85(36),83(39),68(79),80(48),91(19),37(160) : 507
33 : 51(129),22(192),68(76),48(138),47(139),70(70),76(58),100(0),29(180) : 511
34 : 49(134),69(74),44(149),22(194),44(150),22(191),81(45),83(38),55(112),64(93) : 533
35 : 53(123),79(52),68(78),54(117),89(23),75(59),67(80),66(82) : 551
36 : 22(193),92(18),23(188),98(9),98(8),89(25),94(15),38(158) : 554
37 : 80(49),84(37),53(124) : 217
