Bin number: 38
Bin size: 447
Item number: 200
Bin Id: item size (item id),... : total item size
1 : 4(198),15(175),10(190),4(196),1(199) : 34
2 : 10(192),12(185),20(164),12(184) : 54
3 : 14(176),14(178),17(170),31(147) : 76
4 : 15(174),10(191),48(121),25(153),12(182) : 110
5 : 39(132),39(131),10(188),39(135),10(189) : 137
6 : 50(115),24(157),36(138),36(139),19(166),4(197) : 169
7 : 18(167),39(133),33(144),59(90),32(145),8(194) : 189
8 : 51(112),46(122),55(104),19(165),31(146) : 202
9 : 17(171),56(98),58(95),73(54) : 204
10 : 26(151),25(154),57(97),42(127),68(70),10(187) : 228
11 : 70(63),80(41),80(39),5(195) : 235
12 : 50(116),46(123),82(32),46(124),14(177) : 238
13 : 80(40),63(82),63(81),42(129) : 248
14 : 73(56),79(45),79(43),18(168) : 249
15 : 81(33),69(65),91(13),21(162) : 262
16 : 61(87),71(59),56(99),74(51),9(193) : 271
17 : 49(117),69(69),27(149),64(78),69(66) : 278
18 : 54(105),77(48),77(47),79(44) : 287
19 : 36(137),65(77),71(60),34(142),29(148),58(94) : 293
20 : 69(68),70(62),69(67),71(61),24(155) : 303
21 : 81(36),80(37),55(103),98(8) : 314
22 : 91(12),79(42),89(19),59(92) : 318
23 : 88(21),53(107),84(28),87(22),12(183) : 324
24 : 26(152),88(20),17(172),85(25),38(136),51(111),22(160) : 327
25 : 50(114),98(6),85(26),90(18),20(163) : 343
26 : 83(31),24(156),96(10),35(141),58(96),52(110) : 348
27 : 98(5),73(53),68(72),55(102),64(80) : 358
28 : 81(34),85(27),75(50),83(30),35(140) : 359
29 : 48(120),40(130),95(11),98(4),17(173),65(76) : 363
30 : 73(57),61(85),56(100),73(55),67(73),42(128) : 372
31 : 61(89),67(74),98(7),90(15),66(75) : 382
32 : 21(161),87(23),98(3),81(35),61(86),43(126) : 391
33 : 34(143),84(29),90(16),59(91),39(134),90(17) : 396
34 : 72(58),61(88),99(1),58(93),52(109),63(83) : 405
35 : 62(84),13(179),10(186),99(2),100(0),98(9),13(180),17(169) : 412
36 : 22(159),12(181),64(79),80(38),50(113),76(49),90(14),23(158) : 417
37 : 68(71),87(24),49(118),55(101),74(52),48(119),46(125) : 427
38 : 54(106),78(46),53(108),70(64),26(150) : 281
