Bin number: 29
Bin size: 747
Item number: 200
Bin Id: item size (item id),... : total item size
1 : 37(156),86(37),22(195),86(36) : 231
2 : 32(172),81(50),65(91),20(199),31(173) : 229
3 : 57(105),79(56),24(191),73(74) : 233
4 : 89(30),80(53),79(58) : 248
5 : 33(165),93(21),37(157),36(160),73(75) : 272
6 : 52(124),25(190),100(1),62(96),55(114) : 294
7 : 29(177),100(2),40(148),29(179),49(133),55(113) : 302
8 : 74(69),38(154),83(49),46(137),56(108),34(164) : 331
9 : 50(130),55(112),79(57),37(159),89(29),35(161) : 345
10 : 83(48),57(104),32(170),39(151),96(9),53(120) : 360
11 : 66(88),96(8),46(138),79(55),84(41) : 371
12 : 29(178),73(72),69(79),61(97),80(54),61(98) : 373
13 : 26(187),78(59),78(60),85(39),73(71),50(131) : 390
14 : 33(168),98(5),77(61),87(33),32(171),77(63) : 404
15 : 26(189),92(27),96(11),60(100),95(14),40(146) : 409
16 : 69(80),56(109),94(15),93(22),51(127),55(110),21(196) : 439
17 : 84(42),93(19),93(24),74(68),94(17),27(184) : 465
18 : 50(128),57(106),93(20),93(23),72(76),29(176),84(43) : 478
19 : 98(4),33(166),31(174),39(152),87(34),86(38),50(132),66(85) : 490
20 : 54(116),83(45),40(147),27(185),55(111),51(126),89(31),53(122),60(99) : 512
21 : 26(188),64(92),50(129),43(143),40(149),85(40),92(25),51(125),66(87) : 517
22 : 65(89),95(13),81(52),86(35),96(10),96(7),30(175) : 549
23 : 22(193),28(182),77(62),45(139),81(51),65(90),44(142),73(73),69(82),22(194),29(180) : 555
24 : 49(134),54(115),60(101),62(95),89(32),43(144),76(64),57(107),94(18) : 584
25 : 27(183),33(167),27(186),100(0),66(86),54(118),74(67),96(12),69(81),37(155),21(198) : 604
26 : 38(153),43(145),94(16),83(47),74(70),70(78),76(66),40(150),35(162),76(65) : 629
27 : 90(28),64(93),44(140),63(94),53(121),70(77),67(84),28(181),97(6),58(103),23(192) : 657
28 : 92(26),48(135),99(3),54(119),84(44),53(123),34(163),44(141),58(102),32(169),21(197),83(46) : 702
29 : 48(136),54(117),37(158),68(83) : 207
