Bin number: 35
Bin size: 450
Item number: 200
Bin Id: item size (item id),... : total item size
1 : 9(180),3(195),12(174),5(190),2(197),1(199),1(198) : 33
2 : 10(179),8(184),25(141),25(143) : 68
3 : 30(129),15(169),4(191),12(176),26(137),20(160) : 107
4 : 32(125),53(80),30(128),56(72),19(161),33(122) : 223
5 : 49(90),83(37),86(29),43(101) : 261
6 : 67(54),12(175),21(151),66(57),76(46),36(112) : 278
7 : 62(63),92(20),87(26),39(107),6(189) : 286
8 : 90(24),22(147),84(34),55(75),17(166),22(148) : 290
9 : 97(8),92(19),62(62),6(188),53(82),7(186) : 317
10 : 94(17),76(47),71(51),83(36) : 324
11 : 100(0),86(30),96(10),44(99) : 326
12 : 36(111),95(13),63(61),77(44),33(121),15(168),23(146) : 342
13 : 92(21),39(109),99(4),91(22),25(140),17(163) : 363
14 : 22(149),14(170),25(142),8(183),20(156) : 89
15 : 35(118),32(123),44(98),23(145),3(196),3(194) : 140
16 : 40(106),35(117),50(88),21(152),4(193) : 150
17 : 48(91),29(133),50(89),9(182),7(187),9(181) : 152
18 : 53(81),17(165),54(78),29(131),17(164) : 170
19 : 13(171),46(94),25(139),60(66),41(103),4(192) : 189
20 : 56(70),12(173),46(95),52(83),32(124) : 198
21 : 51(85),44(97),52(84),21(154),44(96),8(185) : 220
22 : 56(71),67(55),51(86),24(144),20(158),21(153) : 239
23 : 72(49),66(58),29(130),28(134),35(119),26(138) : 256
24 : 89(25),54(77),96(11),41(102),18(162) : 298
25 : 78(43),84(35),36(114),35(116),40(105),28(135) : 301
26 : 81(38),72(50),36(113),95(15),11(177),10(178) : 305
27 : 100(1),76(45),36(115),15(167),55(73),40(104) : 322
28 : 85(33),60(65),80(39),55(76),91(23) : 371
29 : 93(18),20(157),87(27),94(16),67(56),20(159) : 381
30 : 96(12),97(9),79(41),70(52),50(87) : 392
31 : 63(60),86(32),98(7),26(136),100(3),13(172) : 386
32 : 39(110),29(132),73(48),65(59),44(100),39(108),99(5),21(155) : 409
33 : 95(14),61(64),55(74),47(93),99(6),48(92) : 405
34 : 86(28),100(2),59(67),57(69),58(68),22(150),31(127) : 413
35 : 78(42),33(120),32(126),70(53),80(40),86(31),54(79) : 433
