Bin number: 43
Bin size: 449
Item number: 200
Bin Id: item size (item id),... : total item size
1 : 22(195),21(198),22(192) : 65
2 : 30(178),32(173),29(181) : 91
3 : 41(155),22(193),21(199),44(149) : 128
4 : 33(169),29(180),29(179),48(136) : 139
5 : 36(163),27(185),47(140),38(158) : 148
6 : 23(190),32(172),48(138),48(137) : 151
7 : 46(146),55(113),36(164),30(177) : 167
8 : 35(166),45(147),65(91),31(176) : 176
9 : 54(118),62(99),65(87) : 181
10 : 55(115),59(102),46(143),38(157) : 198
11 : 51(130),56(109),49(133),55(114) : 211
12 : 51(129),73(64),72(67),29(182) : 225
13 : 64(92),66(86),77(56),31(174) : 238
14 : 80(50),65(89),63(96),34(167) : 242
15 : 81(43),83(39),65(88),21(197) : 250
16 : 68(76),76(58),37(161),37(160),36(165) : 254
17 : 91(20),52(127),53(122),86(33) : 282
18 : 80(48),79(51),62(98),23(189),39(156) : 283
19 : 83(38),77(55),73(65),53(123) : 286
20 : 89(26),82(41),54(120),68(79) : 293
21 : 89(28),66(85),87(30),54(117) : 296
22 : 80(49),67(80),46(145),54(119),53(125) : 300
23 : 70(71),46(142),22(194),22(191),82(40),64(94) : 306
24 : 46(144),42(152),90(22),44(151),89(27) : 311
25 : 74(60),92(17),47(141),100(2) : 313
26 : 76(57),89(25),66(84),34(168),28(183),28(184) : 321
27 : 98(9),92(18),49(135),89(23) : 328
28 : 75(59),100(3),70(70),90(21) : 335
29 : 66(81),99(5),42(154),74(61),56(107) : 337
30 : 69(74),81(47),65(90),98(8),31(175) : 344
31 : 70(72),95(12),72(68),59(104),58(106) : 354
32 : 99(6),79(53),38(159),63(97),49(132),33(170) : 361
33 : 89(24),36(162),95(13),53(124),68(75),23(188) : 364
34 : 73(66),88(29),45(148),97(10),70(73) : 373
35 : 99(4),95(14),59(103),100(1),26(186) : 379
36 : 87(31),58(105),91(19),66(83),85(36) : 387
37 : 32(171),81(46),70(69),100(0),56(108),56(111) : 395
38 : 61(100),54(116),79(52),42(153),21(196),78(54),66(82) : 401
39 : 81(44),82(42),73(62),51(128),54(121),73(63) : 414
40 : 86(34),53(126),81(45),93(16),64(93),44(150) : 421
41 : 59(101),99(7),47(139),68(77),86(35),64(95) : 423
42 : 25(187),56(110),86(32),68(78),49(134),97(11),50(131) : 431
43 : 94(15),55(112),84(37) : 233
