Bin number: 41
Bin size: 450
Item number: 200
Bin Id: item size (item id),... : total item size
1 : 93(15),43(140),34(164) : 170
2 : 50(121),30(177),55(108),34(162) : 169
3 : 74(58),31(172),34(163),41(143) : 180
4 : 93(13),89(29) : 182
5 : 81(43),90(22),22(194) : 193
6 : 65(78),45(130),26(182),29(178),31(173) : 196
7 : 95(8),51(117),53(111) : 199
8 : 39(155),75(56),57(104),33(166) : 204
9 : 62(88),62(87),43(138),45(131) : 212
10 : 50(119),80(47),61(92),21(196) : 212
11 : 48(126),77(53),47(127),52(114) : 224
12 : 83(41),89(28),55(109) : 227
13 : 66(76),49(123),25(184),88(32) : 228
14 : 39(152),64(79),44(135),32(170),27(180),22(192) : 228
15 : 40(147),61(90),96(6),40(148) : 237
16 : 67(75),97(2),46(128),30(175) : 240
17 : 95(10),60(95),21(198),45(132),24(188) : 245
18 : 58(101),22(195),51(116),43(139),75(57) : 249
19 : 42(142),63(82),22(193),41(145),86(35) : 254
20 : 95(7),90(25),24(187),23(189),27(181) : 259
21 : 58(100),90(23),68(72),57(105) : 273
22 : 37(158),44(133),71(63),64(80),24(186),36(160) : 276
23 : 41(144),78(49),69(70),34(165),62(85) : 284
24 : 69(69),63(81),88(31),77(52) : 297
25 : 31(171),84(37),95(9),67(73),32(168) : 309
26 : 40(150),40(149),86(34),80(45),39(154),28(179) : 313
27 : 94(11),96(4),90(27),50(120) : 330
28 : 40(146),90(26),44(134),59(96),62(84),38(156) : 333
29 : 73(59),90(21),84(39),61(91),36(159) : 344
30 : 71(64),59(98),80(46),69(71),70(68) : 349
31 : 92(18),96(5),46(129),78(50),23(191),23(190) : 358
32 : 60(94),93(14),67(74),43(137),51(118),44(136) : 358
33 : 90(24),58(102),72(62),86(36),76(54) : 382
34 : 33(167),57(103),94(12),97(3),75(55),31(174) : 387
35 : 59(97),39(153),58(99),70(67),49(122),55(107),63(83) : 393
36 : 78(48),62(86),25(185),70(66),25(183),71(65),56(106),20(199) : 407
37 : 93(16),39(151),99(1),92(17),88(30) : 411
38 : 60(93),77(51),73(61),87(33),84(38),35(161) : 416
39 : 66(77),51(115),32(169),91(19),49(124),43(141),90(20) : 422
40 : 100(0),62(89),73(60),83(42),30(176),84(40) : 432
41 : 21(197),53(113),49(125),55(110),53(112),81(44),37(157) : 349
