Bin number: 35
Bin size: 449
Item number: 200
Bin Id: item size (item id),... : total item size
1 : 20(155),77(44),72(54),1(198) : 170
2 : 91(19),71(55),4(189),5(184),2(195) : 173
3 : 95(13),15(166),34(133),25(147),5(187) : 174
4 : 99(3),69(59),13(171),1(199) : 182
5 : 37(122),49(97),86(30),5(185),5(186) : 182
6 : 73(52),82(35),13(174),17(158),2(197) : 187
7 : 62(76),80(39),51(92),2(196) : 195
8 : 83(34),80(40),36(126) : 199
9 : 21(153),73(50),98(8),4(188),6(182) : 202
10 : 31(138),44(104),8(178),12(175),84(32),23(150),8(179),3(194) : 213
11 : 96(12),99(4),27(144),6(183) : 228
12 : 90(23),4(190),50(95),48(99),40(111) : 232
13 : 59(79),52(88),35(129),77(43),14(167) : 237
14 : 20(154),95(14),52(91),42(108),13(172),21(152) : 243
15 : 49(96),91(20),52(90),57(83),4(191) : 253
16 : 65(67),97(9),90(22),7(180) : 259
17 : 13(173),29(140),64(71),77(47),65(69),4(192),9(177) : 261
18 : 92(18),80(38),86(29),16(164),3(193) : 277
19 : 98(7),93(17),39(115),42(109),13(169) : 285
20 : 90(24),82(36),87(26),32(137) : 291
21 : 37(120),73(53),68(60),100(2),16(162) : 294
22 : 35(130),61(77),33(135),100(1),63(72),6(181) : 298
23 : 37(124),37(123),60(78),71(56),91(21),13(170) : 309
24 : 37(118),96(11),34(132),79(41),73(51) : 319
25 : 18(157),53(86),47(101),74(49),31(139),50(94),39(116),16(163) : 328
26 : 71(57),36(127),84(31),83(33),48(100),15(165) : 337
27 : 43(107),33(134),68(62),68(61),54(84),37(119),44(105) : 347
28 : 25(148),35(131),82(37),26(146),26(145),98(6),37(121),24(149) : 353
29 : 16(161),35(128),51(93),63(73),94(16),62(75),17(159),21(151) : 359
30 : 39(114),99(5),77(46),67(64),52(89),29(141),18(156) : 381
31 : 68(63),89(25),95(15),75(48),65(70) : 392
32 : 32(136),53(87),86(28),78(42),39(112),28(143),37(125),44(106) : 397
33 : 49(98),45(103),65(65),65(68),39(113),65(66),77(45) : 405
34 : 70(58),11(176),96(10),54(85),62(74),87(27),38(117) : 418
35 : 17(160),29(142),58(80),57(82),100(0),13(168),58(81),41(110),46(102) : 419
