Bin number: 42
Bin size: 449
Item number: 200
Bin Id: item size (item id),... : total item size
1 : 22(195),21(198),22(192) : 65
2 : 29(178),31(173),27(181) : 87
3 : 39(155),40(149),22(193),23(190) : 124
4 : 20(199),32(169),27(180),28(179),25(185) : 132
5 : 34(163),44(136),31(172),34(164) : 143
6 : 43(140),40(146),37(158),30(177) : 150
7 : 43(137),43(138),40(147),30(176) : 156
8 : 53(113),58(99),51(118) : 162
9 : 33(166),51(115),41(143),45(130) : 170
10 : 61(91),62(87),58(102) : 181
11 : 46(129),44(133),55(109),71(64) : 216
12 : 52(114),62(86),78(50),33(167) : 225
13 : 61(92),70(67),62(89),37(157) : 230
14 : 75(56),59(96),81(43),21(197) : 236
15 : 66(76),62(88),74(58),47(127) : 249
16 : 84(39),26(182),49(122),35(161),62(85) : 256
17 : 90(20),78(48),77(51),34(165) : 279
18 : 59(98),75(55),84(38),64(79) : 282
19 : 36(160),71(65),78(49),64(80),41(145) : 290
20 : 87(33),50(120),23(189),83(41),51(117) : 294
21 : 89(28),49(123),69(71),50(119),39(152) : 296
22 : 90(26),42(142),88(30),38(156),39(151) : 297
23 : 41(144),60(94),22(194),31(174),23(191),43(141),84(40) : 304
24 : 73(60),90(22),49(125),75(57),25(183) : 312
25 : 92(17),62(84),95(9),44(135),25(184) : 318
26 : 97(2),90(27),32(168),63(81),39(154) : 321
27 : 90(25),73(59),96(5),69(70) : 328
28 : 97(3),92(18),67(74),73(61) : 329
29 : 90(23),90(21),61(90),68(72),30(175) : 339
30 : 80(47),95(8),55(107),56(106),59(97) : 345
31 : 96(6),94(12),77(53),57(104),32(170) : 356
32 : 70(68),34(162),93(13),90(24),70(66) : 357
33 : 36(159),49(124),45(132),96(4),40(148),93(14) : 359
34 : 89(29),67(75),95(10),67(73),57(103) : 375
35 : 99(1),88(31),57(105),91(19),31(171),21(196) : 387
36 : 24(188),63(83),80(46),69(69),100(0),55(108) : 391
37 : 58(100),86(36),51(116),77(52),53(111),24(186),50(121) : 399
38 : 39(153),81(44),83(42),76(54),86(34),46(128) : 411
39 : 72(62),63(82),48(126),58(101),95(7),80(45) : 416
40 : 71(63),60(93),43(139),93(16),40(150),55(110),65(78) : 427
41 : 66(77),86(35),88(32),93(15),45(131),53(112) : 431
42 : 24(187),60(95),44(134),94(11),84(37) : 306
