Bin number: 43
Bin size: 447
Item number: 200
Bin Id: item size (item id),... : total item size
1 : 20(198),29(175),24(190) : 73
2 : 22(192),29(176),36(164) : 87
3 : 26(185),28(178),23(191),34(170) : 111
4 : 26(184),21(196),44(147),49(135) : 140
5 : 29(174),56(121),58(115) : 143
6 : 50(132),25(188),51(131),42(153) : 168
7 : 48(138),27(182),48(139),45(144),35(167) : 203
8 : 40(157),50(133),59(112),56(122) : 205
9 : 68(90),35(166),31(171),45(145),44(146) : 223
10 : 62(104),24(189),64(98),80(54) : 230
11 : 65(95),64(97),36(165),76(63) : 241
12 : 75(70),53(127),43(151),79(56) : 250
13 : 58(116),86(41),86(40),25(187) : 255
14 : 42(154),87(39),56(123),71(82) : 256
15 : 71(81),85(45),85(43),29(177) : 270
16 : 89(32),56(124),52(129),75(65) : 272
17 : 89(33),97(13),79(59),20(199) : 285
18 : 69(87),75(69),81(51),62(105) : 287
19 : 64(99),58(117),72(78),35(168),43(149),21(193) : 293
20 : 84(48),37(162),84(47),78(60),21(197) : 304
21 : 72(77),85(44),75(66),76(62) : 308
22 : 49(137),46(142),75(68),76(61),65(94) : 311
23 : 75(67),87(37),63(103),95(19) : 320
24 : 98(8),44(148),97(12),86(42) : 325
25 : 88(36),67(92),94(21),21(194),58(114) : 328
26 : 62(107),93(22),92(28),30(172),59(111) : 336
27 : 42(152),99(6),97(10),49(136),56(120) : 343
28 : 94(20),93(25),99(5),63(102) : 349
29 : 93(26),90(31),96(18),41(155),37(160) : 357
30 : 41(156),73(72),64(96),88(34),97(11) : 363
31 : 47(141),60(110),82(50),99(4),79(57) : 367
32 : 80(53),92(27),27(183),91(30),51(130),29(173) : 370
33 : 72(80),63(100),79(55),70(85),68(89),21(195) : 373
34 : 72(76),73(73),73(74),37(163),98(7),28(179) : 381
35 : 47(140),100(3),37(161),88(35),46(143),68(88) : 386
36 : 93(23),97(15),73(75),67(91),70(86) : 400
37 : 91(29),96(16),52(128),96(17),70(84) : 405
38 : 50(134),79(58),100(1),65(93),60(109),25(186),28(181) : 407
39 : 55(126),100(0),100(2),98(9),59(113) : 412
40 : 70(83),39(159),72(79),87(38),28(180),84(46),40(158) : 420
41 : 74(71),93(24),83(49),56(118),62(106),61(108) : 429
42 : 63(101),97(14),81(52),56(119),34(169),56(125),43(150) : 430
43 : 76(64) : 76
