Bin number: 31
Bin size: 747
Item number: 200
Bin Id: item size (item id),... : total item size
1 : 45(156),89(37),32(195),63(105) : 229
2 : 39(172),86(50),68(91),39(173) : 232
3 : 90(36),30(199),84(56),33(191) : 237
4 : 93(30),85(53),42(165),33(190) : 253
5 : 77(74),96(21),54(124),43(160) : 270
6 : 83(58),45(157),100(1),59(114) : 287
7 : 76(75),38(177),100(2),48(148),38(179) : 300
8 : 66(96),52(133),79(69),46(154),62(108) : 305
9 : 59(113),86(49),51(137),53(130),42(164),44(159) : 335
10 : 59(112),84(57),93(29),64(104),51(138) : 351
11 : 87(48),40(170),48(151),99(9),85(55) : 359
12 : 71(88),99(8),78(72),89(41),34(187) : 371
13 : 38(178),43(161),56(120),65(97),82(60),89(39) : 373
14 : 74(79),85(54),83(59),65(98),82(61) : 389
15 : 41(168),78(71),34(189),100(5),52(131),98(11) : 403
16 : 92(33),94(27),40(171),65(100),73(80),54(127) : 418
17 : 98(14),81(63),62(109),98(15),89(42) : 428
18 : 96(22),62(110),96(19),95(24),76(76),31(196) : 456
19 : 53(128),79(68),63(106),96(20),97(17),49(146),41(166) : 478
20 : 95(23),39(176),89(43),100(4),39(174),35(184),52(132),35(185) : 484
21 : 47(152),91(34),89(38),72(85),58(116),89(45),49(147) : 495
22 : 34(188),60(111),54(126),92(31),55(122),65(99),68(92),53(129),37(182) : 518
23 : 50(143),48(149),89(40),95(25),54(125),98(13),72(87),33(193) : 539
24 : 68(89),85(52),90(35),98(10),99(7),51(134),58(115) : 549
25 : 82(62),50(139),86(51),68(90),78(73),73(82),39(175),65(101),36(183) : 577
26 : 50(142),32(194),66(95),37(180),92(32),41(167),80(64),96(18),34(186),56(118) : 584
27 : 49(144),62(107),100(0),72(86),80(67),98(12),73(81),80(66) : 614
28 : 46(153),49(145),97(16),88(47),78(70),75(78),93(28),48(150),55(121) : 629
29 : 45(155),43(162),80(65),68(93),30(198),50(140),67(94),73(84),37(181),99(6),56(119) : 648
30 : 76(77),94(26),51(135),100(3),89(44),64(103),55(123),43(163),50(141),65(102) : 687
31 : 33(192),51(136),40(169),30(197),58(117),45(158),73(83),88(46) : 418
