Bin number: 31
Bin size: 747
Item number: 200
Bin Id: item size (item id),... : total item size
1 : 46(156),89(37),32(195),63(105) : 230
2 : 38(172),90(36),69(91),34(191) : 231
3 : 85(50),30(199),92(30),37(173) : 244
4 : 83(56),83(53),41(165),45(157) : 252
5 : 74(74),95(21),57(124),43(160) : 269
6 : 82(58),34(190),73(75),98(2) : 287
7 : 99(1),37(177),67(96),53(133),46(154) : 302
8 : 59(114),48(148),77(69),86(49),42(164) : 312
9 : 36(179),59(113),52(137),82(57),44(159),47(151) : 320
10 : 55(130),62(108),59(112),93(29),38(170),37(178) : 344
11 : 87(48),63(104),52(138),83(55),74(72) : 359
12 : 97(9),71(88),97(8),43(161),58(120) : 366
13 : 88(41),72(79),34(187),67(97),89(39),34(189) : 384
14 : 83(54),82(59),82(60),66(98),81(61) : 394
15 : 38(168),76(71),97(5),94(27),96(11) : 401
16 : 92(33),54(131),38(171),65(100),96(14),72(80) : 417
17 : 79(63),62(109),96(15),94(22),60(110),37(176) : 428
18 : 56(127),88(42),95(19),94(24),94(23),32(196) : 459
19 : 56(128),77(68),95(20),73(76),48(146),88(43),41(166) : 478
20 : 62(106),95(17),98(4),46(152),91(34),89(38) : 481
21 : 37(174),35(184),53(132),71(85),59(116),87(45),35(185),60(111),56(126) : 493
22 : 34(188),92(31),58(122),65(99),69(92),55(129),89(40),56(125) : 518
23 : 48(147),50(143),48(149),94(25),71(87),84(52),33(193),91(35) : 519
24 : 70(89),96(13),97(10),36(182),97(7),84(51),69(90) : 549
25 : 80(62),51(139),53(134),50(142),74(73),59(115),71(82),35(183),68(95),36(180) : 577
26 : 37(175),64(101),33(194),92(32),49(144),39(167),79(64),62(107),95(18),46(153) : 596
27 : 35(186),100(0),71(86),58(118),77(67),96(12),49(145),46(155),95(16) : 627
28 : 72(81),87(47),76(70),73(78),93(28),79(66),47(150),43(162),69(93) : 639
29 : 79(65),31(198),51(140),68(94),58(121),73(77),71(84),36(181),94(26),52(135),58(119) : 671
30 : 97(6),98(3),88(44),63(103),57(123),43(163),50(141),52(136),63(102),31(197),58(117) : 700
31 : 33(192),38(169),45(158),71(83),87(46) : 274
