Bin number: 44
Bin size: 449
Item number: 200
Bin Id: item size (item id),... : total item size
1 : 32(195),30(198),33(192) : 95
2 : 37(178),39(173),37(181) : 113
3 : 45(155),47(149),50(140) : 142
4 : 30(199),33(193),42(163),51(136) : 156
5 : 41(169),37(180),33(190),50(138) : 161
6 : 37(179),47(146),34(185),51(137) : 169
7 : 58(113),56(118),63(99) : 177
8 : 44(158),39(172),47(147),42(164) : 172
9 : 42(166),66(91),49(143),36(182) : 193
10 : 57(115),68(87),38(177),38(176) : 201
11 : 63(102),75(64),77(56) : 215
12 : 53(130),53(129),52(133),58(114) : 216
13 : 60(109),68(86),74(67),30(197) : 232
14 : 80(50),85(39),77(58) : 242
15 : 66(92),67(89),64(96),44(157) : 241
16 : 83(43),71(76),67(88),34(189) : 255
17 : 90(20),79(51),54(127),56(122) : 279
18 : 80(48),41(167),78(55),84(41) : 283
19 : 43(161),85(38),87(33),75(65) : 290
20 : 64(98),88(28),89(26),49(142) : 290
21 : 80(49),68(85),56(120),48(145),48(144) : 300
22 : 44(160),42(165),70(79),88(30),56(117) : 300
23 : 69(80),55(123),44(156),90(22),46(152) : 304
24 : 73(71),56(119),65(94),84(40),33(191) : 311
25 : 76(60),92(17),95(9),55(125) : 318
26 : 32(194),88(27),77(57),89(25),35(183) : 321
27 : 49(141),39(174),46(151),99(2),90(23) : 323
28 : 68(84),92(18),99(3),71(74) : 330
29 : 51(135),77(59),90(21),73(70),46(154) : 337
30 : 98(5),68(81),41(168),96(8),35(184) : 338
31 : 81(47),76(61),67(90),61(107),61(106) : 346
32 : 93(12),97(6),73(72),39(175),52(132) : 354
33 : 78(53),74(68),89(24),64(97),55(124) : 360
34 : 62(104),93(13),44(159),43(162),88(29),34(188) : 364
35 : 74(66),98(4),47(148),94(10),61(105) : 374
36 : 71(75),93(14),72(73),62(103),81(46) : 379
37 : 39(170),87(31),100(1),91(19),68(83) : 385
38 : 39(171),63(100),86(36),74(69),79(52),58(111) : 399
39 : 100(0),57(116),60(108),34(186),46(153),54(126),54(128) : 405
40 : 83(42),83(44),78(54),75(62),96(7) : 415
41 : 68(82),87(34),56(121),82(45),75(63),50(139) : 418
42 : 31(196),63(101),93(16),66(93),46(150),34(187),86(35) : 419
43 : 71(77),58(110),87(32),70(78),93(15),52(134) : 431
44 : 64(95),94(11),52(131),58(112),85(37) : 353
