Bin number: 38
Bin size: 598
Item number: 200
Bin Id: item size (item id),... : total item size
1 : 30(199),47(156),38(173) : 115
2 : 43(167),47(152),47(155) : 137
3 : 33(186),56(118),55(126) : 144
4 : 33(187),52(133),35(182),48(147) : 168
5 : 37(177),58(114),48(151),33(189) : 176
6 : 51(136),37(174),36(178),61(105) : 185
7 : 34(184),45(162),45(163),68(90) : 192
8 : 48(148),34(183),72(83),49(143) : 203
9 : 46(159),69(87),59(111),43(166) : 217
10 : 51(137),50(141),32(195),42(170),52(135) : 227
11 : 78(61),68(88),63(103),30(197) : 239
12 : 67(91),56(121),79(57),54(127) : 256
13 : 70(85),78(62),58(115),48(144) : 254
14 : 56(116),37(175),85(43),44(164),55(125) : 277
15 : 77(67),36(181),86(41),90(33) : 289
16 : 97(10),65(94),75(72),30(198),41(171) : 308
17 : 91(30),94(20),98(7),32(196) : 315
18 : 63(100),73(77),34(185),60(107),42(169),59(113) : 331
19 : 91(28),78(65),86(40),85(42) : 340
20 : 63(101),96(13),60(109),50(140),83(46) : 352
21 : 43(165),82(50),60(108),66(92),61(106),53(132) : 365
22 : 100(2),82(47),90(31),96(12) : 368
23 : 54(128),94(22),56(120),96(11),74(75) : 374
24 : 56(119),95(16),100(1),63(99),78(63) : 392
25 : 80(55),96(14),81(51),78(64),42(168),33(190) : 410
26 : 47(154),53(130),78(66),50(142),95(17),92(24) : 415
27 : 90(32),100(4),90(34),79(56),59(110) : 418
28 : 99(6),91(29),100(3),76(68),75(71) : 441
29 : 79(60),92(26),47(153),70(86),48(146),71(84),40(172) : 447
30 : 75(73),64(98),100(5),68(89),48(145),72(81),37(176) : 464
31 : 45(161),88(35),75(69),63(102),55(122),53(131),92(27) : 471
32 : 85(44),46(157),81(53),80(54),62(104),65(96),36(179),32(192) : 487
33 : 65(95),64(97),54(129),87(36),86(39),73(79),74(76) : 503
34 : 94(21),82(48),94(19),51(138),45(160),52(134),48(149),48(150) : 514
35 : 51(139),75(70),75(74),100(0),79(58),32(194),36(180),81(52) : 529
36 : 32(191),83(45),55(123),86(38),59(112),32(193),56(117),73(78),73(80) : 549
37 : 93(23),79(59),72(82),94(18),33(188),98(9),92(25) : 561
38 : 65(93),98(8),82(49),95(15),46(158),87(37),55(124) : 528
